ARM GAS  /tmp/ccKkCwSz.s 			page 1


   1              		.syntax unified
   2              		.cpu cortex-m4
   3              		.eabi_attribute 27, 3
   4              		.eabi_attribute 28, 1
   5              		.fpu fpv4-sp-d16
   6              		.eabi_attribute 20, 1
   7              		.eabi_attribute 21, 1
   8              		.eabi_attribute 23, 3
   9              		.eabi_attribute 24, 1
  10              		.eabi_attribute 25, 1
  11              		.eabi_attribute 26, 1
  12              		.eabi_attribute 30, 2
  13              		.eabi_attribute 34, 1
  14              		.eabi_attribute 18, 4
  15              		.thumb
  16              		.file	"board.c"
  17              		.text
  18              	.Ltext0:
  19              		.cfi_sections	.debug_frame
  20              		.section	.text.__early_init,"ax",%progbits
  21              		.align	2
  22              		.p2align 4,,15
  23              		.global	__early_init
  24              		.thumb
  25              		.thumb_func
  26              		.type	__early_init, %function
  27              	__early_init:
  28              	.LFB118:
  29              		.file 1 "/home/wicker/tools/ChibiOS_2.6.3/boards/ST_STM32F4_DISCOVERY/board.c"
  30              		.loc 1 54 0
  31              		.cfi_startproc
  32              		@ args = 0, pretend = 0, frame = 0
  33              		@ frame_needed = 0, uses_anonymous_args = 0
  34              		@ link register save eliminated.
  35              		.loc 1 57 0
  36              		.loc 1 56 0
  37 0000 FFF7FEBF 		b	stm32_clock_init
  38              	.LVL0:
  39              		.cfi_endproc
  40              	.LFE118:
  41              		.size	__early_init, .-__early_init
  42 0004 AFF30080 		.section	.text.boardInit,"ax",%progbits
  42      AFF30080 
  42      AFF30080 
  43              		.align	2
  44              		.p2align 4,,15
  45              		.global	boardInit
  46              		.thumb
  47              		.thumb_func
  48              		.type	boardInit, %function
  49              	boardInit:
  50              	.LFB119:
  51              		.loc 1 107 0
  52              		.cfi_startproc
  53              		@ args = 0, pretend = 0, frame = 0
  54              		@ frame_needed = 0, uses_anonymous_args = 0
  55              		@ link register save eliminated.
ARM GAS  /tmp/ccKkCwSz.s 			page 2


  56 0000 7047     		bx	lr
  57              		.cfi_endproc
  58              	.LFE119:
  59              		.size	boardInit, .-boardInit
  60              		.global	pal_default_config
  61 0002 00BFAFF3 		.section	.rodata.pal_default_config,"a",%progbits
  61      0080AFF3 
  61      0080AFF3 
  61      0080
  62              		.align	2
  63              		.type	pal_default_config, %object
  64              		.size	pal_default_config, 252
  65              	pal_default_config:
  66 0000 00AAA02A 		.word	715172352
  67 0004 00000000 		.word	0
  68 0008 FFABFFFF 		.word	-21505
  69 000c 54000140 		.word	1073807444
  70 0010 FFFF0000 		.word	65535
  71 0014 00005655 		.word	1431699456
  72 0018 00AA0A00 		.word	698880
  73 001c 80200800 		.word	532608
  74 0020 40020000 		.word	576
  75 0024 FFFFFFFF 		.word	-1
  76 0028 15455155 		.word	1431389461
  77 002c FFFF0000 		.word	65535
  78 0030 00000004 		.word	67108864
  79 0034 40000000 		.word	64
  80 0038 01802002 		.word	35684353
  81 003c 00000000 		.word	0
  82 0040 FFFFFFFF 		.word	-1
  83 0044 54154554 		.word	1413813588
  84 0048 FFFF0000 		.word	65535
  85 004c 00000060 		.word	1610612736
  86 0050 00060600 		.word	394752
  87 0054 00010055 		.word	1426063616
  88 0058 00000000 		.word	0
  89 005c FFFFFFFF 		.word	-1
  90 0060 55505500 		.word	5591125
  91 0064 FF0F0000 		.word	4095
  92 0068 00000000 		.word	0
  93 006c 00000000 		.word	0
  94 0070 40000000 		.word	64
  95 0074 00000000 		.word	0
  96 0078 FFFFFFFF 		.word	-1
  97 007c 00000000 		.word	0
  98 0080 FFFF0000 		.word	65535
  99 0084 00000000 		.word	0
 100 0088 00000000 		.word	0
 101 008c 00000000 		.word	0
 102 0090 00000000 		.word	0
 103 0094 FFFFFFFF 		.word	-1
 104 0098 00000000 		.word	0
 105 009c FFFF0000 		.word	65535
 106 00a0 00000000 		.word	0
 107 00a4 00000000 		.word	0
 108 00a8 00000000 		.word	0
 109 00ac 00000000 		.word	0
ARM GAS  /tmp/ccKkCwSz.s 			page 3


 110 00b0 FFFFFFFF 		.word	-1
 111 00b4 00000000 		.word	0
 112 00b8 FFFF0000 		.word	65535
 113 00bc 00000000 		.word	0
 114 00c0 00000000 		.word	0
 115 00c4 00000000 		.word	0
 116 00c8 00000000 		.word	0
 117 00cc FFFFFFFF 		.word	-1
 118 00d0 00000000 		.word	0
 119 00d4 FFFF0000 		.word	65535
 120 00d8 00000000 		.word	0
 121 00dc 00000000 		.word	0
 122 00e0 00000000 		.word	0
 123 00e4 00000000 		.word	0
 124 00e8 FFFFFFFF 		.word	-1
 125 00ec 00000000 		.word	0
 126 00f0 FFFF0000 		.word	65535
 127 00f4 00000000 		.word	0
 128 00f8 00000000 		.word	0
 129              		.text
 130              	.Letext0:
 131              		.file 2 "/opt/psas/x-tools/stm32f407/arm-psas-eabi/bin/../lib/gcc/arm-psas-eabi/4.7.2/../../../../
 132              		.file 3 "/home/wicker/tools/ChibiOS_2.6.3/os/hal/platforms/STM32/GPIOv2/pal_lld.h"
 133              		.file 4 "/home/wicker/tools/ChibiOS_2.6.3/os/ports/common/ARMCMx/CMSIS/include/core_cm4.h"
 134              		.file 5 "/home/wicker/tools/ChibiOS_2.6.3/os/hal/platforms/STM32F4xx/hal_lld.h"
 135              		.section	.debug_info,"",%progbits
 136              	.Ldebug_info0:
 137 0000 0D020000 		.4byte	0x20d
 138 0004 0200     		.2byte	0x2
 139 0006 00000000 		.4byte	.Ldebug_abbrev0
 140 000a 04       		.byte	0x4
 141 000b 01       		.uleb128 0x1
 142 000c 39010000 		.4byte	.LASF33
 143 0010 01       		.byte	0x1
 144 0011 5D010000 		.4byte	.LASF34
 145 0015 00000000 		.4byte	.Ldebug_ranges0+0
 146 0019 00000000 		.4byte	0
 147 001d 00000000 		.4byte	0
 148 0021 00000000 		.4byte	.Ldebug_line0
 149 0025 02       		.uleb128 0x2
 150 0026 04       		.byte	0x4
 151 0027 05       		.byte	0x5
 152 0028 696E7400 		.ascii	"int\000"
 153 002c 03       		.uleb128 0x3
 154 002d 04       		.byte	0x4
 155 002e 07       		.byte	0x7
 156 002f 2F000000 		.4byte	.LASF0
 157 0033 03       		.uleb128 0x3
 158 0034 01       		.byte	0x1
 159 0035 06       		.byte	0x6
 160 0036 B1010000 		.4byte	.LASF1
 161 003a 03       		.uleb128 0x3
 162 003b 01       		.byte	0x1
 163 003c 08       		.byte	0x8
 164 003d 68000000 		.4byte	.LASF2
 165 0041 03       		.uleb128 0x3
 166 0042 02       		.byte	0x2
ARM GAS  /tmp/ccKkCwSz.s 			page 4


 167 0043 05       		.byte	0x5
 168 0044 4C010000 		.4byte	.LASF3
 169 0048 03       		.uleb128 0x3
 170 0049 02       		.byte	0x2
 171 004a 07       		.byte	0x7
 172 004b 1C000000 		.4byte	.LASF4
 173 004f 04       		.uleb128 0x4
 174 0050 20010000 		.4byte	.LASF6
 175 0054 02       		.byte	0x2
 176 0055 4F       		.byte	0x4f
 177 0056 5A000000 		.4byte	0x5a
 178 005a 03       		.uleb128 0x3
 179 005b 04       		.byte	0x4
 180 005c 05       		.byte	0x5
 181 005d A2010000 		.4byte	.LASF5
 182 0061 04       		.uleb128 0x4
 183 0062 B1000000 		.4byte	.LASF7
 184 0066 02       		.byte	0x2
 185 0067 50       		.byte	0x50
 186 0068 6C000000 		.4byte	0x6c
 187 006c 03       		.uleb128 0x3
 188 006d 04       		.byte	0x4
 189 006e 07       		.byte	0x7
 190 006f 9A000000 		.4byte	.LASF8
 191 0073 03       		.uleb128 0x3
 192 0074 08       		.byte	0x8
 193 0075 05       		.byte	0x5
 194 0076 00000000 		.4byte	.LASF9
 195 007a 03       		.uleb128 0x3
 196 007b 08       		.byte	0x8
 197 007c 07       		.byte	0x7
 198 007d 4A000000 		.4byte	.LASF10
 199 0081 03       		.uleb128 0x3
 200 0082 01       		.byte	0x1
 201 0083 02       		.byte	0x2
 202 0084 BD010000 		.4byte	.LASF11
 203 0088 03       		.uleb128 0x3
 204 0089 04       		.byte	0x4
 205 008a 07       		.byte	0x7
 206 008b 28010000 		.4byte	.LASF12
 207 008f 03       		.uleb128 0x3
 208 0090 01       		.byte	0x1
 209 0091 08       		.byte	0x8
 210 0092 04010000 		.4byte	.LASF13
 211 0096 05       		.uleb128 0x5
 212 0097 4F000000 		.4byte	0x4f
 213 009b 06       		.uleb128 0x6
 214 009c 1C       		.byte	0x1c
 215 009d 03       		.byte	0x3
 216 009e A3       		.byte	0xa3
 217 009f 06010000 		.4byte	0x106
 218 00a3 07       		.uleb128 0x7
 219 00a4 AB010000 		.4byte	.LASF14
 220 00a8 03       		.byte	0x3
 221 00a9 A5       		.byte	0xa5
 222 00aa 61000000 		.4byte	0x61
 223 00ae 02       		.byte	0x2
ARM GAS  /tmp/ccKkCwSz.s 			page 5


 224 00af 23       		.byte	0x23
 225 00b0 00       		.uleb128 0
 226 00b1 07       		.uleb128 0x7
 227 00b2 3C000000 		.4byte	.LASF15
 228 00b6 03       		.byte	0x3
 229 00b7 A7       		.byte	0xa7
 230 00b8 61000000 		.4byte	0x61
 231 00bc 02       		.byte	0x2
 232 00bd 23       		.byte	0x23
 233 00be 04       		.uleb128 0x4
 234 00bf 07       		.uleb128 0x7
 235 00c0 31010000 		.4byte	.LASF16
 236 00c4 03       		.byte	0x3
 237 00c5 A9       		.byte	0xa9
 238 00c6 61000000 		.4byte	0x61
 239 00ca 02       		.byte	0x2
 240 00cb 23       		.byte	0x23
 241 00cc 08       		.uleb128 0x8
 242 00cd 07       		.uleb128 0x7
 243 00ce F0000000 		.4byte	.LASF17
 244 00d2 03       		.byte	0x3
 245 00d3 AB       		.byte	0xab
 246 00d4 61000000 		.4byte	0x61
 247 00d8 02       		.byte	0x2
 248 00d9 23       		.byte	0x23
 249 00da 0C       		.uleb128 0xc
 250 00db 08       		.uleb128 0x8
 251 00dc 6F647200 		.ascii	"odr\000"
 252 00e0 03       		.byte	0x3
 253 00e1 AD       		.byte	0xad
 254 00e2 61000000 		.4byte	0x61
 255 00e6 02       		.byte	0x2
 256 00e7 23       		.byte	0x23
 257 00e8 10       		.uleb128 0x10
 258 00e9 07       		.uleb128 0x7
 259 00ea BA000000 		.4byte	.LASF18
 260 00ee 03       		.byte	0x3
 261 00ef AF       		.byte	0xaf
 262 00f0 61000000 		.4byte	0x61
 263 00f4 02       		.byte	0x2
 264 00f5 23       		.byte	0x23
 265 00f6 14       		.uleb128 0x14
 266 00f7 07       		.uleb128 0x7
 267 00f8 AC000000 		.4byte	.LASF19
 268 00fc 03       		.byte	0x3
 269 00fd B1       		.byte	0xb1
 270 00fe 61000000 		.4byte	0x61
 271 0102 02       		.byte	0x2
 272 0103 23       		.byte	0x23
 273 0104 18       		.uleb128 0x18
 274 0105 00       		.byte	0
 275 0106 04       		.uleb128 0x4
 276 0107 76000000 		.4byte	.LASF20
 277 010b 03       		.byte	0x3
 278 010c B2       		.byte	0xb2
 279 010d 9B000000 		.4byte	0x9b
 280 0111 06       		.uleb128 0x6
ARM GAS  /tmp/ccKkCwSz.s 			page 6


 281 0112 FC       		.byte	0xfc
 282 0113 03       		.byte	0x3
 283 0114 BB       		.byte	0xbb
 284 0115 9C010000 		.4byte	0x19c
 285 0119 07       		.uleb128 0x7
 286 011a E9000000 		.4byte	.LASF21
 287 011e 03       		.byte	0x3
 288 011f BE       		.byte	0xbe
 289 0120 06010000 		.4byte	0x106
 290 0124 02       		.byte	0x2
 291 0125 23       		.byte	0x23
 292 0126 00       		.uleb128 0
 293 0127 07       		.uleb128 0x7
 294 0128 FD000000 		.4byte	.LASF22
 295 012c 03       		.byte	0x3
 296 012d C2       		.byte	0xc2
 297 012e 06010000 		.4byte	0x106
 298 0132 02       		.byte	0x2
 299 0133 23       		.byte	0x23
 300 0134 1C       		.uleb128 0x1c
 301 0135 07       		.uleb128 0x7
 302 0136 56010000 		.4byte	.LASF23
 303 013a 03       		.byte	0x3
 304 013b C6       		.byte	0xc6
 305 013c 06010000 		.4byte	0x106
 306 0140 02       		.byte	0x2
 307 0141 23       		.byte	0x23
 308 0142 38       		.uleb128 0x38
 309 0143 07       		.uleb128 0x7
 310 0144 15000000 		.4byte	.LASF24
 311 0148 03       		.byte	0x3
 312 0149 CA       		.byte	0xca
 313 014a 06010000 		.4byte	0x106
 314 014e 02       		.byte	0x2
 315 014f 23       		.byte	0x23
 316 0150 54       		.uleb128 0x54
 317 0151 07       		.uleb128 0x7
 318 0152 61000000 		.4byte	.LASF25
 319 0156 03       		.byte	0x3
 320 0157 CE       		.byte	0xce
 321 0158 06010000 		.4byte	0x106
 322 015c 02       		.byte	0x2
 323 015d 23       		.byte	0x23
 324 015e 70       		.uleb128 0x70
 325 015f 07       		.uleb128 0x7
 326 0160 F6000000 		.4byte	.LASF26
 327 0164 03       		.byte	0x3
 328 0165 D2       		.byte	0xd2
 329 0166 06010000 		.4byte	0x106
 330 016a 03       		.byte	0x3
 331 016b 23       		.byte	0x23
 332 016c 8C01     		.uleb128 0x8c
 333 016e 07       		.uleb128 0x7
 334 016f 45010000 		.4byte	.LASF27
 335 0173 03       		.byte	0x3
 336 0174 D6       		.byte	0xd6
 337 0175 06010000 		.4byte	0x106
ARM GAS  /tmp/ccKkCwSz.s 			page 7


 338 0179 03       		.byte	0x3
 339 017a 23       		.byte	0x23
 340 017b A801     		.uleb128 0xa8
 341 017d 07       		.uleb128 0x7
 342 017e 0E000000 		.4byte	.LASF28
 343 0182 03       		.byte	0x3
 344 0183 DA       		.byte	0xda
 345 0184 06010000 		.4byte	0x106
 346 0188 03       		.byte	0x3
 347 0189 23       		.byte	0x23
 348 018a C401     		.uleb128 0xc4
 349 018c 07       		.uleb128 0x7
 350 018d 43000000 		.4byte	.LASF29
 351 0191 03       		.byte	0x3
 352 0192 DE       		.byte	0xde
 353 0193 06010000 		.4byte	0x106
 354 0197 03       		.byte	0x3
 355 0198 23       		.byte	0x23
 356 0199 E001     		.uleb128 0xe0
 357 019b 00       		.byte	0
 358 019c 04       		.uleb128 0x4
 359 019d CC000000 		.4byte	.LASF30
 360 01a1 03       		.byte	0x3
 361 01a2 E0       		.byte	0xe0
 362 01a3 11010000 		.4byte	0x111
 363 01a7 09       		.uleb128 0x9
 364 01a8 01       		.byte	0x1
 365 01a9 13010000 		.4byte	.LASF35
 366 01ad 01       		.byte	0x1
 367 01ae 36       		.byte	0x36
 368 01af 01       		.byte	0x1
 369 01b0 00000000 		.4byte	.LFB118
 370 01b4 04000000 		.4byte	.LFE118
 371 01b8 02       		.byte	0x2
 372 01b9 7D       		.byte	0x7d
 373 01ba 00       		.sleb128 0
 374 01bb 01       		.byte	0x1
 375 01bc CB010000 		.4byte	0x1cb
 376 01c0 0A       		.uleb128 0xa
 377 01c1 04000000 		.4byte	.LVL0
 378 01c5 01       		.byte	0x1
 379 01c6 05020000 		.4byte	0x205
 380 01ca 00       		.byte	0
 381 01cb 0B       		.uleb128 0xb
 382 01cc 01       		.byte	0x1
 383 01cd 09010000 		.4byte	.LASF36
 384 01d1 01       		.byte	0x1
 385 01d2 6B       		.byte	0x6b
 386 01d3 01       		.byte	0x1
 387 01d4 00000000 		.4byte	.LFB119
 388 01d8 02000000 		.4byte	.LFE119
 389 01dc 02       		.byte	0x2
 390 01dd 7D       		.byte	0x7d
 391 01de 00       		.sleb128 0
 392 01df 01       		.byte	0x1
 393 01e0 0C       		.uleb128 0xc
 394 01e1 BF000000 		.4byte	.LASF31
ARM GAS  /tmp/ccKkCwSz.s 			page 8


 395 01e5 04       		.byte	0x4
 396 01e6 9806     		.2byte	0x698
 397 01e8 96000000 		.4byte	0x96
 398 01ec 01       		.byte	0x1
 399 01ed 01       		.byte	0x1
 400 01ee 0D       		.uleb128 0xd
 401 01ef D6000000 		.4byte	.LASF32
 402 01f3 01       		.byte	0x1
 403 01f4 1A       		.byte	0x1a
 404 01f5 00020000 		.4byte	0x200
 405 01f9 01       		.byte	0x1
 406 01fa 05       		.byte	0x5
 407 01fb 03       		.byte	0x3
 408 01fc 00000000 		.4byte	pal_default_config
 409 0200 0E       		.uleb128 0xe
 410 0201 9C010000 		.4byte	0x19c
 411 0205 0F       		.uleb128 0xf
 412 0206 01       		.byte	0x1
 413 0207 89000000 		.4byte	.LASF37
 414 020b 05       		.byte	0x5
 415 020c CB06     		.2byte	0x6cb
 416 020e 01       		.byte	0x1
 417 020f 01       		.byte	0x1
 418 0210 00       		.byte	0
 419              		.section	.debug_abbrev,"",%progbits
 420              	.Ldebug_abbrev0:
 421 0000 01       		.uleb128 0x1
 422 0001 11       		.uleb128 0x11
 423 0002 01       		.byte	0x1
 424 0003 25       		.uleb128 0x25
 425 0004 0E       		.uleb128 0xe
 426 0005 13       		.uleb128 0x13
 427 0006 0B       		.uleb128 0xb
 428 0007 03       		.uleb128 0x3
 429 0008 0E       		.uleb128 0xe
 430 0009 55       		.uleb128 0x55
 431 000a 06       		.uleb128 0x6
 432 000b 11       		.uleb128 0x11
 433 000c 01       		.uleb128 0x1
 434 000d 52       		.uleb128 0x52
 435 000e 01       		.uleb128 0x1
 436 000f 10       		.uleb128 0x10
 437 0010 06       		.uleb128 0x6
 438 0011 00       		.byte	0
 439 0012 00       		.byte	0
 440 0013 02       		.uleb128 0x2
 441 0014 24       		.uleb128 0x24
 442 0015 00       		.byte	0
 443 0016 0B       		.uleb128 0xb
 444 0017 0B       		.uleb128 0xb
 445 0018 3E       		.uleb128 0x3e
 446 0019 0B       		.uleb128 0xb
 447 001a 03       		.uleb128 0x3
 448 001b 08       		.uleb128 0x8
 449 001c 00       		.byte	0
 450 001d 00       		.byte	0
 451 001e 03       		.uleb128 0x3
ARM GAS  /tmp/ccKkCwSz.s 			page 9


 452 001f 24       		.uleb128 0x24
 453 0020 00       		.byte	0
 454 0021 0B       		.uleb128 0xb
 455 0022 0B       		.uleb128 0xb
 456 0023 3E       		.uleb128 0x3e
 457 0024 0B       		.uleb128 0xb
 458 0025 03       		.uleb128 0x3
 459 0026 0E       		.uleb128 0xe
 460 0027 00       		.byte	0
 461 0028 00       		.byte	0
 462 0029 04       		.uleb128 0x4
 463 002a 16       		.uleb128 0x16
 464 002b 00       		.byte	0
 465 002c 03       		.uleb128 0x3
 466 002d 0E       		.uleb128 0xe
 467 002e 3A       		.uleb128 0x3a
 468 002f 0B       		.uleb128 0xb
 469 0030 3B       		.uleb128 0x3b
 470 0031 0B       		.uleb128 0xb
 471 0032 49       		.uleb128 0x49
 472 0033 13       		.uleb128 0x13
 473 0034 00       		.byte	0
 474 0035 00       		.byte	0
 475 0036 05       		.uleb128 0x5
 476 0037 35       		.uleb128 0x35
 477 0038 00       		.byte	0
 478 0039 49       		.uleb128 0x49
 479 003a 13       		.uleb128 0x13
 480 003b 00       		.byte	0
 481 003c 00       		.byte	0
 482 003d 06       		.uleb128 0x6
 483 003e 13       		.uleb128 0x13
 484 003f 01       		.byte	0x1
 485 0040 0B       		.uleb128 0xb
 486 0041 0B       		.uleb128 0xb
 487 0042 3A       		.uleb128 0x3a
 488 0043 0B       		.uleb128 0xb
 489 0044 3B       		.uleb128 0x3b
 490 0045 0B       		.uleb128 0xb
 491 0046 01       		.uleb128 0x1
 492 0047 13       		.uleb128 0x13
 493 0048 00       		.byte	0
 494 0049 00       		.byte	0
 495 004a 07       		.uleb128 0x7
 496 004b 0D       		.uleb128 0xd
 497 004c 00       		.byte	0
 498 004d 03       		.uleb128 0x3
 499 004e 0E       		.uleb128 0xe
 500 004f 3A       		.uleb128 0x3a
 501 0050 0B       		.uleb128 0xb
 502 0051 3B       		.uleb128 0x3b
 503 0052 0B       		.uleb128 0xb
 504 0053 49       		.uleb128 0x49
 505 0054 13       		.uleb128 0x13
 506 0055 38       		.uleb128 0x38
 507 0056 0A       		.uleb128 0xa
 508 0057 00       		.byte	0
ARM GAS  /tmp/ccKkCwSz.s 			page 10


 509 0058 00       		.byte	0
 510 0059 08       		.uleb128 0x8
 511 005a 0D       		.uleb128 0xd
 512 005b 00       		.byte	0
 513 005c 03       		.uleb128 0x3
 514 005d 08       		.uleb128 0x8
 515 005e 3A       		.uleb128 0x3a
 516 005f 0B       		.uleb128 0xb
 517 0060 3B       		.uleb128 0x3b
 518 0061 0B       		.uleb128 0xb
 519 0062 49       		.uleb128 0x49
 520 0063 13       		.uleb128 0x13
 521 0064 38       		.uleb128 0x38
 522 0065 0A       		.uleb128 0xa
 523 0066 00       		.byte	0
 524 0067 00       		.byte	0
 525 0068 09       		.uleb128 0x9
 526 0069 2E       		.uleb128 0x2e
 527 006a 01       		.byte	0x1
 528 006b 3F       		.uleb128 0x3f
 529 006c 0C       		.uleb128 0xc
 530 006d 03       		.uleb128 0x3
 531 006e 0E       		.uleb128 0xe
 532 006f 3A       		.uleb128 0x3a
 533 0070 0B       		.uleb128 0xb
 534 0071 3B       		.uleb128 0x3b
 535 0072 0B       		.uleb128 0xb
 536 0073 27       		.uleb128 0x27
 537 0074 0C       		.uleb128 0xc
 538 0075 11       		.uleb128 0x11
 539 0076 01       		.uleb128 0x1
 540 0077 12       		.uleb128 0x12
 541 0078 01       		.uleb128 0x1
 542 0079 40       		.uleb128 0x40
 543 007a 0A       		.uleb128 0xa
 544 007b 9742     		.uleb128 0x2117
 545 007d 0C       		.uleb128 0xc
 546 007e 01       		.uleb128 0x1
 547 007f 13       		.uleb128 0x13
 548 0080 00       		.byte	0
 549 0081 00       		.byte	0
 550 0082 0A       		.uleb128 0xa
 551 0083 898201   		.uleb128 0x4109
 552 0086 00       		.byte	0
 553 0087 11       		.uleb128 0x11
 554 0088 01       		.uleb128 0x1
 555 0089 9542     		.uleb128 0x2115
 556 008b 0C       		.uleb128 0xc
 557 008c 31       		.uleb128 0x31
 558 008d 13       		.uleb128 0x13
 559 008e 00       		.byte	0
 560 008f 00       		.byte	0
 561 0090 0B       		.uleb128 0xb
 562 0091 2E       		.uleb128 0x2e
 563 0092 00       		.byte	0
 564 0093 3F       		.uleb128 0x3f
 565 0094 0C       		.uleb128 0xc
ARM GAS  /tmp/ccKkCwSz.s 			page 11


 566 0095 03       		.uleb128 0x3
 567 0096 0E       		.uleb128 0xe
 568 0097 3A       		.uleb128 0x3a
 569 0098 0B       		.uleb128 0xb
 570 0099 3B       		.uleb128 0x3b
 571 009a 0B       		.uleb128 0xb
 572 009b 27       		.uleb128 0x27
 573 009c 0C       		.uleb128 0xc
 574 009d 11       		.uleb128 0x11
 575 009e 01       		.uleb128 0x1
 576 009f 12       		.uleb128 0x12
 577 00a0 01       		.uleb128 0x1
 578 00a1 40       		.uleb128 0x40
 579 00a2 0A       		.uleb128 0xa
 580 00a3 9742     		.uleb128 0x2117
 581 00a5 0C       		.uleb128 0xc
 582 00a6 00       		.byte	0
 583 00a7 00       		.byte	0
 584 00a8 0C       		.uleb128 0xc
 585 00a9 34       		.uleb128 0x34
 586 00aa 00       		.byte	0
 587 00ab 03       		.uleb128 0x3
 588 00ac 0E       		.uleb128 0xe
 589 00ad 3A       		.uleb128 0x3a
 590 00ae 0B       		.uleb128 0xb
 591 00af 3B       		.uleb128 0x3b
 592 00b0 05       		.uleb128 0x5
 593 00b1 49       		.uleb128 0x49
 594 00b2 13       		.uleb128 0x13
 595 00b3 3F       		.uleb128 0x3f
 596 00b4 0C       		.uleb128 0xc
 597 00b5 3C       		.uleb128 0x3c
 598 00b6 0C       		.uleb128 0xc
 599 00b7 00       		.byte	0
 600 00b8 00       		.byte	0
 601 00b9 0D       		.uleb128 0xd
 602 00ba 34       		.uleb128 0x34
 603 00bb 00       		.byte	0
 604 00bc 03       		.uleb128 0x3
 605 00bd 0E       		.uleb128 0xe
 606 00be 3A       		.uleb128 0x3a
 607 00bf 0B       		.uleb128 0xb
 608 00c0 3B       		.uleb128 0x3b
 609 00c1 0B       		.uleb128 0xb
 610 00c2 49       		.uleb128 0x49
 611 00c3 13       		.uleb128 0x13
 612 00c4 3F       		.uleb128 0x3f
 613 00c5 0C       		.uleb128 0xc
 614 00c6 02       		.uleb128 0x2
 615 00c7 0A       		.uleb128 0xa
 616 00c8 00       		.byte	0
 617 00c9 00       		.byte	0
 618 00ca 0E       		.uleb128 0xe
 619 00cb 26       		.uleb128 0x26
 620 00cc 00       		.byte	0
 621 00cd 49       		.uleb128 0x49
 622 00ce 13       		.uleb128 0x13
ARM GAS  /tmp/ccKkCwSz.s 			page 12


 623 00cf 00       		.byte	0
 624 00d0 00       		.byte	0
 625 00d1 0F       		.uleb128 0xf
 626 00d2 2E       		.uleb128 0x2e
 627 00d3 00       		.byte	0
 628 00d4 3F       		.uleb128 0x3f
 629 00d5 0C       		.uleb128 0xc
 630 00d6 03       		.uleb128 0x3
 631 00d7 0E       		.uleb128 0xe
 632 00d8 3A       		.uleb128 0x3a
 633 00d9 0B       		.uleb128 0xb
 634 00da 3B       		.uleb128 0x3b
 635 00db 05       		.uleb128 0x5
 636 00dc 27       		.uleb128 0x27
 637 00dd 0C       		.uleb128 0xc
 638 00de 3C       		.uleb128 0x3c
 639 00df 0C       		.uleb128 0xc
 640 00e0 00       		.byte	0
 641 00e1 00       		.byte	0
 642 00e2 00       		.byte	0
 643              		.section	.debug_aranges,"",%progbits
 644 0000 24000000 		.4byte	0x24
 645 0004 0200     		.2byte	0x2
 646 0006 00000000 		.4byte	.Ldebug_info0
 647 000a 04       		.byte	0x4
 648 000b 00       		.byte	0
 649 000c 0000     		.2byte	0
 650 000e 0000     		.2byte	0
 651 0010 00000000 		.4byte	.LFB118
 652 0014 04000000 		.4byte	.LFE118-.LFB118
 653 0018 00000000 		.4byte	.LFB119
 654 001c 02000000 		.4byte	.LFE119-.LFB119
 655 0020 00000000 		.4byte	0
 656 0024 00000000 		.4byte	0
 657              		.section	.debug_ranges,"",%progbits
 658              	.Ldebug_ranges0:
 659 0000 00000000 		.4byte	.LFB118
 660 0004 04000000 		.4byte	.LFE118
 661 0008 00000000 		.4byte	.LFB119
 662 000c 02000000 		.4byte	.LFE119
 663 0010 00000000 		.4byte	0
 664 0014 00000000 		.4byte	0
 665              		.section	.debug_line,"",%progbits
 666              	.Ldebug_line0:
 667 0000 E6010000 		.section	.debug_str,"MS",%progbits,1
 667      0200BF01 
 667      00000201 
 667      FB0E0D00 
 667      01010101 
 668              	.LASF9:
 669 0000 6C6F6E67 		.ascii	"long long int\000"
 669      206C6F6E 
 669      6720696E 
 669      7400
 670              	.LASF28:
 671 000e 50484461 		.ascii	"PHData\000"
 671      746100
ARM GAS  /tmp/ccKkCwSz.s 			page 13


 672              	.LASF24:
 673 0015 50444461 		.ascii	"PDData\000"
 673      746100
 674              	.LASF4:
 675 001c 73686F72 		.ascii	"short unsigned int\000"
 675      7420756E 
 675      7369676E 
 675      65642069 
 675      6E7400
 676              	.LASF0:
 677 002f 756E7369 		.ascii	"unsigned int\000"
 677      676E6564 
 677      20696E74 
 677      00
 678              	.LASF15:
 679 003c 6F747970 		.ascii	"otyper\000"
 679      657200
 680              	.LASF29:
 681 0043 50494461 		.ascii	"PIData\000"
 681      746100
 682              	.LASF10:
 683 004a 6C6F6E67 		.ascii	"long long unsigned int\000"
 683      206C6F6E 
 683      6720756E 
 683      7369676E 
 683      65642069 
 684              	.LASF25:
 685 0061 50454461 		.ascii	"PEData\000"
 685      746100
 686              	.LASF2:
 687 0068 756E7369 		.ascii	"unsigned char\000"
 687      676E6564 
 687      20636861 
 687      7200
 688              	.LASF20:
 689 0076 73746D33 		.ascii	"stm32_gpio_setup_t\000"
 689      325F6770 
 689      696F5F73 
 689      65747570 
 689      5F7400
 690              	.LASF37:
 691 0089 73746D33 		.ascii	"stm32_clock_init\000"
 691      325F636C 
 691      6F636B5F 
 691      696E6974 
 691      00
 692              	.LASF8:
 693 009a 6C6F6E67 		.ascii	"long unsigned int\000"
 693      20756E73 
 693      69676E65 
 693      6420696E 
 693      7400
 694              	.LASF19:
 695 00ac 61667268 		.ascii	"afrh\000"
 695      00
 696              	.LASF7:
 697 00b1 75696E74 		.ascii	"uint32_t\000"
ARM GAS  /tmp/ccKkCwSz.s 			page 14


 697      33325F74 
 697      00
 698              	.LASF18:
 699 00ba 6166726C 		.ascii	"afrl\000"
 699      00
 700              	.LASF31:
 701 00bf 49544D5F 		.ascii	"ITM_RxBuffer\000"
 701      52784275 
 701      66666572 
 701      00
 702              	.LASF30:
 703 00cc 50414C43 		.ascii	"PALConfig\000"
 703      6F6E6669 
 703      6700
 704              	.LASF32:
 705 00d6 70616C5F 		.ascii	"pal_default_config\000"
 705      64656661 
 705      756C745F 
 705      636F6E66 
 705      696700
 706              	.LASF21:
 707 00e9 50414461 		.ascii	"PAData\000"
 707      746100
 708              	.LASF17:
 709 00f0 70757064 		.ascii	"pupdr\000"
 709      7200
 710              	.LASF26:
 711 00f6 50464461 		.ascii	"PFData\000"
 711      746100
 712              	.LASF22:
 713 00fd 50424461 		.ascii	"PBData\000"
 713      746100
 714              	.LASF13:
 715 0104 63686172 		.ascii	"char\000"
 715      00
 716              	.LASF36:
 717 0109 626F6172 		.ascii	"boardInit\000"
 717      64496E69 
 717      7400
 718              	.LASF35:
 719 0113 5F5F6561 		.ascii	"__early_init\000"
 719      726C795F 
 719      696E6974 
 719      00
 720              	.LASF6:
 721 0120 696E7433 		.ascii	"int32_t\000"
 721      325F7400 
 722              	.LASF12:
 723 0128 73697A65 		.ascii	"sizetype\000"
 723      74797065 
 723      00
 724              	.LASF16:
 725 0131 6F737065 		.ascii	"ospeedr\000"
 725      65647200 
 726              	.LASF33:
 727 0139 474E5520 		.ascii	"GNU C 4.7.2\000"
 727      4320342E 
ARM GAS  /tmp/ccKkCwSz.s 			page 15


 727      372E3200 
 728              	.LASF27:
 729 0145 50474461 		.ascii	"PGData\000"
 729      746100
 730              	.LASF3:
 731 014c 73686F72 		.ascii	"short int\000"
 731      7420696E 
 731      7400
 732              	.LASF23:
 733 0156 50434461 		.ascii	"PCData\000"
 733      746100
 734              	.LASF34:
 735 015d 2F686F6D 		.ascii	"/home/wicker/tools/ChibiOS_2.6.3/boards/ST_STM32F4_"
 735      652F7769 
 735      636B6572 
 735      2F746F6F 
 735      6C732F43 
 736 0190 44495343 		.ascii	"DISCOVERY/board.c\000"
 736      4F564552 
 736      592F626F 
 736      6172642E 
 736      6300
 737              	.LASF5:
 738 01a2 6C6F6E67 		.ascii	"long int\000"
 738      20696E74 
 738      00
 739              	.LASF14:
 740 01ab 6D6F6465 		.ascii	"moder\000"
 740      7200
 741              	.LASF1:
 742 01b1 7369676E 		.ascii	"signed char\000"
 742      65642063 
 742      68617200 
 743              	.LASF11:
 744 01bd 5F426F6F 		.ascii	"_Bool\000"
 744      6C00
 745              		.ident	"GCC: (crosstool-NG 1.17.0 - PSAS ST32F4 GFE) 4.7.2"
ARM GAS  /tmp/ccKkCwSz.s 			page 16


DEFINED SYMBOLS
                            *ABS*:0000000000000000 board.c
     /tmp/ccKkCwSz.s:21     .text.__early_init:0000000000000000 $t
     /tmp/ccKkCwSz.s:27     .text.__early_init:0000000000000000 __early_init
     /tmp/ccKkCwSz.s:43     .text.boardInit:0000000000000000 $t
     /tmp/ccKkCwSz.s:49     .text.boardInit:0000000000000000 boardInit
     /tmp/ccKkCwSz.s:65     .rodata.pal_default_config:0000000000000000 pal_default_config
     /tmp/ccKkCwSz.s:62     .rodata.pal_default_config:0000000000000000 $d
                     .debug_frame:0000000000000010 $d

UNDEFINED SYMBOLS
stm32_clock_init
