ARM GAS  /tmp/ccIP6rNQ.s 			page 1


   1              		.syntax unified
   2              		.cpu cortex-m4
   3              		.eabi_attribute 27, 3
   4              		.eabi_attribute 28, 1
   5              		.fpu fpv4-sp-d16
   6              		.eabi_attribute 20, 1
   7              		.eabi_attribute 21, 1
   8              		.eabi_attribute 23, 3
   9              		.eabi_attribute 24, 1
  10              		.eabi_attribute 25, 1
  11              		.eabi_attribute 26, 1
  12              		.eabi_attribute 30, 2
  13              		.eabi_attribute 34, 1
  14              		.eabi_attribute 18, 4
  15              		.thumb
  16              		.file	"chcore.c"
  17              		.text
  18              	.Ltext0:
  19              		.cfi_sections	.debug_frame
  20              		.section	.text.port_halt,"ax",%progbits
  21              		.align	2
  22              		.p2align 4,,15
  23              		.weak	port_halt
  24              		.thumb
  25              		.thumb_func
  26              		.type	port_halt, %function
  27              	port_halt:
  28              	.LFB7:
  29              		.file 1 "/home/wicker/tools/ChibiOS_2.6.3/os/ports/GCC/ARMCMx/chcore.c"
  30              		.loc 1 46 0
  31              		.cfi_startproc
  32              		@ args = 0, pretend = 0, frame = 0
  33              		@ frame_needed = 0, uses_anonymous_args = 0
  34              		@ link register save eliminated.
  35              		.loc 1 48 0
  36              	@ 48 "/home/wicker/tools/ChibiOS_2.6.3/os/ports/GCC/ARMCMx/chcore.c" 1
  37 0000 72B6     		cpsid   i
  38              	@ 0 "" 2
  39              		.thumb
  40              	.L2:
  41 0002 FEE7     		b	.L2
  42              		.cfi_endproc
  43              	.LFE7:
  44              		.size	port_halt, .-port_halt
  45 0004 AFF30080 		.text
  45      AFF30080 
  45      AFF30080 
  46              	.Letext0:
  47              		.section	.debug_info,"",%progbits
  48              	.Ldebug_info0:
  49 0000 92000000 		.4byte	0x92
  50 0004 0200     		.2byte	0x2
  51 0006 00000000 		.4byte	.Ldebug_abbrev0
  52 000a 04       		.byte	0x4
  53 000b 01       		.uleb128 0x1
  54 000c 1B000000 		.4byte	.LASF12
  55 0010 01       		.byte	0x1
ARM GAS  /tmp/ccIP6rNQ.s 			page 2


  56 0011 63000000 		.4byte	.LASF13
  57 0015 00000000 		.4byte	.Ldebug_ranges0+0
  58 0019 00000000 		.4byte	0
  59 001d 00000000 		.4byte	0
  60 0021 00000000 		.4byte	.Ldebug_line0
  61 0025 02       		.uleb128 0x2
  62 0026 04       		.byte	0x4
  63 0027 05       		.byte	0x5
  64 0028 696E7400 		.ascii	"int\000"
  65 002c 03       		.uleb128 0x3
  66 002d 04       		.byte	0x4
  67 002e 07       		.byte	0x7
  68 002f 0E000000 		.4byte	.LASF0
  69 0033 03       		.uleb128 0x3
  70 0034 01       		.byte	0x1
  71 0035 06       		.byte	0x6
  72 0036 C3000000 		.4byte	.LASF1
  73 003a 03       		.uleb128 0x3
  74 003b 01       		.byte	0x1
  75 003c 08       		.byte	0x8
  76 003d 50000000 		.4byte	.LASF2
  77 0041 03       		.uleb128 0x3
  78 0042 02       		.byte	0x2
  79 0043 05       		.byte	0x5
  80 0044 D9000000 		.4byte	.LASF3
  81 0048 03       		.uleb128 0x3
  82 0049 02       		.byte	0x2
  83 004a 07       		.byte	0x7
  84 004b B0000000 		.4byte	.LASF4
  85 004f 03       		.uleb128 0x3
  86 0050 04       		.byte	0x4
  87 0051 05       		.byte	0x5
  88 0052 A1000000 		.4byte	.LASF5
  89 0056 03       		.uleb128 0x3
  90 0057 04       		.byte	0x4
  91 0058 07       		.byte	0x7
  92 0059 27000000 		.4byte	.LASF6
  93 005d 03       		.uleb128 0x3
  94 005e 08       		.byte	0x8
  95 005f 05       		.byte	0x5
  96 0060 00000000 		.4byte	.LASF7
  97 0064 03       		.uleb128 0x3
  98 0065 08       		.byte	0x8
  99 0066 07       		.byte	0x7
 100 0067 39000000 		.4byte	.LASF8
 101 006b 03       		.uleb128 0x3
 102 006c 01       		.byte	0x1
 103 006d 02       		.byte	0x2
 104 006e AA000000 		.4byte	.LASF9
 105 0072 03       		.uleb128 0x3
 106 0073 04       		.byte	0x4
 107 0074 07       		.byte	0x7
 108 0075 E3000000 		.4byte	.LASF10
 109 0079 03       		.uleb128 0x3
 110 007a 01       		.byte	0x1
 111 007b 08       		.byte	0x8
 112 007c 5E000000 		.4byte	.LASF11
ARM GAS  /tmp/ccIP6rNQ.s 			page 3


 113 0080 04       		.uleb128 0x4
 114 0081 01       		.byte	0x1
 115 0082 CF000000 		.4byte	.LASF14
 116 0086 01       		.byte	0x1
 117 0087 2E       		.byte	0x2e
 118 0088 01       		.byte	0x1
 119 0089 00000000 		.4byte	.LFB7
 120 008d 04000000 		.4byte	.LFE7
 121 0091 02       		.byte	0x2
 122 0092 7D       		.byte	0x7d
 123 0093 00       		.sleb128 0
 124 0094 01       		.byte	0x1
 125 0095 00       		.byte	0
 126              		.section	.debug_abbrev,"",%progbits
 127              	.Ldebug_abbrev0:
 128 0000 01       		.uleb128 0x1
 129 0001 11       		.uleb128 0x11
 130 0002 01       		.byte	0x1
 131 0003 25       		.uleb128 0x25
 132 0004 0E       		.uleb128 0xe
 133 0005 13       		.uleb128 0x13
 134 0006 0B       		.uleb128 0xb
 135 0007 03       		.uleb128 0x3
 136 0008 0E       		.uleb128 0xe
 137 0009 55       		.uleb128 0x55
 138 000a 06       		.uleb128 0x6
 139 000b 11       		.uleb128 0x11
 140 000c 01       		.uleb128 0x1
 141 000d 52       		.uleb128 0x52
 142 000e 01       		.uleb128 0x1
 143 000f 10       		.uleb128 0x10
 144 0010 06       		.uleb128 0x6
 145 0011 00       		.byte	0
 146 0012 00       		.byte	0
 147 0013 02       		.uleb128 0x2
 148 0014 24       		.uleb128 0x24
 149 0015 00       		.byte	0
 150 0016 0B       		.uleb128 0xb
 151 0017 0B       		.uleb128 0xb
 152 0018 3E       		.uleb128 0x3e
 153 0019 0B       		.uleb128 0xb
 154 001a 03       		.uleb128 0x3
 155 001b 08       		.uleb128 0x8
 156 001c 00       		.byte	0
 157 001d 00       		.byte	0
 158 001e 03       		.uleb128 0x3
 159 001f 24       		.uleb128 0x24
 160 0020 00       		.byte	0
 161 0021 0B       		.uleb128 0xb
 162 0022 0B       		.uleb128 0xb
 163 0023 3E       		.uleb128 0x3e
 164 0024 0B       		.uleb128 0xb
 165 0025 03       		.uleb128 0x3
 166 0026 0E       		.uleb128 0xe
 167 0027 00       		.byte	0
 168 0028 00       		.byte	0
 169 0029 04       		.uleb128 0x4
ARM GAS  /tmp/ccIP6rNQ.s 			page 4


 170 002a 2E       		.uleb128 0x2e
 171 002b 00       		.byte	0
 172 002c 3F       		.uleb128 0x3f
 173 002d 0C       		.uleb128 0xc
 174 002e 03       		.uleb128 0x3
 175 002f 0E       		.uleb128 0xe
 176 0030 3A       		.uleb128 0x3a
 177 0031 0B       		.uleb128 0xb
 178 0032 3B       		.uleb128 0x3b
 179 0033 0B       		.uleb128 0xb
 180 0034 27       		.uleb128 0x27
 181 0035 0C       		.uleb128 0xc
 182 0036 11       		.uleb128 0x11
 183 0037 01       		.uleb128 0x1
 184 0038 12       		.uleb128 0x12
 185 0039 01       		.uleb128 0x1
 186 003a 40       		.uleb128 0x40
 187 003b 0A       		.uleb128 0xa
 188 003c 9742     		.uleb128 0x2117
 189 003e 0C       		.uleb128 0xc
 190 003f 00       		.byte	0
 191 0040 00       		.byte	0
 192 0041 00       		.byte	0
 193              		.section	.debug_aranges,"",%progbits
 194 0000 1C000000 		.4byte	0x1c
 195 0004 0200     		.2byte	0x2
 196 0006 00000000 		.4byte	.Ldebug_info0
 197 000a 04       		.byte	0x4
 198 000b 00       		.byte	0
 199 000c 0000     		.2byte	0
 200 000e 0000     		.2byte	0
 201 0010 00000000 		.4byte	.LFB7
 202 0014 04000000 		.4byte	.LFE7-.LFB7
 203 0018 00000000 		.4byte	0
 204 001c 00000000 		.4byte	0
 205              		.section	.debug_ranges,"",%progbits
 206              	.Ldebug_ranges0:
 207 0000 00000000 		.4byte	.LFB7
 208 0004 04000000 		.4byte	.LFE7
 209 0008 00000000 		.4byte	0
 210 000c 00000000 		.4byte	0
 211              		.section	.debug_line,"",%progbits
 212              	.Ldebug_line0:
 213 0000 6A000000 		.section	.debug_str,"MS",%progbits,1
 213      02005400 
 213      00000201 
 213      FB0E0D00 
 213      01010101 
 214              	.LASF7:
 215 0000 6C6F6E67 		.ascii	"long long int\000"
 215      206C6F6E 
 215      6720696E 
 215      7400
 216              	.LASF0:
 217 000e 756E7369 		.ascii	"unsigned int\000"
 217      676E6564 
 217      20696E74 
ARM GAS  /tmp/ccIP6rNQ.s 			page 5


 217      00
 218              	.LASF12:
 219 001b 474E5520 		.ascii	"GNU C 4.7.2\000"
 219      4320342E 
 219      372E3200 
 220              	.LASF6:
 221 0027 6C6F6E67 		.ascii	"long unsigned int\000"
 221      20756E73 
 221      69676E65 
 221      6420696E 
 221      7400
 222              	.LASF8:
 223 0039 6C6F6E67 		.ascii	"long long unsigned int\000"
 223      206C6F6E 
 223      6720756E 
 223      7369676E 
 223      65642069 
 224              	.LASF2:
 225 0050 756E7369 		.ascii	"unsigned char\000"
 225      676E6564 
 225      20636861 
 225      7200
 226              	.LASF11:
 227 005e 63686172 		.ascii	"char\000"
 227      00
 228              	.LASF13:
 229 0063 2F686F6D 		.ascii	"/home/wicker/tools/ChibiOS_2.6.3/os/ports/GCC/ARMCM"
 229      652F7769 
 229      636B6572 
 229      2F746F6F 
 229      6C732F43 
 230 0096 782F6368 		.ascii	"x/chcore.c\000"
 230      636F7265 
 230      2E6300
 231              	.LASF5:
 232 00a1 6C6F6E67 		.ascii	"long int\000"
 232      20696E74 
 232      00
 233              	.LASF9:
 234 00aa 5F426F6F 		.ascii	"_Bool\000"
 234      6C00
 235              	.LASF4:
 236 00b0 73686F72 		.ascii	"short unsigned int\000"
 236      7420756E 
 236      7369676E 
 236      65642069 
 236      6E7400
 237              	.LASF1:
 238 00c3 7369676E 		.ascii	"signed char\000"
 238      65642063 
 238      68617200 
 239              	.LASF14:
 240 00cf 706F7274 		.ascii	"port_halt\000"
 240      5F68616C 
 240      7400
 241              	.LASF3:
 242 00d9 73686F72 		.ascii	"short int\000"
ARM GAS  /tmp/ccIP6rNQ.s 			page 6


 242      7420696E 
 242      7400
 243              	.LASF10:
 244 00e3 73697A65 		.ascii	"sizetype\000"
 244      74797065 
 244      00
 245              		.ident	"GCC: (crosstool-NG 1.17.0 - PSAS ST32F4 GFE) 4.7.2"
ARM GAS  /tmp/ccIP6rNQ.s 			page 7


DEFINED SYMBOLS
                            *ABS*:0000000000000000 chcore.c
     /tmp/ccIP6rNQ.s:21     .text.port_halt:0000000000000000 $t
     /tmp/ccIP6rNQ.s:27     .text.port_halt:0000000000000000 port_halt
                     .debug_frame:0000000000000010 $d

NO UNDEFINED SYMBOLS
