ARM GAS  /tmp/cck6ZUJL.s 			page 1


   1              		.syntax unified
   2              		.cpu cortex-m4
   3              		.eabi_attribute 27, 3
   4              		.eabi_attribute 28, 1
   5              		.fpu fpv4-sp-d16
   6              		.eabi_attribute 20, 1
   7              		.eabi_attribute 21, 1
   8              		.eabi_attribute 23, 3
   9              		.eabi_attribute 24, 1
  10              		.eabi_attribute 25, 1
  11              		.eabi_attribute 26, 1
  12              		.eabi_attribute 30, 2
  13              		.eabi_attribute 34, 1
  14              		.eabi_attribute 18, 4
  15              		.thumb
  16              		.file	"chdynamic.c"
  17              		.text
  18              	.Ltext0:
  19              		.cfi_sections	.debug_frame
  20              		.section	.text.chThdAddRef,"ax",%progbits
  21              		.align	2
  22              		.p2align 4,,15
  23              		.global	chThdAddRef
  24              		.thumb
  25              		.thumb_func
  26              		.type	chThdAddRef, %function
  27              	chThdAddRef:
  28              	.LFB7:
  29              		.file 1 "/home/wicker/tools/ChibiOS_2.6.3/os/kernel/src/chdynamic.c"
  30              		.loc 1 52 0
  31              		.cfi_startproc
  32              		@ args = 0, pretend = 0, frame = 0
  33              		@ frame_needed = 0, uses_anonymous_args = 0
  34              		@ link register save eliminated.
  35              	.LVL0:
  36              	.LBB2:
  37              		.loc 1 54 0
  38 0000 2023     		movs	r3, #32
  39              	.LVL1:
  40              	@ 54 "/home/wicker/tools/ChibiOS_2.6.3/os/kernel/src/chdynamic.c" 1
  41 0002 83F31188 		msr     BASEPRI, r3
  42              	@ 0 "" 2
  43              	.LVL2:
  44              		.thumb
  45              	.LBE2:
  46              		.loc 1 56 0
  47 0006 837F     		ldrb	r3, [r0, #30]	@ zero_extendqisi2
  48              	.LVL3:
  49 0008 0133     		adds	r3, r3, #1
  50 000a 8377     		strb	r3, [r0, #30]
  51              	.LBB3:
  52              		.loc 1 57 0
  53 000c 0023     		movs	r3, #0
  54              	.LVL4:
  55              	@ 57 "/home/wicker/tools/ChibiOS_2.6.3/os/kernel/src/chdynamic.c" 1
  56 000e 83F31188 		msr     BASEPRI, r3
  57              	@ 0 "" 2
ARM GAS  /tmp/cck6ZUJL.s 			page 2


  58              	.LVL5:
  59              		.thumb
  60              	.LBE3:
  61              		.loc 1 59 0
  62 0012 7047     		bx	lr
  63              		.cfi_endproc
  64              	.LFE7:
  65              		.size	chThdAddRef, .-chThdAddRef
  66 0014 AFF30080 		.section	.text.chThdRelease,"ax",%progbits
  66      AFF30080 
  66      AFF30080 
  67              		.align	2
  68              		.p2align 4,,15
  69              		.global	chThdRelease
  70              		.thumb
  71              		.thumb_func
  72              		.type	chThdRelease, %function
  73              	chThdRelease:
  74              	.LFB8:
  75              		.loc 1 74 0
  76              		.cfi_startproc
  77              		@ args = 0, pretend = 0, frame = 0
  78              		@ frame_needed = 0, uses_anonymous_args = 0
  79              		@ link register save eliminated.
  80              	.LVL6:
  81              		.loc 1 74 0
  82 0000 0146     		mov	r1, r0
  83              	.LBB4:
  84              		.loc 1 77 0
  85 0002 2023     		movs	r3, #32
  86              	.LVL7:
  87              	@ 77 "/home/wicker/tools/ChibiOS_2.6.3/os/kernel/src/chdynamic.c" 1
  88 0004 83F31188 		msr     BASEPRI, r3
  89              	@ 0 "" 2
  90              	.LVL8:
  91              		.thumb
  92              	.LBE4:
  93              		.loc 1 79 0
  94 0008 827F     		ldrb	r2, [r0, #30]	@ zero_extendqisi2
  95 000a 013A     		subs	r2, r2, #1
  96 000c D2B2     		uxtb	r2, r2
  97 000e 8277     		strb	r2, [r0, #30]
  98              	.LVL9:
  99              	.LBB5:
 100              		.loc 1 80 0
 101 0010 0023     		movs	r3, #0
 102              	.LVL10:
 103              	@ 80 "/home/wicker/tools/ChibiOS_2.6.3/os/kernel/src/chdynamic.c" 1
 104 0012 83F31188 		msr     BASEPRI, r3
 105              	@ 0 "" 2
 106              	.LVL11:
 107              		.thumb
 108              	.LBE5:
 109              		.loc 1 85 0
 110 0016 12B9     		cbnz	r2, .L2
 111              		.loc 1 85 0 is_stmt 0 discriminator 1
 112 0018 037F     		ldrb	r3, [r0, #28]	@ zero_extendqisi2
ARM GAS  /tmp/cck6ZUJL.s 			page 3


 113              	.LVL12:
 114 001a 0E2B     		cmp	r3, #14
 115 001c 00D0     		beq	.L7
 116              	.LVL13:
 117              	.L2:
 118 001e 7047     		bx	lr
 119              	.LVL14:
 120              	.L7:
 121              		.loc 1 86 0 is_stmt 1
 122 0020 437F     		ldrb	r3, [r0, #29]	@ zero_extendqisi2
 123 0022 03F00303 		and	r3, r3, #3
 124 0026 012B     		cmp	r3, #1
 125 0028 09D0     		beq	.L4
 126 002a 022B     		cmp	r3, #2
 127 002c F7D1     		bne	.L2
 128              		.loc 1 98 0
 129 002e 4369     		ldr	r3, [r0, #20]
 130 0030 0269     		ldr	r2, [r0, #16]
 131              	.LVL15:
 132              		.loc 1 100 0
 133 0032 406C     		ldr	r0, [r0, #68]
 134              	.LVL16:
 135              		.loc 1 98 0
 136 0034 1A61     		str	r2, [r3, #16]
 137 0036 0A69     		ldr	r2, [r1, #16]
 138 0038 5361     		str	r3, [r2, #20]
 139              		.loc 1 105 0
 140              		.loc 1 100 0
 141 003a FFF7FEBF 		b	chPoolFree
 142              	.LVL17:
 143              	.L4:
 144              		.loc 1 90 0
 145 003e 4369     		ldr	r3, [r0, #20]
 146 0040 0269     		ldr	r2, [r0, #16]
 147              	.LVL18:
 148 0042 1A61     		str	r2, [r3, #16]
 149 0044 0269     		ldr	r2, [r0, #16]
 150 0046 5361     		str	r3, [r2, #20]
 151              		.loc 1 105 0
 152              		.loc 1 92 0
 153 0048 FFF7FEBF 		b	chHeapFree
 154              	.LVL19:
 155              		.cfi_endproc
 156              	.LFE8:
 157              		.size	chThdRelease, .-chThdRelease
 158 004c AFF30080 		.section	.text.chThdCreateFromHeap,"ax",%progbits
 159              		.align	2
 160              		.p2align 4,,15
 161              		.global	chThdCreateFromHeap
 162              		.thumb
 163              		.thumb_func
 164              		.type	chThdCreateFromHeap, %function
 165              	chThdCreateFromHeap:
 166              	.LFB9:
 167              		.loc 1 131 0
 168              		.cfi_startproc
 169              		@ args = 4, pretend = 0, frame = 0
ARM GAS  /tmp/cck6ZUJL.s 			page 4


 170              		@ frame_needed = 0, uses_anonymous_args = 0
 171              	.LVL20:
 172 0000 F0B5     		push	{r4, r5, r6, r7, lr}
 173              	.LCFI0:
 174              		.cfi_def_cfa_offset 20
 175              		.cfi_offset 4, -20
 176              		.cfi_offset 5, -16
 177              		.cfi_offset 6, -12
 178              		.cfi_offset 7, -8
 179              		.cfi_offset 14, -4
 180 0002 83B0     		sub	sp, sp, #12
 181              	.LCFI1:
 182              		.cfi_def_cfa_offset 32
 183              		.loc 1 131 0
 184 0004 0D46     		mov	r5, r1
 185 0006 1746     		mov	r7, r2
 186 0008 1E46     		mov	r6, r3
 187              		.loc 1 135 0
 188 000a FFF7FEFF 		bl	chHeapAlloc
 189              	.LVL21:
 190              		.loc 1 136 0
 191 000e 0446     		mov	r4, r0
 192 0010 90B1     		cbz	r0, .L9
 193              	.LBB6:
 194              		.loc 1 148 0
 195 0012 2023     		movs	r3, #32
 196              	.LVL22:
 197              	@ 148 "/home/wicker/tools/ChibiOS_2.6.3/os/kernel/src/chdynamic.c" 1
 198 0014 83F31188 		msr     BASEPRI, r3
 199              	@ 0 "" 2
 200              	.LVL23:
 201              		.thumb
 202              	.LBE6:
 203              		.loc 1 149 0
 204 0018 089C     		ldr	r4, [sp, #32]
 205 001a 3346     		mov	r3, r6
 206              	.LVL24:
 207 001c 2946     		mov	r1, r5
 208 001e 3A46     		mov	r2, r7
 209 0020 0094     		str	r4, [sp, #0]
 210 0022 FFF7FEFF 		bl	chThdCreateI
 211              	.LVL25:
 212              		.loc 1 150 0
 213 0026 0123     		movs	r3, #1
 214 0028 4377     		strb	r3, [r0, #29]
 215              		.loc 1 151 0
 216 002a 0021     		movs	r1, #0
 217              		.loc 1 149 0
 218 002c 0446     		mov	r4, r0
 219              	.LVL26:
 220              		.loc 1 151 0
 221 002e FFF7FEFF 		bl	chSchWakeupS
 222              	.LVL27:
 223              	.LBB7:
 224              		.loc 1 152 0
 225 0032 0023     		movs	r3, #0
 226              	.LVL28:
ARM GAS  /tmp/cck6ZUJL.s 			page 5


 227              	@ 152 "/home/wicker/tools/ChibiOS_2.6.3/os/kernel/src/chdynamic.c" 1
 228 0034 83F31188 		msr     BASEPRI, r3
 229              	@ 0 "" 2
 230              	.LVL29:
 231              		.thumb
 232              	.L9:
 233              	.LBE7:
 234              		.loc 1 154 0
 235 0038 2046     		mov	r0, r4
 236 003a 03B0     		add	sp, sp, #12
 237 003c F0BD     		pop	{r4, r5, r6, r7, pc}
 238              		.cfi_endproc
 239              	.LFE9:
 240              		.size	chThdCreateFromHeap, .-chThdCreateFromHeap
 241 003e 00BF     		.section	.text.chThdCreateFromMemoryPool,"ax",%progbits
 242              		.align	2
 243              		.p2align 4,,15
 244              		.global	chThdCreateFromMemoryPool
 245              		.thumb
 246              		.thumb_func
 247              		.type	chThdCreateFromMemoryPool, %function
 248              	chThdCreateFromMemoryPool:
 249              	.LFB10:
 250              		.loc 1 180 0
 251              		.cfi_startproc
 252              		@ args = 0, pretend = 0, frame = 0
 253              		@ frame_needed = 0, uses_anonymous_args = 0
 254              	.LVL30:
 255 0000 2DE9F041 		push	{r4, r5, r6, r7, r8, lr}
 256              	.LCFI2:
 257              		.cfi_def_cfa_offset 24
 258              		.cfi_offset 4, -24
 259              		.cfi_offset 5, -20
 260              		.cfi_offset 6, -16
 261              		.cfi_offset 7, -12
 262              		.cfi_offset 8, -8
 263              		.cfi_offset 14, -4
 264 0004 82B0     		sub	sp, sp, #8
 265              	.LCFI3:
 266              		.cfi_def_cfa_offset 32
 267              		.loc 1 180 0
 268 0006 0546     		mov	r5, r0
 269 0008 0E46     		mov	r6, r1
 270 000a 9046     		mov	r8, r2
 271 000c 1F46     		mov	r7, r3
 272              		.loc 1 186 0
 273 000e FFF7FEFF 		bl	chPoolAlloc
 274              	.LVL31:
 275              		.loc 1 187 0
 276 0012 0446     		mov	r4, r0
 277 0014 90B1     		cbz	r0, .L12
 278              	.LBB8:
 279              		.loc 1 199 0
 280 0016 2023     		movs	r3, #32
 281              	.LVL32:
 282              	@ 199 "/home/wicker/tools/ChibiOS_2.6.3/os/kernel/src/chdynamic.c" 1
 283 0018 83F31188 		msr     BASEPRI, r3
ARM GAS  /tmp/cck6ZUJL.s 			page 6


 284              	@ 0 "" 2
 285              	.LVL33:
 286              		.thumb
 287              	.LBE8:
 288              		.loc 1 200 0
 289 001c 6968     		ldr	r1, [r5, #4]
 290 001e 0097     		str	r7, [sp, #0]
 291 0020 4346     		mov	r3, r8
 292              	.LVL34:
 293 0022 3246     		mov	r2, r6
 294 0024 FFF7FEFF 		bl	chThdCreateI
 295              	.LVL35:
 296              		.loc 1 201 0
 297 0028 0223     		movs	r3, #2
 298 002a 4377     		strb	r3, [r0, #29]
 299              		.loc 1 202 0
 300 002c 4564     		str	r5, [r0, #68]
 301              		.loc 1 203 0
 302 002e 0021     		movs	r1, #0
 303              		.loc 1 200 0
 304 0030 0446     		mov	r4, r0
 305              	.LVL36:
 306              		.loc 1 203 0
 307 0032 FFF7FEFF 		bl	chSchWakeupS
 308              	.LVL37:
 309              	.LBB9:
 310              		.loc 1 204 0
 311 0036 0023     		movs	r3, #0
 312              	.LVL38:
 313              	@ 204 "/home/wicker/tools/ChibiOS_2.6.3/os/kernel/src/chdynamic.c" 1
 314 0038 83F31188 		msr     BASEPRI, r3
 315              	@ 0 "" 2
 316              	.LVL39:
 317              		.thumb
 318              	.L12:
 319              	.LBE9:
 320              		.loc 1 206 0
 321 003c 2046     		mov	r0, r4
 322 003e 02B0     		add	sp, sp, #8
 323 0040 BDE8F081 		pop	{r4, r5, r6, r7, r8, pc}
 324              		.cfi_endproc
 325              	.LFE10:
 326              		.size	chThdCreateFromMemoryPool, .-chThdCreateFromMemoryPool
 327 0044 AFF30080 		.text
 327      AFF30080 
 327      AFF30080 
 328              	.Letext0:
 329              		.file 2 "/opt/psas/x-tools/stm32f407/arm-psas-eabi/bin/../lib/gcc/arm-psas-eabi/4.7.2/include/stdd
 330              		.file 3 "/opt/psas/x-tools/stm32f407/arm-psas-eabi/bin/../lib/gcc/arm-psas-eabi/4.7.2/../../../../
 331              		.file 4 "/home/wicker/tools/ChibiOS_2.6.3/os/ports/GCC/ARMCMx/chtypes.h"
 332              		.file 5 "/home/wicker/tools/ChibiOS_2.6.3/os/kernel/include/chlists.h"
 333              		.file 6 "/home/wicker/tools/ChibiOS_2.6.3/os/kernel/include/chthreads.h"
 334              		.file 7 "/home/wicker/tools/ChibiOS_2.6.3/os/ports/GCC/ARMCMx/chcore_v7m.h"
 335              		.file 8 "/home/wicker/tools/ChibiOS_2.6.3/os/kernel/include/chmtx.h"
 336              		.file 9 "/home/wicker/tools/ChibiOS_2.6.3/os/kernel/include/chmemcore.h"
 337              		.file 10 "/home/wicker/tools/ChibiOS_2.6.3/os/kernel/include/chheap.h"
 338              		.file 11 "/home/wicker/tools/ChibiOS_2.6.3/os/kernel/include/chmempools.h"
ARM GAS  /tmp/cck6ZUJL.s 			page 7


 339              		.file 12 "/home/wicker/tools/ChibiOS_2.6.3/os/kernel/include/chschd.h"
 340              		.section	.debug_info,"",%progbits
 341              	.Ldebug_info0:
 342 0000 FB080000 		.4byte	0x8fb
 343 0004 0200     		.2byte	0x2
 344 0006 00000000 		.4byte	.Ldebug_abbrev0
 345 000a 04       		.byte	0x4
 346 000b 01       		.uleb128 0x1
 347 000c E2010000 		.4byte	.LASF88
 348 0010 01       		.byte	0x1
 349 0011 24030000 		.4byte	.LASF89
 350 0015 00000000 		.4byte	.Ldebug_ranges0+0
 351 0019 00000000 		.4byte	0
 352 001d 00000000 		.4byte	0
 353 0021 00000000 		.4byte	.Ldebug_line0
 354 0025 02       		.uleb128 0x2
 355 0026 04       		.byte	0x4
 356 0027 05       		.byte	0x5
 357 0028 696E7400 		.ascii	"int\000"
 358 002c 03       		.uleb128 0x3
 359 002d 0E000000 		.4byte	.LASF2
 360 0031 02       		.byte	0x2
 361 0032 D5       		.byte	0xd5
 362 0033 37000000 		.4byte	0x37
 363 0037 04       		.uleb128 0x4
 364 0038 04       		.byte	0x4
 365 0039 07       		.byte	0x7
 366 003a 33010000 		.4byte	.LASF0
 367 003e 04       		.uleb128 0x4
 368 003f 01       		.byte	0x1
 369 0040 06       		.byte	0x6
 370 0041 84000000 		.4byte	.LASF1
 371 0045 03       		.uleb128 0x3
 372 0046 5F030000 		.4byte	.LASF3
 373 004a 03       		.byte	0x3
 374 004b 2A       		.byte	0x2a
 375 004c 50000000 		.4byte	0x50
 376 0050 04       		.uleb128 0x4
 377 0051 01       		.byte	0x1
 378 0052 08       		.byte	0x8
 379 0053 30020000 		.4byte	.LASF4
 380 0057 04       		.uleb128 0x4
 381 0058 02       		.byte	0x2
 382 0059 05       		.byte	0x5
 383 005a 53020000 		.4byte	.LASF5
 384 005e 04       		.uleb128 0x4
 385 005f 02       		.byte	0x2
 386 0060 07       		.byte	0x7
 387 0061 5F010000 		.4byte	.LASF6
 388 0065 03       		.uleb128 0x3
 389 0066 28020000 		.4byte	.LASF7
 390 006a 03       		.byte	0x3
 391 006b 4F       		.byte	0x4f
 392 006c 70000000 		.4byte	0x70
 393 0070 04       		.uleb128 0x4
 394 0071 04       		.byte	0x4
 395 0072 05       		.byte	0x5
ARM GAS  /tmp/cck6ZUJL.s 			page 8


 396 0073 C8000000 		.4byte	.LASF8
 397 0077 03       		.uleb128 0x3
 398 0078 BC020000 		.4byte	.LASF9
 399 007c 03       		.byte	0x3
 400 007d 50       		.byte	0x50
 401 007e 82000000 		.4byte	0x82
 402 0082 04       		.uleb128 0x4
 403 0083 04       		.byte	0x4
 404 0084 07       		.byte	0x7
 405 0085 40010000 		.4byte	.LASF10
 406 0089 04       		.uleb128 0x4
 407 008a 08       		.byte	0x8
 408 008b 05       		.byte	0x5
 409 008c 76000000 		.4byte	.LASF11
 410 0090 03       		.uleb128 0x3
 411 0091 1C000000 		.4byte	.LASF12
 412 0095 03       		.byte	0x3
 413 0096 78       		.byte	0x78
 414 0097 9B000000 		.4byte	0x9b
 415 009b 04       		.uleb128 0x4
 416 009c 08       		.byte	0x8
 417 009d 07       		.byte	0x7
 418 009e 3D000000 		.4byte	.LASF13
 419 00a2 04       		.uleb128 0x4
 420 00a3 01       		.byte	0x1
 421 00a4 02       		.byte	0x2
 422 00a5 22020000 		.4byte	.LASF14
 423 00a9 03       		.uleb128 0x3
 424 00aa 78010000 		.4byte	.LASF15
 425 00ae 04       		.byte	0x4
 426 00af 2C       		.byte	0x2c
 427 00b0 45000000 		.4byte	0x45
 428 00b4 03       		.uleb128 0x3
 429 00b5 E5000000 		.4byte	.LASF16
 430 00b9 04       		.byte	0x4
 431 00ba 2D       		.byte	0x2d
 432 00bb 45000000 		.4byte	0x45
 433 00bf 03       		.uleb128 0x3
 434 00c0 06020000 		.4byte	.LASF17
 435 00c4 04       		.byte	0x4
 436 00c5 2E       		.byte	0x2e
 437 00c6 45000000 		.4byte	0x45
 438 00ca 03       		.uleb128 0x3
 439 00cb B1000000 		.4byte	.LASF18
 440 00cf 04       		.byte	0x4
 441 00d0 2F       		.byte	0x2f
 442 00d1 45000000 		.4byte	0x45
 443 00d5 03       		.uleb128 0x3
 444 00d6 1A020000 		.4byte	.LASF19
 445 00da 04       		.byte	0x4
 446 00db 30       		.byte	0x30
 447 00dc 77000000 		.4byte	0x77
 448 00e0 03       		.uleb128 0x3
 449 00e1 72010000 		.4byte	.LASF20
 450 00e5 04       		.byte	0x4
 451 00e6 31       		.byte	0x31
 452 00e7 65000000 		.4byte	0x65
ARM GAS  /tmp/cck6ZUJL.s 			page 9


 453 00eb 03       		.uleb128 0x3
 454 00ec 8C010000 		.4byte	.LASF21
 455 00f0 04       		.byte	0x4
 456 00f1 33       		.byte	0x33
 457 00f2 77000000 		.4byte	0x77
 458 00f6 03       		.uleb128 0x3
 459 00f7 D6020000 		.4byte	.LASF22
 460 00fb 04       		.byte	0x4
 461 00fc 35       		.byte	0x35
 462 00fd 77000000 		.4byte	0x77
 463 0101 03       		.uleb128 0x3
 464 0102 9E020000 		.4byte	.LASF23
 465 0106 05       		.byte	0x5
 466 0107 2A       		.byte	0x2a
 467 0108 0C010000 		.4byte	0x10c
 468 010c 05       		.uleb128 0x5
 469 010d 9E020000 		.4byte	.LASF23
 470 0111 48       		.byte	0x48
 471 0112 06       		.byte	0x6
 472 0113 5E       		.byte	0x5e
 473 0114 31020000 		.4byte	0x231
 474 0118 06       		.uleb128 0x6
 475 0119 82020000 		.4byte	.LASF24
 476 011d 06       		.byte	0x6
 477 011e 5F       		.byte	0x5f
 478 011f 56020000 		.4byte	0x256
 479 0123 02       		.byte	0x2
 480 0124 23       		.byte	0x23
 481 0125 00       		.uleb128 0
 482 0126 06       		.uleb128 0x6
 483 0127 13020000 		.4byte	.LASF25
 484 012b 06       		.byte	0x6
 485 012c 61       		.byte	0x61
 486 012d 56020000 		.4byte	0x256
 487 0131 02       		.byte	0x2
 488 0132 23       		.byte	0x23
 489 0133 04       		.uleb128 0x4
 490 0134 06       		.uleb128 0x6
 491 0135 6F000000 		.4byte	.LASF26
 492 0139 06       		.byte	0x6
 493 013a 63       		.byte	0x63
 494 013b D5000000 		.4byte	0xd5
 495 013f 02       		.byte	0x2
 496 0140 23       		.byte	0x23
 497 0141 08       		.uleb128 0x8
 498 0142 06       		.uleb128 0x6
 499 0143 94030000 		.4byte	.LASF27
 500 0147 06       		.byte	0x6
 501 0148 64       		.byte	0x64
 502 0149 2F030000 		.4byte	0x32f
 503 014d 02       		.byte	0x2
 504 014e 23       		.byte	0x23
 505 014f 0C       		.uleb128 0xc
 506 0150 06       		.uleb128 0x6
 507 0151 F6000000 		.4byte	.LASF28
 508 0155 06       		.byte	0x6
 509 0156 66       		.byte	0x66
ARM GAS  /tmp/cck6ZUJL.s 			page 10


 510 0157 56020000 		.4byte	0x256
 511 015b 02       		.byte	0x2
 512 015c 23       		.byte	0x23
 513 015d 10       		.uleb128 0x10
 514 015e 06       		.uleb128 0x6
 515 015f BE010000 		.4byte	.LASF29
 516 0163 06       		.byte	0x6
 517 0164 67       		.byte	0x67
 518 0165 56020000 		.4byte	0x256
 519 0169 02       		.byte	0x2
 520 016a 23       		.byte	0x23
 521 016b 14       		.uleb128 0x14
 522 016c 06       		.uleb128 0x6
 523 016d 85030000 		.4byte	.LASF30
 524 0171 06       		.byte	0x6
 525 0172 6E       		.byte	0x6e
 526 0173 0C050000 		.4byte	0x50c
 527 0177 02       		.byte	0x2
 528 0178 23       		.byte	0x23
 529 0179 18       		.uleb128 0x18
 530 017a 06       		.uleb128 0x6
 531 017b 5D020000 		.4byte	.LASF31
 532 017f 06       		.byte	0x6
 533 0180 79       		.byte	0x79
 534 0181 B4000000 		.4byte	0xb4
 535 0185 02       		.byte	0x2
 536 0186 23       		.byte	0x23
 537 0187 1C       		.uleb128 0x1c
 538 0188 06       		.uleb128 0x6
 539 0189 89020000 		.4byte	.LASF32
 540 018d 06       		.byte	0x6
 541 018e 7D       		.byte	0x7d
 542 018f A9000000 		.4byte	0xa9
 543 0193 02       		.byte	0x2
 544 0194 23       		.byte	0x23
 545 0195 1D       		.uleb128 0x1d
 546 0196 06       		.uleb128 0x6
 547 0197 1D030000 		.4byte	.LASF33
 548 019b 06       		.byte	0x6
 549 019c 82       		.byte	0x82
 550 019d BF000000 		.4byte	0xbf
 551 01a1 02       		.byte	0x2
 552 01a2 23       		.byte	0x23
 553 01a3 1E       		.uleb128 0x1e
 554 01a4 06       		.uleb128 0x6
 555 01a5 65020000 		.4byte	.LASF34
 556 01a9 06       		.byte	0x6
 557 01aa 88       		.byte	0x88
 558 01ab CA000000 		.4byte	0xca
 559 01af 02       		.byte	0x2
 560 01b0 23       		.byte	0x23
 561 01b1 1F       		.uleb128 0x1f
 562 01b2 06       		.uleb128 0x6
 563 01b3 EB020000 		.4byte	.LASF35
 564 01b7 06       		.byte	0x6
 565 01b8 8F       		.byte	0x8f
 566 01b9 59030000 		.4byte	0x359
ARM GAS  /tmp/cck6ZUJL.s 			page 11


 567 01bd 02       		.byte	0x2
 568 01be 23       		.byte	0x23
 569 01bf 20       		.uleb128 0x20
 570 01c0 07       		.uleb128 0x7
 571 01c1 705F7500 		.ascii	"p_u\000"
 572 01c5 06       		.byte	0x6
 573 01c6 B4       		.byte	0xb4
 574 01c7 D7040000 		.4byte	0x4d7
 575 01cb 02       		.byte	0x2
 576 01cc 23       		.byte	0x23
 577 01cd 24       		.uleb128 0x24
 578 01ce 06       		.uleb128 0x6
 579 01cf 9A030000 		.4byte	.LASF36
 580 01d3 06       		.byte	0x6
 581 01d4 B9       		.byte	0xb9
 582 01d5 7E020000 		.4byte	0x27e
 583 01d9 02       		.byte	0x2
 584 01da 23       		.byte	0x23
 585 01db 28       		.uleb128 0x28
 586 01dc 06       		.uleb128 0x6
 587 01dd F9020000 		.4byte	.LASF37
 588 01e1 06       		.byte	0x6
 589 01e2 BF       		.byte	0xbf
 590 01e3 5C020000 		.4byte	0x25c
 591 01e7 02       		.byte	0x2
 592 01e8 23       		.byte	0x23
 593 01e9 2C       		.uleb128 0x2c
 594 01ea 06       		.uleb128 0x6
 595 01eb 08000000 		.4byte	.LASF38
 596 01ef 06       		.byte	0x6
 597 01f0 C3       		.byte	0xc3
 598 01f1 E0000000 		.4byte	0xe0
 599 01f5 02       		.byte	0x2
 600 01f6 23       		.byte	0x23
 601 01f7 34       		.uleb128 0x34
 602 01f8 06       		.uleb128 0x6
 603 01f9 B1020000 		.4byte	.LASF39
 604 01fd 06       		.byte	0x6
 605 01fe C9       		.byte	0xc9
 606 01ff EB000000 		.4byte	0xeb
 607 0203 02       		.byte	0x2
 608 0204 23       		.byte	0x23
 609 0205 38       		.uleb128 0x38
 610 0206 06       		.uleb128 0x6
 611 0207 49020000 		.4byte	.LASF40
 612 020b 06       		.byte	0x6
 613 020c D0       		.byte	0xd0
 614 020d 1E050000 		.4byte	0x51e
 615 0211 02       		.byte	0x2
 616 0212 23       		.byte	0x23
 617 0213 3C       		.uleb128 0x3c
 618 0214 06       		.uleb128 0x6
 619 0215 E0020000 		.4byte	.LASF41
 620 0219 06       		.byte	0x6
 621 021a D4       		.byte	0xd4
 622 021b D5000000 		.4byte	0xd5
 623 021f 02       		.byte	0x2
ARM GAS  /tmp/cck6ZUJL.s 			page 12


 624 0220 23       		.byte	0x23
 625 0221 40       		.uleb128 0x40
 626 0222 06       		.uleb128 0x6
 627 0223 96000000 		.4byte	.LASF42
 628 0227 06       		.byte	0x6
 629 0228 DA       		.byte	0xda
 630 0229 94020000 		.4byte	0x294
 631 022d 02       		.byte	0x2
 632 022e 23       		.byte	0x23
 633 022f 44       		.uleb128 0x44
 634 0230 00       		.byte	0
 635 0231 08       		.uleb128 0x8
 636 0232 08       		.byte	0x8
 637 0233 05       		.byte	0x5
 638 0234 61       		.byte	0x61
 639 0235 56020000 		.4byte	0x256
 640 0239 06       		.uleb128 0x6
 641 023a 82020000 		.4byte	.LASF24
 642 023e 05       		.byte	0x5
 643 023f 62       		.byte	0x62
 644 0240 56020000 		.4byte	0x256
 645 0244 02       		.byte	0x2
 646 0245 23       		.byte	0x23
 647 0246 00       		.uleb128 0
 648 0247 06       		.uleb128 0x6
 649 0248 13020000 		.4byte	.LASF25
 650 024c 05       		.byte	0x5
 651 024d 64       		.byte	0x64
 652 024e 56020000 		.4byte	0x256
 653 0252 02       		.byte	0x2
 654 0253 23       		.byte	0x23
 655 0254 04       		.uleb128 0x4
 656 0255 00       		.byte	0
 657 0256 09       		.uleb128 0x9
 658 0257 04       		.byte	0x4
 659 0258 01010000 		.4byte	0x101
 660 025c 03       		.uleb128 0x3
 661 025d C6010000 		.4byte	.LASF43
 662 0261 05       		.byte	0x5
 663 0262 66       		.byte	0x66
 664 0263 31020000 		.4byte	0x231
 665 0267 08       		.uleb128 0x8
 666 0268 04       		.byte	0x4
 667 0269 05       		.byte	0x5
 668 026a 6B       		.byte	0x6b
 669 026b 7E020000 		.4byte	0x27e
 670 026f 06       		.uleb128 0x6
 671 0270 82020000 		.4byte	.LASF24
 672 0274 05       		.byte	0x5
 673 0275 6D       		.byte	0x6d
 674 0276 56020000 		.4byte	0x256
 675 027a 02       		.byte	0x2
 676 027b 23       		.byte	0x23
 677 027c 00       		.uleb128 0
 678 027d 00       		.byte	0
 679 027e 03       		.uleb128 0x3
 680 027f 80010000 		.4byte	.LASF44
ARM GAS  /tmp/cck6ZUJL.s 			page 13


 681 0283 05       		.byte	0x5
 682 0284 70       		.byte	0x70
 683 0285 67020000 		.4byte	0x267
 684 0289 03       		.uleb128 0x3
 685 028a 24010000 		.4byte	.LASF45
 686 028e 07       		.byte	0x7
 687 028f E5       		.byte	0xe5
 688 0290 94020000 		.4byte	0x294
 689 0294 0A       		.uleb128 0xa
 690 0295 04       		.byte	0x4
 691 0296 03       		.uleb128 0x3
 692 0297 AA010000 		.4byte	.LASF46
 693 029b 07       		.byte	0x7
 694 029c EB       		.byte	0xeb
 695 029d 90000000 		.4byte	0x90
 696 02a1 0B       		.uleb128 0xb
 697 02a2 F2020000 		.4byte	.LASF47
 698 02a6 24       		.byte	0x24
 699 02a7 07       		.byte	0x7
 700 02a8 0C01     		.2byte	0x10c
 701 02aa 2F030000 		.4byte	0x32f
 702 02ae 0C       		.uleb128 0xc
 703 02af 723400   		.ascii	"r4\000"
 704 02b2 07       		.byte	0x7
 705 02b3 1F01     		.2byte	0x11f
 706 02b5 89020000 		.4byte	0x289
 707 02b9 02       		.byte	0x2
 708 02ba 23       		.byte	0x23
 709 02bb 00       		.uleb128 0
 710 02bc 0C       		.uleb128 0xc
 711 02bd 723500   		.ascii	"r5\000"
 712 02c0 07       		.byte	0x7
 713 02c1 2001     		.2byte	0x120
 714 02c3 89020000 		.4byte	0x289
 715 02c7 02       		.byte	0x2
 716 02c8 23       		.byte	0x23
 717 02c9 04       		.uleb128 0x4
 718 02ca 0C       		.uleb128 0xc
 719 02cb 723600   		.ascii	"r6\000"
 720 02ce 07       		.byte	0x7
 721 02cf 2101     		.2byte	0x121
 722 02d1 89020000 		.4byte	0x289
 723 02d5 02       		.byte	0x2
 724 02d6 23       		.byte	0x23
 725 02d7 08       		.uleb128 0x8
 726 02d8 0C       		.uleb128 0xc
 727 02d9 723700   		.ascii	"r7\000"
 728 02dc 07       		.byte	0x7
 729 02dd 2201     		.2byte	0x122
 730 02df 89020000 		.4byte	0x289
 731 02e3 02       		.byte	0x2
 732 02e4 23       		.byte	0x23
 733 02e5 0C       		.uleb128 0xc
 734 02e6 0C       		.uleb128 0xc
 735 02e7 723800   		.ascii	"r8\000"
 736 02ea 07       		.byte	0x7
 737 02eb 2301     		.2byte	0x123
ARM GAS  /tmp/cck6ZUJL.s 			page 14


 738 02ed 89020000 		.4byte	0x289
 739 02f1 02       		.byte	0x2
 740 02f2 23       		.byte	0x23
 741 02f3 10       		.uleb128 0x10
 742 02f4 0C       		.uleb128 0xc
 743 02f5 723900   		.ascii	"r9\000"
 744 02f8 07       		.byte	0x7
 745 02f9 2401     		.2byte	0x124
 746 02fb 89020000 		.4byte	0x289
 747 02ff 02       		.byte	0x2
 748 0300 23       		.byte	0x23
 749 0301 14       		.uleb128 0x14
 750 0302 0C       		.uleb128 0xc
 751 0303 72313000 		.ascii	"r10\000"
 752 0307 07       		.byte	0x7
 753 0308 2501     		.2byte	0x125
 754 030a 89020000 		.4byte	0x289
 755 030e 02       		.byte	0x2
 756 030f 23       		.byte	0x23
 757 0310 18       		.uleb128 0x18
 758 0311 0C       		.uleb128 0xc
 759 0312 72313100 		.ascii	"r11\000"
 760 0316 07       		.byte	0x7
 761 0317 2601     		.2byte	0x126
 762 0319 89020000 		.4byte	0x289
 763 031d 02       		.byte	0x2
 764 031e 23       		.byte	0x23
 765 031f 1C       		.uleb128 0x1c
 766 0320 0C       		.uleb128 0xc
 767 0321 6C7200   		.ascii	"lr\000"
 768 0324 07       		.byte	0x7
 769 0325 2701     		.2byte	0x127
 770 0327 89020000 		.4byte	0x289
 771 032b 02       		.byte	0x2
 772 032c 23       		.byte	0x23
 773 032d 20       		.uleb128 0x20
 774 032e 00       		.byte	0
 775 032f 0B       		.uleb128 0xb
 776 0330 52010000 		.4byte	.LASF48
 777 0334 04       		.byte	0x4
 778 0335 07       		.byte	0x7
 779 0336 3101     		.2byte	0x131
 780 0338 4C030000 		.4byte	0x34c
 781 033c 0C       		.uleb128 0xc
 782 033d 72313300 		.ascii	"r13\000"
 783 0341 07       		.byte	0x7
 784 0342 3201     		.2byte	0x132
 785 0344 4C030000 		.4byte	0x34c
 786 0348 02       		.byte	0x2
 787 0349 23       		.byte	0x23
 788 034a 00       		.uleb128 0
 789 034b 00       		.byte	0
 790 034c 09       		.uleb128 0x9
 791 034d 04       		.byte	0x4
 792 034e A1020000 		.4byte	0x2a1
 793 0352 04       		.uleb128 0x4
 794 0353 04       		.byte	0x4
ARM GAS  /tmp/cck6ZUJL.s 			page 15


 795 0354 07       		.byte	0x7
 796 0355 B5010000 		.4byte	.LASF49
 797 0359 0D       		.uleb128 0xd
 798 035a F6000000 		.4byte	0xf6
 799 035e 05       		.uleb128 0x5
 800 035f 98010000 		.4byte	.LASF50
 801 0363 10       		.byte	0x10
 802 0364 08       		.byte	0x8
 803 0365 2C       		.byte	0x2c
 804 0366 95030000 		.4byte	0x395
 805 036a 06       		.uleb128 0x6
 806 036b 9E000000 		.4byte	.LASF51
 807 036f 08       		.byte	0x8
 808 0370 2D       		.byte	0x2d
 809 0371 5C020000 		.4byte	0x25c
 810 0375 02       		.byte	0x2
 811 0376 23       		.byte	0x23
 812 0377 00       		.uleb128 0
 813 0378 06       		.uleb128 0x6
 814 0379 8C030000 		.4byte	.LASF52
 815 037d 08       		.byte	0x8
 816 037e 2F       		.byte	0x2f
 817 037f 56020000 		.4byte	0x256
 818 0383 02       		.byte	0x2
 819 0384 23       		.byte	0x23
 820 0385 08       		.uleb128 0x8
 821 0386 06       		.uleb128 0x6
 822 0387 CF020000 		.4byte	.LASF53
 823 038b 08       		.byte	0x8
 824 038c 31       		.byte	0x31
 825 038d 95030000 		.4byte	0x395
 826 0391 02       		.byte	0x2
 827 0392 23       		.byte	0x23
 828 0393 0C       		.uleb128 0xc
 829 0394 00       		.byte	0
 830 0395 09       		.uleb128 0x9
 831 0396 04       		.byte	0x4
 832 0397 5E030000 		.4byte	0x35e
 833 039b 03       		.uleb128 0x3
 834 039c 98010000 		.4byte	.LASF50
 835 03a0 08       		.byte	0x8
 836 03a1 33       		.byte	0x33
 837 03a2 5E030000 		.4byte	0x35e
 838 03a6 03       		.uleb128 0x3
 839 03a7 30000000 		.4byte	.LASF54
 840 03ab 09       		.byte	0x9
 841 03ac 2C       		.byte	0x2c
 842 03ad B1030000 		.4byte	0x3b1
 843 03b1 09       		.uleb128 0x9
 844 03b2 04       		.byte	0x4
 845 03b3 B7030000 		.4byte	0x3b7
 846 03b7 0E       		.uleb128 0xe
 847 03b8 01       		.byte	0x1
 848 03b9 94020000 		.4byte	0x294
 849 03bd C7030000 		.4byte	0x3c7
 850 03c1 0F       		.uleb128 0xf
 851 03c2 2C000000 		.4byte	0x2c
ARM GAS  /tmp/cck6ZUJL.s 			page 16


 852 03c6 00       		.byte	0
 853 03c7 03       		.uleb128 0x3
 854 03c8 F3010000 		.4byte	.LASF55
 855 03cc 0A       		.byte	0xa
 856 03cd 34       		.byte	0x34
 857 03ce D2030000 		.4byte	0x3d2
 858 03d2 05       		.uleb128 0x5
 859 03d3 A4030000 		.4byte	.LASF56
 860 03d7 20       		.byte	0x20
 861 03d8 0A       		.byte	0xa
 862 03d9 47       		.byte	0x47
 863 03da 09040000 		.4byte	0x409
 864 03de 06       		.uleb128 0x6
 865 03df 3E020000 		.4byte	.LASF57
 866 03e3 0A       		.byte	0xa
 867 03e4 48       		.byte	0x48
 868 03e5 A6030000 		.4byte	0x3a6
 869 03e9 02       		.byte	0x2
 870 03ea 23       		.byte	0x23
 871 03eb 00       		.uleb128 0
 872 03ec 06       		.uleb128 0x6
 873 03ed 5D000000 		.4byte	.LASF58
 874 03f1 0A       		.byte	0xa
 875 03f2 4A       		.byte	0x4a
 876 03f3 28040000 		.4byte	0x428
 877 03f7 02       		.byte	0x2
 878 03f8 23       		.byte	0x23
 879 03f9 08       		.uleb128 0x8
 880 03fa 06       		.uleb128 0x6
 881 03fb 90000000 		.4byte	.LASF59
 882 03ff 0A       		.byte	0xa
 883 0400 4C       		.byte	0x4c
 884 0401 9B030000 		.4byte	0x39b
 885 0405 02       		.byte	0x2
 886 0406 23       		.byte	0x23
 887 0407 10       		.uleb128 0x10
 888 0408 00       		.byte	0
 889 0409 10       		.uleb128 0x10
 890 040a 04       		.byte	0x4
 891 040b 0A       		.byte	0xa
 892 040c 3C       		.byte	0x3c
 893 040d 28040000 		.4byte	0x428
 894 0411 11       		.uleb128 0x11
 895 0412 6A000000 		.4byte	.LASF60
 896 0416 0A       		.byte	0xa
 897 0417 3D       		.byte	0x3d
 898 0418 49040000 		.4byte	0x449
 899 041c 11       		.uleb128 0x11
 900 041d C5020000 		.4byte	.LASF61
 901 0421 0A       		.byte	0xa
 902 0422 3E       		.byte	0x3e
 903 0423 4F040000 		.4byte	0x44f
 904 0427 00       		.byte	0
 905 0428 12       		.uleb128 0x12
 906 0429 6F020000 		.4byte	.LASF90
 907 042d 08       		.byte	0x8
 908 042e 0A       		.byte	0xa
ARM GAS  /tmp/cck6ZUJL.s 			page 17


 909 042f 39       		.byte	0x39
 910 0430 49040000 		.4byte	0x449
 911 0434 11       		.uleb128 0x11
 912 0435 2D010000 		.4byte	.LASF62
 913 0439 0A       		.byte	0xa
 914 043a 3A       		.byte	0x3a
 915 043b 96020000 		.4byte	0x296
 916 043f 13       		.uleb128 0x13
 917 0440 6800     		.ascii	"h\000"
 918 0442 0A       		.byte	0xa
 919 0443 41       		.byte	0x41
 920 0444 55040000 		.4byte	0x455
 921 0448 00       		.byte	0
 922 0449 09       		.uleb128 0x9
 923 044a 04       		.byte	0x4
 924 044b 28040000 		.4byte	0x428
 925 044f 09       		.uleb128 0x9
 926 0450 04       		.byte	0x4
 927 0451 C7030000 		.4byte	0x3c7
 928 0455 08       		.uleb128 0x8
 929 0456 08       		.byte	0x8
 930 0457 0A       		.byte	0xa
 931 0458 3B       		.byte	0x3b
 932 0459 78040000 		.4byte	0x478
 933 045d 07       		.uleb128 0x7
 934 045e 7500     		.ascii	"u\000"
 935 0460 0A       		.byte	0xa
 936 0461 3F       		.byte	0x3f
 937 0462 09040000 		.4byte	0x409
 938 0466 02       		.byte	0x2
 939 0467 23       		.byte	0x23
 940 0468 00       		.uleb128 0
 941 0469 06       		.uleb128 0x6
 942 046a 5A010000 		.4byte	.LASF63
 943 046e 0A       		.byte	0xa
 944 046f 40       		.byte	0x40
 945 0470 2C000000 		.4byte	0x2c
 946 0474 02       		.byte	0x2
 947 0475 23       		.byte	0x23
 948 0476 04       		.uleb128 0x4
 949 0477 00       		.byte	0
 950 0478 05       		.uleb128 0x5
 951 0479 11030000 		.4byte	.LASF64
 952 047d 04       		.byte	0x4
 953 047e 0B       		.byte	0xb
 954 047f 2C       		.byte	0x2c
 955 0480 93040000 		.4byte	0x493
 956 0484 06       		.uleb128 0x6
 957 0485 FE010000 		.4byte	.LASF65
 958 0489 0B       		.byte	0xb
 959 048a 2D       		.byte	0x2d
 960 048b 93040000 		.4byte	0x493
 961 048f 02       		.byte	0x2
 962 0490 23       		.byte	0x23
 963 0491 00       		.uleb128 0
 964 0492 00       		.byte	0
 965 0493 09       		.uleb128 0x9
ARM GAS  /tmp/cck6ZUJL.s 			page 18


 966 0494 04       		.byte	0x4
 967 0495 78040000 		.4byte	0x478
 968 0499 08       		.uleb128 0x8
 969 049a 0C       		.byte	0xc
 970 049b 0B       		.byte	0xb
 971 049c 34       		.byte	0x34
 972 049d CC040000 		.4byte	0x4cc
 973 04a1 06       		.uleb128 0x6
 974 04a2 EE000000 		.4byte	.LASF66
 975 04a6 0B       		.byte	0xb
 976 04a7 35       		.byte	0x35
 977 04a8 93040000 		.4byte	0x493
 978 04ac 02       		.byte	0x2
 979 04ad 23       		.byte	0x23
 980 04ae 00       		.uleb128 0
 981 04af 06       		.uleb128 0x6
 982 04b0 D3010000 		.4byte	.LASF67
 983 04b4 0B       		.byte	0xb
 984 04b5 36       		.byte	0x36
 985 04b6 2C000000 		.4byte	0x2c
 986 04ba 02       		.byte	0x2
 987 04bb 23       		.byte	0x23
 988 04bc 04       		.uleb128 0x4
 989 04bd 06       		.uleb128 0x6
 990 04be 18010000 		.4byte	.LASF68
 991 04c2 0B       		.byte	0xb
 992 04c3 38       		.byte	0x38
 993 04c4 A6030000 		.4byte	0x3a6
 994 04c8 02       		.byte	0x2
 995 04c9 23       		.byte	0x23
 996 04ca 08       		.uleb128 0x8
 997 04cb 00       		.byte	0
 998 04cc 03       		.uleb128 0x3
 999 04cd 25000000 		.4byte	.LASF69
 1000 04d1 0B       		.byte	0xb
 1001 04d2 3A       		.byte	0x3a
 1002 04d3 99040000 		.4byte	0x499
 1003 04d7 10       		.uleb128 0x10
 1004 04d8 04       		.byte	0x4
 1005 04d9 06       		.byte	0x6
 1006 04da 96       		.byte	0x96
 1007 04db 0C050000 		.4byte	0x50c
 1008 04df 11       		.uleb128 0x11
 1009 04e0 15000000 		.4byte	.LASF70
 1010 04e4 06       		.byte	0x6
 1011 04e5 9D       		.byte	0x9d
 1012 04e6 E0000000 		.4byte	0xe0
 1013 04ea 11       		.uleb128 0x11
 1014 04eb 54000000 		.4byte	.LASF71
 1015 04ef 06       		.byte	0x6
 1016 04f0 A4       		.byte	0xa4
 1017 04f1 E0000000 		.4byte	0xe0
 1018 04f5 11       		.uleb128 0x11
 1019 04f6 7E030000 		.4byte	.LASF72
 1020 04fa 06       		.byte	0x6
 1021 04fb AB       		.byte	0xab
 1022 04fc 94020000 		.4byte	0x294
ARM GAS  /tmp/cck6ZUJL.s 			page 19


 1023 0500 11       		.uleb128 0x11
 1024 0501 7B020000 		.4byte	.LASF73
 1025 0505 06       		.byte	0x6
 1026 0506 B2       		.byte	0xb2
 1027 0507 EB000000 		.4byte	0xeb
 1028 050b 00       		.byte	0
 1029 050c 09       		.uleb128 0x9
 1030 050d 04       		.byte	0x4
 1031 050e 12050000 		.4byte	0x512
 1032 0512 14       		.uleb128 0x14
 1033 0513 17050000 		.4byte	0x517
 1034 0517 04       		.uleb128 0x4
 1035 0518 01       		.byte	0x1
 1036 0519 08       		.byte	0x8
 1037 051a CA020000 		.4byte	.LASF74
 1038 051e 09       		.uleb128 0x9
 1039 051f 04       		.byte	0x4
 1040 0520 9B030000 		.4byte	0x39b
 1041 0524 03       		.uleb128 0x3
 1042 0525 00000000 		.4byte	.LASF75
 1043 0529 06       		.byte	0x6
 1044 052a E5       		.byte	0xe5
 1045 052b 2F050000 		.4byte	0x52f
 1046 052f 09       		.uleb128 0x9
 1047 0530 04       		.byte	0x4
 1048 0531 35050000 		.4byte	0x535
 1049 0535 0E       		.uleb128 0xe
 1050 0536 01       		.byte	0x1
 1051 0537 E0000000 		.4byte	0xe0
 1052 053b 45050000 		.4byte	0x545
 1053 053f 0F       		.uleb128 0xf
 1054 0540 94020000 		.4byte	0x294
 1055 0544 00       		.byte	0
 1056 0545 15       		.uleb128 0x15
 1057 0546 01       		.byte	0x1
 1058 0547 9E010000 		.4byte	.LASF77
 1059 054b 01       		.byte	0x1
 1060 054c 34       		.byte	0x34
 1061 054d 01       		.byte	0x1
 1062 054e 56020000 		.4byte	0x256
 1063 0552 00000000 		.4byte	.LFB7
 1064 0556 14000000 		.4byte	.LFE7
 1065 055a 02       		.byte	0x2
 1066 055b 7D       		.byte	0x7d
 1067 055c 00       		.sleb128 0
 1068 055d 01       		.byte	0x1
 1069 055e A5050000 		.4byte	0x5a5
 1070 0562 16       		.uleb128 0x16
 1071 0563 747000   		.ascii	"tp\000"
 1072 0566 01       		.byte	0x1
 1073 0567 34       		.byte	0x34
 1074 0568 56020000 		.4byte	0x256
 1075 056c 01       		.byte	0x1
 1076 056d 50       		.byte	0x50
 1077 056e 17       		.uleb128 0x17
 1078 056f 00000000 		.4byte	.LBB2
 1079 0573 06000000 		.4byte	.LBE2
ARM GAS  /tmp/cck6ZUJL.s 			page 20


 1080 0577 8B050000 		.4byte	0x58b
 1081 057b 18       		.uleb128 0x18
 1082 057c 746D7000 		.ascii	"tmp\000"
 1083 0580 01       		.byte	0x1
 1084 0581 36       		.byte	0x36
 1085 0582 77000000 		.4byte	0x77
 1086 0586 00000000 		.4byte	.LLST0
 1087 058a 00       		.byte	0
 1088 058b 19       		.uleb128 0x19
 1089 058c 0C000000 		.4byte	.LBB3
 1090 0590 12000000 		.4byte	.LBE3
 1091 0594 18       		.uleb128 0x18
 1092 0595 746D7000 		.ascii	"tmp\000"
 1093 0599 01       		.byte	0x1
 1094 059a 39       		.byte	0x39
 1095 059b 77000000 		.4byte	0x77
 1096 059f 13000000 		.4byte	.LLST1
 1097 05a3 00       		.byte	0
 1098 05a4 00       		.byte	0
 1099 05a5 1A       		.uleb128 0x1a
 1100 05a6 01       		.byte	0x1
 1101 05a7 91020000 		.4byte	.LASF91
 1102 05ab 01       		.byte	0x1
 1103 05ac 4A       		.byte	0x4a
 1104 05ad 01       		.byte	0x1
 1105 05ae 00000000 		.4byte	.LFB8
 1106 05b2 4C000000 		.4byte	.LFE8
 1107 05b6 02       		.byte	0x2
 1108 05b7 7D       		.byte	0x7d
 1109 05b8 00       		.sleb128 0
 1110 05b9 01       		.byte	0x1
 1111 05ba 3E060000 		.4byte	0x63e
 1112 05be 1B       		.uleb128 0x1b
 1113 05bf 747000   		.ascii	"tp\000"
 1114 05c2 01       		.byte	0x1
 1115 05c3 4A       		.byte	0x4a
 1116 05c4 56020000 		.4byte	0x256
 1117 05c8 26000000 		.4byte	.LLST2
 1118 05cc 1C       		.uleb128 0x1c
 1119 05cd 0E020000 		.4byte	.LASF76
 1120 05d1 01       		.byte	0x1
 1121 05d2 4B       		.byte	0x4b
 1122 05d3 BF000000 		.4byte	0xbf
 1123 05d7 6B000000 		.4byte	.LLST3
 1124 05db 17       		.uleb128 0x17
 1125 05dc 02000000 		.4byte	.LBB4
 1126 05e0 08000000 		.4byte	.LBE4
 1127 05e4 F8050000 		.4byte	0x5f8
 1128 05e8 18       		.uleb128 0x18
 1129 05e9 746D7000 		.ascii	"tmp\000"
 1130 05ed 01       		.byte	0x1
 1131 05ee 4D       		.byte	0x4d
 1132 05ef 77000000 		.4byte	0x77
 1133 05f3 C5000000 		.4byte	.LLST4
 1134 05f7 00       		.byte	0
 1135 05f8 17       		.uleb128 0x17
 1136 05f9 10000000 		.4byte	.LBB5
ARM GAS  /tmp/cck6ZUJL.s 			page 21


 1137 05fd 16000000 		.4byte	.LBE5
 1138 0601 15060000 		.4byte	0x615
 1139 0605 18       		.uleb128 0x18
 1140 0606 746D7000 		.ascii	"tmp\000"
 1141 060a 01       		.byte	0x1
 1142 060b 50       		.byte	0x50
 1143 060c 77000000 		.4byte	0x77
 1144 0610 D8000000 		.4byte	.LLST5
 1145 0614 00       		.byte	0
 1146 0615 1D       		.uleb128 0x1d
 1147 0616 3E000000 		.4byte	.LVL17
 1148 061a 01       		.byte	0x1
 1149 061b 5A080000 		.4byte	0x85a
 1150 061f 2B060000 		.4byte	0x62b
 1151 0623 1E       		.uleb128 0x1e
 1152 0624 01       		.byte	0x1
 1153 0625 51       		.byte	0x51
 1154 0626 03       		.byte	0x3
 1155 0627 F3       		.byte	0xf3
 1156 0628 01       		.uleb128 0x1
 1157 0629 50       		.byte	0x50
 1158 062a 00       		.byte	0
 1159 062b 1F       		.uleb128 0x1f
 1160 062c 4C000000 		.4byte	.LVL19
 1161 0630 01       		.byte	0x1
 1162 0631 73080000 		.4byte	0x873
 1163 0635 1E       		.uleb128 0x1e
 1164 0636 01       		.byte	0x1
 1165 0637 50       		.byte	0x50
 1166 0638 03       		.byte	0x3
 1167 0639 F3       		.byte	0xf3
 1168 063a 01       		.uleb128 0x1
 1169 063b 50       		.byte	0x50
 1170 063c 00       		.byte	0
 1171 063d 00       		.byte	0
 1172 063e 20       		.uleb128 0x20
 1173 063f 01       		.byte	0x1
 1174 0640 D1000000 		.4byte	.LASF78
 1175 0644 01       		.byte	0x1
 1176 0645 82       		.byte	0x82
 1177 0646 01       		.byte	0x1
 1178 0647 56020000 		.4byte	0x256
 1179 064b 00000000 		.4byte	.LFB9
 1180 064f 3E000000 		.4byte	.LFE9
 1181 0653 F6000000 		.4byte	.LLST6
 1182 0657 01       		.byte	0x1
 1183 0658 54070000 		.4byte	0x754
 1184 065c 21       		.uleb128 0x21
 1185 065d 64000000 		.4byte	.LASF79
 1186 0661 01       		.byte	0x1
 1187 0662 82       		.byte	0x82
 1188 0663 4F040000 		.4byte	0x44f
 1189 0667 22010000 		.4byte	.LLST7
 1190 066b 21       		.uleb128 0x21
 1191 066c 5A010000 		.4byte	.LASF63
 1192 0670 01       		.byte	0x1
 1193 0671 82       		.byte	0x82
ARM GAS  /tmp/cck6ZUJL.s 			page 22


 1194 0672 2C000000 		.4byte	0x2c
 1195 0676 43010000 		.4byte	.LLST8
 1196 067a 21       		.uleb128 0x21
 1197 067b EE010000 		.4byte	.LASF80
 1198 067f 01       		.byte	0x1
 1199 0680 83       		.byte	0x83
 1200 0681 D5000000 		.4byte	0xd5
 1201 0685 61010000 		.4byte	.LLST9
 1202 0689 1B       		.uleb128 0x1b
 1203 068a 706600   		.ascii	"pf\000"
 1204 068d 01       		.byte	0x1
 1205 068e 83       		.byte	0x83
 1206 068f 24050000 		.4byte	0x524
 1207 0693 7F010000 		.4byte	.LLST10
 1208 0697 16       		.uleb128 0x16
 1209 0698 61726700 		.ascii	"arg\000"
 1210 069c 01       		.byte	0x1
 1211 069d 83       		.byte	0x83
 1212 069e 94020000 		.4byte	0x294
 1213 06a2 02       		.byte	0x2
 1214 06a3 91       		.byte	0x91
 1215 06a4 00       		.sleb128 0
 1216 06a5 18       		.uleb128 0x18
 1217 06a6 77737000 		.ascii	"wsp\000"
 1218 06aa 01       		.byte	0x1
 1219 06ab 84       		.byte	0x84
 1220 06ac 94020000 		.4byte	0x294
 1221 06b0 9D010000 		.4byte	.LLST11
 1222 06b4 18       		.uleb128 0x18
 1223 06b5 747000   		.ascii	"tp\000"
 1224 06b8 01       		.byte	0x1
 1225 06b9 85       		.byte	0x85
 1226 06ba 56020000 		.4byte	0x256
 1227 06be B0010000 		.4byte	.LLST12
 1228 06c2 17       		.uleb128 0x17
 1229 06c3 12000000 		.4byte	.LBB6
 1230 06c7 18000000 		.4byte	.LBE6
 1231 06cb DF060000 		.4byte	0x6df
 1232 06cf 18       		.uleb128 0x18
 1233 06d0 746D7000 		.ascii	"tmp\000"
 1234 06d4 01       		.byte	0x1
 1235 06d5 94       		.byte	0x94
 1236 06d6 77000000 		.4byte	0x77
 1237 06da CE010000 		.4byte	.LLST13
 1238 06de 00       		.byte	0
 1239 06df 17       		.uleb128 0x17
 1240 06e0 32000000 		.4byte	.LBB7
 1241 06e4 38000000 		.4byte	.LBE7
 1242 06e8 FC060000 		.4byte	0x6fc
 1243 06ec 18       		.uleb128 0x18
 1244 06ed 746D7000 		.ascii	"tmp\000"
 1245 06f1 01       		.byte	0x1
 1246 06f2 98       		.byte	0x98
 1247 06f3 77000000 		.4byte	0x77
 1248 06f7 E1010000 		.4byte	.LLST14
 1249 06fb 00       		.byte	0
 1250 06fc 22       		.uleb128 0x22
ARM GAS  /tmp/cck6ZUJL.s 			page 23


 1251 06fd 0E000000 		.4byte	.LVL21
 1252 0701 87080000 		.4byte	0x887
 1253 0705 17070000 		.4byte	0x717
 1254 0709 1E       		.uleb128 0x1e
 1255 070a 01       		.byte	0x1
 1256 070b 51       		.byte	0x51
 1257 070c 02       		.byte	0x2
 1258 070d 75       		.byte	0x75
 1259 070e 00       		.sleb128 0
 1260 070f 1E       		.uleb128 0x1e
 1261 0710 01       		.byte	0x1
 1262 0711 50       		.byte	0x50
 1263 0712 03       		.byte	0x3
 1264 0713 F3       		.byte	0xf3
 1265 0714 01       		.uleb128 0x1
 1266 0715 50       		.byte	0x50
 1267 0716 00       		.byte	0
 1268 0717 22       		.uleb128 0x22
 1269 0718 26000000 		.4byte	.LVL25
 1270 071c A4080000 		.4byte	0x8a4
 1271 0720 3E070000 		.4byte	0x73e
 1272 0724 1E       		.uleb128 0x1e
 1273 0725 01       		.byte	0x1
 1274 0726 53       		.byte	0x53
 1275 0727 02       		.byte	0x2
 1276 0728 76       		.byte	0x76
 1277 0729 00       		.sleb128 0
 1278 072a 1E       		.uleb128 0x1e
 1279 072b 01       		.byte	0x1
 1280 072c 52       		.byte	0x52
 1281 072d 02       		.byte	0x2
 1282 072e 77       		.byte	0x77
 1283 072f 00       		.sleb128 0
 1284 0730 1E       		.uleb128 0x1e
 1285 0731 01       		.byte	0x1
 1286 0732 51       		.byte	0x51
 1287 0733 02       		.byte	0x2
 1288 0734 75       		.byte	0x75
 1289 0735 00       		.sleb128 0
 1290 0736 1E       		.uleb128 0x1e
 1291 0737 02       		.byte	0x2
 1292 0738 7D       		.byte	0x7d
 1293 0739 00       		.sleb128 0
 1294 073a 02       		.byte	0x2
 1295 073b 74       		.byte	0x74
 1296 073c 00       		.sleb128 0
 1297 073d 00       		.byte	0
 1298 073e 23       		.uleb128 0x23
 1299 073f 32000000 		.4byte	.LVL27
 1300 0743 D1080000 		.4byte	0x8d1
 1301 0747 1E       		.uleb128 0x1e
 1302 0748 01       		.byte	0x1
 1303 0749 51       		.byte	0x51
 1304 074a 01       		.byte	0x1
 1305 074b 30       		.byte	0x30
 1306 074c 1E       		.uleb128 0x1e
 1307 074d 01       		.byte	0x1
ARM GAS  /tmp/cck6ZUJL.s 			page 24


 1308 074e 50       		.byte	0x50
 1309 074f 02       		.byte	0x2
 1310 0750 74       		.byte	0x74
 1311 0751 00       		.sleb128 0
 1312 0752 00       		.byte	0
 1313 0753 00       		.byte	0
 1314 0754 20       		.uleb128 0x20
 1315 0755 01       		.byte	0x1
 1316 0756 FE000000 		.4byte	.LASF81
 1317 075a 01       		.byte	0x1
 1318 075b B3       		.byte	0xb3
 1319 075c 01       		.byte	0x1
 1320 075d 56020000 		.4byte	0x256
 1321 0761 00000000 		.4byte	.LFB10
 1322 0765 44000000 		.4byte	.LFE10
 1323 0769 F4010000 		.4byte	.LLST15
 1324 076d 01       		.byte	0x1
 1325 076e 54080000 		.4byte	0x854
 1326 0772 1B       		.uleb128 0x1b
 1327 0773 6D7000   		.ascii	"mp\000"
 1328 0776 01       		.byte	0x1
 1329 0777 B3       		.byte	0xb3
 1330 0778 54080000 		.4byte	0x854
 1331 077c 20020000 		.4byte	.LLST16
 1332 0780 21       		.uleb128 0x21
 1333 0781 EE010000 		.4byte	.LASF80
 1334 0785 01       		.byte	0x1
 1335 0786 B3       		.byte	0xb3
 1336 0787 D5000000 		.4byte	0xd5
 1337 078b 3E020000 		.4byte	.LLST17
 1338 078f 1B       		.uleb128 0x1b
 1339 0790 706600   		.ascii	"pf\000"
 1340 0793 01       		.byte	0x1
 1341 0794 B4       		.byte	0xb4
 1342 0795 24050000 		.4byte	0x524
 1343 0799 5C020000 		.4byte	.LLST18
 1344 079d 1B       		.uleb128 0x1b
 1345 079e 61726700 		.ascii	"arg\000"
 1346 07a2 01       		.byte	0x1
 1347 07a3 B4       		.byte	0xb4
 1348 07a4 94020000 		.4byte	0x294
 1349 07a8 7A020000 		.4byte	.LLST19
 1350 07ac 18       		.uleb128 0x18
 1351 07ad 77737000 		.ascii	"wsp\000"
 1352 07b1 01       		.byte	0x1
 1353 07b2 B5       		.byte	0xb5
 1354 07b3 94020000 		.4byte	0x294
 1355 07b7 98020000 		.4byte	.LLST20
 1356 07bb 18       		.uleb128 0x18
 1357 07bc 747000   		.ascii	"tp\000"
 1358 07bf 01       		.byte	0x1
 1359 07c0 B6       		.byte	0xb6
 1360 07c1 56020000 		.4byte	0x256
 1361 07c5 B6020000 		.4byte	.LLST21
 1362 07c9 17       		.uleb128 0x17
 1363 07ca 16000000 		.4byte	.LBB8
 1364 07ce 1C000000 		.4byte	.LBE8
ARM GAS  /tmp/cck6ZUJL.s 			page 25


 1365 07d2 E6070000 		.4byte	0x7e6
 1366 07d6 18       		.uleb128 0x18
 1367 07d7 746D7000 		.ascii	"tmp\000"
 1368 07db 01       		.byte	0x1
 1369 07dc C7       		.byte	0xc7
 1370 07dd 77000000 		.4byte	0x77
 1371 07e1 D4020000 		.4byte	.LLST22
 1372 07e5 00       		.byte	0
 1373 07e6 17       		.uleb128 0x17
 1374 07e7 36000000 		.4byte	.LBB9
 1375 07eb 3C000000 		.4byte	.LBE9
 1376 07ef 03080000 		.4byte	0x803
 1377 07f3 18       		.uleb128 0x18
 1378 07f4 746D7000 		.ascii	"tmp\000"
 1379 07f8 01       		.byte	0x1
 1380 07f9 CC       		.byte	0xcc
 1381 07fa 77000000 		.4byte	0x77
 1382 07fe E7020000 		.4byte	.LLST23
 1383 0802 00       		.byte	0
 1384 0803 22       		.uleb128 0x22
 1385 0804 12000000 		.4byte	.LVL31
 1386 0808 EA080000 		.4byte	0x8ea
 1387 080c 17080000 		.4byte	0x817
 1388 0810 1E       		.uleb128 0x1e
 1389 0811 01       		.byte	0x1
 1390 0812 50       		.byte	0x50
 1391 0813 02       		.byte	0x2
 1392 0814 75       		.byte	0x75
 1393 0815 00       		.sleb128 0
 1394 0816 00       		.byte	0
 1395 0817 22       		.uleb128 0x22
 1396 0818 28000000 		.4byte	.LVL35
 1397 081c A4080000 		.4byte	0x8a4
 1398 0820 3E080000 		.4byte	0x83e
 1399 0824 1E       		.uleb128 0x1e
 1400 0825 01       		.byte	0x1
 1401 0826 53       		.byte	0x53
 1402 0827 02       		.byte	0x2
 1403 0828 78       		.byte	0x78
 1404 0829 00       		.sleb128 0
 1405 082a 1E       		.uleb128 0x1e
 1406 082b 01       		.byte	0x1
 1407 082c 52       		.byte	0x52
 1408 082d 02       		.byte	0x2
 1409 082e 76       		.byte	0x76
 1410 082f 00       		.sleb128 0
 1411 0830 1E       		.uleb128 0x1e
 1412 0831 01       		.byte	0x1
 1413 0832 50       		.byte	0x50
 1414 0833 02       		.byte	0x2
 1415 0834 74       		.byte	0x74
 1416 0835 00       		.sleb128 0
 1417 0836 1E       		.uleb128 0x1e
 1418 0837 02       		.byte	0x2
 1419 0838 7D       		.byte	0x7d
 1420 0839 00       		.sleb128 0
 1421 083a 02       		.byte	0x2
ARM GAS  /tmp/cck6ZUJL.s 			page 26


 1422 083b 77       		.byte	0x77
 1423 083c 00       		.sleb128 0
 1424 083d 00       		.byte	0
 1425 083e 23       		.uleb128 0x23
 1426 083f 36000000 		.4byte	.LVL37
 1427 0843 D1080000 		.4byte	0x8d1
 1428 0847 1E       		.uleb128 0x1e
 1429 0848 01       		.byte	0x1
 1430 0849 51       		.byte	0x51
 1431 084a 01       		.byte	0x1
 1432 084b 30       		.byte	0x30
 1433 084c 1E       		.uleb128 0x1e
 1434 084d 01       		.byte	0x1
 1435 084e 50       		.byte	0x50
 1436 084f 02       		.byte	0x2
 1437 0850 74       		.byte	0x74
 1438 0851 00       		.sleb128 0
 1439 0852 00       		.byte	0
 1440 0853 00       		.byte	0
 1441 0854 09       		.uleb128 0x9
 1442 0855 04       		.byte	0x4
 1443 0856 CC040000 		.4byte	0x4cc
 1444 085a 24       		.uleb128 0x24
 1445 085b 01       		.byte	0x1
 1446 085c 73030000 		.4byte	.LASF82
 1447 0860 0B       		.byte	0xb
 1448 0861 84       		.byte	0x84
 1449 0862 01       		.byte	0x1
 1450 0863 01       		.byte	0x1
 1451 0864 73080000 		.4byte	0x873
 1452 0868 0F       		.uleb128 0xf
 1453 0869 54080000 		.4byte	0x854
 1454 086d 0F       		.uleb128 0xf
 1455 086e 94020000 		.4byte	0x294
 1456 0872 00       		.byte	0
 1457 0873 24       		.uleb128 0x24
 1458 0874 01       		.byte	0x1
 1459 0875 A6000000 		.4byte	.LASF83
 1460 0879 0A       		.byte	0xa
 1461 087a 5A       		.byte	0x5a
 1462 087b 01       		.byte	0x1
 1463 087c 01       		.byte	0x1
 1464 087d 87080000 		.4byte	0x887
 1465 0881 0F       		.uleb128 0xf
 1466 0882 94020000 		.4byte	0x294
 1467 0886 00       		.byte	0
 1468 0887 25       		.uleb128 0x25
 1469 0888 01       		.byte	0x1
 1470 0889 A5020000 		.4byte	.LASF84
 1471 088d 0A       		.byte	0xa
 1472 088e 59       		.byte	0x59
 1473 088f 01       		.byte	0x1
 1474 0890 94020000 		.4byte	0x294
 1475 0894 01       		.byte	0x1
 1476 0895 A4080000 		.4byte	0x8a4
 1477 0899 0F       		.uleb128 0xf
 1478 089a 4F040000 		.4byte	0x44f
ARM GAS  /tmp/cck6ZUJL.s 			page 27


 1479 089e 0F       		.uleb128 0xf
 1480 089f 2C000000 		.4byte	0x2c
 1481 08a3 00       		.byte	0
 1482 08a4 26       		.uleb128 0x26
 1483 08a5 01       		.byte	0x1
 1484 08a6 BB000000 		.4byte	.LASF85
 1485 08aa 06       		.byte	0x6
 1486 08ab 6E01     		.2byte	0x16e
 1487 08ad 01       		.byte	0x1
 1488 08ae 56020000 		.4byte	0x256
 1489 08b2 01       		.byte	0x1
 1490 08b3 D1080000 		.4byte	0x8d1
 1491 08b7 0F       		.uleb128 0xf
 1492 08b8 94020000 		.4byte	0x294
 1493 08bc 0F       		.uleb128 0xf
 1494 08bd 2C000000 		.4byte	0x2c
 1495 08c1 0F       		.uleb128 0xf
 1496 08c2 D5000000 		.4byte	0xd5
 1497 08c6 0F       		.uleb128 0xf
 1498 08c7 24050000 		.4byte	0x524
 1499 08cb 0F       		.uleb128 0xf
 1500 08cc 94020000 		.4byte	0x294
 1501 08d0 00       		.byte	0
 1502 08d1 24       		.uleb128 0x24
 1503 08d2 01       		.byte	0x1
 1504 08d3 04030000 		.4byte	.LASF86
 1505 08d7 0C       		.byte	0xc
 1506 08d8 99       		.byte	0x99
 1507 08d9 01       		.byte	0x1
 1508 08da 01       		.byte	0x1
 1509 08db EA080000 		.4byte	0x8ea
 1510 08df 0F       		.uleb128 0xf
 1511 08e0 56020000 		.4byte	0x256
 1512 08e4 0F       		.uleb128 0xf
 1513 08e5 E0000000 		.4byte	0xe0
 1514 08e9 00       		.byte	0
 1515 08ea 27       		.uleb128 0x27
 1516 08eb 01       		.byte	0x1
 1517 08ec 67030000 		.4byte	.LASF87
 1518 08f0 0B       		.byte	0xb
 1519 08f1 82       		.byte	0x82
 1520 08f2 01       		.byte	0x1
 1521 08f3 94020000 		.4byte	0x294
 1522 08f7 01       		.byte	0x1
 1523 08f8 0F       		.uleb128 0xf
 1524 08f9 54080000 		.4byte	0x854
 1525 08fd 00       		.byte	0
 1526 08fe 00       		.byte	0
 1527              		.section	.debug_abbrev,"",%progbits
 1528              	.Ldebug_abbrev0:
 1529 0000 01       		.uleb128 0x1
 1530 0001 11       		.uleb128 0x11
 1531 0002 01       		.byte	0x1
 1532 0003 25       		.uleb128 0x25
 1533 0004 0E       		.uleb128 0xe
 1534 0005 13       		.uleb128 0x13
 1535 0006 0B       		.uleb128 0xb
ARM GAS  /tmp/cck6ZUJL.s 			page 28


 1536 0007 03       		.uleb128 0x3
 1537 0008 0E       		.uleb128 0xe
 1538 0009 55       		.uleb128 0x55
 1539 000a 06       		.uleb128 0x6
 1540 000b 11       		.uleb128 0x11
 1541 000c 01       		.uleb128 0x1
 1542 000d 52       		.uleb128 0x52
 1543 000e 01       		.uleb128 0x1
 1544 000f 10       		.uleb128 0x10
 1545 0010 06       		.uleb128 0x6
 1546 0011 00       		.byte	0
 1547 0012 00       		.byte	0
 1548 0013 02       		.uleb128 0x2
 1549 0014 24       		.uleb128 0x24
 1550 0015 00       		.byte	0
 1551 0016 0B       		.uleb128 0xb
 1552 0017 0B       		.uleb128 0xb
 1553 0018 3E       		.uleb128 0x3e
 1554 0019 0B       		.uleb128 0xb
 1555 001a 03       		.uleb128 0x3
 1556 001b 08       		.uleb128 0x8
 1557 001c 00       		.byte	0
 1558 001d 00       		.byte	0
 1559 001e 03       		.uleb128 0x3
 1560 001f 16       		.uleb128 0x16
 1561 0020 00       		.byte	0
 1562 0021 03       		.uleb128 0x3
 1563 0022 0E       		.uleb128 0xe
 1564 0023 3A       		.uleb128 0x3a
 1565 0024 0B       		.uleb128 0xb
 1566 0025 3B       		.uleb128 0x3b
 1567 0026 0B       		.uleb128 0xb
 1568 0027 49       		.uleb128 0x49
 1569 0028 13       		.uleb128 0x13
 1570 0029 00       		.byte	0
 1571 002a 00       		.byte	0
 1572 002b 04       		.uleb128 0x4
 1573 002c 24       		.uleb128 0x24
 1574 002d 00       		.byte	0
 1575 002e 0B       		.uleb128 0xb
 1576 002f 0B       		.uleb128 0xb
 1577 0030 3E       		.uleb128 0x3e
 1578 0031 0B       		.uleb128 0xb
 1579 0032 03       		.uleb128 0x3
 1580 0033 0E       		.uleb128 0xe
 1581 0034 00       		.byte	0
 1582 0035 00       		.byte	0
 1583 0036 05       		.uleb128 0x5
 1584 0037 13       		.uleb128 0x13
 1585 0038 01       		.byte	0x1
 1586 0039 03       		.uleb128 0x3
 1587 003a 0E       		.uleb128 0xe
 1588 003b 0B       		.uleb128 0xb
 1589 003c 0B       		.uleb128 0xb
 1590 003d 3A       		.uleb128 0x3a
 1591 003e 0B       		.uleb128 0xb
 1592 003f 3B       		.uleb128 0x3b
ARM GAS  /tmp/cck6ZUJL.s 			page 29


 1593 0040 0B       		.uleb128 0xb
 1594 0041 01       		.uleb128 0x1
 1595 0042 13       		.uleb128 0x13
 1596 0043 00       		.byte	0
 1597 0044 00       		.byte	0
 1598 0045 06       		.uleb128 0x6
 1599 0046 0D       		.uleb128 0xd
 1600 0047 00       		.byte	0
 1601 0048 03       		.uleb128 0x3
 1602 0049 0E       		.uleb128 0xe
 1603 004a 3A       		.uleb128 0x3a
 1604 004b 0B       		.uleb128 0xb
 1605 004c 3B       		.uleb128 0x3b
 1606 004d 0B       		.uleb128 0xb
 1607 004e 49       		.uleb128 0x49
 1608 004f 13       		.uleb128 0x13
 1609 0050 38       		.uleb128 0x38
 1610 0051 0A       		.uleb128 0xa
 1611 0052 00       		.byte	0
 1612 0053 00       		.byte	0
 1613 0054 07       		.uleb128 0x7
 1614 0055 0D       		.uleb128 0xd
 1615 0056 00       		.byte	0
 1616 0057 03       		.uleb128 0x3
 1617 0058 08       		.uleb128 0x8
 1618 0059 3A       		.uleb128 0x3a
 1619 005a 0B       		.uleb128 0xb
 1620 005b 3B       		.uleb128 0x3b
 1621 005c 0B       		.uleb128 0xb
 1622 005d 49       		.uleb128 0x49
 1623 005e 13       		.uleb128 0x13
 1624 005f 38       		.uleb128 0x38
 1625 0060 0A       		.uleb128 0xa
 1626 0061 00       		.byte	0
 1627 0062 00       		.byte	0
 1628 0063 08       		.uleb128 0x8
 1629 0064 13       		.uleb128 0x13
 1630 0065 01       		.byte	0x1
 1631 0066 0B       		.uleb128 0xb
 1632 0067 0B       		.uleb128 0xb
 1633 0068 3A       		.uleb128 0x3a
 1634 0069 0B       		.uleb128 0xb
 1635 006a 3B       		.uleb128 0x3b
 1636 006b 0B       		.uleb128 0xb
 1637 006c 01       		.uleb128 0x1
 1638 006d 13       		.uleb128 0x13
 1639 006e 00       		.byte	0
 1640 006f 00       		.byte	0
 1641 0070 09       		.uleb128 0x9
 1642 0071 0F       		.uleb128 0xf
 1643 0072 00       		.byte	0
 1644 0073 0B       		.uleb128 0xb
 1645 0074 0B       		.uleb128 0xb
 1646 0075 49       		.uleb128 0x49
 1647 0076 13       		.uleb128 0x13
 1648 0077 00       		.byte	0
 1649 0078 00       		.byte	0
ARM GAS  /tmp/cck6ZUJL.s 			page 30


 1650 0079 0A       		.uleb128 0xa
 1651 007a 0F       		.uleb128 0xf
 1652 007b 00       		.byte	0
 1653 007c 0B       		.uleb128 0xb
 1654 007d 0B       		.uleb128 0xb
 1655 007e 00       		.byte	0
 1656 007f 00       		.byte	0
 1657 0080 0B       		.uleb128 0xb
 1658 0081 13       		.uleb128 0x13
 1659 0082 01       		.byte	0x1
 1660 0083 03       		.uleb128 0x3
 1661 0084 0E       		.uleb128 0xe
 1662 0085 0B       		.uleb128 0xb
 1663 0086 0B       		.uleb128 0xb
 1664 0087 3A       		.uleb128 0x3a
 1665 0088 0B       		.uleb128 0xb
 1666 0089 3B       		.uleb128 0x3b
 1667 008a 05       		.uleb128 0x5
 1668 008b 01       		.uleb128 0x1
 1669 008c 13       		.uleb128 0x13
 1670 008d 00       		.byte	0
 1671 008e 00       		.byte	0
 1672 008f 0C       		.uleb128 0xc
 1673 0090 0D       		.uleb128 0xd
 1674 0091 00       		.byte	0
 1675 0092 03       		.uleb128 0x3
 1676 0093 08       		.uleb128 0x8
 1677 0094 3A       		.uleb128 0x3a
 1678 0095 0B       		.uleb128 0xb
 1679 0096 3B       		.uleb128 0x3b
 1680 0097 05       		.uleb128 0x5
 1681 0098 49       		.uleb128 0x49
 1682 0099 13       		.uleb128 0x13
 1683 009a 38       		.uleb128 0x38
 1684 009b 0A       		.uleb128 0xa
 1685 009c 00       		.byte	0
 1686 009d 00       		.byte	0
 1687 009e 0D       		.uleb128 0xd
 1688 009f 35       		.uleb128 0x35
 1689 00a0 00       		.byte	0
 1690 00a1 49       		.uleb128 0x49
 1691 00a2 13       		.uleb128 0x13
 1692 00a3 00       		.byte	0
 1693 00a4 00       		.byte	0
 1694 00a5 0E       		.uleb128 0xe
 1695 00a6 15       		.uleb128 0x15
 1696 00a7 01       		.byte	0x1
 1697 00a8 27       		.uleb128 0x27
 1698 00a9 0C       		.uleb128 0xc
 1699 00aa 49       		.uleb128 0x49
 1700 00ab 13       		.uleb128 0x13
 1701 00ac 01       		.uleb128 0x1
 1702 00ad 13       		.uleb128 0x13
 1703 00ae 00       		.byte	0
 1704 00af 00       		.byte	0
 1705 00b0 0F       		.uleb128 0xf
 1706 00b1 05       		.uleb128 0x5
ARM GAS  /tmp/cck6ZUJL.s 			page 31


 1707 00b2 00       		.byte	0
 1708 00b3 49       		.uleb128 0x49
 1709 00b4 13       		.uleb128 0x13
 1710 00b5 00       		.byte	0
 1711 00b6 00       		.byte	0
 1712 00b7 10       		.uleb128 0x10
 1713 00b8 17       		.uleb128 0x17
 1714 00b9 01       		.byte	0x1
 1715 00ba 0B       		.uleb128 0xb
 1716 00bb 0B       		.uleb128 0xb
 1717 00bc 3A       		.uleb128 0x3a
 1718 00bd 0B       		.uleb128 0xb
 1719 00be 3B       		.uleb128 0x3b
 1720 00bf 0B       		.uleb128 0xb
 1721 00c0 01       		.uleb128 0x1
 1722 00c1 13       		.uleb128 0x13
 1723 00c2 00       		.byte	0
 1724 00c3 00       		.byte	0
 1725 00c4 11       		.uleb128 0x11
 1726 00c5 0D       		.uleb128 0xd
 1727 00c6 00       		.byte	0
 1728 00c7 03       		.uleb128 0x3
 1729 00c8 0E       		.uleb128 0xe
 1730 00c9 3A       		.uleb128 0x3a
 1731 00ca 0B       		.uleb128 0xb
 1732 00cb 3B       		.uleb128 0x3b
 1733 00cc 0B       		.uleb128 0xb
 1734 00cd 49       		.uleb128 0x49
 1735 00ce 13       		.uleb128 0x13
 1736 00cf 00       		.byte	0
 1737 00d0 00       		.byte	0
 1738 00d1 12       		.uleb128 0x12
 1739 00d2 17       		.uleb128 0x17
 1740 00d3 01       		.byte	0x1
 1741 00d4 03       		.uleb128 0x3
 1742 00d5 0E       		.uleb128 0xe
 1743 00d6 0B       		.uleb128 0xb
 1744 00d7 0B       		.uleb128 0xb
 1745 00d8 3A       		.uleb128 0x3a
 1746 00d9 0B       		.uleb128 0xb
 1747 00da 3B       		.uleb128 0x3b
 1748 00db 0B       		.uleb128 0xb
 1749 00dc 01       		.uleb128 0x1
 1750 00dd 13       		.uleb128 0x13
 1751 00de 00       		.byte	0
 1752 00df 00       		.byte	0
 1753 00e0 13       		.uleb128 0x13
 1754 00e1 0D       		.uleb128 0xd
 1755 00e2 00       		.byte	0
 1756 00e3 03       		.uleb128 0x3
 1757 00e4 08       		.uleb128 0x8
 1758 00e5 3A       		.uleb128 0x3a
 1759 00e6 0B       		.uleb128 0xb
 1760 00e7 3B       		.uleb128 0x3b
 1761 00e8 0B       		.uleb128 0xb
 1762 00e9 49       		.uleb128 0x49
 1763 00ea 13       		.uleb128 0x13
ARM GAS  /tmp/cck6ZUJL.s 			page 32


 1764 00eb 00       		.byte	0
 1765 00ec 00       		.byte	0
 1766 00ed 14       		.uleb128 0x14
 1767 00ee 26       		.uleb128 0x26
 1768 00ef 00       		.byte	0
 1769 00f0 49       		.uleb128 0x49
 1770 00f1 13       		.uleb128 0x13
 1771 00f2 00       		.byte	0
 1772 00f3 00       		.byte	0
 1773 00f4 15       		.uleb128 0x15
 1774 00f5 2E       		.uleb128 0x2e
 1775 00f6 01       		.byte	0x1
 1776 00f7 3F       		.uleb128 0x3f
 1777 00f8 0C       		.uleb128 0xc
 1778 00f9 03       		.uleb128 0x3
 1779 00fa 0E       		.uleb128 0xe
 1780 00fb 3A       		.uleb128 0x3a
 1781 00fc 0B       		.uleb128 0xb
 1782 00fd 3B       		.uleb128 0x3b
 1783 00fe 0B       		.uleb128 0xb
 1784 00ff 27       		.uleb128 0x27
 1785 0100 0C       		.uleb128 0xc
 1786 0101 49       		.uleb128 0x49
 1787 0102 13       		.uleb128 0x13
 1788 0103 11       		.uleb128 0x11
 1789 0104 01       		.uleb128 0x1
 1790 0105 12       		.uleb128 0x12
 1791 0106 01       		.uleb128 0x1
 1792 0107 40       		.uleb128 0x40
 1793 0108 0A       		.uleb128 0xa
 1794 0109 9742     		.uleb128 0x2117
 1795 010b 0C       		.uleb128 0xc
 1796 010c 01       		.uleb128 0x1
 1797 010d 13       		.uleb128 0x13
 1798 010e 00       		.byte	0
 1799 010f 00       		.byte	0
 1800 0110 16       		.uleb128 0x16
 1801 0111 05       		.uleb128 0x5
 1802 0112 00       		.byte	0
 1803 0113 03       		.uleb128 0x3
 1804 0114 08       		.uleb128 0x8
 1805 0115 3A       		.uleb128 0x3a
 1806 0116 0B       		.uleb128 0xb
 1807 0117 3B       		.uleb128 0x3b
 1808 0118 0B       		.uleb128 0xb
 1809 0119 49       		.uleb128 0x49
 1810 011a 13       		.uleb128 0x13
 1811 011b 02       		.uleb128 0x2
 1812 011c 0A       		.uleb128 0xa
 1813 011d 00       		.byte	0
 1814 011e 00       		.byte	0
 1815 011f 17       		.uleb128 0x17
 1816 0120 0B       		.uleb128 0xb
 1817 0121 01       		.byte	0x1
 1818 0122 11       		.uleb128 0x11
 1819 0123 01       		.uleb128 0x1
 1820 0124 12       		.uleb128 0x12
ARM GAS  /tmp/cck6ZUJL.s 			page 33


 1821 0125 01       		.uleb128 0x1
 1822 0126 01       		.uleb128 0x1
 1823 0127 13       		.uleb128 0x13
 1824 0128 00       		.byte	0
 1825 0129 00       		.byte	0
 1826 012a 18       		.uleb128 0x18
 1827 012b 34       		.uleb128 0x34
 1828 012c 00       		.byte	0
 1829 012d 03       		.uleb128 0x3
 1830 012e 08       		.uleb128 0x8
 1831 012f 3A       		.uleb128 0x3a
 1832 0130 0B       		.uleb128 0xb
 1833 0131 3B       		.uleb128 0x3b
 1834 0132 0B       		.uleb128 0xb
 1835 0133 49       		.uleb128 0x49
 1836 0134 13       		.uleb128 0x13
 1837 0135 02       		.uleb128 0x2
 1838 0136 06       		.uleb128 0x6
 1839 0137 00       		.byte	0
 1840 0138 00       		.byte	0
 1841 0139 19       		.uleb128 0x19
 1842 013a 0B       		.uleb128 0xb
 1843 013b 01       		.byte	0x1
 1844 013c 11       		.uleb128 0x11
 1845 013d 01       		.uleb128 0x1
 1846 013e 12       		.uleb128 0x12
 1847 013f 01       		.uleb128 0x1
 1848 0140 00       		.byte	0
 1849 0141 00       		.byte	0
 1850 0142 1A       		.uleb128 0x1a
 1851 0143 2E       		.uleb128 0x2e
 1852 0144 01       		.byte	0x1
 1853 0145 3F       		.uleb128 0x3f
 1854 0146 0C       		.uleb128 0xc
 1855 0147 03       		.uleb128 0x3
 1856 0148 0E       		.uleb128 0xe
 1857 0149 3A       		.uleb128 0x3a
 1858 014a 0B       		.uleb128 0xb
 1859 014b 3B       		.uleb128 0x3b
 1860 014c 0B       		.uleb128 0xb
 1861 014d 27       		.uleb128 0x27
 1862 014e 0C       		.uleb128 0xc
 1863 014f 11       		.uleb128 0x11
 1864 0150 01       		.uleb128 0x1
 1865 0151 12       		.uleb128 0x12
 1866 0152 01       		.uleb128 0x1
 1867 0153 40       		.uleb128 0x40
 1868 0154 0A       		.uleb128 0xa
 1869 0155 9742     		.uleb128 0x2117
 1870 0157 0C       		.uleb128 0xc
 1871 0158 01       		.uleb128 0x1
 1872 0159 13       		.uleb128 0x13
 1873 015a 00       		.byte	0
 1874 015b 00       		.byte	0
 1875 015c 1B       		.uleb128 0x1b
 1876 015d 05       		.uleb128 0x5
 1877 015e 00       		.byte	0
ARM GAS  /tmp/cck6ZUJL.s 			page 34


 1878 015f 03       		.uleb128 0x3
 1879 0160 08       		.uleb128 0x8
 1880 0161 3A       		.uleb128 0x3a
 1881 0162 0B       		.uleb128 0xb
 1882 0163 3B       		.uleb128 0x3b
 1883 0164 0B       		.uleb128 0xb
 1884 0165 49       		.uleb128 0x49
 1885 0166 13       		.uleb128 0x13
 1886 0167 02       		.uleb128 0x2
 1887 0168 06       		.uleb128 0x6
 1888 0169 00       		.byte	0
 1889 016a 00       		.byte	0
 1890 016b 1C       		.uleb128 0x1c
 1891 016c 34       		.uleb128 0x34
 1892 016d 00       		.byte	0
 1893 016e 03       		.uleb128 0x3
 1894 016f 0E       		.uleb128 0xe
 1895 0170 3A       		.uleb128 0x3a
 1896 0171 0B       		.uleb128 0xb
 1897 0172 3B       		.uleb128 0x3b
 1898 0173 0B       		.uleb128 0xb
 1899 0174 49       		.uleb128 0x49
 1900 0175 13       		.uleb128 0x13
 1901 0176 02       		.uleb128 0x2
 1902 0177 06       		.uleb128 0x6
 1903 0178 00       		.byte	0
 1904 0179 00       		.byte	0
 1905 017a 1D       		.uleb128 0x1d
 1906 017b 898201   		.uleb128 0x4109
 1907 017e 01       		.byte	0x1
 1908 017f 11       		.uleb128 0x11
 1909 0180 01       		.uleb128 0x1
 1910 0181 9542     		.uleb128 0x2115
 1911 0183 0C       		.uleb128 0xc
 1912 0184 31       		.uleb128 0x31
 1913 0185 13       		.uleb128 0x13
 1914 0186 01       		.uleb128 0x1
 1915 0187 13       		.uleb128 0x13
 1916 0188 00       		.byte	0
 1917 0189 00       		.byte	0
 1918 018a 1E       		.uleb128 0x1e
 1919 018b 8A8201   		.uleb128 0x410a
 1920 018e 00       		.byte	0
 1921 018f 02       		.uleb128 0x2
 1922 0190 0A       		.uleb128 0xa
 1923 0191 9142     		.uleb128 0x2111
 1924 0193 0A       		.uleb128 0xa
 1925 0194 00       		.byte	0
 1926 0195 00       		.byte	0
 1927 0196 1F       		.uleb128 0x1f
 1928 0197 898201   		.uleb128 0x4109
 1929 019a 01       		.byte	0x1
 1930 019b 11       		.uleb128 0x11
 1931 019c 01       		.uleb128 0x1
 1932 019d 9542     		.uleb128 0x2115
 1933 019f 0C       		.uleb128 0xc
 1934 01a0 31       		.uleb128 0x31
ARM GAS  /tmp/cck6ZUJL.s 			page 35


 1935 01a1 13       		.uleb128 0x13
 1936 01a2 00       		.byte	0
 1937 01a3 00       		.byte	0
 1938 01a4 20       		.uleb128 0x20
 1939 01a5 2E       		.uleb128 0x2e
 1940 01a6 01       		.byte	0x1
 1941 01a7 3F       		.uleb128 0x3f
 1942 01a8 0C       		.uleb128 0xc
 1943 01a9 03       		.uleb128 0x3
 1944 01aa 0E       		.uleb128 0xe
 1945 01ab 3A       		.uleb128 0x3a
 1946 01ac 0B       		.uleb128 0xb
 1947 01ad 3B       		.uleb128 0x3b
 1948 01ae 0B       		.uleb128 0xb
 1949 01af 27       		.uleb128 0x27
 1950 01b0 0C       		.uleb128 0xc
 1951 01b1 49       		.uleb128 0x49
 1952 01b2 13       		.uleb128 0x13
 1953 01b3 11       		.uleb128 0x11
 1954 01b4 01       		.uleb128 0x1
 1955 01b5 12       		.uleb128 0x12
 1956 01b6 01       		.uleb128 0x1
 1957 01b7 40       		.uleb128 0x40
 1958 01b8 06       		.uleb128 0x6
 1959 01b9 9742     		.uleb128 0x2117
 1960 01bb 0C       		.uleb128 0xc
 1961 01bc 01       		.uleb128 0x1
 1962 01bd 13       		.uleb128 0x13
 1963 01be 00       		.byte	0
 1964 01bf 00       		.byte	0
 1965 01c0 21       		.uleb128 0x21
 1966 01c1 05       		.uleb128 0x5
 1967 01c2 00       		.byte	0
 1968 01c3 03       		.uleb128 0x3
 1969 01c4 0E       		.uleb128 0xe
 1970 01c5 3A       		.uleb128 0x3a
 1971 01c6 0B       		.uleb128 0xb
 1972 01c7 3B       		.uleb128 0x3b
 1973 01c8 0B       		.uleb128 0xb
 1974 01c9 49       		.uleb128 0x49
 1975 01ca 13       		.uleb128 0x13
 1976 01cb 02       		.uleb128 0x2
 1977 01cc 06       		.uleb128 0x6
 1978 01cd 00       		.byte	0
 1979 01ce 00       		.byte	0
 1980 01cf 22       		.uleb128 0x22
 1981 01d0 898201   		.uleb128 0x4109
 1982 01d3 01       		.byte	0x1
 1983 01d4 11       		.uleb128 0x11
 1984 01d5 01       		.uleb128 0x1
 1985 01d6 31       		.uleb128 0x31
 1986 01d7 13       		.uleb128 0x13
 1987 01d8 01       		.uleb128 0x1
 1988 01d9 13       		.uleb128 0x13
 1989 01da 00       		.byte	0
 1990 01db 00       		.byte	0
 1991 01dc 23       		.uleb128 0x23
ARM GAS  /tmp/cck6ZUJL.s 			page 36


 1992 01dd 898201   		.uleb128 0x4109
 1993 01e0 01       		.byte	0x1
 1994 01e1 11       		.uleb128 0x11
 1995 01e2 01       		.uleb128 0x1
 1996 01e3 31       		.uleb128 0x31
 1997 01e4 13       		.uleb128 0x13
 1998 01e5 00       		.byte	0
 1999 01e6 00       		.byte	0
 2000 01e7 24       		.uleb128 0x24
 2001 01e8 2E       		.uleb128 0x2e
 2002 01e9 01       		.byte	0x1
 2003 01ea 3F       		.uleb128 0x3f
 2004 01eb 0C       		.uleb128 0xc
 2005 01ec 03       		.uleb128 0x3
 2006 01ed 0E       		.uleb128 0xe
 2007 01ee 3A       		.uleb128 0x3a
 2008 01ef 0B       		.uleb128 0xb
 2009 01f0 3B       		.uleb128 0x3b
 2010 01f1 0B       		.uleb128 0xb
 2011 01f2 27       		.uleb128 0x27
 2012 01f3 0C       		.uleb128 0xc
 2013 01f4 3C       		.uleb128 0x3c
 2014 01f5 0C       		.uleb128 0xc
 2015 01f6 01       		.uleb128 0x1
 2016 01f7 13       		.uleb128 0x13
 2017 01f8 00       		.byte	0
 2018 01f9 00       		.byte	0
 2019 01fa 25       		.uleb128 0x25
 2020 01fb 2E       		.uleb128 0x2e
 2021 01fc 01       		.byte	0x1
 2022 01fd 3F       		.uleb128 0x3f
 2023 01fe 0C       		.uleb128 0xc
 2024 01ff 03       		.uleb128 0x3
 2025 0200 0E       		.uleb128 0xe
 2026 0201 3A       		.uleb128 0x3a
 2027 0202 0B       		.uleb128 0xb
 2028 0203 3B       		.uleb128 0x3b
 2029 0204 0B       		.uleb128 0xb
 2030 0205 27       		.uleb128 0x27
 2031 0206 0C       		.uleb128 0xc
 2032 0207 49       		.uleb128 0x49
 2033 0208 13       		.uleb128 0x13
 2034 0209 3C       		.uleb128 0x3c
 2035 020a 0C       		.uleb128 0xc
 2036 020b 01       		.uleb128 0x1
 2037 020c 13       		.uleb128 0x13
 2038 020d 00       		.byte	0
 2039 020e 00       		.byte	0
 2040 020f 26       		.uleb128 0x26
 2041 0210 2E       		.uleb128 0x2e
 2042 0211 01       		.byte	0x1
 2043 0212 3F       		.uleb128 0x3f
 2044 0213 0C       		.uleb128 0xc
 2045 0214 03       		.uleb128 0x3
 2046 0215 0E       		.uleb128 0xe
 2047 0216 3A       		.uleb128 0x3a
 2048 0217 0B       		.uleb128 0xb
ARM GAS  /tmp/cck6ZUJL.s 			page 37


 2049 0218 3B       		.uleb128 0x3b
 2050 0219 05       		.uleb128 0x5
 2051 021a 27       		.uleb128 0x27
 2052 021b 0C       		.uleb128 0xc
 2053 021c 49       		.uleb128 0x49
 2054 021d 13       		.uleb128 0x13
 2055 021e 3C       		.uleb128 0x3c
 2056 021f 0C       		.uleb128 0xc
 2057 0220 01       		.uleb128 0x1
 2058 0221 13       		.uleb128 0x13
 2059 0222 00       		.byte	0
 2060 0223 00       		.byte	0
 2061 0224 27       		.uleb128 0x27
 2062 0225 2E       		.uleb128 0x2e
 2063 0226 01       		.byte	0x1
 2064 0227 3F       		.uleb128 0x3f
 2065 0228 0C       		.uleb128 0xc
 2066 0229 03       		.uleb128 0x3
 2067 022a 0E       		.uleb128 0xe
 2068 022b 3A       		.uleb128 0x3a
 2069 022c 0B       		.uleb128 0xb
 2070 022d 3B       		.uleb128 0x3b
 2071 022e 0B       		.uleb128 0xb
 2072 022f 27       		.uleb128 0x27
 2073 0230 0C       		.uleb128 0xc
 2074 0231 49       		.uleb128 0x49
 2075 0232 13       		.uleb128 0x13
 2076 0233 3C       		.uleb128 0x3c
 2077 0234 0C       		.uleb128 0xc
 2078 0235 00       		.byte	0
 2079 0236 00       		.byte	0
 2080 0237 00       		.byte	0
 2081              		.section	.debug_loc,"",%progbits
 2082              	.Ldebug_loc0:
 2083              	.LLST0:
 2084 0000 06000000 		.4byte	.LVL2
 2085 0004 08000000 		.4byte	.LVL3
 2086 0008 0100     		.2byte	0x1
 2087 000a 53       		.byte	0x53
 2088 000b 00000000 		.4byte	0
 2089 000f 00000000 		.4byte	0
 2090              	.LLST1:
 2091 0013 12000000 		.4byte	.LVL5
 2092 0017 14000000 		.4byte	.LFE7
 2093 001b 0100     		.2byte	0x1
 2094 001d 53       		.byte	0x53
 2095 001e 00000000 		.4byte	0
 2096 0022 00000000 		.4byte	0
 2097              	.LLST2:
 2098 0026 00000000 		.4byte	.LVL6
 2099 002a 34000000 		.4byte	.LVL16
 2100 002e 0100     		.2byte	0x1
 2101 0030 50       		.byte	0x50
 2102 0031 34000000 		.4byte	.LVL16
 2103 0035 3D000000 		.4byte	.LVL17-1
 2104 0039 0100     		.2byte	0x1
 2105 003b 51       		.byte	0x51
ARM GAS  /tmp/cck6ZUJL.s 			page 38


 2106 003c 3D000000 		.4byte	.LVL17-1
 2107 0040 3E000000 		.4byte	.LVL17
 2108 0044 0400     		.2byte	0x4
 2109 0046 F3       		.byte	0xf3
 2110 0047 01       		.uleb128 0x1
 2111 0048 50       		.byte	0x50
 2112 0049 9F       		.byte	0x9f
 2113 004a 3E000000 		.4byte	.LVL17
 2114 004e 4B000000 		.4byte	.LVL19-1
 2115 0052 0100     		.2byte	0x1
 2116 0054 50       		.byte	0x50
 2117 0055 4B000000 		.4byte	.LVL19-1
 2118 0059 4C000000 		.4byte	.LFE8
 2119 005d 0400     		.2byte	0x4
 2120 005f F3       		.byte	0xf3
 2121 0060 01       		.uleb128 0x1
 2122 0061 50       		.byte	0x50
 2123 0062 9F       		.byte	0x9f
 2124 0063 00000000 		.4byte	0
 2125 0067 00000000 		.4byte	0
 2126              	.LLST3:
 2127 006b 10000000 		.4byte	.LVL9
 2128 006f 32000000 		.4byte	.LVL15
 2129 0073 0100     		.2byte	0x1
 2130 0075 52       		.byte	0x52
 2131 0076 32000000 		.4byte	.LVL15
 2132 007a 34000000 		.4byte	.LVL16
 2133 007e 0A00     		.2byte	0xa
 2134 0080 70       		.byte	0x70
 2135 0081 1E       		.sleb128 30
 2136 0082 94       		.byte	0x94
 2137 0083 01       		.byte	0x1
 2138 0084 08       		.byte	0x8
 2139 0085 FF       		.byte	0xff
 2140 0086 1A       		.byte	0x1a
 2141 0087 31       		.byte	0x31
 2142 0088 1C       		.byte	0x1c
 2143 0089 9F       		.byte	0x9f
 2144 008a 34000000 		.4byte	.LVL16
 2145 008e 3D000000 		.4byte	.LVL17-1
 2146 0092 0A00     		.2byte	0xa
 2147 0094 71       		.byte	0x71
 2148 0095 1E       		.sleb128 30
 2149 0096 94       		.byte	0x94
 2150 0097 01       		.byte	0x1
 2151 0098 08       		.byte	0x8
 2152 0099 FF       		.byte	0xff
 2153 009a 1A       		.byte	0x1a
 2154 009b 31       		.byte	0x31
 2155 009c 1C       		.byte	0x1c
 2156 009d 9F       		.byte	0x9f
 2157 009e 3E000000 		.4byte	.LVL17
 2158 00a2 42000000 		.4byte	.LVL18
 2159 00a6 0100     		.2byte	0x1
 2160 00a8 52       		.byte	0x52
 2161 00a9 42000000 		.4byte	.LVL18
 2162 00ad 4B000000 		.4byte	.LVL19-1
ARM GAS  /tmp/cck6ZUJL.s 			page 39


 2163 00b1 0A00     		.2byte	0xa
 2164 00b3 70       		.byte	0x70
 2165 00b4 1E       		.sleb128 30
 2166 00b5 94       		.byte	0x94
 2167 00b6 01       		.byte	0x1
 2168 00b7 08       		.byte	0x8
 2169 00b8 FF       		.byte	0xff
 2170 00b9 1A       		.byte	0x1a
 2171 00ba 31       		.byte	0x31
 2172 00bb 1C       		.byte	0x1c
 2173 00bc 9F       		.byte	0x9f
 2174 00bd 00000000 		.4byte	0
 2175 00c1 00000000 		.4byte	0
 2176              	.LLST4:
 2177 00c5 08000000 		.4byte	.LVL8
 2178 00c9 12000000 		.4byte	.LVL10
 2179 00cd 0100     		.2byte	0x1
 2180 00cf 53       		.byte	0x53
 2181 00d0 00000000 		.4byte	0
 2182 00d4 00000000 		.4byte	0
 2183              	.LLST5:
 2184 00d8 16000000 		.4byte	.LVL11
 2185 00dc 1A000000 		.4byte	.LVL12
 2186 00e0 0100     		.2byte	0x1
 2187 00e2 53       		.byte	0x53
 2188 00e3 1E000000 		.4byte	.LVL13
 2189 00e7 20000000 		.4byte	.LVL14
 2190 00eb 0100     		.2byte	0x1
 2191 00ed 53       		.byte	0x53
 2192 00ee 00000000 		.4byte	0
 2193 00f2 00000000 		.4byte	0
 2194              	.LLST6:
 2195 00f6 00000000 		.4byte	.LFB9
 2196 00fa 02000000 		.4byte	.LCFI0
 2197 00fe 0200     		.2byte	0x2
 2198 0100 7D       		.byte	0x7d
 2199 0101 00       		.sleb128 0
 2200 0102 02000000 		.4byte	.LCFI0
 2201 0106 04000000 		.4byte	.LCFI1
 2202 010a 0200     		.2byte	0x2
 2203 010c 7D       		.byte	0x7d
 2204 010d 14       		.sleb128 20
 2205 010e 04000000 		.4byte	.LCFI1
 2206 0112 3E000000 		.4byte	.LFE9
 2207 0116 0200     		.2byte	0x2
 2208 0118 7D       		.byte	0x7d
 2209 0119 20       		.sleb128 32
 2210 011a 00000000 		.4byte	0
 2211 011e 00000000 		.4byte	0
 2212              	.LLST7:
 2213 0122 00000000 		.4byte	.LVL20
 2214 0126 0D000000 		.4byte	.LVL21-1
 2215 012a 0100     		.2byte	0x1
 2216 012c 50       		.byte	0x50
 2217 012d 0D000000 		.4byte	.LVL21-1
 2218 0131 3E000000 		.4byte	.LFE9
 2219 0135 0400     		.2byte	0x4
ARM GAS  /tmp/cck6ZUJL.s 			page 40


 2220 0137 F3       		.byte	0xf3
 2221 0138 01       		.uleb128 0x1
 2222 0139 50       		.byte	0x50
 2223 013a 9F       		.byte	0x9f
 2224 013b 00000000 		.4byte	0
 2225 013f 00000000 		.4byte	0
 2226              	.LLST8:
 2227 0143 00000000 		.4byte	.LVL20
 2228 0147 0D000000 		.4byte	.LVL21-1
 2229 014b 0100     		.2byte	0x1
 2230 014d 51       		.byte	0x51
 2231 014e 0D000000 		.4byte	.LVL21-1
 2232 0152 3E000000 		.4byte	.LFE9
 2233 0156 0100     		.2byte	0x1
 2234 0158 55       		.byte	0x55
 2235 0159 00000000 		.4byte	0
 2236 015d 00000000 		.4byte	0
 2237              	.LLST9:
 2238 0161 00000000 		.4byte	.LVL20
 2239 0165 0D000000 		.4byte	.LVL21-1
 2240 0169 0100     		.2byte	0x1
 2241 016b 52       		.byte	0x52
 2242 016c 0D000000 		.4byte	.LVL21-1
 2243 0170 3E000000 		.4byte	.LFE9
 2244 0174 0100     		.2byte	0x1
 2245 0176 57       		.byte	0x57
 2246 0177 00000000 		.4byte	0
 2247 017b 00000000 		.4byte	0
 2248              	.LLST10:
 2249 017f 00000000 		.4byte	.LVL20
 2250 0183 0D000000 		.4byte	.LVL21-1
 2251 0187 0100     		.2byte	0x1
 2252 0189 53       		.byte	0x53
 2253 018a 0D000000 		.4byte	.LVL21-1
 2254 018e 3E000000 		.4byte	.LFE9
 2255 0192 0100     		.2byte	0x1
 2256 0194 56       		.byte	0x56
 2257 0195 00000000 		.4byte	0
 2258 0199 00000000 		.4byte	0
 2259              	.LLST11:
 2260 019d 0E000000 		.4byte	.LVL21
 2261 01a1 25000000 		.4byte	.LVL25-1
 2262 01a5 0100     		.2byte	0x1
 2263 01a7 50       		.byte	0x50
 2264 01a8 00000000 		.4byte	0
 2265 01ac 00000000 		.4byte	0
 2266              	.LLST12:
 2267 01b0 2E000000 		.4byte	.LVL26
 2268 01b4 31000000 		.4byte	.LVL27-1
 2269 01b8 0100     		.2byte	0x1
 2270 01ba 50       		.byte	0x50
 2271 01bb 31000000 		.4byte	.LVL27-1
 2272 01bf 38000000 		.4byte	.LVL29
 2273 01c3 0100     		.2byte	0x1
 2274 01c5 54       		.byte	0x54
 2275 01c6 00000000 		.4byte	0
 2276 01ca 00000000 		.4byte	0
ARM GAS  /tmp/cck6ZUJL.s 			page 41


 2277              	.LLST13:
 2278 01ce 18000000 		.4byte	.LVL23
 2279 01d2 1C000000 		.4byte	.LVL24
 2280 01d6 0100     		.2byte	0x1
 2281 01d8 53       		.byte	0x53
 2282 01d9 00000000 		.4byte	0
 2283 01dd 00000000 		.4byte	0
 2284              	.LLST14:
 2285 01e1 38000000 		.4byte	.LVL29
 2286 01e5 3E000000 		.4byte	.LFE9
 2287 01e9 0100     		.2byte	0x1
 2288 01eb 53       		.byte	0x53
 2289 01ec 00000000 		.4byte	0
 2290 01f0 00000000 		.4byte	0
 2291              	.LLST15:
 2292 01f4 00000000 		.4byte	.LFB10
 2293 01f8 04000000 		.4byte	.LCFI2
 2294 01fc 0200     		.2byte	0x2
 2295 01fe 7D       		.byte	0x7d
 2296 01ff 00       		.sleb128 0
 2297 0200 04000000 		.4byte	.LCFI2
 2298 0204 06000000 		.4byte	.LCFI3
 2299 0208 0200     		.2byte	0x2
 2300 020a 7D       		.byte	0x7d
 2301 020b 18       		.sleb128 24
 2302 020c 06000000 		.4byte	.LCFI3
 2303 0210 44000000 		.4byte	.LFE10
 2304 0214 0200     		.2byte	0x2
 2305 0216 7D       		.byte	0x7d
 2306 0217 20       		.sleb128 32
 2307 0218 00000000 		.4byte	0
 2308 021c 00000000 		.4byte	0
 2309              	.LLST16:
 2310 0220 00000000 		.4byte	.LVL30
 2311 0224 11000000 		.4byte	.LVL31-1
 2312 0228 0100     		.2byte	0x1
 2313 022a 50       		.byte	0x50
 2314 022b 11000000 		.4byte	.LVL31-1
 2315 022f 44000000 		.4byte	.LFE10
 2316 0233 0100     		.2byte	0x1
 2317 0235 55       		.byte	0x55
 2318 0236 00000000 		.4byte	0
 2319 023a 00000000 		.4byte	0
 2320              	.LLST17:
 2321 023e 00000000 		.4byte	.LVL30
 2322 0242 11000000 		.4byte	.LVL31-1
 2323 0246 0100     		.2byte	0x1
 2324 0248 51       		.byte	0x51
 2325 0249 11000000 		.4byte	.LVL31-1
 2326 024d 44000000 		.4byte	.LFE10
 2327 0251 0100     		.2byte	0x1
 2328 0253 56       		.byte	0x56
 2329 0254 00000000 		.4byte	0
 2330 0258 00000000 		.4byte	0
 2331              	.LLST18:
 2332 025c 00000000 		.4byte	.LVL30
 2333 0260 11000000 		.4byte	.LVL31-1
ARM GAS  /tmp/cck6ZUJL.s 			page 42


 2334 0264 0100     		.2byte	0x1
 2335 0266 52       		.byte	0x52
 2336 0267 11000000 		.4byte	.LVL31-1
 2337 026b 44000000 		.4byte	.LFE10
 2338 026f 0100     		.2byte	0x1
 2339 0271 58       		.byte	0x58
 2340 0272 00000000 		.4byte	0
 2341 0276 00000000 		.4byte	0
 2342              	.LLST19:
 2343 027a 00000000 		.4byte	.LVL30
 2344 027e 11000000 		.4byte	.LVL31-1
 2345 0282 0100     		.2byte	0x1
 2346 0284 53       		.byte	0x53
 2347 0285 11000000 		.4byte	.LVL31-1
 2348 0289 44000000 		.4byte	.LFE10
 2349 028d 0100     		.2byte	0x1
 2350 028f 57       		.byte	0x57
 2351 0290 00000000 		.4byte	0
 2352 0294 00000000 		.4byte	0
 2353              	.LLST20:
 2354 0298 12000000 		.4byte	.LVL31
 2355 029c 27000000 		.4byte	.LVL35-1
 2356 02a0 0100     		.2byte	0x1
 2357 02a2 50       		.byte	0x50
 2358 02a3 27000000 		.4byte	.LVL35-1
 2359 02a7 32000000 		.4byte	.LVL36
 2360 02ab 0100     		.2byte	0x1
 2361 02ad 54       		.byte	0x54
 2362 02ae 00000000 		.4byte	0
 2363 02b2 00000000 		.4byte	0
 2364              	.LLST21:
 2365 02b6 32000000 		.4byte	.LVL36
 2366 02ba 35000000 		.4byte	.LVL37-1
 2367 02be 0100     		.2byte	0x1
 2368 02c0 50       		.byte	0x50
 2369 02c1 35000000 		.4byte	.LVL37-1
 2370 02c5 3C000000 		.4byte	.LVL39
 2371 02c9 0100     		.2byte	0x1
 2372 02cb 54       		.byte	0x54
 2373 02cc 00000000 		.4byte	0
 2374 02d0 00000000 		.4byte	0
 2375              	.LLST22:
 2376 02d4 1C000000 		.4byte	.LVL33
 2377 02d8 22000000 		.4byte	.LVL34
 2378 02dc 0100     		.2byte	0x1
 2379 02de 53       		.byte	0x53
 2380 02df 00000000 		.4byte	0
 2381 02e3 00000000 		.4byte	0
 2382              	.LLST23:
 2383 02e7 3C000000 		.4byte	.LVL39
 2384 02eb 44000000 		.4byte	.LFE10
 2385 02ef 0100     		.2byte	0x1
 2386 02f1 53       		.byte	0x53
 2387 02f2 00000000 		.4byte	0
 2388 02f6 00000000 		.4byte	0
 2389              		.section	.debug_aranges,"",%progbits
 2390 0000 34000000 		.4byte	0x34
ARM GAS  /tmp/cck6ZUJL.s 			page 43


 2391 0004 0200     		.2byte	0x2
 2392 0006 00000000 		.4byte	.Ldebug_info0
 2393 000a 04       		.byte	0x4
 2394 000b 00       		.byte	0
 2395 000c 0000     		.2byte	0
 2396 000e 0000     		.2byte	0
 2397 0010 00000000 		.4byte	.LFB7
 2398 0014 14000000 		.4byte	.LFE7-.LFB7
 2399 0018 00000000 		.4byte	.LFB8
 2400 001c 4C000000 		.4byte	.LFE8-.LFB8
 2401 0020 00000000 		.4byte	.LFB9
 2402 0024 3E000000 		.4byte	.LFE9-.LFB9
 2403 0028 00000000 		.4byte	.LFB10
 2404 002c 44000000 		.4byte	.LFE10-.LFB10
 2405 0030 00000000 		.4byte	0
 2406 0034 00000000 		.4byte	0
 2407              		.section	.debug_ranges,"",%progbits
 2408              	.Ldebug_ranges0:
 2409 0000 00000000 		.4byte	.LFB7
 2410 0004 14000000 		.4byte	.LFE7
 2411 0008 00000000 		.4byte	.LFB8
 2412 000c 4C000000 		.4byte	.LFE8
 2413 0010 00000000 		.4byte	.LFB9
 2414 0014 3E000000 		.4byte	.LFE9
 2415 0018 00000000 		.4byte	.LFB10
 2416 001c 44000000 		.4byte	.LFE10
 2417 0020 00000000 		.4byte	0
 2418 0024 00000000 		.4byte	0
 2419              		.section	.debug_line,"",%progbits
 2420              	.Ldebug_line0:
 2421 0000 91020000 		.section	.debug_str,"MS",%progbits,1
 2421      02001002 
 2421      00000201 
 2421      FB0E0D00 
 2421      01010101 
 2422              	.LASF75:
 2423 0000 7466756E 		.ascii	"tfunc_t\000"
 2423      635F7400 
 2424              	.LASF38:
 2425 0008 705F6D73 		.ascii	"p_msg\000"
 2425      6700
 2426              	.LASF2:
 2427 000e 73697A65 		.ascii	"size_t\000"
 2427      5F7400
 2428              	.LASF70:
 2429 0015 7264796D 		.ascii	"rdymsg\000"
 2429      736700
 2430              	.LASF12:
 2431 001c 75696E74 		.ascii	"uint64_t\000"
 2431      36345F74 
 2431      00
 2432              	.LASF69:
 2433 0025 4D656D6F 		.ascii	"MemoryPool\000"
 2433      7279506F 
 2433      6F6C00
 2434              	.LASF54:
 2435 0030 6D656D67 		.ascii	"memgetfunc_t\000"
ARM GAS  /tmp/cck6ZUJL.s 			page 44


 2435      65746675 
 2435      6E635F74 
 2435      00
 2436              	.LASF13:
 2437 003d 6C6F6E67 		.ascii	"long long unsigned int\000"
 2437      206C6F6E 
 2437      6720756E 
 2437      7369676E 
 2437      65642069 
 2438              	.LASF71:
 2439 0054 65786974 		.ascii	"exitcode\000"
 2439      636F6465 
 2439      00
 2440              	.LASF58:
 2441 005d 685F6672 		.ascii	"h_free\000"
 2441      656500
 2442              	.LASF79:
 2443 0064 68656170 		.ascii	"heapp\000"
 2443      7000
 2444              	.LASF60:
 2445 006a 6E657874 		.ascii	"next\000"
 2445      00
 2446              	.LASF26:
 2447 006f 705F7072 		.ascii	"p_prio\000"
 2447      696F00
 2448              	.LASF11:
 2449 0076 6C6F6E67 		.ascii	"long long int\000"
 2449      206C6F6E 
 2449      6720696E 
 2449      7400
 2450              	.LASF1:
 2451 0084 7369676E 		.ascii	"signed char\000"
 2451      65642063 
 2451      68617200 
 2452              	.LASF59:
 2453 0090 685F6D74 		.ascii	"h_mtx\000"
 2453      7800
 2454              	.LASF42:
 2455 0096 705F6D70 		.ascii	"p_mpool\000"
 2455      6F6F6C00 
 2456              	.LASF51:
 2457 009e 6D5F7175 		.ascii	"m_queue\000"
 2457      65756500 
 2458              	.LASF83:
 2459 00a6 63684865 		.ascii	"chHeapFree\000"
 2459      61704672 
 2459      656500
 2460              	.LASF18:
 2461 00b1 74736C69 		.ascii	"tslices_t\000"
 2461      6365735F 
 2461      7400
 2462              	.LASF85:
 2463 00bb 63685468 		.ascii	"chThdCreateI\000"
 2463      64437265 
 2463      61746549 
 2463      00
 2464              	.LASF8:
ARM GAS  /tmp/cck6ZUJL.s 			page 45


 2465 00c8 6C6F6E67 		.ascii	"long int\000"
 2465      20696E74 
 2465      00
 2466              	.LASF78:
 2467 00d1 63685468 		.ascii	"chThdCreateFromHeap\000"
 2467      64437265 
 2467      61746546 
 2467      726F6D48 
 2467      65617000 
 2468              	.LASF16:
 2469 00e5 74737461 		.ascii	"tstate_t\000"
 2469      74655F74 
 2469      00
 2470              	.LASF66:
 2471 00ee 6D705F6E 		.ascii	"mp_next\000"
 2471      65787400 
 2472              	.LASF28:
 2473 00f6 705F6E65 		.ascii	"p_newer\000"
 2473      77657200 
 2474              	.LASF81:
 2475 00fe 63685468 		.ascii	"chThdCreateFromMemoryPool\000"
 2475      64437265 
 2475      61746546 
 2475      726F6D4D 
 2475      656D6F72 
 2476              	.LASF68:
 2477 0118 6D705F70 		.ascii	"mp_provider\000"
 2477      726F7669 
 2477      64657200 
 2478              	.LASF45:
 2479 0124 72656761 		.ascii	"regarm_t\000"
 2479      726D5F74 
 2479      00
 2480              	.LASF62:
 2481 012d 616C6967 		.ascii	"align\000"
 2481      6E00
 2482              	.LASF0:
 2483 0133 756E7369 		.ascii	"unsigned int\000"
 2483      676E6564 
 2483      20696E74 
 2483      00
 2484              	.LASF10:
 2485 0140 6C6F6E67 		.ascii	"long unsigned int\000"
 2485      20756E73 
 2485      69676E65 
 2485      6420696E 
 2485      7400
 2486              	.LASF48:
 2487 0152 636F6E74 		.ascii	"context\000"
 2487      65787400 
 2488              	.LASF63:
 2489 015a 73697A65 		.ascii	"size\000"
 2489      00
 2490              	.LASF6:
 2491 015f 73686F72 		.ascii	"short unsigned int\000"
 2491      7420756E 
 2491      7369676E 
ARM GAS  /tmp/cck6ZUJL.s 			page 46


 2491      65642069 
 2491      6E7400
 2492              	.LASF20:
 2493 0172 6D73675F 		.ascii	"msg_t\000"
 2493      7400
 2494              	.LASF15:
 2495 0178 746D6F64 		.ascii	"tmode_t\000"
 2495      655F7400 
 2496              	.LASF44:
 2497 0180 54687265 		.ascii	"ThreadsList\000"
 2497      6164734C 
 2497      69737400 
 2498              	.LASF21:
 2499 018c 6576656E 		.ascii	"eventmask_t\000"
 2499      746D6173 
 2499      6B5F7400 
 2500              	.LASF50:
 2501 0198 4D757465 		.ascii	"Mutex\000"
 2501      7800
 2502              	.LASF77:
 2503 019e 63685468 		.ascii	"chThdAddRef\000"
 2503      64416464 
 2503      52656600 
 2504              	.LASF46:
 2505 01aa 73746B61 		.ascii	"stkalign_t\000"
 2505      6C69676E 
 2505      5F7400
 2506              	.LASF49:
 2507 01b5 73697A65 		.ascii	"sizetype\000"
 2507      74797065 
 2507      00
 2508              	.LASF29:
 2509 01be 705F6F6C 		.ascii	"p_older\000"
 2509      64657200 
 2510              	.LASF43:
 2511 01c6 54687265 		.ascii	"ThreadsQueue\000"
 2511      61647351 
 2511      75657565 
 2511      00
 2512              	.LASF67:
 2513 01d3 6D705F6F 		.ascii	"mp_object_size\000"
 2513      626A6563 
 2513      745F7369 
 2513      7A6500
 2514              	.LASF88:
 2515 01e2 474E5520 		.ascii	"GNU C 4.7.2\000"
 2515      4320342E 
 2515      372E3200 
 2516              	.LASF80:
 2517 01ee 7072696F 		.ascii	"prio\000"
 2517      00
 2518              	.LASF55:
 2519 01f3 4D656D6F 		.ascii	"MemoryHeap\000"
 2519      72794865 
 2519      617000
 2520              	.LASF65:
 2521 01fe 70685F6E 		.ascii	"ph_next\000"
ARM GAS  /tmp/cck6ZUJL.s 			page 47


 2521      65787400 
 2522              	.LASF17:
 2523 0206 74726566 		.ascii	"trefs_t\000"
 2523      735F7400 
 2524              	.LASF76:
 2525 020e 72656673 		.ascii	"refs\000"
 2525      00
 2526              	.LASF25:
 2527 0213 705F7072 		.ascii	"p_prev\000"
 2527      657600
 2528              	.LASF19:
 2529 021a 74707269 		.ascii	"tprio_t\000"
 2529      6F5F7400 
 2530              	.LASF14:
 2531 0222 5F426F6F 		.ascii	"_Bool\000"
 2531      6C00
 2532              	.LASF7:
 2533 0228 696E7433 		.ascii	"int32_t\000"
 2533      325F7400 
 2534              	.LASF4:
 2535 0230 756E7369 		.ascii	"unsigned char\000"
 2535      676E6564 
 2535      20636861 
 2535      7200
 2536              	.LASF57:
 2537 023e 685F7072 		.ascii	"h_provider\000"
 2537      6F766964 
 2537      657200
 2538              	.LASF40:
 2539 0249 705F6D74 		.ascii	"p_mtxlist\000"
 2539      786C6973 
 2539      7400
 2540              	.LASF5:
 2541 0253 73686F72 		.ascii	"short int\000"
 2541      7420696E 
 2541      7400
 2542              	.LASF31:
 2543 025d 705F7374 		.ascii	"p_state\000"
 2543      61746500 
 2544              	.LASF34:
 2545 0265 705F7072 		.ascii	"p_preempt\000"
 2545      65656D70 
 2545      7400
 2546              	.LASF90:
 2547 026f 68656170 		.ascii	"heap_header\000"
 2547      5F686561 
 2547      64657200 
 2548              	.LASF73:
 2549 027b 65776D61 		.ascii	"ewmask\000"
 2549      736B00
 2550              	.LASF24:
 2551 0282 705F6E65 		.ascii	"p_next\000"
 2551      787400
 2552              	.LASF32:
 2553 0289 705F666C 		.ascii	"p_flags\000"
 2553      61677300 
 2554              	.LASF91:
ARM GAS  /tmp/cck6ZUJL.s 			page 48


 2555 0291 63685468 		.ascii	"chThdRelease\000"
 2555      6452656C 
 2555      65617365 
 2555      00
 2556              	.LASF23:
 2557 029e 54687265 		.ascii	"Thread\000"
 2557      616400
 2558              	.LASF84:
 2559 02a5 63684865 		.ascii	"chHeapAlloc\000"
 2559      6170416C 
 2559      6C6F6300 
 2560              	.LASF39:
 2561 02b1 705F6570 		.ascii	"p_epending\000"
 2561      656E6469 
 2561      6E6700
 2562              	.LASF9:
 2563 02bc 75696E74 		.ascii	"uint32_t\000"
 2563      33325F74 
 2563      00
 2564              	.LASF61:
 2565 02c5 68656170 		.ascii	"heap\000"
 2565      00
 2566              	.LASF74:
 2567 02ca 63686172 		.ascii	"char\000"
 2567      00
 2568              	.LASF53:
 2569 02cf 6D5F6E65 		.ascii	"m_next\000"
 2569      787400
 2570              	.LASF22:
 2571 02d6 73797374 		.ascii	"systime_t\000"
 2571      696D655F 
 2571      7400
 2572              	.LASF41:
 2573 02e0 705F7265 		.ascii	"p_realprio\000"
 2573      616C7072 
 2573      696F00
 2574              	.LASF35:
 2575 02eb 705F7469 		.ascii	"p_time\000"
 2575      6D6500
 2576              	.LASF47:
 2577 02f2 696E7463 		.ascii	"intctx\000"
 2577      747800
 2578              	.LASF37:
 2579 02f9 705F6D73 		.ascii	"p_msgqueue\000"
 2579      67717565 
 2579      756500
 2580              	.LASF86:
 2581 0304 63685363 		.ascii	"chSchWakeupS\000"
 2581      6857616B 
 2581      65757053 
 2581      00
 2582              	.LASF64:
 2583 0311 706F6F6C 		.ascii	"pool_header\000"
 2583      5F686561 
 2583      64657200 
 2584              	.LASF33:
 2585 031d 705F7265 		.ascii	"p_refs\000"
ARM GAS  /tmp/cck6ZUJL.s 			page 49


 2585      667300
 2586              	.LASF89:
 2587 0324 2F686F6D 		.ascii	"/home/wicker/tools/ChibiOS_2.6.3/os/kernel/src/chdy"
 2587      652F7769 
 2587      636B6572 
 2587      2F746F6F 
 2587      6C732F43 
 2588 0357 6E616D69 		.ascii	"namic.c\000"
 2588      632E6300 
 2589              	.LASF3:
 2590 035f 75696E74 		.ascii	"uint8_t\000"
 2590      385F7400 
 2591              	.LASF87:
 2592 0367 6368506F 		.ascii	"chPoolAlloc\000"
 2592      6F6C416C 
 2592      6C6F6300 
 2593              	.LASF82:
 2594 0373 6368506F 		.ascii	"chPoolFree\000"
 2594      6F6C4672 
 2594      656500
 2595              	.LASF72:
 2596 037e 77746F62 		.ascii	"wtobjp\000"
 2596      6A7000
 2597              	.LASF30:
 2598 0385 705F6E61 		.ascii	"p_name\000"
 2598      6D6500
 2599              	.LASF52:
 2600 038c 6D5F6F77 		.ascii	"m_owner\000"
 2600      6E657200 
 2601              	.LASF27:
 2602 0394 705F6374 		.ascii	"p_ctx\000"
 2602      7800
 2603              	.LASF36:
 2604 039a 705F7761 		.ascii	"p_waiting\000"
 2604      6974696E 
 2604      6700
 2605              	.LASF56:
 2606 03a4 6D656D6F 		.ascii	"memory_heap\000"
 2606      72795F68 
 2606      65617000 
 2607              		.ident	"GCC: (crosstool-NG 1.17.0 - PSAS ST32F4 GFE) 4.7.2"
ARM GAS  /tmp/cck6ZUJL.s 			page 50


DEFINED SYMBOLS
                            *ABS*:0000000000000000 chdynamic.c
     /tmp/cck6ZUJL.s:21     .text.chThdAddRef:0000000000000000 $t
     /tmp/cck6ZUJL.s:27     .text.chThdAddRef:0000000000000000 chThdAddRef
     /tmp/cck6ZUJL.s:67     .text.chThdRelease:0000000000000000 $t
     /tmp/cck6ZUJL.s:73     .text.chThdRelease:0000000000000000 chThdRelease
     /tmp/cck6ZUJL.s:159    .text.chThdCreateFromHeap:0000000000000000 $t
     /tmp/cck6ZUJL.s:165    .text.chThdCreateFromHeap:0000000000000000 chThdCreateFromHeap
     /tmp/cck6ZUJL.s:242    .text.chThdCreateFromMemoryPool:0000000000000000 $t
     /tmp/cck6ZUJL.s:248    .text.chThdCreateFromMemoryPool:0000000000000000 chThdCreateFromMemoryPool
                     .debug_frame:0000000000000010 $d

UNDEFINED SYMBOLS
chPoolFree
chHeapFree
chHeapAlloc
chThdCreateI
chSchWakeupS
chPoolAlloc
