ARM GAS  /tmp/ccM3iFrl.s 			page 1


   1              		.syntax unified
   2              		.cpu cortex-m4
   3              		.eabi_attribute 27, 3
   4              		.eabi_attribute 28, 1
   5              		.fpu fpv4-sp-d16
   6              		.eabi_attribute 20, 1
   7              		.eabi_attribute 21, 1
   8              		.eabi_attribute 23, 3
   9              		.eabi_attribute 24, 1
  10              		.eabi_attribute 25, 1
  11              		.eabi_attribute 26, 1
  12              		.eabi_attribute 30, 2
  13              		.eabi_attribute 34, 1
  14              		.eabi_attribute 18, 4
  15              		.thumb
  16              		.file	"chheap.c"
  17              		.text
  18              	.Ltext0:
  19              		.cfi_sections	.debug_frame
  20              		.section	.text._heap_init,"ax",%progbits
  21              		.align	2
  22              		.p2align 4,,15
  23              		.global	_heap_init
  24              		.thumb
  25              		.thumb_func
  26              		.type	_heap_init, %function
  27              	_heap_init:
  28              	.LFB7:
  29              		.file 1 "/home/wicker/tools/ChibiOS_2.6.3/os/kernel/src/chheap.c"
  30              		.loc 1 75 0
  31              		.cfi_startproc
  32              		@ args = 0, pretend = 0, frame = 0
  33              		@ frame_needed = 0, uses_anonymous_args = 0
  34              		@ link register save eliminated.
  35              		.loc 1 76 0
  36 0000 40F20003 		movw	r3, #:lower16:.LANCHOR0
  37 0004 C0F20003 		movt	r3, #:upper16:.LANCHOR0
  38 0008 40F20001 		movw	r1, #:lower16:chCoreAlloc
  39              		.loc 1 77 0
  40 000c 0022     		movs	r2, #0
  41              		.loc 1 76 0
  42 000e C0F20001 		movt	r1, #:upper16:chCoreAlloc
  43              		.loc 1 80 0
  44 0012 03F11000 		add	r0, r3, #16
  45              		.loc 1 76 0
  46 0016 1960     		str	r1, [r3, #0]
  47              		.loc 1 77 0
  48 0018 9A60     		str	r2, [r3, #8]
  49              		.loc 1 78 0
  50 001a DA60     		str	r2, [r3, #12]
  51              		.loc 1 84 0
  52              		.loc 1 80 0
  53 001c FFF7FEBF 		b	chMtxInit
  54              	.LVL0:
  55              		.cfi_endproc
  56              	.LFE7:
  57              		.size	_heap_init, .-_heap_init
ARM GAS  /tmp/ccM3iFrl.s 			page 2


  58              		.section	.text.chHeapInit,"ax",%progbits
  59              		.align	2
  60              		.p2align 4,,15
  61              		.global	chHeapInit
  62              		.thumb
  63              		.thumb_func
  64              		.type	chHeapInit, %function
  65              	chHeapInit:
  66              	.LFB8:
  67              		.loc 1 99 0
  68              		.cfi_startproc
  69              		@ args = 0, pretend = 0, frame = 0
  70              		@ frame_needed = 0, uses_anonymous_args = 0
  71              		@ link register save eliminated.
  72              	.LVL1:
  73              		.loc 1 104 0
  74 0000 0023     		movs	r3, #0
  75 0002 0360     		str	r3, [r0, #0]
  76              	.LVL2:
  77              		.loc 1 105 0
  78 0004 8160     		str	r1, [r0, #8]
  79              		.loc 1 106 0
  80 0006 C360     		str	r3, [r0, #12]
  81              		.loc 1 108 0
  82 0008 083A     		subs	r2, r2, #8
  83              	.LVL3:
  84              		.loc 1 110 0
  85 000a 1030     		adds	r0, r0, #16
  86              	.LVL4:
  87              		.loc 1 107 0
  88 000c 0B60     		str	r3, [r1, #0]
  89              		.loc 1 108 0
  90 000e 4A60     		str	r2, [r1, #4]
  91              		.loc 1 114 0
  92              		.loc 1 110 0
  93 0010 FFF7FEBF 		b	chMtxInit
  94              	.LVL5:
  95              		.cfi_endproc
  96              	.LFE8:
  97              		.size	chHeapInit, .-chHeapInit
  98 0014 AFF30080 		.section	.text.chHeapAlloc,"ax",%progbits
  98      AFF30080 
  98      AFF30080 
  99              		.align	2
 100              		.p2align 4,,15
 101              		.global	chHeapAlloc
 102              		.thumb
 103              		.thumb_func
 104              		.type	chHeapAlloc, %function
 105              	chHeapAlloc:
 106              	.LFB9:
 107              		.loc 1 132 0
 108              		.cfi_startproc
 109              		@ args = 0, pretend = 0, frame = 0
 110              		@ frame_needed = 0, uses_anonymous_args = 0
 111              	.LVL6:
 112 0000 F8B5     		push	{r3, r4, r5, r6, r7, lr}
ARM GAS  /tmp/ccM3iFrl.s 			page 3


 113              	.LCFI0:
 114              		.cfi_def_cfa_offset 24
 115              		.cfi_offset 3, -24
 116              		.cfi_offset 4, -20
 117              		.cfi_offset 5, -16
 118              		.cfi_offset 6, -12
 119              		.cfi_offset 7, -8
 120              		.cfi_offset 14, -4
 121              		.loc 1 136 0
 122 0002 204E     		ldr	r6, .L20
 123 0004 0028     		cmp	r0, #0
 124 0006 18BF     		it	ne
 125 0008 0646     		movne	r6, r0
 126              	.LVL7:
 127              		.loc 1 138 0
 128 000a 0731     		adds	r1, r1, #7
 129              	.LVL8:
 130              		.loc 1 140 0
 131 000c 06F11000 		add	r0, r6, #16
 132              		.loc 1 138 0
 133 0010 21F00705 		bic	r5, r1, #7
 134              	.LVL9:
 135              		.loc 1 139 0
 136 0014 06F10804 		add	r4, r6, #8
 137              	.LVL10:
 138              		.loc 1 140 0
 139 0018 FFF7FEFF 		bl	chMtxLock
 140              	.LVL11:
 141              		.loc 1 142 0
 142 001c 00E0     		b	.L5
 143              	.LVL12:
 144              	.L13:
 145              		.loc 1 144 0
 146 001e 1C46     		mov	r4, r3
 147              	.LVL13:
 148              	.L5:
 149              		.loc 1 142 0 discriminator 1
 150 0020 2368     		ldr	r3, [r4, #0]
 151              	.LVL14:
 152 0022 FBB1     		cbz	r3, .L18
 153              		.loc 1 144 0
 154 0024 5A68     		ldr	r2, [r3, #4]
 155 0026 9542     		cmp	r5, r2
 156 0028 F9D8     		bhi	.L13
 157              		.loc 1 145 0
 158 002a 05F10801 		add	r1, r5, #8
 159 002e 9142     		cmp	r1, r2
 160 0030 15D8     		bhi	.L19
 161              		.loc 1 155 0
 162 0032 4FF6F870 		movw	r0, #65528
 163 0036 CFF6FF70 		movt	r0, 65535
 164 003a 401B     		subs	r0, r0, r5
 165              		.loc 1 153 0
 166 003c 03EB010E 		add	lr, r3, r1
 167              	.LVL15:
 168              		.loc 1 155 0
 169 0040 8218     		adds	r2, r0, r2
ARM GAS  /tmp/ccM3iFrl.s 			page 4


 170              		.loc 1 154 0
 171 0042 1868     		ldr	r0, [r3, #0]
 172              		.loc 1 155 0
 173 0044 CEF80420 		str	r2, [lr, #4]
 174              		.loc 1 154 0
 175 0048 5850     		str	r0, [r3, r1]
 176              		.loc 1 157 0
 177 004a 5D60     		str	r5, [r3, #4]
 178              		.loc 1 156 0
 179 004c C4F800E0 		str	lr, [r4, #0]
 180              	.LVL16:
 181              	.L7:
 182              		.loc 1 159 0
 183 0050 1C46     		mov	r4, r3
 184              	.LVL17:
 185 0052 44F8086B 		str	r6, [r4], #8
 186              		.loc 1 161 0
 187 0056 FFF7FEFF 		bl	chMtxUnlock
 188              	.LVL18:
 189              	.L8:
 190              		.loc 1 181 0
 191 005a 2046     		mov	r0, r4
 192 005c F8BD     		pop	{r3, r4, r5, r6, r7, pc}
 193              	.LVL19:
 194              	.L19:
 195              		.loc 1 149 0
 196 005e 1A68     		ldr	r2, [r3, #0]
 197 0060 2260     		str	r2, [r4, #0]
 198 0062 F5E7     		b	.L7
 199              	.L18:
 200              		.loc 1 167 0
 201 0064 FFF7FEFF 		bl	chMtxUnlock
 202              	.LVL20:
 203              		.loc 1 171 0
 204 0068 3368     		ldr	r3, [r6, #0]
 205 006a 4BB1     		cbz	r3, .L11
 206              		.loc 1 172 0
 207 006c 05F10800 		add	r0, r5, #8
 208 0070 9847     		blx	r3
 209              	.LVL21:
 210              		.loc 1 173 0
 211 0072 28B1     		cbz	r0, .L11
 212              		.loc 1 177 0
 213 0074 00F10804 		add	r4, r0, #8
 214              	.LVL22:
 215              		.loc 1 174 0
 216 0078 0660     		str	r6, [r0, #0]
 217              		.loc 1 175 0
 218 007a 4560     		str	r5, [r0, #4]
 219              	.LVL23:
 220              		.loc 1 181 0
 221 007c 2046     		mov	r0, r4
 222 007e F8BD     		pop	{r3, r4, r5, r6, r7, pc}
 223              	.LVL24:
 224              	.L11:
 225              		.loc 1 180 0
 226 0080 0024     		movs	r4, #0
ARM GAS  /tmp/ccM3iFrl.s 			page 5


 227              	.LVL25:
 228 0082 EAE7     		b	.L8
 229              	.L21:
 230              		.align	2
 231              	.L20:
 232 0084 00000000 		.word	.LANCHOR0
 233              		.cfi_endproc
 234              	.LFE9:
 235              		.size	chHeapAlloc, .-chHeapAlloc
 236 0088 AFF30080 		.section	.text.chHeapFree,"ax",%progbits
 236      AFF30080 
 237              		.align	2
 238              		.p2align 4,,15
 239              		.global	chHeapFree
 240              		.thumb
 241              		.thumb_func
 242              		.type	chHeapFree, %function
 243              	chHeapFree:
 244              	.LFB10:
 245              		.loc 1 194 0
 246              		.cfi_startproc
 247              		@ args = 0, pretend = 0, frame = 0
 248              		@ frame_needed = 0, uses_anonymous_args = 0
 249              	.LVL26:
 250 0000 70B5     		push	{r4, r5, r6, lr}
 251              	.LCFI1:
 252              		.cfi_def_cfa_offset 16
 253              		.cfi_offset 4, -16
 254              		.cfi_offset 5, -12
 255              		.cfi_offset 6, -8
 256              		.cfi_offset 14, -4
 257              		.loc 1 194 0
 258 0002 0646     		mov	r6, r0
 259              		.loc 1 200 0
 260 0004 A0F10804 		sub	r4, r0, #8
 261              	.LVL27:
 262              		.loc 1 201 0
 263 0008 50F8080C 		ldr	r0, [r0, #-8]
 264              	.LVL28:
 265              		.loc 1 202 0
 266 000c 00F10805 		add	r5, r0, #8
 267              	.LVL29:
 268              		.loc 1 203 0
 269 0010 1030     		adds	r0, r0, #16
 270              	.LVL30:
 271 0012 FFF7FEFF 		bl	chMtxLock
 272              	.LVL31:
 273              		.loc 1 202 0
 274 0016 2B46     		mov	r3, r5
 275              	.LVL32:
 276              	.L29:
 277              		.loc 1 210 0
 278 0018 AB42     		cmp	r3, r5
 279              		.loc 1 211 0
 280 001a 1A68     		ldr	r2, [r3, #0]
 281              		.loc 1 210 0
 282 001c 01D0     		beq	.L23
ARM GAS  /tmp/ccM3iFrl.s 			page 6


 283              		.loc 1 210 0 is_stmt 0 discriminator 2
 284 001e A342     		cmp	r3, r4
 285 0020 02D2     		bcs	.L26
 286              	.L23:
 287              		.loc 1 210 0 discriminator 1
 288 0022 1AB1     		cbz	r2, .L25
 289              		.loc 1 211 0 is_stmt 1
 290 0024 9442     		cmp	r4, r2
 291 0026 01D3     		bcc	.L25
 292              	.L26:
 293              	.LVL33:
 294              		.loc 1 228 0
 295 0028 1346     		mov	r3, r2
 296              		.loc 1 229 0
 297 002a F5E7     		b	.L29
 298              	.LVL34:
 299              	.L25:
 300              		.loc 1 216 0
 301 002c 56F8041C 		ldr	r1, [r6, #-4]
 302              		.loc 1 213 0
 303 0030 46F8082C 		str	r2, [r6, #-8]
 304              		.loc 1 214 0
 305 0034 1C60     		str	r4, [r3, #0]
 306              		.loc 1 216 0
 307 0036 01F10802 		add	r2, r1, #8
 308 003a 56F8085C 		ldr	r5, [r6, #-8]
 309              	.LVL35:
 310 003e A018     		adds	r0, r4, r2
 311 0040 A842     		cmp	r0, r5
 312 0042 09D0     		beq	.L33
 313              		.loc 1 221 0
 314 0044 5A68     		ldr	r2, [r3, #4]
 315 0046 02F10801 		add	r1, r2, #8
 316 004a 5918     		adds	r1, r3, r1
 317 004c 8C42     		cmp	r4, r1
 318 004e 11D0     		beq	.L34
 319              	.L28:
 320              		.loc 1 233 0
 321 0050 BDE87040 		pop	{r4, r5, r6, lr}
 322              		.loc 1 231 0
 323 0054 FFF7FEBF 		b	chMtxUnlock
 324              	.LVL36:
 325              	.L33:
 326              		.loc 1 218 0
 327 0058 4068     		ldr	r0, [r0, #4]
 328              		.loc 1 219 0
 329 005a A258     		ldr	r2, [r4, r2]
 330              		.loc 1 218 0
 331 005c 0918     		adds	r1, r1, r0
 332 005e 0831     		adds	r1, r1, #8
 333 0060 46F8041C 		str	r1, [r6, #-4]
 334              		.loc 1 219 0
 335 0064 46F8082C 		str	r2, [r6, #-8]
 336              		.loc 1 221 0
 337 0068 5A68     		ldr	r2, [r3, #4]
 338 006a 02F10801 		add	r1, r2, #8
 339 006e 5918     		adds	r1, r3, r1
ARM GAS  /tmp/ccM3iFrl.s 			page 7


 340 0070 8C42     		cmp	r4, r1
 341 0072 EDD1     		bne	.L28
 342              	.L34:
 343              		.loc 1 223 0
 344 0074 56F8040C 		ldr	r0, [r6, #-4]
 345              		.loc 1 224 0
 346 0078 56F8081C 		ldr	r1, [r6, #-8]
 347              		.loc 1 223 0
 348 007c 1218     		adds	r2, r2, r0
 349 007e 0832     		adds	r2, r2, #8
 350              		.loc 1 224 0
 351 0080 83E80600 		stmia	r3, {r1, r2}
 352 0084 E4E7     		b	.L28
 353              		.cfi_endproc
 354              	.LFE10:
 355              		.size	chHeapFree, .-chHeapFree
 356 0086 00BFAFF3 		.section	.text.chHeapStatus,"ax",%progbits
 356      0080AFF3 
 356      0080
 357              		.align	2
 358              		.p2align 4,,15
 359              		.global	chHeapStatus
 360              		.thumb
 361              		.thumb_func
 362              		.type	chHeapStatus, %function
 363              	chHeapStatus:
 364              	.LFB11:
 365              		.loc 1 250 0
 366              		.cfi_startproc
 367              		@ args = 0, pretend = 0, frame = 0
 368              		@ frame_needed = 0, uses_anonymous_args = 0
 369              	.LVL37:
 370 0000 38B5     		push	{r3, r4, r5, lr}
 371              	.LCFI2:
 372              		.cfi_def_cfa_offset 16
 373              		.cfi_offset 3, -16
 374              		.cfi_offset 4, -12
 375              		.cfi_offset 5, -8
 376              		.cfi_offset 14, -4
 377              		.loc 1 255 0
 378 0002 0E4C     		ldr	r4, .L46
 379 0004 0028     		cmp	r0, #0
 380 0006 18BF     		it	ne
 381 0008 0446     		movne	r4, r0
 382              	.LVL38:
 383              		.loc 1 257 0
 384 000a 04F11000 		add	r0, r4, #16
 385              		.loc 1 250 0
 386 000e 0D46     		mov	r5, r1
 387              		.loc 1 257 0
 388 0010 FFF7FEFF 		bl	chMtxLock
 389              	.LVL39:
 390              		.loc 1 260 0
 391 0014 A368     		ldr	r3, [r4, #8]
 392 0016 6BB1     		cbz	r3, .L41
 393 0018 0022     		movs	r2, #0
 394 001a 1446     		mov	r4, r2
ARM GAS  /tmp/ccM3iFrl.s 			page 8


 395              	.LVL40:
 396              	.L38:
 397              		.loc 1 261 0 discriminator 2
 398 001c 5868     		ldr	r0, [r3, #4]
 399              		.loc 1 260 0 discriminator 2
 400 001e 1B68     		ldr	r3, [r3, #0]
 401              		.loc 1 261 0 discriminator 2
 402 0020 1218     		adds	r2, r2, r0
 403              	.LVL41:
 404              		.loc 1 260 0 discriminator 2
 405 0022 0134     		adds	r4, r4, #1
 406              	.LVL42:
 407 0024 002B     		cmp	r3, #0
 408 0026 F9D1     		bne	.L38
 409              	.LVL43:
 410              	.L37:
 411              		.loc 1 262 0
 412 0028 05B1     		cbz	r5, .L39
 413              		.loc 1 263 0
 414 002a 2A60     		str	r2, [r5, #0]
 415              	.L39:
 416              		.loc 1 265 0
 417 002c FFF7FEFF 		bl	chMtxUnlock
 418              	.LVL44:
 419              		.loc 1 267 0
 420 0030 2046     		mov	r0, r4
 421 0032 38BD     		pop	{r3, r4, r5, pc}
 422              	.LVL45:
 423              	.L41:
 424              		.loc 1 259 0
 425 0034 1A46     		mov	r2, r3
 426              		.loc 1 260 0
 427 0036 1C46     		mov	r4, r3
 428              	.LVL46:
 429 0038 F6E7     		b	.L37
 430              	.L47:
 431 003a 00BF     		.align	2
 432              	.L46:
 433 003c 00000000 		.word	.LANCHOR0
 434              		.cfi_endproc
 435              	.LFE11:
 436              		.size	chHeapStatus, .-chHeapStatus
 437              		.section	.bss.default_heap,"aw",%nobits
 438              		.align	3
 439              		.set	.LANCHOR0,. + 0
 440              		.type	default_heap, %object
 441              		.size	default_heap, 32
 442              	default_heap:
 443 0000 00000000 		.space	32
 443      00000000 
 443      00000000 
 443      00000000 
 443      00000000 
 444              		.text
 445              	.Letext0:
 446              		.file 2 "/opt/psas/x-tools/stm32f407/arm-psas-eabi/bin/../lib/gcc/arm-psas-eabi/4.7.2/include/stdd
 447              		.file 3 "/opt/psas/x-tools/stm32f407/arm-psas-eabi/bin/../lib/gcc/arm-psas-eabi/4.7.2/../../../../
ARM GAS  /tmp/ccM3iFrl.s 			page 9


 448              		.file 4 "/home/wicker/tools/ChibiOS_2.6.3/os/ports/GCC/ARMCMx/chtypes.h"
 449              		.file 5 "/home/wicker/tools/ChibiOS_2.6.3/os/kernel/include/chlists.h"
 450              		.file 6 "/home/wicker/tools/ChibiOS_2.6.3/os/kernel/include/chthreads.h"
 451              		.file 7 "/home/wicker/tools/ChibiOS_2.6.3/os/ports/GCC/ARMCMx/chcore_v7m.h"
 452              		.file 8 "/home/wicker/tools/ChibiOS_2.6.3/os/kernel/include/chmtx.h"
 453              		.file 9 "/home/wicker/tools/ChibiOS_2.6.3/os/kernel/include/chmemcore.h"
 454              		.file 10 "/home/wicker/tools/ChibiOS_2.6.3/os/kernel/include/chheap.h"
 455              		.section	.debug_info,"",%progbits
 456              	.Ldebug_info0:
 457 0000 31070000 		.4byte	0x731
 458 0004 0200     		.2byte	0x2
 459 0006 00000000 		.4byte	.Ldebug_abbrev0
 460 000a 04       		.byte	0x4
 461 000b 01       		.uleb128 0x1
 462 000c 86010000 		.4byte	.LASF79
 463 0010 01       		.byte	0x1
 464 0011 DB020000 		.4byte	.LASF80
 465 0015 00000000 		.4byte	.Ldebug_ranges0+0
 466 0019 00000000 		.4byte	0
 467 001d 00000000 		.4byte	0
 468 0021 00000000 		.4byte	.Ldebug_line0
 469 0025 02       		.uleb128 0x2
 470 0026 04       		.byte	0x4
 471 0027 05       		.byte	0x5
 472 0028 696E7400 		.ascii	"int\000"
 473 002c 03       		.uleb128 0x3
 474 002d 06000000 		.4byte	.LASF2
 475 0031 02       		.byte	0x2
 476 0032 D5       		.byte	0xd5
 477 0033 37000000 		.4byte	0x37
 478 0037 04       		.uleb128 0x4
 479 0038 04       		.byte	0x4
 480 0039 07       		.byte	0x7
 481 003a E8000000 		.4byte	.LASF0
 482 003e 04       		.uleb128 0x4
 483 003f 01       		.byte	0x1
 484 0040 06       		.byte	0x6
 485 0041 88000000 		.4byte	.LASF1
 486 0045 03       		.uleb128 0x3
 487 0046 B4020000 		.4byte	.LASF3
 488 004a 03       		.byte	0x3
 489 004b 2A       		.byte	0x2a
 490 004c 50000000 		.4byte	0x50
 491 0050 04       		.uleb128 0x4
 492 0051 01       		.byte	0x1
 493 0052 08       		.byte	0x8
 494 0053 C2010000 		.4byte	.LASF4
 495 0057 04       		.uleb128 0x4
 496 0058 02       		.byte	0x2
 497 0059 05       		.byte	0x5
 498 005a E5010000 		.4byte	.LASF5
 499 005e 04       		.uleb128 0x4
 500 005f 02       		.byte	0x2
 501 0060 07       		.byte	0x7
 502 0061 14010000 		.4byte	.LASF6
 503 0065 03       		.uleb128 0x3
 504 0066 BA010000 		.4byte	.LASF7
ARM GAS  /tmp/ccM3iFrl.s 			page 10


 505 006a 03       		.byte	0x3
 506 006b 4F       		.byte	0x4f
 507 006c 70000000 		.4byte	0x70
 508 0070 04       		.uleb128 0x4
 509 0071 04       		.byte	0x4
 510 0072 05       		.byte	0x5
 511 0073 BF000000 		.4byte	.LASF8
 512 0077 03       		.uleb128 0x3
 513 0078 41020000 		.4byte	.LASF9
 514 007c 03       		.byte	0x3
 515 007d 50       		.byte	0x50
 516 007e 82000000 		.4byte	0x82
 517 0082 04       		.uleb128 0x4
 518 0083 04       		.byte	0x4
 519 0084 07       		.byte	0x7
 520 0085 F5000000 		.4byte	.LASF10
 521 0089 04       		.uleb128 0x4
 522 008a 08       		.byte	0x8
 523 008b 05       		.byte	0x5
 524 008c 7A000000 		.4byte	.LASF11
 525 0090 03       		.uleb128 0x3
 526 0091 14000000 		.4byte	.LASF12
 527 0095 03       		.byte	0x3
 528 0096 78       		.byte	0x78
 529 0097 9B000000 		.4byte	0x9b
 530 009b 04       		.uleb128 0x4
 531 009c 08       		.byte	0x8
 532 009d 07       		.byte	0x7
 533 009e 2A000000 		.4byte	.LASF13
 534 00a2 04       		.uleb128 0x4
 535 00a3 01       		.byte	0x1
 536 00a4 02       		.byte	0x2
 537 00a5 B4010000 		.4byte	.LASF14
 538 00a9 03       		.uleb128 0x3
 539 00aa 2D010000 		.4byte	.LASF15
 540 00ae 04       		.byte	0x4
 541 00af 2C       		.byte	0x2c
 542 00b0 45000000 		.4byte	0x45
 543 00b4 03       		.uleb128 0x3
 544 00b5 C8000000 		.4byte	.LASF16
 545 00b9 04       		.byte	0x4
 546 00ba 2D       		.byte	0x2d
 547 00bb 45000000 		.4byte	0x45
 548 00bf 03       		.uleb128 0x3
 549 00c0 9D010000 		.4byte	.LASF17
 550 00c4 04       		.byte	0x4
 551 00c5 2E       		.byte	0x2e
 552 00c6 45000000 		.4byte	0x45
 553 00ca 03       		.uleb128 0x3
 554 00cb B5000000 		.4byte	.LASF18
 555 00cf 04       		.byte	0x4
 556 00d0 2F       		.byte	0x2f
 557 00d1 45000000 		.4byte	0x45
 558 00d5 03       		.uleb128 0x3
 559 00d6 AC010000 		.4byte	.LASF19
 560 00da 04       		.byte	0x4
 561 00db 30       		.byte	0x30
ARM GAS  /tmp/ccM3iFrl.s 			page 11


 562 00dc 77000000 		.4byte	0x77
 563 00e0 03       		.uleb128 0x3
 564 00e1 27010000 		.4byte	.LASF20
 565 00e5 04       		.byte	0x4
 566 00e6 31       		.byte	0x31
 567 00e7 65000000 		.4byte	0x65
 568 00eb 03       		.uleb128 0x3
 569 00ec 41010000 		.4byte	.LASF21
 570 00f0 04       		.byte	0x4
 571 00f1 33       		.byte	0x33
 572 00f2 77000000 		.4byte	0x77
 573 00f6 03       		.uleb128 0x3
 574 00f7 75020000 		.4byte	.LASF22
 575 00fb 04       		.byte	0x4
 576 00fc 35       		.byte	0x35
 577 00fd 77000000 		.4byte	0x77
 578 0101 03       		.uleb128 0x3
 579 0102 23020000 		.4byte	.LASF23
 580 0106 05       		.byte	0x5
 581 0107 2A       		.byte	0x2a
 582 0108 0C010000 		.4byte	0x10c
 583 010c 05       		.uleb128 0x5
 584 010d 23020000 		.4byte	.LASF23
 585 0111 48       		.byte	0x48
 586 0112 06       		.byte	0x6
 587 0113 5E       		.byte	0x5e
 588 0114 31020000 		.4byte	0x231
 589 0118 06       		.uleb128 0x6
 590 0119 14020000 		.4byte	.LASF24
 591 011d 06       		.byte	0x6
 592 011e 5F       		.byte	0x5f
 593 011f 56020000 		.4byte	0x256
 594 0123 02       		.byte	0x2
 595 0124 23       		.byte	0x23
 596 0125 00       		.uleb128 0
 597 0126 06       		.uleb128 0x6
 598 0127 A5010000 		.4byte	.LASF25
 599 012b 06       		.byte	0x6
 600 012c 61       		.byte	0x61
 601 012d 56020000 		.4byte	0x256
 602 0131 02       		.byte	0x2
 603 0132 23       		.byte	0x23
 604 0133 04       		.uleb128 0x4
 605 0134 06       		.uleb128 0x6
 606 0135 73000000 		.4byte	.LASF26
 607 0139 06       		.byte	0x6
 608 013a 63       		.byte	0x63
 609 013b D5000000 		.4byte	0xd5
 610 013f 02       		.byte	0x2
 611 0140 23       		.byte	0x23
 612 0141 08       		.uleb128 0x8
 613 0142 06       		.uleb128 0x6
 614 0143 1B030000 		.4byte	.LASF27
 615 0147 06       		.byte	0x6
 616 0148 64       		.byte	0x64
 617 0149 2F030000 		.4byte	0x32f
 618 014d 02       		.byte	0x2
ARM GAS  /tmp/ccM3iFrl.s 			page 12


 619 014e 23       		.byte	0x23
 620 014f 0C       		.uleb128 0xc
 621 0150 06       		.uleb128 0x6
 622 0151 D1000000 		.4byte	.LASF28
 623 0155 06       		.byte	0x6
 624 0156 66       		.byte	0x66
 625 0157 56020000 		.4byte	0x256
 626 015b 02       		.byte	0x2
 627 015c 23       		.byte	0x23
 628 015d 10       		.uleb128 0x10
 629 015e 06       		.uleb128 0x6
 630 015f 71010000 		.4byte	.LASF29
 631 0163 06       		.byte	0x6
 632 0164 67       		.byte	0x67
 633 0165 56020000 		.4byte	0x256
 634 0169 02       		.byte	0x2
 635 016a 23       		.byte	0x23
 636 016b 14       		.uleb128 0x14
 637 016c 06       		.uleb128 0x6
 638 016d C9020000 		.4byte	.LASF30
 639 0171 06       		.byte	0x6
 640 0172 6E       		.byte	0x6e
 641 0173 AD040000 		.4byte	0x4ad
 642 0177 02       		.byte	0x2
 643 0178 23       		.byte	0x23
 644 0179 18       		.uleb128 0x18
 645 017a 06       		.uleb128 0x6
 646 017b EF010000 		.4byte	.LASF31
 647 017f 06       		.byte	0x6
 648 0180 79       		.byte	0x79
 649 0181 B4000000 		.4byte	0xb4
 650 0185 02       		.byte	0x2
 651 0186 23       		.byte	0x23
 652 0187 1C       		.uleb128 0x1c
 653 0188 06       		.uleb128 0x6
 654 0189 1B020000 		.4byte	.LASF32
 655 018d 06       		.byte	0x6
 656 018e 7D       		.byte	0x7d
 657 018f A9000000 		.4byte	0xa9
 658 0193 02       		.byte	0x2
 659 0194 23       		.byte	0x23
 660 0195 1D       		.uleb128 0x1d
 661 0196 06       		.uleb128 0x6
 662 0197 AD020000 		.4byte	.LASF33
 663 019b 06       		.byte	0x6
 664 019c 82       		.byte	0x82
 665 019d BF000000 		.4byte	0xbf
 666 01a1 02       		.byte	0x2
 667 01a2 23       		.byte	0x23
 668 01a3 1E       		.uleb128 0x1e
 669 01a4 06       		.uleb128 0x6
 670 01a5 F7010000 		.4byte	.LASF34
 671 01a9 06       		.byte	0x6
 672 01aa 88       		.byte	0x88
 673 01ab CA000000 		.4byte	0xca
 674 01af 02       		.byte	0x2
 675 01b0 23       		.byte	0x23
ARM GAS  /tmp/ccM3iFrl.s 			page 13


 676 01b1 1F       		.uleb128 0x1f
 677 01b2 06       		.uleb128 0x6
 678 01b3 8A020000 		.4byte	.LASF35
 679 01b7 06       		.byte	0x6
 680 01b8 8F       		.byte	0x8f
 681 01b9 59030000 		.4byte	0x359
 682 01bd 02       		.byte	0x2
 683 01be 23       		.byte	0x23
 684 01bf 20       		.uleb128 0x20
 685 01c0 07       		.uleb128 0x7
 686 01c1 705F7500 		.ascii	"p_u\000"
 687 01c5 06       		.byte	0x6
 688 01c6 B4       		.byte	0xb4
 689 01c7 78040000 		.4byte	0x478
 690 01cb 02       		.byte	0x2
 691 01cc 23       		.byte	0x23
 692 01cd 24       		.uleb128 0x24
 693 01ce 06       		.uleb128 0x6
 694 01cf 21030000 		.4byte	.LASF36
 695 01d3 06       		.byte	0x6
 696 01d4 B9       		.byte	0xb9
 697 01d5 7E020000 		.4byte	0x27e
 698 01d9 02       		.byte	0x2
 699 01da 23       		.byte	0x23
 700 01db 28       		.uleb128 0x28
 701 01dc 06       		.uleb128 0x6
 702 01dd 98020000 		.4byte	.LASF37
 703 01e1 06       		.byte	0x6
 704 01e2 BF       		.byte	0xbf
 705 01e3 5C020000 		.4byte	0x25c
 706 01e7 02       		.byte	0x2
 707 01e8 23       		.byte	0x23
 708 01e9 2C       		.uleb128 0x2c
 709 01ea 06       		.uleb128 0x6
 710 01eb 00000000 		.4byte	.LASF38
 711 01ef 06       		.byte	0x6
 712 01f0 C3       		.byte	0xc3
 713 01f1 E0000000 		.4byte	0xe0
 714 01f5 02       		.byte	0x2
 715 01f6 23       		.byte	0x23
 716 01f7 34       		.uleb128 0x34
 717 01f8 06       		.uleb128 0x6
 718 01f9 36020000 		.4byte	.LASF39
 719 01fd 06       		.byte	0x6
 720 01fe C9       		.byte	0xc9
 721 01ff EB000000 		.4byte	0xeb
 722 0203 02       		.byte	0x2
 723 0204 23       		.byte	0x23
 724 0205 38       		.uleb128 0x38
 725 0206 06       		.uleb128 0x6
 726 0207 DB010000 		.4byte	.LASF40
 727 020b 06       		.byte	0x6
 728 020c D0       		.byte	0xd0
 729 020d BF040000 		.4byte	0x4bf
 730 0211 02       		.byte	0x2
 731 0212 23       		.byte	0x23
 732 0213 3C       		.uleb128 0x3c
ARM GAS  /tmp/ccM3iFrl.s 			page 14


 733 0214 06       		.uleb128 0x6
 734 0215 7F020000 		.4byte	.LASF41
 735 0219 06       		.byte	0x6
 736 021a D4       		.byte	0xd4
 737 021b D5000000 		.4byte	0xd5
 738 021f 02       		.byte	0x2
 739 0220 23       		.byte	0x23
 740 0221 40       		.uleb128 0x40
 741 0222 06       		.uleb128 0x6
 742 0223 9A000000 		.4byte	.LASF42
 743 0227 06       		.byte	0x6
 744 0228 DA       		.byte	0xda
 745 0229 94020000 		.4byte	0x294
 746 022d 02       		.byte	0x2
 747 022e 23       		.byte	0x23
 748 022f 44       		.uleb128 0x44
 749 0230 00       		.byte	0
 750 0231 08       		.uleb128 0x8
 751 0232 08       		.byte	0x8
 752 0233 05       		.byte	0x5
 753 0234 61       		.byte	0x61
 754 0235 56020000 		.4byte	0x256
 755 0239 06       		.uleb128 0x6
 756 023a 14020000 		.4byte	.LASF24
 757 023e 05       		.byte	0x5
 758 023f 62       		.byte	0x62
 759 0240 56020000 		.4byte	0x256
 760 0244 02       		.byte	0x2
 761 0245 23       		.byte	0x23
 762 0246 00       		.uleb128 0
 763 0247 06       		.uleb128 0x6
 764 0248 A5010000 		.4byte	.LASF25
 765 024c 05       		.byte	0x5
 766 024d 64       		.byte	0x64
 767 024e 56020000 		.4byte	0x256
 768 0252 02       		.byte	0x2
 769 0253 23       		.byte	0x23
 770 0254 04       		.uleb128 0x4
 771 0255 00       		.byte	0
 772 0256 09       		.uleb128 0x9
 773 0257 04       		.byte	0x4
 774 0258 01010000 		.4byte	0x101
 775 025c 03       		.uleb128 0x3
 776 025d 79010000 		.4byte	.LASF43
 777 0261 05       		.byte	0x5
 778 0262 66       		.byte	0x66
 779 0263 31020000 		.4byte	0x231
 780 0267 08       		.uleb128 0x8
 781 0268 04       		.byte	0x4
 782 0269 05       		.byte	0x5
 783 026a 6B       		.byte	0x6b
 784 026b 7E020000 		.4byte	0x27e
 785 026f 06       		.uleb128 0x6
 786 0270 14020000 		.4byte	.LASF24
 787 0274 05       		.byte	0x5
 788 0275 6D       		.byte	0x6d
 789 0276 56020000 		.4byte	0x256
ARM GAS  /tmp/ccM3iFrl.s 			page 15


 790 027a 02       		.byte	0x2
 791 027b 23       		.byte	0x23
 792 027c 00       		.uleb128 0
 793 027d 00       		.byte	0
 794 027e 03       		.uleb128 0x3
 795 027f 35010000 		.4byte	.LASF44
 796 0283 05       		.byte	0x5
 797 0284 70       		.byte	0x70
 798 0285 67020000 		.4byte	0x267
 799 0289 03       		.uleb128 0x3
 800 028a D9000000 		.4byte	.LASF45
 801 028e 07       		.byte	0x7
 802 028f E5       		.byte	0xe5
 803 0290 94020000 		.4byte	0x294
 804 0294 0A       		.uleb128 0xa
 805 0295 04       		.byte	0x4
 806 0296 03       		.uleb128 0x3
 807 0297 53010000 		.4byte	.LASF46
 808 029b 07       		.byte	0x7
 809 029c EB       		.byte	0xeb
 810 029d 90000000 		.4byte	0x90
 811 02a1 0B       		.uleb128 0xb
 812 02a2 91020000 		.4byte	.LASF47
 813 02a6 24       		.byte	0x24
 814 02a7 07       		.byte	0x7
 815 02a8 0C01     		.2byte	0x10c
 816 02aa 2F030000 		.4byte	0x32f
 817 02ae 0C       		.uleb128 0xc
 818 02af 723400   		.ascii	"r4\000"
 819 02b2 07       		.byte	0x7
 820 02b3 1F01     		.2byte	0x11f
 821 02b5 89020000 		.4byte	0x289
 822 02b9 02       		.byte	0x2
 823 02ba 23       		.byte	0x23
 824 02bb 00       		.uleb128 0
 825 02bc 0C       		.uleb128 0xc
 826 02bd 723500   		.ascii	"r5\000"
 827 02c0 07       		.byte	0x7
 828 02c1 2001     		.2byte	0x120
 829 02c3 89020000 		.4byte	0x289
 830 02c7 02       		.byte	0x2
 831 02c8 23       		.byte	0x23
 832 02c9 04       		.uleb128 0x4
 833 02ca 0C       		.uleb128 0xc
 834 02cb 723600   		.ascii	"r6\000"
 835 02ce 07       		.byte	0x7
 836 02cf 2101     		.2byte	0x121
 837 02d1 89020000 		.4byte	0x289
 838 02d5 02       		.byte	0x2
 839 02d6 23       		.byte	0x23
 840 02d7 08       		.uleb128 0x8
 841 02d8 0C       		.uleb128 0xc
 842 02d9 723700   		.ascii	"r7\000"
 843 02dc 07       		.byte	0x7
 844 02dd 2201     		.2byte	0x122
 845 02df 89020000 		.4byte	0x289
 846 02e3 02       		.byte	0x2
ARM GAS  /tmp/ccM3iFrl.s 			page 16


 847 02e4 23       		.byte	0x23
 848 02e5 0C       		.uleb128 0xc
 849 02e6 0C       		.uleb128 0xc
 850 02e7 723800   		.ascii	"r8\000"
 851 02ea 07       		.byte	0x7
 852 02eb 2301     		.2byte	0x123
 853 02ed 89020000 		.4byte	0x289
 854 02f1 02       		.byte	0x2
 855 02f2 23       		.byte	0x23
 856 02f3 10       		.uleb128 0x10
 857 02f4 0C       		.uleb128 0xc
 858 02f5 723900   		.ascii	"r9\000"
 859 02f8 07       		.byte	0x7
 860 02f9 2401     		.2byte	0x124
 861 02fb 89020000 		.4byte	0x289
 862 02ff 02       		.byte	0x2
 863 0300 23       		.byte	0x23
 864 0301 14       		.uleb128 0x14
 865 0302 0C       		.uleb128 0xc
 866 0303 72313000 		.ascii	"r10\000"
 867 0307 07       		.byte	0x7
 868 0308 2501     		.2byte	0x125
 869 030a 89020000 		.4byte	0x289
 870 030e 02       		.byte	0x2
 871 030f 23       		.byte	0x23
 872 0310 18       		.uleb128 0x18
 873 0311 0C       		.uleb128 0xc
 874 0312 72313100 		.ascii	"r11\000"
 875 0316 07       		.byte	0x7
 876 0317 2601     		.2byte	0x126
 877 0319 89020000 		.4byte	0x289
 878 031d 02       		.byte	0x2
 879 031e 23       		.byte	0x23
 880 031f 1C       		.uleb128 0x1c
 881 0320 0C       		.uleb128 0xc
 882 0321 6C7200   		.ascii	"lr\000"
 883 0324 07       		.byte	0x7
 884 0325 2701     		.2byte	0x127
 885 0327 89020000 		.4byte	0x289
 886 032b 02       		.byte	0x2
 887 032c 23       		.byte	0x23
 888 032d 20       		.uleb128 0x20
 889 032e 00       		.byte	0
 890 032f 0B       		.uleb128 0xb
 891 0330 07010000 		.4byte	.LASF48
 892 0334 04       		.byte	0x4
 893 0335 07       		.byte	0x7
 894 0336 3101     		.2byte	0x131
 895 0338 4C030000 		.4byte	0x34c
 896 033c 0C       		.uleb128 0xc
 897 033d 72313300 		.ascii	"r13\000"
 898 0341 07       		.byte	0x7
 899 0342 3201     		.2byte	0x132
 900 0344 4C030000 		.4byte	0x34c
 901 0348 02       		.byte	0x2
 902 0349 23       		.byte	0x23
 903 034a 00       		.uleb128 0
ARM GAS  /tmp/ccM3iFrl.s 			page 17


 904 034b 00       		.byte	0
 905 034c 09       		.uleb128 0x9
 906 034d 04       		.byte	0x4
 907 034e A1020000 		.4byte	0x2a1
 908 0352 04       		.uleb128 0x4
 909 0353 04       		.byte	0x4
 910 0354 07       		.byte	0x7
 911 0355 5E010000 		.4byte	.LASF49
 912 0359 0D       		.uleb128 0xd
 913 035a F6000000 		.4byte	0xf6
 914 035e 05       		.uleb128 0x5
 915 035f 4D010000 		.4byte	.LASF50
 916 0363 10       		.byte	0x10
 917 0364 08       		.byte	0x8
 918 0365 2C       		.byte	0x2c
 919 0366 95030000 		.4byte	0x395
 920 036a 06       		.uleb128 0x6
 921 036b A2000000 		.4byte	.LASF51
 922 036f 08       		.byte	0x8
 923 0370 2D       		.byte	0x2d
 924 0371 5C020000 		.4byte	0x25c
 925 0375 02       		.byte	0x2
 926 0376 23       		.byte	0x23
 927 0377 00       		.uleb128 0
 928 0378 06       		.uleb128 0x6
 929 0379 13030000 		.4byte	.LASF52
 930 037d 08       		.byte	0x8
 931 037e 2F       		.byte	0x2f
 932 037f 56020000 		.4byte	0x256
 933 0383 02       		.byte	0x2
 934 0384 23       		.byte	0x23
 935 0385 08       		.uleb128 0x8
 936 0386 06       		.uleb128 0x6
 937 0387 6E020000 		.4byte	.LASF53
 938 038b 08       		.byte	0x8
 939 038c 31       		.byte	0x31
 940 038d 95030000 		.4byte	0x395
 941 0391 02       		.byte	0x2
 942 0392 23       		.byte	0x23
 943 0393 0C       		.uleb128 0xc
 944 0394 00       		.byte	0
 945 0395 09       		.uleb128 0x9
 946 0396 04       		.byte	0x4
 947 0397 5E030000 		.4byte	0x35e
 948 039b 03       		.uleb128 0x3
 949 039c 4D010000 		.4byte	.LASF50
 950 03a0 08       		.byte	0x8
 951 03a1 33       		.byte	0x33
 952 03a2 5E030000 		.4byte	0x35e
 953 03a6 03       		.uleb128 0x3
 954 03a7 1D000000 		.4byte	.LASF54
 955 03ab 09       		.byte	0x9
 956 03ac 2C       		.byte	0x2c
 957 03ad B1030000 		.4byte	0x3b1
 958 03b1 09       		.uleb128 0x9
 959 03b2 04       		.byte	0x4
 960 03b3 B7030000 		.4byte	0x3b7
ARM GAS  /tmp/ccM3iFrl.s 			page 18


 961 03b7 0E       		.uleb128 0xe
 962 03b8 01       		.byte	0x1
 963 03b9 94020000 		.4byte	0x294
 964 03bd C7030000 		.4byte	0x3c7
 965 03c1 0F       		.uleb128 0xf
 966 03c2 2C000000 		.4byte	0x2c
 967 03c6 00       		.byte	0
 968 03c7 03       		.uleb128 0x3
 969 03c8 92010000 		.4byte	.LASF55
 970 03cc 0A       		.byte	0xa
 971 03cd 34       		.byte	0x34
 972 03ce D2030000 		.4byte	0x3d2
 973 03d2 05       		.uleb128 0x5
 974 03d3 2B030000 		.4byte	.LASF56
 975 03d7 20       		.byte	0x20
 976 03d8 0A       		.byte	0xa
 977 03d9 47       		.byte	0x47
 978 03da 09040000 		.4byte	0x409
 979 03de 06       		.uleb128 0x6
 980 03df D0010000 		.4byte	.LASF57
 981 03e3 0A       		.byte	0xa
 982 03e4 48       		.byte	0x48
 983 03e5 A6030000 		.4byte	0x3a6
 984 03e9 02       		.byte	0x2
 985 03ea 23       		.byte	0x23
 986 03eb 00       		.uleb128 0
 987 03ec 06       		.uleb128 0x6
 988 03ed 4A000000 		.4byte	.LASF58
 989 03f1 0A       		.byte	0xa
 990 03f2 4A       		.byte	0x4a
 991 03f3 28040000 		.4byte	0x428
 992 03f7 02       		.byte	0x2
 993 03f8 23       		.byte	0x23
 994 03f9 08       		.uleb128 0x8
 995 03fa 06       		.uleb128 0x6
 996 03fb 94000000 		.4byte	.LASF59
 997 03ff 0A       		.byte	0xa
 998 0400 4C       		.byte	0x4c
 999 0401 9B030000 		.4byte	0x39b
 1000 0405 02       		.byte	0x2
 1001 0406 23       		.byte	0x23
 1002 0407 10       		.uleb128 0x10
 1003 0408 00       		.byte	0
 1004 0409 10       		.uleb128 0x10
 1005 040a 04       		.byte	0x4
 1006 040b 0A       		.byte	0xa
 1007 040c 3C       		.byte	0x3c
 1008 040d 28040000 		.4byte	0x428
 1009 0411 11       		.uleb128 0x11
 1010 0412 6E000000 		.4byte	.LASF60
 1011 0416 0A       		.byte	0xa
 1012 0417 3D       		.byte	0x3d
 1013 0418 49040000 		.4byte	0x449
 1014 041c 11       		.uleb128 0x11
 1015 041d 4A020000 		.4byte	.LASF61
 1016 0421 0A       		.byte	0xa
 1017 0422 3E       		.byte	0x3e
ARM GAS  /tmp/ccM3iFrl.s 			page 19


 1018 0423 4F040000 		.4byte	0x44f
 1019 0427 00       		.byte	0
 1020 0428 12       		.uleb128 0x12
 1021 0429 01020000 		.4byte	.LASF81
 1022 042d 08       		.byte	0x8
 1023 042e 0A       		.byte	0xa
 1024 042f 39       		.byte	0x39
 1025 0430 49040000 		.4byte	0x449
 1026 0434 11       		.uleb128 0x11
 1027 0435 E2000000 		.4byte	.LASF62
 1028 0439 0A       		.byte	0xa
 1029 043a 3A       		.byte	0x3a
 1030 043b 96020000 		.4byte	0x296
 1031 043f 13       		.uleb128 0x13
 1032 0440 6800     		.ascii	"h\000"
 1033 0442 0A       		.byte	0xa
 1034 0443 41       		.byte	0x41
 1035 0444 55040000 		.4byte	0x455
 1036 0448 00       		.byte	0
 1037 0449 09       		.uleb128 0x9
 1038 044a 04       		.byte	0x4
 1039 044b 28040000 		.4byte	0x428
 1040 044f 09       		.uleb128 0x9
 1041 0450 04       		.byte	0x4
 1042 0451 C7030000 		.4byte	0x3c7
 1043 0455 08       		.uleb128 0x8
 1044 0456 08       		.byte	0x8
 1045 0457 0A       		.byte	0xa
 1046 0458 3B       		.byte	0x3b
 1047 0459 78040000 		.4byte	0x478
 1048 045d 07       		.uleb128 0x7
 1049 045e 7500     		.ascii	"u\000"
 1050 0460 0A       		.byte	0xa
 1051 0461 3F       		.byte	0x3f
 1052 0462 09040000 		.4byte	0x409
 1053 0466 02       		.byte	0x2
 1054 0467 23       		.byte	0x23
 1055 0468 00       		.uleb128 0
 1056 0469 06       		.uleb128 0x6
 1057 046a 0F010000 		.4byte	.LASF63
 1058 046e 0A       		.byte	0xa
 1059 046f 40       		.byte	0x40
 1060 0470 2C000000 		.4byte	0x2c
 1061 0474 02       		.byte	0x2
 1062 0475 23       		.byte	0x23
 1063 0476 04       		.uleb128 0x4
 1064 0477 00       		.byte	0
 1065 0478 10       		.uleb128 0x10
 1066 0479 04       		.byte	0x4
 1067 047a 06       		.byte	0x6
 1068 047b 96       		.byte	0x96
 1069 047c AD040000 		.4byte	0x4ad
 1070 0480 11       		.uleb128 0x11
 1071 0481 0D000000 		.4byte	.LASF64
 1072 0485 06       		.byte	0x6
 1073 0486 9D       		.byte	0x9d
 1074 0487 E0000000 		.4byte	0xe0
ARM GAS  /tmp/ccM3iFrl.s 			page 20


 1075 048b 11       		.uleb128 0x11
 1076 048c 41000000 		.4byte	.LASF65
 1077 0490 06       		.byte	0x6
 1078 0491 A4       		.byte	0xa4
 1079 0492 E0000000 		.4byte	0xe0
 1080 0496 11       		.uleb128 0x11
 1081 0497 BC020000 		.4byte	.LASF66
 1082 049b 06       		.byte	0x6
 1083 049c AB       		.byte	0xab
 1084 049d 94020000 		.4byte	0x294
 1085 04a1 11       		.uleb128 0x11
 1086 04a2 0D020000 		.4byte	.LASF67
 1087 04a6 06       		.byte	0x6
 1088 04a7 B2       		.byte	0xb2
 1089 04a8 EB000000 		.4byte	0xeb
 1090 04ac 00       		.byte	0
 1091 04ad 09       		.uleb128 0x9
 1092 04ae 04       		.byte	0x4
 1093 04af B3040000 		.4byte	0x4b3
 1094 04b3 14       		.uleb128 0x14
 1095 04b4 B8040000 		.4byte	0x4b8
 1096 04b8 04       		.uleb128 0x4
 1097 04b9 01       		.byte	0x1
 1098 04ba 08       		.byte	0x8
 1099 04bb 5C020000 		.4byte	.LASF68
 1100 04bf 09       		.uleb128 0x9
 1101 04c0 04       		.byte	0x4
 1102 04c1 9B030000 		.4byte	0x39b
 1103 04c5 15       		.uleb128 0x15
 1104 04c6 01       		.byte	0x1
 1105 04c7 D0020000 		.4byte	.LASF69
 1106 04cb 01       		.byte	0x1
 1107 04cc 4B       		.byte	0x4b
 1108 04cd 01       		.byte	0x1
 1109 04ce 00000000 		.4byte	.LFB7
 1110 04d2 20000000 		.4byte	.LFE7
 1111 04d6 02       		.byte	0x2
 1112 04d7 7D       		.byte	0x7d
 1113 04d8 00       		.sleb128 0
 1114 04d9 01       		.byte	0x1
 1115 04da F3040000 		.4byte	0x4f3
 1116 04de 16       		.uleb128 0x16
 1117 04df 20000000 		.4byte	.LVL0
 1118 04e3 01       		.byte	0x1
 1119 04e4 FE060000 		.4byte	0x6fe
 1120 04e8 17       		.uleb128 0x17
 1121 04e9 01       		.byte	0x1
 1122 04ea 50       		.byte	0x50
 1123 04eb 05       		.byte	0x5
 1124 04ec 03       		.byte	0x3
 1125 04ed 10000000 		.4byte	.LANCHOR0+16
 1126 04f1 00       		.byte	0
 1127 04f2 00       		.byte	0
 1128 04f3 15       		.uleb128 0x15
 1129 04f4 01       		.byte	0x1
 1130 04f5 63000000 		.4byte	.LASF70
 1131 04f9 01       		.byte	0x1
ARM GAS  /tmp/ccM3iFrl.s 			page 21


 1132 04fa 63       		.byte	0x63
 1133 04fb 01       		.byte	0x1
 1134 04fc 00000000 		.4byte	.LFB8
 1135 0500 14000000 		.4byte	.LFE8
 1136 0504 02       		.byte	0x2
 1137 0505 7D       		.byte	0x7d
 1138 0506 00       		.sleb128 0
 1139 0507 01       		.byte	0x1
 1140 0508 5C050000 		.4byte	0x55c
 1141 050c 18       		.uleb128 0x18
 1142 050d 51000000 		.4byte	.LASF71
 1143 0511 01       		.byte	0x1
 1144 0512 63       		.byte	0x63
 1145 0513 4F040000 		.4byte	0x44f
 1146 0517 00000000 		.4byte	.LLST0
 1147 051b 19       		.uleb128 0x19
 1148 051c 62756600 		.ascii	"buf\000"
 1149 0520 01       		.byte	0x1
 1150 0521 63       		.byte	0x63
 1151 0522 94020000 		.4byte	0x294
 1152 0526 2E000000 		.4byte	.LLST1
 1153 052a 18       		.uleb128 0x18
 1154 052b 0F010000 		.4byte	.LASF63
 1155 052f 01       		.byte	0x1
 1156 0530 63       		.byte	0x63
 1157 0531 2C000000 		.4byte	0x2c
 1158 0535 4F000000 		.4byte	.LLST2
 1159 0539 1A       		.uleb128 0x1a
 1160 053a 687000   		.ascii	"hp\000"
 1161 053d 01       		.byte	0x1
 1162 053e 64       		.byte	0x64
 1163 053f 49040000 		.4byte	0x449
 1164 0543 7D000000 		.4byte	.LLST3
 1165 0547 16       		.uleb128 0x16
 1166 0548 14000000 		.4byte	.LVL5
 1167 054c 01       		.byte	0x1
 1168 054d FE060000 		.4byte	0x6fe
 1169 0551 17       		.uleb128 0x17
 1170 0552 01       		.byte	0x1
 1171 0553 50       		.byte	0x50
 1172 0554 05       		.byte	0x5
 1173 0555 F3       		.byte	0xf3
 1174 0556 01       		.uleb128 0x1
 1175 0557 50       		.byte	0x50
 1176 0558 23       		.byte	0x23
 1177 0559 10       		.uleb128 0x10
 1178 055a 00       		.byte	0
 1179 055b 00       		.byte	0
 1180 055c 1B       		.uleb128 0x1b
 1181 055d 01       		.byte	0x1
 1182 055e 2A020000 		.4byte	.LASF73
 1183 0562 01       		.byte	0x1
 1184 0563 84       		.byte	0x84
 1185 0564 01       		.byte	0x1
 1186 0565 94020000 		.4byte	0x294
 1187 0569 00000000 		.4byte	.LFB9
 1188 056d 88000000 		.4byte	.LFE9
ARM GAS  /tmp/ccM3iFrl.s 			page 22


 1189 0571 9E000000 		.4byte	.LLST4
 1190 0575 01       		.byte	0x1
 1191 0576 F5050000 		.4byte	0x5f5
 1192 057a 18       		.uleb128 0x18
 1193 057b 51000000 		.4byte	.LASF71
 1194 057f 01       		.byte	0x1
 1195 0580 84       		.byte	0x84
 1196 0581 4F040000 		.4byte	0x44f
 1197 0585 BE000000 		.4byte	.LLST5
 1198 0589 18       		.uleb128 0x18
 1199 058a 0F010000 		.4byte	.LASF63
 1200 058e 01       		.byte	0x1
 1201 058f 84       		.byte	0x84
 1202 0590 2C000000 		.4byte	0x2c
 1203 0594 DC000000 		.4byte	.LLST6
 1204 0598 1A       		.uleb128 0x1a
 1205 0599 717000   		.ascii	"qp\000"
 1206 059c 01       		.byte	0x1
 1207 059d 85       		.byte	0x85
 1208 059e 49040000 		.4byte	0x449
 1209 05a2 07010000 		.4byte	.LLST7
 1210 05a6 1A       		.uleb128 0x1a
 1211 05a7 687000   		.ascii	"hp\000"
 1212 05aa 01       		.byte	0x1
 1213 05ab 85       		.byte	0x85
 1214 05ac 49040000 		.4byte	0x449
 1215 05b0 30010000 		.4byte	.LLST8
 1216 05b4 1A       		.uleb128 0x1a
 1217 05b5 667000   		.ascii	"fp\000"
 1218 05b8 01       		.byte	0x1
 1219 05b9 85       		.byte	0x85
 1220 05ba 49040000 		.4byte	0x449
 1221 05be 7C010000 		.4byte	.LLST9
 1222 05c2 1C       		.uleb128 0x1c
 1223 05c3 1C000000 		.4byte	.LVL11
 1224 05c7 12070000 		.4byte	0x712
 1225 05cb D6050000 		.4byte	0x5d6
 1226 05cf 17       		.uleb128 0x17
 1227 05d0 01       		.byte	0x1
 1228 05d1 50       		.byte	0x50
 1229 05d2 02       		.byte	0x2
 1230 05d3 76       		.byte	0x76
 1231 05d4 10       		.sleb128 16
 1232 05d5 00       		.byte	0
 1233 05d6 1D       		.uleb128 0x1d
 1234 05d7 5A000000 		.4byte	.LVL18
 1235 05db 26070000 		.4byte	0x726
 1236 05df 1D       		.uleb128 0x1d
 1237 05e0 68000000 		.4byte	.LVL20
 1238 05e4 26070000 		.4byte	0x726
 1239 05e8 1E       		.uleb128 0x1e
 1240 05e9 72000000 		.4byte	.LVL21
 1241 05ed 17       		.uleb128 0x17
 1242 05ee 01       		.byte	0x1
 1243 05ef 50       		.byte	0x50
 1244 05f0 02       		.byte	0x2
 1245 05f1 75       		.byte	0x75
ARM GAS  /tmp/ccM3iFrl.s 			page 23


 1246 05f2 08       		.sleb128 8
 1247 05f3 00       		.byte	0
 1248 05f4 00       		.byte	0
 1249 05f5 1F       		.uleb128 0x1f
 1250 05f6 01       		.byte	0x1
 1251 05f7 AA000000 		.4byte	.LASF72
 1252 05fb 01       		.byte	0x1
 1253 05fc C2       		.byte	0xc2
 1254 05fd 01       		.byte	0x1
 1255 05fe 00000000 		.4byte	.LFB10
 1256 0602 86000000 		.4byte	.LFE10
 1257 0606 8F010000 		.4byte	.LLST10
 1258 060a 01       		.byte	0x1
 1259 060b 64060000 		.4byte	0x664
 1260 060f 19       		.uleb128 0x19
 1261 0610 7000     		.ascii	"p\000"
 1262 0612 01       		.byte	0x1
 1263 0613 C2       		.byte	0xc2
 1264 0614 94020000 		.4byte	0x294
 1265 0618 AF010000 		.4byte	.LLST11
 1266 061c 1A       		.uleb128 0x1a
 1267 061d 717000   		.ascii	"qp\000"
 1268 0620 01       		.byte	0x1
 1269 0621 C3       		.byte	0xc3
 1270 0622 49040000 		.4byte	0x449
 1271 0626 CD010000 		.4byte	.LLST12
 1272 062a 20       		.uleb128 0x20
 1273 062b 687000   		.ascii	"hp\000"
 1274 062e 01       		.byte	0x1
 1275 062f C3       		.byte	0xc3
 1276 0630 49040000 		.4byte	0x449
 1277 0634 01       		.byte	0x1
 1278 0635 54       		.byte	0x54
 1279 0636 21       		.uleb128 0x21
 1280 0637 51000000 		.4byte	.LASF71
 1281 063b 01       		.byte	0x1
 1282 063c C4       		.byte	0xc4
 1283 063d 4F040000 		.4byte	0x44f
 1284 0641 0C020000 		.4byte	.LLST13
 1285 0645 1C       		.uleb128 0x1c
 1286 0646 16000000 		.4byte	.LVL31
 1287 064a 12070000 		.4byte	0x712
 1288 064e 59060000 		.4byte	0x659
 1289 0652 17       		.uleb128 0x17
 1290 0653 01       		.byte	0x1
 1291 0654 50       		.byte	0x50
 1292 0655 02       		.byte	0x2
 1293 0656 75       		.byte	0x75
 1294 0657 08       		.sleb128 8
 1295 0658 00       		.byte	0
 1296 0659 22       		.uleb128 0x22
 1297 065a 58000000 		.4byte	.LVL36
 1298 065e 01       		.byte	0x1
 1299 065f 26070000 		.4byte	0x726
 1300 0663 00       		.byte	0
 1301 0664 1B       		.uleb128 0x1b
 1302 0665 01       		.byte	0x1
ARM GAS  /tmp/ccM3iFrl.s 			page 24


 1303 0666 61020000 		.4byte	.LASF74
 1304 066a 01       		.byte	0x1
 1305 066b FA       		.byte	0xfa
 1306 066c 01       		.byte	0x1
 1307 066d 2C000000 		.4byte	0x2c
 1308 0671 00000000 		.4byte	.LFB11
 1309 0675 40000000 		.4byte	.LFE11
 1310 0679 38020000 		.4byte	.LLST14
 1311 067d 01       		.byte	0x1
 1312 067e E7060000 		.4byte	0x6e7
 1313 0682 18       		.uleb128 0x18
 1314 0683 51000000 		.4byte	.LASF71
 1315 0687 01       		.byte	0x1
 1316 0688 FA       		.byte	0xfa
 1317 0689 4F040000 		.4byte	0x44f
 1318 068d 58020000 		.4byte	.LLST15
 1319 0691 18       		.uleb128 0x18
 1320 0692 C3020000 		.4byte	.LASF75
 1321 0696 01       		.byte	0x1
 1322 0697 FA       		.byte	0xfa
 1323 0698 E7060000 		.4byte	0x6e7
 1324 069c BB020000 		.4byte	.LLST16
 1325 06a0 1A       		.uleb128 0x1a
 1326 06a1 717000   		.ascii	"qp\000"
 1327 06a4 01       		.byte	0x1
 1328 06a5 FB       		.byte	0xfb
 1329 06a6 49040000 		.4byte	0x449
 1330 06aa D9020000 		.4byte	.LLST17
 1331 06ae 1A       		.uleb128 0x1a
 1332 06af 6E00     		.ascii	"n\000"
 1333 06b1 01       		.byte	0x1
 1334 06b2 FC       		.byte	0xfc
 1335 06b3 2C000000 		.4byte	0x2c
 1336 06b7 1A030000 		.4byte	.LLST18
 1337 06bb 1A       		.uleb128 0x1a
 1338 06bc 737A00   		.ascii	"sz\000"
 1339 06bf 01       		.byte	0x1
 1340 06c0 FC       		.byte	0xfc
 1341 06c1 2C000000 		.4byte	0x2c
 1342 06c5 45030000 		.4byte	.LLST19
 1343 06c9 1C       		.uleb128 0x1c
 1344 06ca 14000000 		.4byte	.LVL39
 1345 06ce 12070000 		.4byte	0x712
 1346 06d2 DD060000 		.4byte	0x6dd
 1347 06d6 17       		.uleb128 0x17
 1348 06d7 01       		.byte	0x1
 1349 06d8 50       		.byte	0x50
 1350 06d9 02       		.byte	0x2
 1351 06da 74       		.byte	0x74
 1352 06db 10       		.sleb128 16
 1353 06dc 00       		.byte	0
 1354 06dd 1D       		.uleb128 0x1d
 1355 06de 30000000 		.4byte	.LVL44
 1356 06e2 26070000 		.4byte	0x726
 1357 06e6 00       		.byte	0
 1358 06e7 09       		.uleb128 0x9
 1359 06e8 04       		.byte	0x4
ARM GAS  /tmp/ccM3iFrl.s 			page 25


 1360 06e9 2C000000 		.4byte	0x2c
 1361 06ed 23       		.uleb128 0x23
 1362 06ee 4F020000 		.4byte	.LASF76
 1363 06f2 01       		.byte	0x1
 1364 06f3 44       		.byte	0x44
 1365 06f4 C7030000 		.4byte	0x3c7
 1366 06f8 05       		.byte	0x5
 1367 06f9 03       		.byte	0x3
 1368 06fa 00000000 		.4byte	default_heap
 1369 06fe 24       		.uleb128 0x24
 1370 06ff 01       		.byte	0x1
 1371 0700 A3020000 		.4byte	.LASF77
 1372 0704 08       		.byte	0x8
 1373 0705 38       		.byte	0x38
 1374 0706 01       		.byte	0x1
 1375 0707 01       		.byte	0x1
 1376 0708 12070000 		.4byte	0x712
 1377 070c 0F       		.uleb128 0xf
 1378 070d BF040000 		.4byte	0x4bf
 1379 0711 00       		.byte	0
 1380 0712 24       		.uleb128 0x24
 1381 0713 01       		.byte	0x1
 1382 0714 67010000 		.4byte	.LASF78
 1383 0718 08       		.byte	0x8
 1384 0719 39       		.byte	0x39
 1385 071a 01       		.byte	0x1
 1386 071b 01       		.byte	0x1
 1387 071c 26070000 		.4byte	0x726
 1388 0720 0F       		.uleb128 0xf
 1389 0721 BF040000 		.4byte	0x4bf
 1390 0725 00       		.byte	0
 1391 0726 25       		.uleb128 0x25
 1392 0727 01       		.byte	0x1
 1393 0728 57000000 		.4byte	.LASF82
 1394 072c 08       		.byte	0x8
 1395 072d 3D       		.byte	0x3d
 1396 072e 01       		.byte	0x1
 1397 072f BF040000 		.4byte	0x4bf
 1398 0733 01       		.byte	0x1
 1399 0734 00       		.byte	0
 1400              		.section	.debug_abbrev,"",%progbits
 1401              	.Ldebug_abbrev0:
 1402 0000 01       		.uleb128 0x1
 1403 0001 11       		.uleb128 0x11
 1404 0002 01       		.byte	0x1
 1405 0003 25       		.uleb128 0x25
 1406 0004 0E       		.uleb128 0xe
 1407 0005 13       		.uleb128 0x13
 1408 0006 0B       		.uleb128 0xb
 1409 0007 03       		.uleb128 0x3
 1410 0008 0E       		.uleb128 0xe
 1411 0009 55       		.uleb128 0x55
 1412 000a 06       		.uleb128 0x6
 1413 000b 11       		.uleb128 0x11
 1414 000c 01       		.uleb128 0x1
 1415 000d 52       		.uleb128 0x52
 1416 000e 01       		.uleb128 0x1
ARM GAS  /tmp/ccM3iFrl.s 			page 26


 1417 000f 10       		.uleb128 0x10
 1418 0010 06       		.uleb128 0x6
 1419 0011 00       		.byte	0
 1420 0012 00       		.byte	0
 1421 0013 02       		.uleb128 0x2
 1422 0014 24       		.uleb128 0x24
 1423 0015 00       		.byte	0
 1424 0016 0B       		.uleb128 0xb
 1425 0017 0B       		.uleb128 0xb
 1426 0018 3E       		.uleb128 0x3e
 1427 0019 0B       		.uleb128 0xb
 1428 001a 03       		.uleb128 0x3
 1429 001b 08       		.uleb128 0x8
 1430 001c 00       		.byte	0
 1431 001d 00       		.byte	0
 1432 001e 03       		.uleb128 0x3
 1433 001f 16       		.uleb128 0x16
 1434 0020 00       		.byte	0
 1435 0021 03       		.uleb128 0x3
 1436 0022 0E       		.uleb128 0xe
 1437 0023 3A       		.uleb128 0x3a
 1438 0024 0B       		.uleb128 0xb
 1439 0025 3B       		.uleb128 0x3b
 1440 0026 0B       		.uleb128 0xb
 1441 0027 49       		.uleb128 0x49
 1442 0028 13       		.uleb128 0x13
 1443 0029 00       		.byte	0
 1444 002a 00       		.byte	0
 1445 002b 04       		.uleb128 0x4
 1446 002c 24       		.uleb128 0x24
 1447 002d 00       		.byte	0
 1448 002e 0B       		.uleb128 0xb
 1449 002f 0B       		.uleb128 0xb
 1450 0030 3E       		.uleb128 0x3e
 1451 0031 0B       		.uleb128 0xb
 1452 0032 03       		.uleb128 0x3
 1453 0033 0E       		.uleb128 0xe
 1454 0034 00       		.byte	0
 1455 0035 00       		.byte	0
 1456 0036 05       		.uleb128 0x5
 1457 0037 13       		.uleb128 0x13
 1458 0038 01       		.byte	0x1
 1459 0039 03       		.uleb128 0x3
 1460 003a 0E       		.uleb128 0xe
 1461 003b 0B       		.uleb128 0xb
 1462 003c 0B       		.uleb128 0xb
 1463 003d 3A       		.uleb128 0x3a
 1464 003e 0B       		.uleb128 0xb
 1465 003f 3B       		.uleb128 0x3b
 1466 0040 0B       		.uleb128 0xb
 1467 0041 01       		.uleb128 0x1
 1468 0042 13       		.uleb128 0x13
 1469 0043 00       		.byte	0
 1470 0044 00       		.byte	0
 1471 0045 06       		.uleb128 0x6
 1472 0046 0D       		.uleb128 0xd
 1473 0047 00       		.byte	0
ARM GAS  /tmp/ccM3iFrl.s 			page 27


 1474 0048 03       		.uleb128 0x3
 1475 0049 0E       		.uleb128 0xe
 1476 004a 3A       		.uleb128 0x3a
 1477 004b 0B       		.uleb128 0xb
 1478 004c 3B       		.uleb128 0x3b
 1479 004d 0B       		.uleb128 0xb
 1480 004e 49       		.uleb128 0x49
 1481 004f 13       		.uleb128 0x13
 1482 0050 38       		.uleb128 0x38
 1483 0051 0A       		.uleb128 0xa
 1484 0052 00       		.byte	0
 1485 0053 00       		.byte	0
 1486 0054 07       		.uleb128 0x7
 1487 0055 0D       		.uleb128 0xd
 1488 0056 00       		.byte	0
 1489 0057 03       		.uleb128 0x3
 1490 0058 08       		.uleb128 0x8
 1491 0059 3A       		.uleb128 0x3a
 1492 005a 0B       		.uleb128 0xb
 1493 005b 3B       		.uleb128 0x3b
 1494 005c 0B       		.uleb128 0xb
 1495 005d 49       		.uleb128 0x49
 1496 005e 13       		.uleb128 0x13
 1497 005f 38       		.uleb128 0x38
 1498 0060 0A       		.uleb128 0xa
 1499 0061 00       		.byte	0
 1500 0062 00       		.byte	0
 1501 0063 08       		.uleb128 0x8
 1502 0064 13       		.uleb128 0x13
 1503 0065 01       		.byte	0x1
 1504 0066 0B       		.uleb128 0xb
 1505 0067 0B       		.uleb128 0xb
 1506 0068 3A       		.uleb128 0x3a
 1507 0069 0B       		.uleb128 0xb
 1508 006a 3B       		.uleb128 0x3b
 1509 006b 0B       		.uleb128 0xb
 1510 006c 01       		.uleb128 0x1
 1511 006d 13       		.uleb128 0x13
 1512 006e 00       		.byte	0
 1513 006f 00       		.byte	0
 1514 0070 09       		.uleb128 0x9
 1515 0071 0F       		.uleb128 0xf
 1516 0072 00       		.byte	0
 1517 0073 0B       		.uleb128 0xb
 1518 0074 0B       		.uleb128 0xb
 1519 0075 49       		.uleb128 0x49
 1520 0076 13       		.uleb128 0x13
 1521 0077 00       		.byte	0
 1522 0078 00       		.byte	0
 1523 0079 0A       		.uleb128 0xa
 1524 007a 0F       		.uleb128 0xf
 1525 007b 00       		.byte	0
 1526 007c 0B       		.uleb128 0xb
 1527 007d 0B       		.uleb128 0xb
 1528 007e 00       		.byte	0
 1529 007f 00       		.byte	0
 1530 0080 0B       		.uleb128 0xb
ARM GAS  /tmp/ccM3iFrl.s 			page 28


 1531 0081 13       		.uleb128 0x13
 1532 0082 01       		.byte	0x1
 1533 0083 03       		.uleb128 0x3
 1534 0084 0E       		.uleb128 0xe
 1535 0085 0B       		.uleb128 0xb
 1536 0086 0B       		.uleb128 0xb
 1537 0087 3A       		.uleb128 0x3a
 1538 0088 0B       		.uleb128 0xb
 1539 0089 3B       		.uleb128 0x3b
 1540 008a 05       		.uleb128 0x5
 1541 008b 01       		.uleb128 0x1
 1542 008c 13       		.uleb128 0x13
 1543 008d 00       		.byte	0
 1544 008e 00       		.byte	0
 1545 008f 0C       		.uleb128 0xc
 1546 0090 0D       		.uleb128 0xd
 1547 0091 00       		.byte	0
 1548 0092 03       		.uleb128 0x3
 1549 0093 08       		.uleb128 0x8
 1550 0094 3A       		.uleb128 0x3a
 1551 0095 0B       		.uleb128 0xb
 1552 0096 3B       		.uleb128 0x3b
 1553 0097 05       		.uleb128 0x5
 1554 0098 49       		.uleb128 0x49
 1555 0099 13       		.uleb128 0x13
 1556 009a 38       		.uleb128 0x38
 1557 009b 0A       		.uleb128 0xa
 1558 009c 00       		.byte	0
 1559 009d 00       		.byte	0
 1560 009e 0D       		.uleb128 0xd
 1561 009f 35       		.uleb128 0x35
 1562 00a0 00       		.byte	0
 1563 00a1 49       		.uleb128 0x49
 1564 00a2 13       		.uleb128 0x13
 1565 00a3 00       		.byte	0
 1566 00a4 00       		.byte	0
 1567 00a5 0E       		.uleb128 0xe
 1568 00a6 15       		.uleb128 0x15
 1569 00a7 01       		.byte	0x1
 1570 00a8 27       		.uleb128 0x27
 1571 00a9 0C       		.uleb128 0xc
 1572 00aa 49       		.uleb128 0x49
 1573 00ab 13       		.uleb128 0x13
 1574 00ac 01       		.uleb128 0x1
 1575 00ad 13       		.uleb128 0x13
 1576 00ae 00       		.byte	0
 1577 00af 00       		.byte	0
 1578 00b0 0F       		.uleb128 0xf
 1579 00b1 05       		.uleb128 0x5
 1580 00b2 00       		.byte	0
 1581 00b3 49       		.uleb128 0x49
 1582 00b4 13       		.uleb128 0x13
 1583 00b5 00       		.byte	0
 1584 00b6 00       		.byte	0
 1585 00b7 10       		.uleb128 0x10
 1586 00b8 17       		.uleb128 0x17
 1587 00b9 01       		.byte	0x1
ARM GAS  /tmp/ccM3iFrl.s 			page 29


 1588 00ba 0B       		.uleb128 0xb
 1589 00bb 0B       		.uleb128 0xb
 1590 00bc 3A       		.uleb128 0x3a
 1591 00bd 0B       		.uleb128 0xb
 1592 00be 3B       		.uleb128 0x3b
 1593 00bf 0B       		.uleb128 0xb
 1594 00c0 01       		.uleb128 0x1
 1595 00c1 13       		.uleb128 0x13
 1596 00c2 00       		.byte	0
 1597 00c3 00       		.byte	0
 1598 00c4 11       		.uleb128 0x11
 1599 00c5 0D       		.uleb128 0xd
 1600 00c6 00       		.byte	0
 1601 00c7 03       		.uleb128 0x3
 1602 00c8 0E       		.uleb128 0xe
 1603 00c9 3A       		.uleb128 0x3a
 1604 00ca 0B       		.uleb128 0xb
 1605 00cb 3B       		.uleb128 0x3b
 1606 00cc 0B       		.uleb128 0xb
 1607 00cd 49       		.uleb128 0x49
 1608 00ce 13       		.uleb128 0x13
 1609 00cf 00       		.byte	0
 1610 00d0 00       		.byte	0
 1611 00d1 12       		.uleb128 0x12
 1612 00d2 17       		.uleb128 0x17
 1613 00d3 01       		.byte	0x1
 1614 00d4 03       		.uleb128 0x3
 1615 00d5 0E       		.uleb128 0xe
 1616 00d6 0B       		.uleb128 0xb
 1617 00d7 0B       		.uleb128 0xb
 1618 00d8 3A       		.uleb128 0x3a
 1619 00d9 0B       		.uleb128 0xb
 1620 00da 3B       		.uleb128 0x3b
 1621 00db 0B       		.uleb128 0xb
 1622 00dc 01       		.uleb128 0x1
 1623 00dd 13       		.uleb128 0x13
 1624 00de 00       		.byte	0
 1625 00df 00       		.byte	0
 1626 00e0 13       		.uleb128 0x13
 1627 00e1 0D       		.uleb128 0xd
 1628 00e2 00       		.byte	0
 1629 00e3 03       		.uleb128 0x3
 1630 00e4 08       		.uleb128 0x8
 1631 00e5 3A       		.uleb128 0x3a
 1632 00e6 0B       		.uleb128 0xb
 1633 00e7 3B       		.uleb128 0x3b
 1634 00e8 0B       		.uleb128 0xb
 1635 00e9 49       		.uleb128 0x49
 1636 00ea 13       		.uleb128 0x13
 1637 00eb 00       		.byte	0
 1638 00ec 00       		.byte	0
 1639 00ed 14       		.uleb128 0x14
 1640 00ee 26       		.uleb128 0x26
 1641 00ef 00       		.byte	0
 1642 00f0 49       		.uleb128 0x49
 1643 00f1 13       		.uleb128 0x13
 1644 00f2 00       		.byte	0
ARM GAS  /tmp/ccM3iFrl.s 			page 30


 1645 00f3 00       		.byte	0
 1646 00f4 15       		.uleb128 0x15
 1647 00f5 2E       		.uleb128 0x2e
 1648 00f6 01       		.byte	0x1
 1649 00f7 3F       		.uleb128 0x3f
 1650 00f8 0C       		.uleb128 0xc
 1651 00f9 03       		.uleb128 0x3
 1652 00fa 0E       		.uleb128 0xe
 1653 00fb 3A       		.uleb128 0x3a
 1654 00fc 0B       		.uleb128 0xb
 1655 00fd 3B       		.uleb128 0x3b
 1656 00fe 0B       		.uleb128 0xb
 1657 00ff 27       		.uleb128 0x27
 1658 0100 0C       		.uleb128 0xc
 1659 0101 11       		.uleb128 0x11
 1660 0102 01       		.uleb128 0x1
 1661 0103 12       		.uleb128 0x12
 1662 0104 01       		.uleb128 0x1
 1663 0105 40       		.uleb128 0x40
 1664 0106 0A       		.uleb128 0xa
 1665 0107 9742     		.uleb128 0x2117
 1666 0109 0C       		.uleb128 0xc
 1667 010a 01       		.uleb128 0x1
 1668 010b 13       		.uleb128 0x13
 1669 010c 00       		.byte	0
 1670 010d 00       		.byte	0
 1671 010e 16       		.uleb128 0x16
 1672 010f 898201   		.uleb128 0x4109
 1673 0112 01       		.byte	0x1
 1674 0113 11       		.uleb128 0x11
 1675 0114 01       		.uleb128 0x1
 1676 0115 9542     		.uleb128 0x2115
 1677 0117 0C       		.uleb128 0xc
 1678 0118 31       		.uleb128 0x31
 1679 0119 13       		.uleb128 0x13
 1680 011a 00       		.byte	0
 1681 011b 00       		.byte	0
 1682 011c 17       		.uleb128 0x17
 1683 011d 8A8201   		.uleb128 0x410a
 1684 0120 00       		.byte	0
 1685 0121 02       		.uleb128 0x2
 1686 0122 0A       		.uleb128 0xa
 1687 0123 9142     		.uleb128 0x2111
 1688 0125 0A       		.uleb128 0xa
 1689 0126 00       		.byte	0
 1690 0127 00       		.byte	0
 1691 0128 18       		.uleb128 0x18
 1692 0129 05       		.uleb128 0x5
 1693 012a 00       		.byte	0
 1694 012b 03       		.uleb128 0x3
 1695 012c 0E       		.uleb128 0xe
 1696 012d 3A       		.uleb128 0x3a
 1697 012e 0B       		.uleb128 0xb
 1698 012f 3B       		.uleb128 0x3b
 1699 0130 0B       		.uleb128 0xb
 1700 0131 49       		.uleb128 0x49
 1701 0132 13       		.uleb128 0x13
ARM GAS  /tmp/ccM3iFrl.s 			page 31


 1702 0133 02       		.uleb128 0x2
 1703 0134 06       		.uleb128 0x6
 1704 0135 00       		.byte	0
 1705 0136 00       		.byte	0
 1706 0137 19       		.uleb128 0x19
 1707 0138 05       		.uleb128 0x5
 1708 0139 00       		.byte	0
 1709 013a 03       		.uleb128 0x3
 1710 013b 08       		.uleb128 0x8
 1711 013c 3A       		.uleb128 0x3a
 1712 013d 0B       		.uleb128 0xb
 1713 013e 3B       		.uleb128 0x3b
 1714 013f 0B       		.uleb128 0xb
 1715 0140 49       		.uleb128 0x49
 1716 0141 13       		.uleb128 0x13
 1717 0142 02       		.uleb128 0x2
 1718 0143 06       		.uleb128 0x6
 1719 0144 00       		.byte	0
 1720 0145 00       		.byte	0
 1721 0146 1A       		.uleb128 0x1a
 1722 0147 34       		.uleb128 0x34
 1723 0148 00       		.byte	0
 1724 0149 03       		.uleb128 0x3
 1725 014a 08       		.uleb128 0x8
 1726 014b 3A       		.uleb128 0x3a
 1727 014c 0B       		.uleb128 0xb
 1728 014d 3B       		.uleb128 0x3b
 1729 014e 0B       		.uleb128 0xb
 1730 014f 49       		.uleb128 0x49
 1731 0150 13       		.uleb128 0x13
 1732 0151 02       		.uleb128 0x2
 1733 0152 06       		.uleb128 0x6
 1734 0153 00       		.byte	0
 1735 0154 00       		.byte	0
 1736 0155 1B       		.uleb128 0x1b
 1737 0156 2E       		.uleb128 0x2e
 1738 0157 01       		.byte	0x1
 1739 0158 3F       		.uleb128 0x3f
 1740 0159 0C       		.uleb128 0xc
 1741 015a 03       		.uleb128 0x3
 1742 015b 0E       		.uleb128 0xe
 1743 015c 3A       		.uleb128 0x3a
 1744 015d 0B       		.uleb128 0xb
 1745 015e 3B       		.uleb128 0x3b
 1746 015f 0B       		.uleb128 0xb
 1747 0160 27       		.uleb128 0x27
 1748 0161 0C       		.uleb128 0xc
 1749 0162 49       		.uleb128 0x49
 1750 0163 13       		.uleb128 0x13
 1751 0164 11       		.uleb128 0x11
 1752 0165 01       		.uleb128 0x1
 1753 0166 12       		.uleb128 0x12
 1754 0167 01       		.uleb128 0x1
 1755 0168 40       		.uleb128 0x40
 1756 0169 06       		.uleb128 0x6
 1757 016a 9742     		.uleb128 0x2117
 1758 016c 0C       		.uleb128 0xc
ARM GAS  /tmp/ccM3iFrl.s 			page 32


 1759 016d 01       		.uleb128 0x1
 1760 016e 13       		.uleb128 0x13
 1761 016f 00       		.byte	0
 1762 0170 00       		.byte	0
 1763 0171 1C       		.uleb128 0x1c
 1764 0172 898201   		.uleb128 0x4109
 1765 0175 01       		.byte	0x1
 1766 0176 11       		.uleb128 0x11
 1767 0177 01       		.uleb128 0x1
 1768 0178 31       		.uleb128 0x31
 1769 0179 13       		.uleb128 0x13
 1770 017a 01       		.uleb128 0x1
 1771 017b 13       		.uleb128 0x13
 1772 017c 00       		.byte	0
 1773 017d 00       		.byte	0
 1774 017e 1D       		.uleb128 0x1d
 1775 017f 898201   		.uleb128 0x4109
 1776 0182 00       		.byte	0
 1777 0183 11       		.uleb128 0x11
 1778 0184 01       		.uleb128 0x1
 1779 0185 31       		.uleb128 0x31
 1780 0186 13       		.uleb128 0x13
 1781 0187 00       		.byte	0
 1782 0188 00       		.byte	0
 1783 0189 1E       		.uleb128 0x1e
 1784 018a 898201   		.uleb128 0x4109
 1785 018d 01       		.byte	0x1
 1786 018e 11       		.uleb128 0x11
 1787 018f 01       		.uleb128 0x1
 1788 0190 00       		.byte	0
 1789 0191 00       		.byte	0
 1790 0192 1F       		.uleb128 0x1f
 1791 0193 2E       		.uleb128 0x2e
 1792 0194 01       		.byte	0x1
 1793 0195 3F       		.uleb128 0x3f
 1794 0196 0C       		.uleb128 0xc
 1795 0197 03       		.uleb128 0x3
 1796 0198 0E       		.uleb128 0xe
 1797 0199 3A       		.uleb128 0x3a
 1798 019a 0B       		.uleb128 0xb
 1799 019b 3B       		.uleb128 0x3b
 1800 019c 0B       		.uleb128 0xb
 1801 019d 27       		.uleb128 0x27
 1802 019e 0C       		.uleb128 0xc
 1803 019f 11       		.uleb128 0x11
 1804 01a0 01       		.uleb128 0x1
 1805 01a1 12       		.uleb128 0x12
 1806 01a2 01       		.uleb128 0x1
 1807 01a3 40       		.uleb128 0x40
 1808 01a4 06       		.uleb128 0x6
 1809 01a5 9742     		.uleb128 0x2117
 1810 01a7 0C       		.uleb128 0xc
 1811 01a8 01       		.uleb128 0x1
 1812 01a9 13       		.uleb128 0x13
 1813 01aa 00       		.byte	0
 1814 01ab 00       		.byte	0
 1815 01ac 20       		.uleb128 0x20
ARM GAS  /tmp/ccM3iFrl.s 			page 33


 1816 01ad 34       		.uleb128 0x34
 1817 01ae 00       		.byte	0
 1818 01af 03       		.uleb128 0x3
 1819 01b0 08       		.uleb128 0x8
 1820 01b1 3A       		.uleb128 0x3a
 1821 01b2 0B       		.uleb128 0xb
 1822 01b3 3B       		.uleb128 0x3b
 1823 01b4 0B       		.uleb128 0xb
 1824 01b5 49       		.uleb128 0x49
 1825 01b6 13       		.uleb128 0x13
 1826 01b7 02       		.uleb128 0x2
 1827 01b8 0A       		.uleb128 0xa
 1828 01b9 00       		.byte	0
 1829 01ba 00       		.byte	0
 1830 01bb 21       		.uleb128 0x21
 1831 01bc 34       		.uleb128 0x34
 1832 01bd 00       		.byte	0
 1833 01be 03       		.uleb128 0x3
 1834 01bf 0E       		.uleb128 0xe
 1835 01c0 3A       		.uleb128 0x3a
 1836 01c1 0B       		.uleb128 0xb
 1837 01c2 3B       		.uleb128 0x3b
 1838 01c3 0B       		.uleb128 0xb
 1839 01c4 49       		.uleb128 0x49
 1840 01c5 13       		.uleb128 0x13
 1841 01c6 02       		.uleb128 0x2
 1842 01c7 06       		.uleb128 0x6
 1843 01c8 00       		.byte	0
 1844 01c9 00       		.byte	0
 1845 01ca 22       		.uleb128 0x22
 1846 01cb 898201   		.uleb128 0x4109
 1847 01ce 00       		.byte	0
 1848 01cf 11       		.uleb128 0x11
 1849 01d0 01       		.uleb128 0x1
 1850 01d1 9542     		.uleb128 0x2115
 1851 01d3 0C       		.uleb128 0xc
 1852 01d4 31       		.uleb128 0x31
 1853 01d5 13       		.uleb128 0x13
 1854 01d6 00       		.byte	0
 1855 01d7 00       		.byte	0
 1856 01d8 23       		.uleb128 0x23
 1857 01d9 34       		.uleb128 0x34
 1858 01da 00       		.byte	0
 1859 01db 03       		.uleb128 0x3
 1860 01dc 0E       		.uleb128 0xe
 1861 01dd 3A       		.uleb128 0x3a
 1862 01de 0B       		.uleb128 0xb
 1863 01df 3B       		.uleb128 0x3b
 1864 01e0 0B       		.uleb128 0xb
 1865 01e1 49       		.uleb128 0x49
 1866 01e2 13       		.uleb128 0x13
 1867 01e3 02       		.uleb128 0x2
 1868 01e4 0A       		.uleb128 0xa
 1869 01e5 00       		.byte	0
 1870 01e6 00       		.byte	0
 1871 01e7 24       		.uleb128 0x24
 1872 01e8 2E       		.uleb128 0x2e
ARM GAS  /tmp/ccM3iFrl.s 			page 34


 1873 01e9 01       		.byte	0x1
 1874 01ea 3F       		.uleb128 0x3f
 1875 01eb 0C       		.uleb128 0xc
 1876 01ec 03       		.uleb128 0x3
 1877 01ed 0E       		.uleb128 0xe
 1878 01ee 3A       		.uleb128 0x3a
 1879 01ef 0B       		.uleb128 0xb
 1880 01f0 3B       		.uleb128 0x3b
 1881 01f1 0B       		.uleb128 0xb
 1882 01f2 27       		.uleb128 0x27
 1883 01f3 0C       		.uleb128 0xc
 1884 01f4 3C       		.uleb128 0x3c
 1885 01f5 0C       		.uleb128 0xc
 1886 01f6 01       		.uleb128 0x1
 1887 01f7 13       		.uleb128 0x13
 1888 01f8 00       		.byte	0
 1889 01f9 00       		.byte	0
 1890 01fa 25       		.uleb128 0x25
 1891 01fb 2E       		.uleb128 0x2e
 1892 01fc 00       		.byte	0
 1893 01fd 3F       		.uleb128 0x3f
 1894 01fe 0C       		.uleb128 0xc
 1895 01ff 03       		.uleb128 0x3
 1896 0200 0E       		.uleb128 0xe
 1897 0201 3A       		.uleb128 0x3a
 1898 0202 0B       		.uleb128 0xb
 1899 0203 3B       		.uleb128 0x3b
 1900 0204 0B       		.uleb128 0xb
 1901 0205 27       		.uleb128 0x27
 1902 0206 0C       		.uleb128 0xc
 1903 0207 49       		.uleb128 0x49
 1904 0208 13       		.uleb128 0x13
 1905 0209 3C       		.uleb128 0x3c
 1906 020a 0C       		.uleb128 0xc
 1907 020b 00       		.byte	0
 1908 020c 00       		.byte	0
 1909 020d 00       		.byte	0
 1910              		.section	.debug_loc,"",%progbits
 1911              	.Ldebug_loc0:
 1912              	.LLST0:
 1913 0000 00000000 		.4byte	.LVL1
 1914 0004 0C000000 		.4byte	.LVL4
 1915 0008 0100     		.2byte	0x1
 1916 000a 50       		.byte	0x50
 1917 000b 0C000000 		.4byte	.LVL4
 1918 000f 13000000 		.4byte	.LVL5-1
 1919 0013 0300     		.2byte	0x3
 1920 0015 70       		.byte	0x70
 1921 0016 70       		.sleb128 -16
 1922 0017 9F       		.byte	0x9f
 1923 0018 13000000 		.4byte	.LVL5-1
 1924 001c 14000000 		.4byte	.LFE8
 1925 0020 0400     		.2byte	0x4
 1926 0022 F3       		.byte	0xf3
 1927 0023 01       		.uleb128 0x1
 1928 0024 50       		.byte	0x50
 1929 0025 9F       		.byte	0x9f
ARM GAS  /tmp/ccM3iFrl.s 			page 35


 1930 0026 00000000 		.4byte	0
 1931 002a 00000000 		.4byte	0
 1932              	.LLST1:
 1933 002e 00000000 		.4byte	.LVL1
 1934 0032 13000000 		.4byte	.LVL5-1
 1935 0036 0100     		.2byte	0x1
 1936 0038 51       		.byte	0x51
 1937 0039 13000000 		.4byte	.LVL5-1
 1938 003d 14000000 		.4byte	.LFE8
 1939 0041 0400     		.2byte	0x4
 1940 0043 F3       		.byte	0xf3
 1941 0044 01       		.uleb128 0x1
 1942 0045 51       		.byte	0x51
 1943 0046 9F       		.byte	0x9f
 1944 0047 00000000 		.4byte	0
 1945 004b 00000000 		.4byte	0
 1946              	.LLST2:
 1947 004f 00000000 		.4byte	.LVL1
 1948 0053 0A000000 		.4byte	.LVL3
 1949 0057 0100     		.2byte	0x1
 1950 0059 52       		.byte	0x52
 1951 005a 0A000000 		.4byte	.LVL3
 1952 005e 13000000 		.4byte	.LVL5-1
 1953 0062 0300     		.2byte	0x3
 1954 0064 72       		.byte	0x72
 1955 0065 08       		.sleb128 8
 1956 0066 9F       		.byte	0x9f
 1957 0067 13000000 		.4byte	.LVL5-1
 1958 006b 14000000 		.4byte	.LFE8
 1959 006f 0400     		.2byte	0x4
 1960 0071 F3       		.byte	0xf3
 1961 0072 01       		.uleb128 0x1
 1962 0073 52       		.byte	0x52
 1963 0074 9F       		.byte	0x9f
 1964 0075 00000000 		.4byte	0
 1965 0079 00000000 		.4byte	0
 1966              	.LLST3:
 1967 007d 04000000 		.4byte	.LVL2
 1968 0081 13000000 		.4byte	.LVL5-1
 1969 0085 0100     		.2byte	0x1
 1970 0087 51       		.byte	0x51
 1971 0088 13000000 		.4byte	.LVL5-1
 1972 008c 14000000 		.4byte	.LFE8
 1973 0090 0400     		.2byte	0x4
 1974 0092 F3       		.byte	0xf3
 1975 0093 01       		.uleb128 0x1
 1976 0094 51       		.byte	0x51
 1977 0095 9F       		.byte	0x9f
 1978 0096 00000000 		.4byte	0
 1979 009a 00000000 		.4byte	0
 1980              	.LLST4:
 1981 009e 00000000 		.4byte	.LFB9
 1982 00a2 02000000 		.4byte	.LCFI0
 1983 00a6 0200     		.2byte	0x2
 1984 00a8 7D       		.byte	0x7d
 1985 00a9 00       		.sleb128 0
 1986 00aa 02000000 		.4byte	.LCFI0
ARM GAS  /tmp/ccM3iFrl.s 			page 36


 1987 00ae 88000000 		.4byte	.LFE9
 1988 00b2 0200     		.2byte	0x2
 1989 00b4 7D       		.byte	0x7d
 1990 00b5 18       		.sleb128 24
 1991 00b6 00000000 		.4byte	0
 1992 00ba 00000000 		.4byte	0
 1993              	.LLST5:
 1994 00be 00000000 		.4byte	.LVL6
 1995 00c2 0A000000 		.4byte	.LVL7
 1996 00c6 0100     		.2byte	0x1
 1997 00c8 50       		.byte	0x50
 1998 00c9 0A000000 		.4byte	.LVL7
 1999 00cd 88000000 		.4byte	.LFE9
 2000 00d1 0100     		.2byte	0x1
 2001 00d3 56       		.byte	0x56
 2002 00d4 00000000 		.4byte	0
 2003 00d8 00000000 		.4byte	0
 2004              	.LLST6:
 2005 00dc 00000000 		.4byte	.LVL6
 2006 00e0 0C000000 		.4byte	.LVL8
 2007 00e4 0100     		.2byte	0x1
 2008 00e6 51       		.byte	0x51
 2009 00e7 0C000000 		.4byte	.LVL8
 2010 00eb 14000000 		.4byte	.LVL9
 2011 00ef 0300     		.2byte	0x3
 2012 00f1 71       		.byte	0x71
 2013 00f2 79       		.sleb128 -7
 2014 00f3 9F       		.byte	0x9f
 2015 00f4 14000000 		.4byte	.LVL9
 2016 00f8 88000000 		.4byte	.LFE9
 2017 00fc 0100     		.2byte	0x1
 2018 00fe 55       		.byte	0x55
 2019 00ff 00000000 		.4byte	0
 2020 0103 00000000 		.4byte	0
 2021              	.LLST7:
 2022 0107 18000000 		.4byte	.LVL10
 2023 010b 52000000 		.4byte	.LVL17
 2024 010f 0100     		.2byte	0x1
 2025 0111 54       		.byte	0x54
 2026 0112 5E000000 		.4byte	.LVL19
 2027 0116 78000000 		.4byte	.LVL22
 2028 011a 0100     		.2byte	0x1
 2029 011c 54       		.byte	0x54
 2030 011d 80000000 		.4byte	.LVL24
 2031 0121 82000000 		.4byte	.LVL25
 2032 0125 0100     		.2byte	0x1
 2033 0127 54       		.byte	0x54
 2034 0128 00000000 		.4byte	0
 2035 012c 00000000 		.4byte	0
 2036              	.LLST8:
 2037 0130 1E000000 		.4byte	.LVL12
 2038 0134 20000000 		.4byte	.LVL13
 2039 0138 0100     		.2byte	0x1
 2040 013a 53       		.byte	0x53
 2041 013b 22000000 		.4byte	.LVL14
 2042 013f 59000000 		.4byte	.LVL18-1
 2043 0143 0100     		.2byte	0x1
ARM GAS  /tmp/ccM3iFrl.s 			page 37


 2044 0145 53       		.byte	0x53
 2045 0146 59000000 		.4byte	.LVL18-1
 2046 014a 5A000000 		.4byte	.LVL18
 2047 014e 0300     		.2byte	0x3
 2048 0150 74       		.byte	0x74
 2049 0151 78       		.sleb128 -8
 2050 0152 9F       		.byte	0x9f
 2051 0153 5E000000 		.4byte	.LVL19
 2052 0157 67000000 		.4byte	.LVL20-1
 2053 015b 0100     		.2byte	0x1
 2054 015d 53       		.byte	0x53
 2055 015e 72000000 		.4byte	.LVL21
 2056 0162 7C000000 		.4byte	.LVL23
 2057 0166 0100     		.2byte	0x1
 2058 0168 50       		.byte	0x50
 2059 0169 7C000000 		.4byte	.LVL23
 2060 016d 80000000 		.4byte	.LVL24
 2061 0171 0100     		.2byte	0x1
 2062 0173 54       		.byte	0x54
 2063 0174 00000000 		.4byte	0
 2064 0178 00000000 		.4byte	0
 2065              	.LLST9:
 2066 017c 40000000 		.4byte	.LVL15
 2067 0180 50000000 		.4byte	.LVL16
 2068 0184 0100     		.2byte	0x1
 2069 0186 5E       		.byte	0x5e
 2070 0187 00000000 		.4byte	0
 2071 018b 00000000 		.4byte	0
 2072              	.LLST10:
 2073 018f 00000000 		.4byte	.LFB10
 2074 0193 02000000 		.4byte	.LCFI1
 2075 0197 0200     		.2byte	0x2
 2076 0199 7D       		.byte	0x7d
 2077 019a 00       		.sleb128 0
 2078 019b 02000000 		.4byte	.LCFI1
 2079 019f 86000000 		.4byte	.LFE10
 2080 01a3 0200     		.2byte	0x2
 2081 01a5 7D       		.byte	0x7d
 2082 01a6 10       		.sleb128 16
 2083 01a7 00000000 		.4byte	0
 2084 01ab 00000000 		.4byte	0
 2085              	.LLST11:
 2086 01af 00000000 		.4byte	.LVL26
 2087 01b3 0C000000 		.4byte	.LVL28
 2088 01b7 0100     		.2byte	0x1
 2089 01b9 50       		.byte	0x50
 2090 01ba 0C000000 		.4byte	.LVL28
 2091 01be 86000000 		.4byte	.LFE10
 2092 01c2 0100     		.2byte	0x1
 2093 01c4 56       		.byte	0x56
 2094 01c5 00000000 		.4byte	0
 2095 01c9 00000000 		.4byte	0
 2096              	.LLST12:
 2097 01cd 10000000 		.4byte	.LVL29
 2098 01d1 18000000 		.4byte	.LVL32
 2099 01d5 0100     		.2byte	0x1
 2100 01d7 55       		.byte	0x55
ARM GAS  /tmp/ccM3iFrl.s 			page 38


 2101 01d8 18000000 		.4byte	.LVL32
 2102 01dc 28000000 		.4byte	.LVL33
 2103 01e0 0100     		.2byte	0x1
 2104 01e2 53       		.byte	0x53
 2105 01e3 28000000 		.4byte	.LVL33
 2106 01e7 2C000000 		.4byte	.LVL34
 2107 01eb 0100     		.2byte	0x1
 2108 01ed 52       		.byte	0x52
 2109 01ee 2C000000 		.4byte	.LVL34
 2110 01f2 57000000 		.4byte	.LVL36-1
 2111 01f6 0100     		.2byte	0x1
 2112 01f8 53       		.byte	0x53
 2113 01f9 58000000 		.4byte	.LVL36
 2114 01fd 86000000 		.4byte	.LFE10
 2115 0201 0100     		.2byte	0x1
 2116 0203 53       		.byte	0x53
 2117 0204 00000000 		.4byte	0
 2118 0208 00000000 		.4byte	0
 2119              	.LLST13:
 2120 020c 0C000000 		.4byte	.LVL28
 2121 0210 12000000 		.4byte	.LVL30
 2122 0214 0100     		.2byte	0x1
 2123 0216 50       		.byte	0x50
 2124 0217 12000000 		.4byte	.LVL30
 2125 021b 15000000 		.4byte	.LVL31-1
 2126 021f 0200     		.2byte	0x2
 2127 0221 74       		.byte	0x74
 2128 0222 00       		.sleb128 0
 2129 0223 15000000 		.4byte	.LVL31-1
 2130 0227 3E000000 		.4byte	.LVL35
 2131 022b 0300     		.2byte	0x3
 2132 022d 75       		.byte	0x75
 2133 022e 78       		.sleb128 -8
 2134 022f 9F       		.byte	0x9f
 2135 0230 00000000 		.4byte	0
 2136 0234 00000000 		.4byte	0
 2137              	.LLST14:
 2138 0238 00000000 		.4byte	.LFB11
 2139 023c 02000000 		.4byte	.LCFI2
 2140 0240 0200     		.2byte	0x2
 2141 0242 7D       		.byte	0x7d
 2142 0243 00       		.sleb128 0
 2143 0244 02000000 		.4byte	.LCFI2
 2144 0248 40000000 		.4byte	.LFE11
 2145 024c 0200     		.2byte	0x2
 2146 024e 7D       		.byte	0x7d
 2147 024f 10       		.sleb128 16
 2148 0250 00000000 		.4byte	0
 2149 0254 00000000 		.4byte	0
 2150              	.LLST15:
 2151 0258 00000000 		.4byte	.LVL37
 2152 025c 0A000000 		.4byte	.LVL38
 2153 0260 0100     		.2byte	0x1
 2154 0262 50       		.byte	0x50
 2155 0263 0A000000 		.4byte	.LVL38
 2156 0267 1C000000 		.4byte	.LVL40
 2157 026b 0100     		.2byte	0x1
ARM GAS  /tmp/ccM3iFrl.s 			page 39


 2158 026d 54       		.byte	0x54
 2159 026e 1C000000 		.4byte	.LVL40
 2160 0272 34000000 		.4byte	.LVL45
 2161 0276 1300     		.2byte	0x13
 2162 0278 F3       		.byte	0xf3
 2163 0279 01       		.uleb128 0x1
 2164 027a 50       		.byte	0x50
 2165 027b 03       		.byte	0x3
 2166 027c 00000000 		.4byte	.LANCHOR0
 2167 0280 F3       		.byte	0xf3
 2168 0281 01       		.uleb128 0x1
 2169 0282 50       		.byte	0x50
 2170 0283 30       		.byte	0x30
 2171 0284 2E       		.byte	0x2e
 2172 0285 28       		.byte	0x28
 2173 0286 0100     		.2byte	0x1
 2174 0288 16       		.byte	0x16
 2175 0289 13       		.byte	0x13
 2176 028a 9F       		.byte	0x9f
 2177 028b 34000000 		.4byte	.LVL45
 2178 028f 38000000 		.4byte	.LVL46
 2179 0293 0100     		.2byte	0x1
 2180 0295 54       		.byte	0x54
 2181 0296 38000000 		.4byte	.LVL46
 2182 029a 40000000 		.4byte	.LFE11
 2183 029e 1300     		.2byte	0x13
 2184 02a0 F3       		.byte	0xf3
 2185 02a1 01       		.uleb128 0x1
 2186 02a2 50       		.byte	0x50
 2187 02a3 03       		.byte	0x3
 2188 02a4 00000000 		.4byte	.LANCHOR0
 2189 02a8 F3       		.byte	0xf3
 2190 02a9 01       		.uleb128 0x1
 2191 02aa 50       		.byte	0x50
 2192 02ab 30       		.byte	0x30
 2193 02ac 2E       		.byte	0x2e
 2194 02ad 28       		.byte	0x28
 2195 02ae 0100     		.2byte	0x1
 2196 02b0 16       		.byte	0x16
 2197 02b1 13       		.byte	0x13
 2198 02b2 9F       		.byte	0x9f
 2199 02b3 00000000 		.4byte	0
 2200 02b7 00000000 		.4byte	0
 2201              	.LLST16:
 2202 02bb 00000000 		.4byte	.LVL37
 2203 02bf 13000000 		.4byte	.LVL39-1
 2204 02c3 0100     		.2byte	0x1
 2205 02c5 51       		.byte	0x51
 2206 02c6 13000000 		.4byte	.LVL39-1
 2207 02ca 40000000 		.4byte	.LFE11
 2208 02ce 0100     		.2byte	0x1
 2209 02d0 55       		.byte	0x55
 2210 02d1 00000000 		.4byte	0
 2211 02d5 00000000 		.4byte	0
 2212              	.LLST17:
 2213 02d9 14000000 		.4byte	.LVL39
 2214 02dd 1C000000 		.4byte	.LVL40
ARM GAS  /tmp/ccM3iFrl.s 			page 40


 2215 02e1 0300     		.2byte	0x3
 2216 02e3 74       		.byte	0x74
 2217 02e4 08       		.sleb128 8
 2218 02e5 9F       		.byte	0x9f
 2219 02e6 34000000 		.4byte	.LVL45
 2220 02ea 38000000 		.4byte	.LVL46
 2221 02ee 0300     		.2byte	0x3
 2222 02f0 74       		.byte	0x74
 2223 02f1 08       		.sleb128 8
 2224 02f2 9F       		.byte	0x9f
 2225 02f3 38000000 		.4byte	.LVL46
 2226 02f7 40000000 		.4byte	.LFE11
 2227 02fb 1500     		.2byte	0x15
 2228 02fd F3       		.byte	0xf3
 2229 02fe 01       		.uleb128 0x1
 2230 02ff 50       		.byte	0x50
 2231 0300 03       		.byte	0x3
 2232 0301 00000000 		.4byte	.LANCHOR0
 2233 0305 F3       		.byte	0xf3
 2234 0306 01       		.uleb128 0x1
 2235 0307 50       		.byte	0x50
 2236 0308 30       		.byte	0x30
 2237 0309 2E       		.byte	0x2e
 2238 030a 28       		.byte	0x28
 2239 030b 0100     		.2byte	0x1
 2240 030d 16       		.byte	0x16
 2241 030e 13       		.byte	0x13
 2242 030f 23       		.byte	0x23
 2243 0310 08       		.uleb128 0x8
 2244 0311 9F       		.byte	0x9f
 2245 0312 00000000 		.4byte	0
 2246 0316 00000000 		.4byte	0
 2247              	.LLST18:
 2248 031a 14000000 		.4byte	.LVL39
 2249 031e 1C000000 		.4byte	.LVL40
 2250 0322 0200     		.2byte	0x2
 2251 0324 30       		.byte	0x30
 2252 0325 9F       		.byte	0x9f
 2253 0326 24000000 		.4byte	.LVL42
 2254 032a 28000000 		.4byte	.LVL43
 2255 032e 0100     		.2byte	0x1
 2256 0330 54       		.byte	0x54
 2257 0331 34000000 		.4byte	.LVL45
 2258 0335 40000000 		.4byte	.LFE11
 2259 0339 0200     		.2byte	0x2
 2260 033b 30       		.byte	0x30
 2261 033c 9F       		.byte	0x9f
 2262 033d 00000000 		.4byte	0
 2263 0341 00000000 		.4byte	0
 2264              	.LLST19:
 2265 0345 14000000 		.4byte	.LVL39
 2266 0349 1C000000 		.4byte	.LVL40
 2267 034d 0200     		.2byte	0x2
 2268 034f 30       		.byte	0x30
 2269 0350 9F       		.byte	0x9f
 2270 0351 22000000 		.4byte	.LVL41
 2271 0355 28000000 		.4byte	.LVL43
ARM GAS  /tmp/ccM3iFrl.s 			page 41


 2272 0359 0100     		.2byte	0x1
 2273 035b 52       		.byte	0x52
 2274 035c 34000000 		.4byte	.LVL45
 2275 0360 40000000 		.4byte	.LFE11
 2276 0364 0200     		.2byte	0x2
 2277 0366 30       		.byte	0x30
 2278 0367 9F       		.byte	0x9f
 2279 0368 00000000 		.4byte	0
 2280 036c 00000000 		.4byte	0
 2281              		.section	.debug_aranges,"",%progbits
 2282 0000 3C000000 		.4byte	0x3c
 2283 0004 0200     		.2byte	0x2
 2284 0006 00000000 		.4byte	.Ldebug_info0
 2285 000a 04       		.byte	0x4
 2286 000b 00       		.byte	0
 2287 000c 0000     		.2byte	0
 2288 000e 0000     		.2byte	0
 2289 0010 00000000 		.4byte	.LFB7
 2290 0014 20000000 		.4byte	.LFE7-.LFB7
 2291 0018 00000000 		.4byte	.LFB8
 2292 001c 14000000 		.4byte	.LFE8-.LFB8
 2293 0020 00000000 		.4byte	.LFB9
 2294 0024 88000000 		.4byte	.LFE9-.LFB9
 2295 0028 00000000 		.4byte	.LFB10
 2296 002c 86000000 		.4byte	.LFE10-.LFB10
 2297 0030 00000000 		.4byte	.LFB11
 2298 0034 40000000 		.4byte	.LFE11-.LFB11
 2299 0038 00000000 		.4byte	0
 2300 003c 00000000 		.4byte	0
 2301              		.section	.debug_ranges,"",%progbits
 2302              	.Ldebug_ranges0:
 2303 0000 00000000 		.4byte	.LFB7
 2304 0004 20000000 		.4byte	.LFE7
 2305 0008 00000000 		.4byte	.LFB8
 2306 000c 14000000 		.4byte	.LFE8
 2307 0010 00000000 		.4byte	.LFB9
 2308 0014 88000000 		.4byte	.LFE9
 2309 0018 00000000 		.4byte	.LFB10
 2310 001c 86000000 		.4byte	.LFE10
 2311 0020 00000000 		.4byte	.LFB11
 2312 0024 40000000 		.4byte	.LFE11
 2313 0028 00000000 		.4byte	0
 2314 002c 00000000 		.4byte	0
 2315              		.section	.debug_line,"",%progbits
 2316              	.Ldebug_line0:
 2317 0000 D8020000 		.section	.debug_str,"MS",%progbits,1
 2317      0200F101 
 2317      00000201 
 2317      FB0E0D00 
 2317      01010101 
 2318              	.LASF38:
 2319 0000 705F6D73 		.ascii	"p_msg\000"
 2319      6700
 2320              	.LASF2:
 2321 0006 73697A65 		.ascii	"size_t\000"
 2321      5F7400
 2322              	.LASF64:
ARM GAS  /tmp/ccM3iFrl.s 			page 42


 2323 000d 7264796D 		.ascii	"rdymsg\000"
 2323      736700
 2324              	.LASF12:
 2325 0014 75696E74 		.ascii	"uint64_t\000"
 2325      36345F74 
 2325      00
 2326              	.LASF54:
 2327 001d 6D656D67 		.ascii	"memgetfunc_t\000"
 2327      65746675 
 2327      6E635F74 
 2327      00
 2328              	.LASF13:
 2329 002a 6C6F6E67 		.ascii	"long long unsigned int\000"
 2329      206C6F6E 
 2329      6720756E 
 2329      7369676E 
 2329      65642069 
 2330              	.LASF65:
 2331 0041 65786974 		.ascii	"exitcode\000"
 2331      636F6465 
 2331      00
 2332              	.LASF58:
 2333 004a 685F6672 		.ascii	"h_free\000"
 2333      656500
 2334              	.LASF71:
 2335 0051 68656170 		.ascii	"heapp\000"
 2335      7000
 2336              	.LASF82:
 2337 0057 63684D74 		.ascii	"chMtxUnlock\000"
 2337      78556E6C 
 2337      6F636B00 
 2338              	.LASF70:
 2339 0063 63684865 		.ascii	"chHeapInit\000"
 2339      6170496E 
 2339      697400
 2340              	.LASF60:
 2341 006e 6E657874 		.ascii	"next\000"
 2341      00
 2342              	.LASF26:
 2343 0073 705F7072 		.ascii	"p_prio\000"
 2343      696F00
 2344              	.LASF11:
 2345 007a 6C6F6E67 		.ascii	"long long int\000"
 2345      206C6F6E 
 2345      6720696E 
 2345      7400
 2346              	.LASF1:
 2347 0088 7369676E 		.ascii	"signed char\000"
 2347      65642063 
 2347      68617200 
 2348              	.LASF59:
 2349 0094 685F6D74 		.ascii	"h_mtx\000"
 2349      7800
 2350              	.LASF42:
 2351 009a 705F6D70 		.ascii	"p_mpool\000"
 2351      6F6F6C00 
 2352              	.LASF51:
ARM GAS  /tmp/ccM3iFrl.s 			page 43


 2353 00a2 6D5F7175 		.ascii	"m_queue\000"
 2353      65756500 
 2354              	.LASF72:
 2355 00aa 63684865 		.ascii	"chHeapFree\000"
 2355      61704672 
 2355      656500
 2356              	.LASF18:
 2357 00b5 74736C69 		.ascii	"tslices_t\000"
 2357      6365735F 
 2357      7400
 2358              	.LASF8:
 2359 00bf 6C6F6E67 		.ascii	"long int\000"
 2359      20696E74 
 2359      00
 2360              	.LASF16:
 2361 00c8 74737461 		.ascii	"tstate_t\000"
 2361      74655F74 
 2361      00
 2362              	.LASF28:
 2363 00d1 705F6E65 		.ascii	"p_newer\000"
 2363      77657200 
 2364              	.LASF45:
 2365 00d9 72656761 		.ascii	"regarm_t\000"
 2365      726D5F74 
 2365      00
 2366              	.LASF62:
 2367 00e2 616C6967 		.ascii	"align\000"
 2367      6E00
 2368              	.LASF0:
 2369 00e8 756E7369 		.ascii	"unsigned int\000"
 2369      676E6564 
 2369      20696E74 
 2369      00
 2370              	.LASF10:
 2371 00f5 6C6F6E67 		.ascii	"long unsigned int\000"
 2371      20756E73 
 2371      69676E65 
 2371      6420696E 
 2371      7400
 2372              	.LASF48:
 2373 0107 636F6E74 		.ascii	"context\000"
 2373      65787400 
 2374              	.LASF63:
 2375 010f 73697A65 		.ascii	"size\000"
 2375      00
 2376              	.LASF6:
 2377 0114 73686F72 		.ascii	"short unsigned int\000"
 2377      7420756E 
 2377      7369676E 
 2377      65642069 
 2377      6E7400
 2378              	.LASF20:
 2379 0127 6D73675F 		.ascii	"msg_t\000"
 2379      7400
 2380              	.LASF15:
 2381 012d 746D6F64 		.ascii	"tmode_t\000"
 2381      655F7400 
ARM GAS  /tmp/ccM3iFrl.s 			page 44


 2382              	.LASF44:
 2383 0135 54687265 		.ascii	"ThreadsList\000"
 2383      6164734C 
 2383      69737400 
 2384              	.LASF21:
 2385 0141 6576656E 		.ascii	"eventmask_t\000"
 2385      746D6173 
 2385      6B5F7400 
 2386              	.LASF50:
 2387 014d 4D757465 		.ascii	"Mutex\000"
 2387      7800
 2388              	.LASF46:
 2389 0153 73746B61 		.ascii	"stkalign_t\000"
 2389      6C69676E 
 2389      5F7400
 2390              	.LASF49:
 2391 015e 73697A65 		.ascii	"sizetype\000"
 2391      74797065 
 2391      00
 2392              	.LASF78:
 2393 0167 63684D74 		.ascii	"chMtxLock\000"
 2393      784C6F63 
 2393      6B00
 2394              	.LASF29:
 2395 0171 705F6F6C 		.ascii	"p_older\000"
 2395      64657200 
 2396              	.LASF43:
 2397 0179 54687265 		.ascii	"ThreadsQueue\000"
 2397      61647351 
 2397      75657565 
 2397      00
 2398              	.LASF79:
 2399 0186 474E5520 		.ascii	"GNU C 4.7.2\000"
 2399      4320342E 
 2399      372E3200 
 2400              	.LASF55:
 2401 0192 4D656D6F 		.ascii	"MemoryHeap\000"
 2401      72794865 
 2401      617000
 2402              	.LASF17:
 2403 019d 74726566 		.ascii	"trefs_t\000"
 2403      735F7400 
 2404              	.LASF25:
 2405 01a5 705F7072 		.ascii	"p_prev\000"
 2405      657600
 2406              	.LASF19:
 2407 01ac 74707269 		.ascii	"tprio_t\000"
 2407      6F5F7400 
 2408              	.LASF14:
 2409 01b4 5F426F6F 		.ascii	"_Bool\000"
 2409      6C00
 2410              	.LASF7:
 2411 01ba 696E7433 		.ascii	"int32_t\000"
 2411      325F7400 
 2412              	.LASF4:
 2413 01c2 756E7369 		.ascii	"unsigned char\000"
 2413      676E6564 
ARM GAS  /tmp/ccM3iFrl.s 			page 45


 2413      20636861 
 2413      7200
 2414              	.LASF57:
 2415 01d0 685F7072 		.ascii	"h_provider\000"
 2415      6F766964 
 2415      657200
 2416              	.LASF40:
 2417 01db 705F6D74 		.ascii	"p_mtxlist\000"
 2417      786C6973 
 2417      7400
 2418              	.LASF5:
 2419 01e5 73686F72 		.ascii	"short int\000"
 2419      7420696E 
 2419      7400
 2420              	.LASF31:
 2421 01ef 705F7374 		.ascii	"p_state\000"
 2421      61746500 
 2422              	.LASF34:
 2423 01f7 705F7072 		.ascii	"p_preempt\000"
 2423      65656D70 
 2423      7400
 2424              	.LASF81:
 2425 0201 68656170 		.ascii	"heap_header\000"
 2425      5F686561 
 2425      64657200 
 2426              	.LASF67:
 2427 020d 65776D61 		.ascii	"ewmask\000"
 2427      736B00
 2428              	.LASF24:
 2429 0214 705F6E65 		.ascii	"p_next\000"
 2429      787400
 2430              	.LASF32:
 2431 021b 705F666C 		.ascii	"p_flags\000"
 2431      61677300 
 2432              	.LASF23:
 2433 0223 54687265 		.ascii	"Thread\000"
 2433      616400
 2434              	.LASF73:
 2435 022a 63684865 		.ascii	"chHeapAlloc\000"
 2435      6170416C 
 2435      6C6F6300 
 2436              	.LASF39:
 2437 0236 705F6570 		.ascii	"p_epending\000"
 2437      656E6469 
 2437      6E6700
 2438              	.LASF9:
 2439 0241 75696E74 		.ascii	"uint32_t\000"
 2439      33325F74 
 2439      00
 2440              	.LASF61:
 2441 024a 68656170 		.ascii	"heap\000"
 2441      00
 2442              	.LASF76:
 2443 024f 64656661 		.ascii	"default_heap\000"
 2443      756C745F 
 2443      68656170 
 2443      00
ARM GAS  /tmp/ccM3iFrl.s 			page 46


 2444              	.LASF68:
 2445 025c 63686172 		.ascii	"char\000"
 2445      00
 2446              	.LASF74:
 2447 0261 63684865 		.ascii	"chHeapStatus\000"
 2447      61705374 
 2447      61747573 
 2447      00
 2448              	.LASF53:
 2449 026e 6D5F6E65 		.ascii	"m_next\000"
 2449      787400
 2450              	.LASF22:
 2451 0275 73797374 		.ascii	"systime_t\000"
 2451      696D655F 
 2451      7400
 2452              	.LASF41:
 2453 027f 705F7265 		.ascii	"p_realprio\000"
 2453      616C7072 
 2453      696F00
 2454              	.LASF35:
 2455 028a 705F7469 		.ascii	"p_time\000"
 2455      6D6500
 2456              	.LASF47:
 2457 0291 696E7463 		.ascii	"intctx\000"
 2457      747800
 2458              	.LASF37:
 2459 0298 705F6D73 		.ascii	"p_msgqueue\000"
 2459      67717565 
 2459      756500
 2460              	.LASF77:
 2461 02a3 63684D74 		.ascii	"chMtxInit\000"
 2461      78496E69 
 2461      7400
 2462              	.LASF33:
 2463 02ad 705F7265 		.ascii	"p_refs\000"
 2463      667300
 2464              	.LASF3:
 2465 02b4 75696E74 		.ascii	"uint8_t\000"
 2465      385F7400 
 2466              	.LASF66:
 2467 02bc 77746F62 		.ascii	"wtobjp\000"
 2467      6A7000
 2468              	.LASF75:
 2469 02c3 73697A65 		.ascii	"sizep\000"
 2469      7000
 2470              	.LASF30:
 2471 02c9 705F6E61 		.ascii	"p_name\000"
 2471      6D6500
 2472              	.LASF69:
 2473 02d0 5F686561 		.ascii	"_heap_init\000"
 2473      705F696E 
 2473      697400
 2474              	.LASF80:
 2475 02db 2F686F6D 		.ascii	"/home/wicker/tools/ChibiOS_2.6.3/os/kernel/src/chhe"
 2475      652F7769 
 2475      636B6572 
 2475      2F746F6F 
ARM GAS  /tmp/ccM3iFrl.s 			page 47


 2475      6C732F43 
 2476 030e 61702E63 		.ascii	"ap.c\000"
 2476      00
 2477              	.LASF52:
 2478 0313 6D5F6F77 		.ascii	"m_owner\000"
 2478      6E657200 
 2479              	.LASF27:
 2480 031b 705F6374 		.ascii	"p_ctx\000"
 2480      7800
 2481              	.LASF36:
 2482 0321 705F7761 		.ascii	"p_waiting\000"
 2482      6974696E 
 2482      6700
 2483              	.LASF56:
 2484 032b 6D656D6F 		.ascii	"memory_heap\000"
 2484      72795F68 
 2484      65617000 
 2485              		.ident	"GCC: (crosstool-NG 1.17.0 - PSAS ST32F4 GFE) 4.7.2"
ARM GAS  /tmp/ccM3iFrl.s 			page 48


DEFINED SYMBOLS
                            *ABS*:0000000000000000 chheap.c
     /tmp/ccM3iFrl.s:21     .text._heap_init:0000000000000000 $t
     /tmp/ccM3iFrl.s:27     .text._heap_init:0000000000000000 _heap_init
     /tmp/ccM3iFrl.s:439    .bss.default_heap:0000000000000000 .LANCHOR0
     /tmp/ccM3iFrl.s:59     .text.chHeapInit:0000000000000000 $t
     /tmp/ccM3iFrl.s:65     .text.chHeapInit:0000000000000000 chHeapInit
     /tmp/ccM3iFrl.s:99     .text.chHeapAlloc:0000000000000000 $t
     /tmp/ccM3iFrl.s:105    .text.chHeapAlloc:0000000000000000 chHeapAlloc
     /tmp/ccM3iFrl.s:232    .text.chHeapAlloc:0000000000000084 $d
     /tmp/ccM3iFrl.s:237    .text.chHeapFree:0000000000000000 $t
     /tmp/ccM3iFrl.s:243    .text.chHeapFree:0000000000000000 chHeapFree
     /tmp/ccM3iFrl.s:357    .text.chHeapStatus:0000000000000000 $t
     /tmp/ccM3iFrl.s:363    .text.chHeapStatus:0000000000000000 chHeapStatus
     /tmp/ccM3iFrl.s:433    .text.chHeapStatus:000000000000003c $d
     /tmp/ccM3iFrl.s:438    .bss.default_heap:0000000000000000 $d
     /tmp/ccM3iFrl.s:442    .bss.default_heap:0000000000000000 default_heap
                     .debug_frame:0000000000000010 $d
     /tmp/ccM3iFrl.s:236    .text.chHeapAlloc:0000000000000088 $t

UNDEFINED SYMBOLS
chCoreAlloc
chMtxInit
chMtxLock
chMtxUnlock
