ARM GAS  /tmp/ccBQxvIl.s 			page 1


   1              		.syntax unified
   2              		.cpu cortex-m4
   3              		.eabi_attribute 27, 3
   4              		.eabi_attribute 28, 1
   5              		.fpu fpv4-sp-d16
   6              		.eabi_attribute 20, 1
   7              		.eabi_attribute 21, 1
   8              		.eabi_attribute 23, 3
   9              		.eabi_attribute 24, 1
  10              		.eabi_attribute 25, 1
  11              		.eabi_attribute 26, 1
  12              		.eabi_attribute 30, 2
  13              		.eabi_attribute 34, 1
  14              		.eabi_attribute 18, 4
  15              		.thumb
  16              		.file	"chmemcore.c"
  17              		.text
  18              	.Ltext0:
  19              		.cfi_sections	.debug_frame
  20              		.section	.text._core_init,"ax",%progbits
  21              		.align	2
  22              		.p2align 4,,15
  23              		.global	_core_init
  24              		.thumb
  25              		.thumb_func
  26              		.type	_core_init, %function
  27              	_core_init:
  28              	.LFB7:
  29              		.file 1 "/home/wicker/tools/ChibiOS_2.6.3/os/kernel/src/chmemcore.c"
  30              		.loc 1 66 0
  31              		.cfi_startproc
  32              		@ args = 0, pretend = 0, frame = 0
  33              		@ frame_needed = 0, uses_anonymous_args = 0
  34              		@ link register save eliminated.
  35              		.loc 1 70 0
  36 0000 40F20002 		movw	r2, #:lower16:.LANCHOR0
  37              		.loc 1 71 0
  38 0004 40F20003 		movw	r3, #:lower16:.LANCHOR1
  39 0008 40F20001 		movw	r1, #:lower16:__heap_end__
  40              		.loc 1 70 0
  41 000c 0648     		ldr	r0, .L2
  42 000e C0F20002 		movt	r2, #:upper16:.LANCHOR0
  43              		.loc 1 71 0
  44 0012 C0F20003 		movt	r3, #:upper16:.LANCHOR1
  45 0016 C0F20001 		movt	r1, #:upper16:__heap_end__
  46              		.loc 1 70 0
  47 001a 20F00700 		bic	r0, r0, #7
  48              		.loc 1 71 0
  49 001e 21F00701 		bic	r1, r1, #7
  50              		.loc 1 70 0
  51 0022 1060     		str	r0, [r2, #0]
  52              		.loc 1 71 0
  53 0024 1960     		str	r1, [r3, #0]
  54 0026 7047     		bx	lr
  55              	.L3:
  56              		.align	2
  57              	.L2:
ARM GAS  /tmp/ccBQxvIl.s 			page 2


  58 0028 07000000 		.word	__heap_base__+7
  59              		.cfi_endproc
  60              	.LFE7:
  61              		.size	_core_init, .-_core_init
  62 002c AFF30080 		.section	.text.chCoreAlloc,"ax",%progbits
  63              		.align	2
  64              		.p2align 4,,15
  65              		.global	chCoreAlloc
  66              		.thumb
  67              		.thumb_func
  68              		.type	chCoreAlloc, %function
  69              	chCoreAlloc:
  70              	.LFB8:
  71              		.loc 1 91 0
  72              		.cfi_startproc
  73              		@ args = 0, pretend = 0, frame = 0
  74              		@ frame_needed = 0, uses_anonymous_args = 0
  75              		@ link register save eliminated.
  76              	.LVL0:
  77              	.LBB6:
  78              		.loc 1 94 0
  79 0000 2023     		movs	r3, #32
  80              	.LVL1:
  81              	@ 94 "/home/wicker/tools/ChibiOS_2.6.3/os/kernel/src/chmemcore.c" 1
  82 0002 83F31188 		msr     BASEPRI, r3
  83              	@ 0 "" 2
  84              	.LVL2:
  85              		.thumb
  86              	.LBE6:
  87              	.LBB7:
  88              	.LBB8:
  89              		.loc 1 118 0
  90 0006 094B     		ldr	r3, .L7
  91              	.LVL3:
  92 0008 0949     		ldr	r1, .L7+4
  93 000a 1A68     		ldr	r2, [r3, #0]
  94 000c 0968     		ldr	r1, [r1, #0]
  95              		.loc 1 117 0
  96 000e 0730     		adds	r0, r0, #7
  97              	.LVL4:
  98 0010 20F00700 		bic	r0, r0, #7
  99              	.LVL5:
 100              		.loc 1 118 0
 101 0014 891A     		subs	r1, r1, r2
 102 0016 8842     		cmp	r0, r1
 103              	.LVL6:
 104              		.loc 1 121 0
 105 0018 9ABF     		itte	ls
 106 001a 1018     		addls	r0, r2, r0
 107              	.LVL7:
 108 001c 1860     		strls	r0, [r3, #0]
 109              		.loc 1 119 0
 110 001e 0022     		movhi	r2, #0
 111              	.LVL8:
 112              	.LBE8:
 113              	.LBE7:
 114              	.LBB9:
ARM GAS  /tmp/ccBQxvIl.s 			page 3


 115              		.loc 1 96 0
 116 0020 0023     		movs	r3, #0
 117              	.LVL9:
 118              	@ 96 "/home/wicker/tools/ChibiOS_2.6.3/os/kernel/src/chmemcore.c" 1
 119 0022 83F31188 		msr     BASEPRI, r3
 120              	@ 0 "" 2
 121              	.LVL10:
 122              		.thumb
 123              	.LBE9:
 124              		.loc 1 98 0
 125 0026 1046     		mov	r0, r2
 126 0028 7047     		bx	lr
 127              	.L8:
 128 002a 00BF     		.align	2
 129              	.L7:
 130 002c 00000000 		.word	.LANCHOR0
 131 0030 00000000 		.word	.LANCHOR1
 132              		.cfi_endproc
 133              	.LFE8:
 134              		.size	chCoreAlloc, .-chCoreAlloc
 135 0034 AFF30080 		.section	.text.chCoreAllocI,"ax",%progbits
 135      AFF30080 
 135      AFF30080 
 136              		.align	2
 137              		.p2align 4,,15
 138              		.global	chCoreAllocI
 139              		.thumb
 140              		.thumb_func
 141              		.type	chCoreAllocI, %function
 142              	chCoreAllocI:
 143              	.LFB9:
 144              		.loc 1 112 0
 145              		.cfi_startproc
 146              		@ args = 0, pretend = 0, frame = 0
 147              		@ frame_needed = 0, uses_anonymous_args = 0
 148              		@ link register save eliminated.
 149              	.LVL11:
 150              		.loc 1 118 0
 151 0000 074A     		ldr	r2, .L12
 152 0002 0849     		ldr	r1, .L12+4
 153 0004 1368     		ldr	r3, [r2, #0]
 154 0006 0968     		ldr	r1, [r1, #0]
 155              		.loc 1 117 0
 156 0008 0730     		adds	r0, r0, #7
 157              	.LVL12:
 158 000a 20F00700 		bic	r0, r0, #7
 159              	.LVL13:
 160              		.loc 1 118 0
 161 000e C91A     		subs	r1, r1, r3
 162 0010 8842     		cmp	r0, r1
 163              	.LVL14:
 164              		.loc 1 121 0
 165 0012 9ABF     		itte	ls
 166 0014 1818     		addls	r0, r3, r0
 167              	.LVL15:
 168 0016 1060     		strls	r0, [r2, #0]
 169              		.loc 1 119 0
ARM GAS  /tmp/ccBQxvIl.s 			page 4


 170 0018 0023     		movhi	r3, #0
 171              	.LVL16:
 172              		.loc 1 123 0
 173 001a 1846     		mov	r0, r3
 174 001c 7047     		bx	lr
 175              	.L13:
 176 001e 00BF     		.align	2
 177              	.L12:
 178 0020 00000000 		.word	.LANCHOR0
 179 0024 00000000 		.word	.LANCHOR1
 180              		.cfi_endproc
 181              	.LFE9:
 182              		.size	chCoreAllocI, .-chCoreAllocI
 183 0028 AFF30080 		.section	.text.chCoreStatus,"ax",%progbits
 183      AFF30080 
 184              		.align	2
 185              		.p2align 4,,15
 186              		.global	chCoreStatus
 187              		.thumb
 188              		.thumb_func
 189              		.type	chCoreStatus, %function
 190              	chCoreStatus:
 191              	.LFB10:
 192              		.loc 1 132 0
 193              		.cfi_startproc
 194              		@ args = 0, pretend = 0, frame = 0
 195              		@ frame_needed = 0, uses_anonymous_args = 0
 196              		@ link register save eliminated.
 197              		.loc 1 134 0
 198 0000 40F20002 		movw	r2, #:lower16:.LANCHOR1
 199 0004 40F20003 		movw	r3, #:lower16:.LANCHOR0
 200 0008 C0F20002 		movt	r2, #:upper16:.LANCHOR1
 201 000c C0F20003 		movt	r3, #:upper16:.LANCHOR0
 202 0010 1068     		ldr	r0, [r2, #0]
 203 0012 1B68     		ldr	r3, [r3, #0]
 204              		.loc 1 135 0
 205 0014 C01A     		subs	r0, r0, r3
 206 0016 7047     		bx	lr
 207              		.cfi_endproc
 208              	.LFE10:
 209              		.size	chCoreStatus, .-chCoreStatus
 210 0018 AFF30080 		.section	.bss.endmem,"aw",%nobits
 210      AFF30080 
 211              		.align	2
 212              		.set	.LANCHOR1,. + 0
 213              		.type	endmem, %object
 214              		.size	endmem, 4
 215              	endmem:
 216 0000 00000000 		.space	4
 217              		.section	.bss.nextmem,"aw",%nobits
 218              		.align	2
 219              		.set	.LANCHOR0,. + 0
 220              		.type	nextmem, %object
 221              		.size	nextmem, 4
 222              	nextmem:
 223 0000 00000000 		.space	4
 224              		.text
ARM GAS  /tmp/ccBQxvIl.s 			page 5


 225              	.Letext0:
 226              		.file 2 "/opt/psas/x-tools/stm32f407/arm-psas-eabi/bin/../lib/gcc/arm-psas-eabi/4.7.2/include/stdd
 227              		.file 3 "/opt/psas/x-tools/stm32f407/arm-psas-eabi/bin/../lib/gcc/arm-psas-eabi/4.7.2/../../../../
 228              		.section	.debug_info,"",%progbits
 229              	.Ldebug_info0:
 230 0000 27020000 		.4byte	0x227
 231 0004 0200     		.2byte	0x2
 232 0006 00000000 		.4byte	.Ldebug_abbrev0
 233 000a 04       		.byte	0x4
 234 000b 01       		.uleb128 0x1
 235 000c 59000000 		.4byte	.LASF19
 236 0010 01       		.byte	0x1
 237 0011 BF000000 		.4byte	.LASF20
 238 0015 00000000 		.4byte	.Ldebug_ranges0+0
 239 0019 00000000 		.4byte	0
 240 001d 00000000 		.4byte	0
 241 0021 00000000 		.4byte	.Ldebug_line0
 242 0025 02       		.uleb128 0x2
 243 0026 04       		.byte	0x4
 244 0027 05       		.byte	0x5
 245 0028 696E7400 		.ascii	"int\000"
 246 002c 03       		.uleb128 0x3
 247 002d 21000000 		.4byte	.LASF2
 248 0031 02       		.byte	0x2
 249 0032 D5       		.byte	0xd5
 250 0033 37000000 		.4byte	0x37
 251 0037 04       		.uleb128 0x4
 252 0038 04       		.byte	0x4
 253 0039 07       		.byte	0x7
 254 003a 34010000 		.4byte	.LASF0
 255 003e 04       		.uleb128 0x4
 256 003f 01       		.byte	0x1
 257 0040 06       		.byte	0x6
 258 0041 0E010000 		.4byte	.LASF1
 259 0045 03       		.uleb128 0x3
 260 0046 8E000000 		.4byte	.LASF3
 261 004a 03       		.byte	0x3
 262 004b 2A       		.byte	0x2a
 263 004c 50000000 		.4byte	0x50
 264 0050 04       		.uleb128 0x4
 265 0051 01       		.byte	0x1
 266 0052 08       		.byte	0x8
 267 0053 30000000 		.4byte	.LASF4
 268 0057 04       		.uleb128 0x4
 269 0058 02       		.byte	0x2
 270 0059 05       		.byte	0x5
 271 005a 2A010000 		.4byte	.LASF5
 272 005e 04       		.uleb128 0x4
 273 005f 02       		.byte	0x2
 274 0060 07       		.byte	0x7
 275 0061 0E000000 		.4byte	.LASF6
 276 0065 04       		.uleb128 0x4
 277 0066 04       		.byte	0x4
 278 0067 05       		.byte	0x5
 279 0068 B6000000 		.4byte	.LASF7
 280 006c 03       		.uleb128 0x3
 281 006d AD000000 		.4byte	.LASF8
ARM GAS  /tmp/ccBQxvIl.s 			page 6


 282 0071 03       		.byte	0x3
 283 0072 50       		.byte	0x50
 284 0073 77000000 		.4byte	0x77
 285 0077 04       		.uleb128 0x4
 286 0078 04       		.byte	0x4
 287 0079 07       		.byte	0x7
 288 007a 65000000 		.4byte	.LASF9
 289 007e 04       		.uleb128 0x4
 290 007f 08       		.byte	0x8
 291 0080 05       		.byte	0x5
 292 0081 00000000 		.4byte	.LASF10
 293 0085 04       		.uleb128 0x4
 294 0086 08       		.byte	0x8
 295 0087 07       		.byte	0x7
 296 0088 77000000 		.4byte	.LASF11
 297 008c 04       		.uleb128 0x4
 298 008d 01       		.byte	0x1
 299 008e 02       		.byte	0x2
 300 008f 96000000 		.4byte	.LASF12
 301 0093 05       		.uleb128 0x5
 302 0094 04       		.byte	0x4
 303 0095 04       		.uleb128 0x4
 304 0096 04       		.byte	0x4
 305 0097 07       		.byte	0x7
 306 0098 41010000 		.4byte	.LASF13
 307 009c 04       		.uleb128 0x4
 308 009d 01       		.byte	0x1
 309 009e 08       		.byte	0x8
 310 009f 9C000000 		.4byte	.LASF14
 311 00a3 06       		.uleb128 0x6
 312 00a4 04       		.byte	0x4
 313 00a5 45000000 		.4byte	0x45
 314 00a9 07       		.uleb128 0x7
 315 00aa 01       		.byte	0x1
 316 00ab 01010000 		.4byte	.LASF21
 317 00af 01       		.byte	0x1
 318 00b0 70       		.byte	0x70
 319 00b1 01       		.byte	0x1
 320 00b2 93000000 		.4byte	0x93
 321 00b6 01       		.byte	0x1
 322 00b7 D0000000 		.4byte	0xd0
 323 00bb 08       		.uleb128 0x8
 324 00bc 1A010000 		.4byte	.LASF22
 325 00c0 01       		.byte	0x1
 326 00c1 70       		.byte	0x70
 327 00c2 2C000000 		.4byte	0x2c
 328 00c6 09       		.uleb128 0x9
 329 00c7 7000     		.ascii	"p\000"
 330 00c9 01       		.byte	0x1
 331 00ca 71       		.byte	0x71
 332 00cb 93000000 		.4byte	0x93
 333 00cf 00       		.byte	0
 334 00d0 0A       		.uleb128 0xa
 335 00d1 01       		.byte	0x1
 336 00d2 1F010000 		.4byte	.LASF23
 337 00d6 01       		.byte	0x1
 338 00d7 42       		.byte	0x42
ARM GAS  /tmp/ccBQxvIl.s 			page 7


 339 00d8 01       		.byte	0x1
 340 00d9 00000000 		.4byte	.LFB7
 341 00dd 2C000000 		.4byte	.LFE7
 342 00e1 02       		.byte	0x2
 343 00e2 7D       		.byte	0x7d
 344 00e3 00       		.sleb128 0
 345 00e4 01       		.byte	0x1
 346 00e5 04010000 		.4byte	0x104
 347 00e9 0B       		.uleb128 0xb
 348 00ea 4B000000 		.4byte	.LASF15
 349 00ee 01       		.byte	0x1
 350 00ef 44       		.byte	0x44
 351 00f0 04010000 		.4byte	0x104
 352 00f4 01       		.byte	0x1
 353 00f5 01       		.byte	0x1
 354 00f6 0B       		.uleb128 0xb
 355 00f7 3E000000 		.4byte	.LASF16
 356 00fb 01       		.byte	0x1
 357 00fc 45       		.byte	0x45
 358 00fd 04010000 		.4byte	0x104
 359 0101 01       		.byte	0x1
 360 0102 01       		.byte	0x1
 361 0103 00       		.byte	0
 362 0104 0C       		.uleb128 0xc
 363 0105 45000000 		.4byte	0x45
 364 0109 0F010000 		.4byte	0x10f
 365 010d 0D       		.uleb128 0xd
 366 010e 00       		.byte	0
 367 010f 0E       		.uleb128 0xe
 368 0110 01       		.byte	0x1
 369 0111 A1000000 		.4byte	.LASF24
 370 0115 01       		.byte	0x1
 371 0116 5B       		.byte	0x5b
 372 0117 01       		.byte	0x1
 373 0118 93000000 		.4byte	0x93
 374 011c 00000000 		.4byte	.LFB8
 375 0120 34000000 		.4byte	.LFE8
 376 0124 02       		.byte	0x2
 377 0125 7D       		.byte	0x7d
 378 0126 00       		.sleb128 0
 379 0127 01       		.byte	0x1
 380 0128 AD010000 		.4byte	0x1ad
 381 012c 0F       		.uleb128 0xf
 382 012d 1A010000 		.4byte	.LASF22
 383 0131 01       		.byte	0x1
 384 0132 5B       		.byte	0x5b
 385 0133 2C000000 		.4byte	0x2c
 386 0137 00000000 		.4byte	.LLST0
 387 013b 10       		.uleb128 0x10
 388 013c 7000     		.ascii	"p\000"
 389 013e 01       		.byte	0x1
 390 013f 5C       		.byte	0x5c
 391 0140 93000000 		.4byte	0x93
 392 0144 01       		.byte	0x1
 393 0145 52       		.byte	0x52
 394 0146 11       		.uleb128 0x11
 395 0147 00000000 		.4byte	.LBB6
ARM GAS  /tmp/ccBQxvIl.s 			page 8


 396 014b 06000000 		.4byte	.LBE6
 397 014f 63010000 		.4byte	0x163
 398 0153 12       		.uleb128 0x12
 399 0154 746D7000 		.ascii	"tmp\000"
 400 0158 01       		.byte	0x1
 401 0159 5E       		.byte	0x5e
 402 015a 6C000000 		.4byte	0x6c
 403 015e 2E000000 		.4byte	.LLST1
 404 0162 00       		.byte	0
 405 0163 13       		.uleb128 0x13
 406 0164 A9000000 		.4byte	0xa9
 407 0168 06000000 		.4byte	.LBB7
 408 016c 20000000 		.4byte	.LBE7
 409 0170 01       		.byte	0x1
 410 0171 5F       		.byte	0x5f
 411 0172 93010000 		.4byte	0x193
 412 0176 14       		.uleb128 0x14
 413 0177 BB000000 		.4byte	0xbb
 414 017b 41000000 		.4byte	.LLST2
 415 017f 15       		.uleb128 0x15
 416 0180 06000000 		.4byte	.LBB8
 417 0184 20000000 		.4byte	.LBE8
 418 0188 16       		.uleb128 0x16
 419 0189 C6000000 		.4byte	0xc6
 420 018d 7F000000 		.4byte	.LLST3
 421 0191 00       		.byte	0
 422 0192 00       		.byte	0
 423 0193 15       		.uleb128 0x15
 424 0194 20000000 		.4byte	.LBB9
 425 0198 26000000 		.4byte	.LBE9
 426 019c 12       		.uleb128 0x12
 427 019d 746D7000 		.ascii	"tmp\000"
 428 01a1 01       		.byte	0x1
 429 01a2 60       		.byte	0x60
 430 01a3 6C000000 		.4byte	0x6c
 431 01a7 A1000000 		.4byte	.LLST4
 432 01ab 00       		.byte	0
 433 01ac 00       		.byte	0
 434 01ad 17       		.uleb128 0x17
 435 01ae A9000000 		.4byte	0xa9
 436 01b2 00000000 		.4byte	.LFB9
 437 01b6 28000000 		.4byte	.LFE9
 438 01ba 02       		.byte	0x2
 439 01bb 7D       		.byte	0x7d
 440 01bc 00       		.sleb128 0
 441 01bd 01       		.byte	0x1
 442 01be D5010000 		.4byte	0x1d5
 443 01c2 14       		.uleb128 0x14
 444 01c3 BB000000 		.4byte	0xbb
 445 01c7 B4000000 		.4byte	.LLST5
 446 01cb 16       		.uleb128 0x16
 447 01cc C6000000 		.4byte	0xc6
 448 01d0 F2000000 		.4byte	.LLST6
 449 01d4 00       		.byte	0
 450 01d5 18       		.uleb128 0x18
 451 01d6 01       		.byte	0x1
 452 01d7 4A010000 		.4byte	.LASF25
ARM GAS  /tmp/ccBQxvIl.s 			page 9


 453 01db 01       		.byte	0x1
 454 01dc 84       		.byte	0x84
 455 01dd 01       		.byte	0x1
 456 01de 2C000000 		.4byte	0x2c
 457 01e2 00000000 		.4byte	.LFB10
 458 01e6 18000000 		.4byte	.LFE10
 459 01ea 02       		.byte	0x2
 460 01eb 7D       		.byte	0x7d
 461 01ec 00       		.sleb128 0
 462 01ed 01       		.byte	0x1
 463 01ee 19       		.uleb128 0x19
 464 01ef 28000000 		.4byte	.LASF17
 465 01f3 01       		.byte	0x1
 466 01f4 3A       		.byte	0x3a
 467 01f5 A3000000 		.4byte	0xa3
 468 01f9 05       		.byte	0x5
 469 01fa 03       		.byte	0x3
 470 01fb 00000000 		.4byte	nextmem
 471 01ff 19       		.uleb128 0x19
 472 0200 FA000000 		.4byte	.LASF18
 473 0204 01       		.byte	0x1
 474 0205 3B       		.byte	0x3b
 475 0206 A3000000 		.4byte	0xa3
 476 020a 05       		.byte	0x5
 477 020b 03       		.byte	0x3
 478 020c 00000000 		.4byte	endmem
 479 0210 0B       		.uleb128 0xb
 480 0211 4B000000 		.4byte	.LASF15
 481 0215 01       		.byte	0x1
 482 0216 44       		.byte	0x44
 483 0217 04010000 		.4byte	0x104
 484 021b 01       		.byte	0x1
 485 021c 01       		.byte	0x1
 486 021d 0B       		.uleb128 0xb
 487 021e 3E000000 		.4byte	.LASF16
 488 0222 01       		.byte	0x1
 489 0223 45       		.byte	0x45
 490 0224 04010000 		.4byte	0x104
 491 0228 01       		.byte	0x1
 492 0229 01       		.byte	0x1
 493 022a 00       		.byte	0
 494              		.section	.debug_abbrev,"",%progbits
 495              	.Ldebug_abbrev0:
 496 0000 01       		.uleb128 0x1
 497 0001 11       		.uleb128 0x11
 498 0002 01       		.byte	0x1
 499 0003 25       		.uleb128 0x25
 500 0004 0E       		.uleb128 0xe
 501 0005 13       		.uleb128 0x13
 502 0006 0B       		.uleb128 0xb
 503 0007 03       		.uleb128 0x3
 504 0008 0E       		.uleb128 0xe
 505 0009 55       		.uleb128 0x55
 506 000a 06       		.uleb128 0x6
 507 000b 11       		.uleb128 0x11
 508 000c 01       		.uleb128 0x1
 509 000d 52       		.uleb128 0x52
ARM GAS  /tmp/ccBQxvIl.s 			page 10


 510 000e 01       		.uleb128 0x1
 511 000f 10       		.uleb128 0x10
 512 0010 06       		.uleb128 0x6
 513 0011 00       		.byte	0
 514 0012 00       		.byte	0
 515 0013 02       		.uleb128 0x2
 516 0014 24       		.uleb128 0x24
 517 0015 00       		.byte	0
 518 0016 0B       		.uleb128 0xb
 519 0017 0B       		.uleb128 0xb
 520 0018 3E       		.uleb128 0x3e
 521 0019 0B       		.uleb128 0xb
 522 001a 03       		.uleb128 0x3
 523 001b 08       		.uleb128 0x8
 524 001c 00       		.byte	0
 525 001d 00       		.byte	0
 526 001e 03       		.uleb128 0x3
 527 001f 16       		.uleb128 0x16
 528 0020 00       		.byte	0
 529 0021 03       		.uleb128 0x3
 530 0022 0E       		.uleb128 0xe
 531 0023 3A       		.uleb128 0x3a
 532 0024 0B       		.uleb128 0xb
 533 0025 3B       		.uleb128 0x3b
 534 0026 0B       		.uleb128 0xb
 535 0027 49       		.uleb128 0x49
 536 0028 13       		.uleb128 0x13
 537 0029 00       		.byte	0
 538 002a 00       		.byte	0
 539 002b 04       		.uleb128 0x4
 540 002c 24       		.uleb128 0x24
 541 002d 00       		.byte	0
 542 002e 0B       		.uleb128 0xb
 543 002f 0B       		.uleb128 0xb
 544 0030 3E       		.uleb128 0x3e
 545 0031 0B       		.uleb128 0xb
 546 0032 03       		.uleb128 0x3
 547 0033 0E       		.uleb128 0xe
 548 0034 00       		.byte	0
 549 0035 00       		.byte	0
 550 0036 05       		.uleb128 0x5
 551 0037 0F       		.uleb128 0xf
 552 0038 00       		.byte	0
 553 0039 0B       		.uleb128 0xb
 554 003a 0B       		.uleb128 0xb
 555 003b 00       		.byte	0
 556 003c 00       		.byte	0
 557 003d 06       		.uleb128 0x6
 558 003e 0F       		.uleb128 0xf
 559 003f 00       		.byte	0
 560 0040 0B       		.uleb128 0xb
 561 0041 0B       		.uleb128 0xb
 562 0042 49       		.uleb128 0x49
 563 0043 13       		.uleb128 0x13
 564 0044 00       		.byte	0
 565 0045 00       		.byte	0
 566 0046 07       		.uleb128 0x7
ARM GAS  /tmp/ccBQxvIl.s 			page 11


 567 0047 2E       		.uleb128 0x2e
 568 0048 01       		.byte	0x1
 569 0049 3F       		.uleb128 0x3f
 570 004a 0C       		.uleb128 0xc
 571 004b 03       		.uleb128 0x3
 572 004c 0E       		.uleb128 0xe
 573 004d 3A       		.uleb128 0x3a
 574 004e 0B       		.uleb128 0xb
 575 004f 3B       		.uleb128 0x3b
 576 0050 0B       		.uleb128 0xb
 577 0051 27       		.uleb128 0x27
 578 0052 0C       		.uleb128 0xc
 579 0053 49       		.uleb128 0x49
 580 0054 13       		.uleb128 0x13
 581 0055 20       		.uleb128 0x20
 582 0056 0B       		.uleb128 0xb
 583 0057 01       		.uleb128 0x1
 584 0058 13       		.uleb128 0x13
 585 0059 00       		.byte	0
 586 005a 00       		.byte	0
 587 005b 08       		.uleb128 0x8
 588 005c 05       		.uleb128 0x5
 589 005d 00       		.byte	0
 590 005e 03       		.uleb128 0x3
 591 005f 0E       		.uleb128 0xe
 592 0060 3A       		.uleb128 0x3a
 593 0061 0B       		.uleb128 0xb
 594 0062 3B       		.uleb128 0x3b
 595 0063 0B       		.uleb128 0xb
 596 0064 49       		.uleb128 0x49
 597 0065 13       		.uleb128 0x13
 598 0066 00       		.byte	0
 599 0067 00       		.byte	0
 600 0068 09       		.uleb128 0x9
 601 0069 34       		.uleb128 0x34
 602 006a 00       		.byte	0
 603 006b 03       		.uleb128 0x3
 604 006c 08       		.uleb128 0x8
 605 006d 3A       		.uleb128 0x3a
 606 006e 0B       		.uleb128 0xb
 607 006f 3B       		.uleb128 0x3b
 608 0070 0B       		.uleb128 0xb
 609 0071 49       		.uleb128 0x49
 610 0072 13       		.uleb128 0x13
 611 0073 00       		.byte	0
 612 0074 00       		.byte	0
 613 0075 0A       		.uleb128 0xa
 614 0076 2E       		.uleb128 0x2e
 615 0077 01       		.byte	0x1
 616 0078 3F       		.uleb128 0x3f
 617 0079 0C       		.uleb128 0xc
 618 007a 03       		.uleb128 0x3
 619 007b 0E       		.uleb128 0xe
 620 007c 3A       		.uleb128 0x3a
 621 007d 0B       		.uleb128 0xb
 622 007e 3B       		.uleb128 0x3b
 623 007f 0B       		.uleb128 0xb
ARM GAS  /tmp/ccBQxvIl.s 			page 12


 624 0080 27       		.uleb128 0x27
 625 0081 0C       		.uleb128 0xc
 626 0082 11       		.uleb128 0x11
 627 0083 01       		.uleb128 0x1
 628 0084 12       		.uleb128 0x12
 629 0085 01       		.uleb128 0x1
 630 0086 40       		.uleb128 0x40
 631 0087 0A       		.uleb128 0xa
 632 0088 9742     		.uleb128 0x2117
 633 008a 0C       		.uleb128 0xc
 634 008b 01       		.uleb128 0x1
 635 008c 13       		.uleb128 0x13
 636 008d 00       		.byte	0
 637 008e 00       		.byte	0
 638 008f 0B       		.uleb128 0xb
 639 0090 34       		.uleb128 0x34
 640 0091 00       		.byte	0
 641 0092 03       		.uleb128 0x3
 642 0093 0E       		.uleb128 0xe
 643 0094 3A       		.uleb128 0x3a
 644 0095 0B       		.uleb128 0xb
 645 0096 3B       		.uleb128 0x3b
 646 0097 0B       		.uleb128 0xb
 647 0098 49       		.uleb128 0x49
 648 0099 13       		.uleb128 0x13
 649 009a 3F       		.uleb128 0x3f
 650 009b 0C       		.uleb128 0xc
 651 009c 3C       		.uleb128 0x3c
 652 009d 0C       		.uleb128 0xc
 653 009e 00       		.byte	0
 654 009f 00       		.byte	0
 655 00a0 0C       		.uleb128 0xc
 656 00a1 01       		.uleb128 0x1
 657 00a2 01       		.byte	0x1
 658 00a3 49       		.uleb128 0x49
 659 00a4 13       		.uleb128 0x13
 660 00a5 01       		.uleb128 0x1
 661 00a6 13       		.uleb128 0x13
 662 00a7 00       		.byte	0
 663 00a8 00       		.byte	0
 664 00a9 0D       		.uleb128 0xd
 665 00aa 21       		.uleb128 0x21
 666 00ab 00       		.byte	0
 667 00ac 00       		.byte	0
 668 00ad 00       		.byte	0
 669 00ae 0E       		.uleb128 0xe
 670 00af 2E       		.uleb128 0x2e
 671 00b0 01       		.byte	0x1
 672 00b1 3F       		.uleb128 0x3f
 673 00b2 0C       		.uleb128 0xc
 674 00b3 03       		.uleb128 0x3
 675 00b4 0E       		.uleb128 0xe
 676 00b5 3A       		.uleb128 0x3a
 677 00b6 0B       		.uleb128 0xb
 678 00b7 3B       		.uleb128 0x3b
 679 00b8 0B       		.uleb128 0xb
 680 00b9 27       		.uleb128 0x27
ARM GAS  /tmp/ccBQxvIl.s 			page 13


 681 00ba 0C       		.uleb128 0xc
 682 00bb 49       		.uleb128 0x49
 683 00bc 13       		.uleb128 0x13
 684 00bd 11       		.uleb128 0x11
 685 00be 01       		.uleb128 0x1
 686 00bf 12       		.uleb128 0x12
 687 00c0 01       		.uleb128 0x1
 688 00c1 40       		.uleb128 0x40
 689 00c2 0A       		.uleb128 0xa
 690 00c3 9742     		.uleb128 0x2117
 691 00c5 0C       		.uleb128 0xc
 692 00c6 01       		.uleb128 0x1
 693 00c7 13       		.uleb128 0x13
 694 00c8 00       		.byte	0
 695 00c9 00       		.byte	0
 696 00ca 0F       		.uleb128 0xf
 697 00cb 05       		.uleb128 0x5
 698 00cc 00       		.byte	0
 699 00cd 03       		.uleb128 0x3
 700 00ce 0E       		.uleb128 0xe
 701 00cf 3A       		.uleb128 0x3a
 702 00d0 0B       		.uleb128 0xb
 703 00d1 3B       		.uleb128 0x3b
 704 00d2 0B       		.uleb128 0xb
 705 00d3 49       		.uleb128 0x49
 706 00d4 13       		.uleb128 0x13
 707 00d5 02       		.uleb128 0x2
 708 00d6 06       		.uleb128 0x6
 709 00d7 00       		.byte	0
 710 00d8 00       		.byte	0
 711 00d9 10       		.uleb128 0x10
 712 00da 34       		.uleb128 0x34
 713 00db 00       		.byte	0
 714 00dc 03       		.uleb128 0x3
 715 00dd 08       		.uleb128 0x8
 716 00de 3A       		.uleb128 0x3a
 717 00df 0B       		.uleb128 0xb
 718 00e0 3B       		.uleb128 0x3b
 719 00e1 0B       		.uleb128 0xb
 720 00e2 49       		.uleb128 0x49
 721 00e3 13       		.uleb128 0x13
 722 00e4 02       		.uleb128 0x2
 723 00e5 0A       		.uleb128 0xa
 724 00e6 00       		.byte	0
 725 00e7 00       		.byte	0
 726 00e8 11       		.uleb128 0x11
 727 00e9 0B       		.uleb128 0xb
 728 00ea 01       		.byte	0x1
 729 00eb 11       		.uleb128 0x11
 730 00ec 01       		.uleb128 0x1
 731 00ed 12       		.uleb128 0x12
 732 00ee 01       		.uleb128 0x1
 733 00ef 01       		.uleb128 0x1
 734 00f0 13       		.uleb128 0x13
 735 00f1 00       		.byte	0
 736 00f2 00       		.byte	0
 737 00f3 12       		.uleb128 0x12
ARM GAS  /tmp/ccBQxvIl.s 			page 14


 738 00f4 34       		.uleb128 0x34
 739 00f5 00       		.byte	0
 740 00f6 03       		.uleb128 0x3
 741 00f7 08       		.uleb128 0x8
 742 00f8 3A       		.uleb128 0x3a
 743 00f9 0B       		.uleb128 0xb
 744 00fa 3B       		.uleb128 0x3b
 745 00fb 0B       		.uleb128 0xb
 746 00fc 49       		.uleb128 0x49
 747 00fd 13       		.uleb128 0x13
 748 00fe 02       		.uleb128 0x2
 749 00ff 06       		.uleb128 0x6
 750 0100 00       		.byte	0
 751 0101 00       		.byte	0
 752 0102 13       		.uleb128 0x13
 753 0103 1D       		.uleb128 0x1d
 754 0104 01       		.byte	0x1
 755 0105 31       		.uleb128 0x31
 756 0106 13       		.uleb128 0x13
 757 0107 11       		.uleb128 0x11
 758 0108 01       		.uleb128 0x1
 759 0109 12       		.uleb128 0x12
 760 010a 01       		.uleb128 0x1
 761 010b 58       		.uleb128 0x58
 762 010c 0B       		.uleb128 0xb
 763 010d 59       		.uleb128 0x59
 764 010e 0B       		.uleb128 0xb
 765 010f 01       		.uleb128 0x1
 766 0110 13       		.uleb128 0x13
 767 0111 00       		.byte	0
 768 0112 00       		.byte	0
 769 0113 14       		.uleb128 0x14
 770 0114 05       		.uleb128 0x5
 771 0115 00       		.byte	0
 772 0116 31       		.uleb128 0x31
 773 0117 13       		.uleb128 0x13
 774 0118 02       		.uleb128 0x2
 775 0119 06       		.uleb128 0x6
 776 011a 00       		.byte	0
 777 011b 00       		.byte	0
 778 011c 15       		.uleb128 0x15
 779 011d 0B       		.uleb128 0xb
 780 011e 01       		.byte	0x1
 781 011f 11       		.uleb128 0x11
 782 0120 01       		.uleb128 0x1
 783 0121 12       		.uleb128 0x12
 784 0122 01       		.uleb128 0x1
 785 0123 00       		.byte	0
 786 0124 00       		.byte	0
 787 0125 16       		.uleb128 0x16
 788 0126 34       		.uleb128 0x34
 789 0127 00       		.byte	0
 790 0128 31       		.uleb128 0x31
 791 0129 13       		.uleb128 0x13
 792 012a 02       		.uleb128 0x2
 793 012b 06       		.uleb128 0x6
 794 012c 00       		.byte	0
ARM GAS  /tmp/ccBQxvIl.s 			page 15


 795 012d 00       		.byte	0
 796 012e 17       		.uleb128 0x17
 797 012f 2E       		.uleb128 0x2e
 798 0130 01       		.byte	0x1
 799 0131 31       		.uleb128 0x31
 800 0132 13       		.uleb128 0x13
 801 0133 11       		.uleb128 0x11
 802 0134 01       		.uleb128 0x1
 803 0135 12       		.uleb128 0x12
 804 0136 01       		.uleb128 0x1
 805 0137 40       		.uleb128 0x40
 806 0138 0A       		.uleb128 0xa
 807 0139 9742     		.uleb128 0x2117
 808 013b 0C       		.uleb128 0xc
 809 013c 01       		.uleb128 0x1
 810 013d 13       		.uleb128 0x13
 811 013e 00       		.byte	0
 812 013f 00       		.byte	0
 813 0140 18       		.uleb128 0x18
 814 0141 2E       		.uleb128 0x2e
 815 0142 00       		.byte	0
 816 0143 3F       		.uleb128 0x3f
 817 0144 0C       		.uleb128 0xc
 818 0145 03       		.uleb128 0x3
 819 0146 0E       		.uleb128 0xe
 820 0147 3A       		.uleb128 0x3a
 821 0148 0B       		.uleb128 0xb
 822 0149 3B       		.uleb128 0x3b
 823 014a 0B       		.uleb128 0xb
 824 014b 27       		.uleb128 0x27
 825 014c 0C       		.uleb128 0xc
 826 014d 49       		.uleb128 0x49
 827 014e 13       		.uleb128 0x13
 828 014f 11       		.uleb128 0x11
 829 0150 01       		.uleb128 0x1
 830 0151 12       		.uleb128 0x12
 831 0152 01       		.uleb128 0x1
 832 0153 40       		.uleb128 0x40
 833 0154 0A       		.uleb128 0xa
 834 0155 9742     		.uleb128 0x2117
 835 0157 0C       		.uleb128 0xc
 836 0158 00       		.byte	0
 837 0159 00       		.byte	0
 838 015a 19       		.uleb128 0x19
 839 015b 34       		.uleb128 0x34
 840 015c 00       		.byte	0
 841 015d 03       		.uleb128 0x3
 842 015e 0E       		.uleb128 0xe
 843 015f 3A       		.uleb128 0x3a
 844 0160 0B       		.uleb128 0xb
 845 0161 3B       		.uleb128 0x3b
 846 0162 0B       		.uleb128 0xb
 847 0163 49       		.uleb128 0x49
 848 0164 13       		.uleb128 0x13
 849 0165 02       		.uleb128 0x2
 850 0166 0A       		.uleb128 0xa
 851 0167 00       		.byte	0
ARM GAS  /tmp/ccBQxvIl.s 			page 16


 852 0168 00       		.byte	0
 853 0169 00       		.byte	0
 854              		.section	.debug_loc,"",%progbits
 855              	.Ldebug_loc0:
 856              	.LLST0:
 857 0000 00000000 		.4byte	.LVL0
 858 0004 10000000 		.4byte	.LVL4
 859 0008 0100     		.2byte	0x1
 860 000a 50       		.byte	0x50
 861 000b 10000000 		.4byte	.LVL4
 862 000f 14000000 		.4byte	.LVL5
 863 0013 0300     		.2byte	0x3
 864 0015 70       		.byte	0x70
 865 0016 79       		.sleb128 -7
 866 0017 9F       		.byte	0x9f
 867 0018 14000000 		.4byte	.LVL5
 868 001c 34000000 		.4byte	.LFE8
 869 0020 0400     		.2byte	0x4
 870 0022 F3       		.byte	0xf3
 871 0023 01       		.uleb128 0x1
 872 0024 50       		.byte	0x50
 873 0025 9F       		.byte	0x9f
 874 0026 00000000 		.4byte	0
 875 002a 00000000 		.4byte	0
 876              	.LLST1:
 877 002e 06000000 		.4byte	.LVL2
 878 0032 08000000 		.4byte	.LVL3
 879 0036 0100     		.2byte	0x1
 880 0038 53       		.byte	0x53
 881 0039 00000000 		.4byte	0
 882 003d 00000000 		.4byte	0
 883              	.LLST2:
 884 0041 06000000 		.4byte	.LVL2
 885 0045 10000000 		.4byte	.LVL4
 886 0049 0100     		.2byte	0x1
 887 004b 50       		.byte	0x50
 888 004c 10000000 		.4byte	.LVL4
 889 0050 14000000 		.4byte	.LVL5
 890 0054 0300     		.2byte	0x3
 891 0056 70       		.byte	0x70
 892 0057 79       		.sleb128 -7
 893 0058 9F       		.byte	0x9f
 894 0059 14000000 		.4byte	.LVL5
 895 005d 1C000000 		.4byte	.LVL7
 896 0061 0100     		.2byte	0x1
 897 0063 50       		.byte	0x50
 898 0064 1C000000 		.4byte	.LVL7
 899 0068 34000000 		.4byte	.LFE8
 900 006c 0900     		.2byte	0x9
 901 006e F3       		.byte	0xf3
 902 006f 01       		.uleb128 0x1
 903 0070 50       		.byte	0x50
 904 0071 23       		.byte	0x23
 905 0072 07       		.uleb128 0x7
 906 0073 09       		.byte	0x9
 907 0074 F8       		.byte	0xf8
 908 0075 1A       		.byte	0x1a
ARM GAS  /tmp/ccBQxvIl.s 			page 17


 909 0076 9F       		.byte	0x9f
 910 0077 00000000 		.4byte	0
 911 007b 00000000 		.4byte	0
 912              	.LLST3:
 913 007f 18000000 		.4byte	.LVL6
 914 0083 20000000 		.4byte	.LVL8
 915 0087 0100     		.2byte	0x1
 916 0089 52       		.byte	0x52
 917 008a 20000000 		.4byte	.LVL8
 918 008e 34000000 		.4byte	.LFE8
 919 0092 0500     		.2byte	0x5
 920 0094 03       		.byte	0x3
 921 0095 00000000 		.4byte	nextmem
 922 0099 00000000 		.4byte	0
 923 009d 00000000 		.4byte	0
 924              	.LLST4:
 925 00a1 26000000 		.4byte	.LVL10
 926 00a5 34000000 		.4byte	.LFE8
 927 00a9 0100     		.2byte	0x1
 928 00ab 53       		.byte	0x53
 929 00ac 00000000 		.4byte	0
 930 00b0 00000000 		.4byte	0
 931              	.LLST5:
 932 00b4 00000000 		.4byte	.LVL11
 933 00b8 0A000000 		.4byte	.LVL12
 934 00bc 0100     		.2byte	0x1
 935 00be 50       		.byte	0x50
 936 00bf 0A000000 		.4byte	.LVL12
 937 00c3 0E000000 		.4byte	.LVL13
 938 00c7 0300     		.2byte	0x3
 939 00c9 70       		.byte	0x70
 940 00ca 79       		.sleb128 -7
 941 00cb 9F       		.byte	0x9f
 942 00cc 0E000000 		.4byte	.LVL13
 943 00d0 16000000 		.4byte	.LVL15
 944 00d4 0100     		.2byte	0x1
 945 00d6 50       		.byte	0x50
 946 00d7 16000000 		.4byte	.LVL15
 947 00db 28000000 		.4byte	.LFE9
 948 00df 0900     		.2byte	0x9
 949 00e1 F3       		.byte	0xf3
 950 00e2 01       		.uleb128 0x1
 951 00e3 50       		.byte	0x50
 952 00e4 23       		.byte	0x23
 953 00e5 07       		.uleb128 0x7
 954 00e6 09       		.byte	0x9
 955 00e7 F8       		.byte	0xf8
 956 00e8 1A       		.byte	0x1a
 957 00e9 9F       		.byte	0x9f
 958 00ea 00000000 		.4byte	0
 959 00ee 00000000 		.4byte	0
 960              	.LLST6:
 961 00f2 12000000 		.4byte	.LVL14
 962 00f6 1A000000 		.4byte	.LVL16
 963 00fa 0100     		.2byte	0x1
 964 00fc 53       		.byte	0x53
 965 00fd 1A000000 		.4byte	.LVL16
ARM GAS  /tmp/ccBQxvIl.s 			page 18


 966 0101 28000000 		.4byte	.LFE9
 967 0105 0500     		.2byte	0x5
 968 0107 03       		.byte	0x3
 969 0108 00000000 		.4byte	nextmem
 970 010c 00000000 		.4byte	0
 971 0110 00000000 		.4byte	0
 972              		.section	.debug_aranges,"",%progbits
 973 0000 34000000 		.4byte	0x34
 974 0004 0200     		.2byte	0x2
 975 0006 00000000 		.4byte	.Ldebug_info0
 976 000a 04       		.byte	0x4
 977 000b 00       		.byte	0
 978 000c 0000     		.2byte	0
 979 000e 0000     		.2byte	0
 980 0010 00000000 		.4byte	.LFB7
 981 0014 2C000000 		.4byte	.LFE7-.LFB7
 982 0018 00000000 		.4byte	.LFB8
 983 001c 34000000 		.4byte	.LFE8-.LFB8
 984 0020 00000000 		.4byte	.LFB9
 985 0024 28000000 		.4byte	.LFE9-.LFB9
 986 0028 00000000 		.4byte	.LFB10
 987 002c 18000000 		.4byte	.LFE10-.LFB10
 988 0030 00000000 		.4byte	0
 989 0034 00000000 		.4byte	0
 990              		.section	.debug_ranges,"",%progbits
 991              	.Ldebug_ranges0:
 992 0000 00000000 		.4byte	.LFB7
 993 0004 2C000000 		.4byte	.LFE7
 994 0008 00000000 		.4byte	.LFB8
 995 000c 34000000 		.4byte	.LFE8
 996 0010 00000000 		.4byte	.LFB9
 997 0014 28000000 		.4byte	.LFE9
 998 0018 00000000 		.4byte	.LFB10
 999 001c 18000000 		.4byte	.LFE10
 1000 0020 00000000 		.4byte	0
 1001 0024 00000000 		.4byte	0
 1002              		.section	.debug_line,"",%progbits
 1003              	.Ldebug_line0:
 1004 0000 8F010000 		.section	.debug_str,"MS",%progbits,1
 1004      02002D01 
 1004      00000201 
 1004      FB0E0D00 
 1004      01010101 
 1005              	.LASF10:
 1006 0000 6C6F6E67 		.ascii	"long long int\000"
 1006      206C6F6E 
 1006      6720696E 
 1006      7400
 1007              	.LASF6:
 1008 000e 73686F72 		.ascii	"short unsigned int\000"
 1008      7420756E 
 1008      7369676E 
 1008      65642069 
 1008      6E7400
 1009              	.LASF2:
 1010 0021 73697A65 		.ascii	"size_t\000"
 1010      5F7400
ARM GAS  /tmp/ccBQxvIl.s 			page 19


 1011              	.LASF17:
 1012 0028 6E657874 		.ascii	"nextmem\000"
 1012      6D656D00 
 1013              	.LASF4:
 1014 0030 756E7369 		.ascii	"unsigned char\000"
 1014      676E6564 
 1014      20636861 
 1014      7200
 1015              	.LASF16:
 1016 003e 5F5F6865 		.ascii	"__heap_end__\000"
 1016      61705F65 
 1016      6E645F5F 
 1016      00
 1017              	.LASF15:
 1018 004b 5F5F6865 		.ascii	"__heap_base__\000"
 1018      61705F62 
 1018      6173655F 
 1018      5F00
 1019              	.LASF19:
 1020 0059 474E5520 		.ascii	"GNU C 4.7.2\000"
 1020      4320342E 
 1020      372E3200 
 1021              	.LASF9:
 1022 0065 6C6F6E67 		.ascii	"long unsigned int\000"
 1022      20756E73 
 1022      69676E65 
 1022      6420696E 
 1022      7400
 1023              	.LASF11:
 1024 0077 6C6F6E67 		.ascii	"long long unsigned int\000"
 1024      206C6F6E 
 1024      6720756E 
 1024      7369676E 
 1024      65642069 
 1025              	.LASF3:
 1026 008e 75696E74 		.ascii	"uint8_t\000"
 1026      385F7400 
 1027              	.LASF12:
 1028 0096 5F426F6F 		.ascii	"_Bool\000"
 1028      6C00
 1029              	.LASF14:
 1030 009c 63686172 		.ascii	"char\000"
 1030      00
 1031              	.LASF24:
 1032 00a1 6368436F 		.ascii	"chCoreAlloc\000"
 1032      7265416C 
 1032      6C6F6300 
 1033              	.LASF8:
 1034 00ad 75696E74 		.ascii	"uint32_t\000"
 1034      33325F74 
 1034      00
 1035              	.LASF7:
 1036 00b6 6C6F6E67 		.ascii	"long int\000"
 1036      20696E74 
 1036      00
 1037              	.LASF20:
 1038 00bf 2F686F6D 		.ascii	"/home/wicker/tools/ChibiOS_2.6.3/os/kernel/src/chme"
ARM GAS  /tmp/ccBQxvIl.s 			page 20


 1038      652F7769 
 1038      636B6572 
 1038      2F746F6F 
 1038      6C732F43 
 1039 00f2 6D636F72 		.ascii	"mcore.c\000"
 1039      652E6300 
 1040              	.LASF18:
 1041 00fa 656E646D 		.ascii	"endmem\000"
 1041      656D00
 1042              	.LASF21:
 1043 0101 6368436F 		.ascii	"chCoreAllocI\000"
 1043      7265416C 
 1043      6C6F6349 
 1043      00
 1044              	.LASF1:
 1045 010e 7369676E 		.ascii	"signed char\000"
 1045      65642063 
 1045      68617200 
 1046              	.LASF22:
 1047 011a 73697A65 		.ascii	"size\000"
 1047      00
 1048              	.LASF23:
 1049 011f 5F636F72 		.ascii	"_core_init\000"
 1049      655F696E 
 1049      697400
 1050              	.LASF5:
 1051 012a 73686F72 		.ascii	"short int\000"
 1051      7420696E 
 1051      7400
 1052              	.LASF0:
 1053 0134 756E7369 		.ascii	"unsigned int\000"
 1053      676E6564 
 1053      20696E74 
 1053      00
 1054              	.LASF13:
 1055 0141 73697A65 		.ascii	"sizetype\000"
 1055      74797065 
 1055      00
 1056              	.LASF25:
 1057 014a 6368436F 		.ascii	"chCoreStatus\000"
 1057      72655374 
 1057      61747573 
 1057      00
 1058              		.ident	"GCC: (crosstool-NG 1.17.0 - PSAS ST32F4 GFE) 4.7.2"
ARM GAS  /tmp/ccBQxvIl.s 			page 21


DEFINED SYMBOLS
                            *ABS*:0000000000000000 chmemcore.c
     /tmp/ccBQxvIl.s:21     .text._core_init:0000000000000000 $t
     /tmp/ccBQxvIl.s:27     .text._core_init:0000000000000000 _core_init
     /tmp/ccBQxvIl.s:219    .bss.nextmem:0000000000000000 .LANCHOR0
     /tmp/ccBQxvIl.s:212    .bss.endmem:0000000000000000 .LANCHOR1
     /tmp/ccBQxvIl.s:58     .text._core_init:0000000000000028 $d
     /tmp/ccBQxvIl.s:63     .text.chCoreAlloc:0000000000000000 $t
     /tmp/ccBQxvIl.s:69     .text.chCoreAlloc:0000000000000000 chCoreAlloc
     /tmp/ccBQxvIl.s:130    .text.chCoreAlloc:000000000000002c $d
     /tmp/ccBQxvIl.s:136    .text.chCoreAllocI:0000000000000000 $t
     /tmp/ccBQxvIl.s:142    .text.chCoreAllocI:0000000000000000 chCoreAllocI
     /tmp/ccBQxvIl.s:178    .text.chCoreAllocI:0000000000000020 $d
     /tmp/ccBQxvIl.s:184    .text.chCoreStatus:0000000000000000 $t
     /tmp/ccBQxvIl.s:190    .text.chCoreStatus:0000000000000000 chCoreStatus
     /tmp/ccBQxvIl.s:211    .bss.endmem:0000000000000000 $d
     /tmp/ccBQxvIl.s:215    .bss.endmem:0000000000000000 endmem
     /tmp/ccBQxvIl.s:218    .bss.nextmem:0000000000000000 $d
     /tmp/ccBQxvIl.s:222    .bss.nextmem:0000000000000000 nextmem
                     .debug_frame:0000000000000010 $d
     /tmp/ccBQxvIl.s:62     .text._core_init:000000000000002c $t
     /tmp/ccBQxvIl.s:135    .text.chCoreAlloc:0000000000000034 $t
     /tmp/ccBQxvIl.s:183    .text.chCoreAllocI:0000000000000028 $t

UNDEFINED SYMBOLS
__heap_end__
__heap_base__
