ARM GAS  /tmp/ccHBfCOM.s 			page 1


   1              		.syntax unified
   2              		.cpu cortex-m4
   3              		.eabi_attribute 27, 3
   4              		.eabi_attribute 28, 1
   5              		.fpu fpv4-sp-d16
   6              		.eabi_attribute 20, 1
   7              		.eabi_attribute 21, 1
   8              		.eabi_attribute 23, 3
   9              		.eabi_attribute 24, 1
  10              		.eabi_attribute 25, 1
  11              		.eabi_attribute 26, 1
  12              		.eabi_attribute 30, 2
  13              		.eabi_attribute 34, 1
  14              		.eabi_attribute 18, 4
  15              		.thumb
  16              		.file	"chmsg.c"
  17              		.text
  18              	.Ltext0:
  19              		.cfi_sections	.debug_frame
  20              		.section	.text.chMsgSend,"ax",%progbits
  21              		.align	2
  22              		.p2align 4,,15
  23              		.global	chMsgSend
  24              		.thumb
  25              		.thumb_func
  26              		.type	chMsgSend, %function
  27              	chMsgSend:
  28              	.LFB7:
  29              		.file 1 "/home/wicker/tools/ChibiOS_2.6.3/os/kernel/src/chmsg.c"
  30              		.loc 1 75 0
  31              		.cfi_startproc
  32              		@ args = 0, pretend = 0, frame = 0
  33              		@ frame_needed = 0, uses_anonymous_args = 0
  34              	.LVL0:
  35 0000 70B5     		push	{r4, r5, r6, lr}
  36              	.LCFI0:
  37              		.cfi_def_cfa_offset 16
  38              		.cfi_offset 4, -16
  39              		.cfi_offset 5, -12
  40              		.cfi_offset 6, -8
  41              		.cfi_offset 14, -4
  42              		.loc 1 76 0
  43 0002 0E4B     		ldr	r3, .L5
  44 0004 9C69     		ldr	r4, [r3, #24]
  45              	.LVL1:
  46              	.LBB10:
  47              		.loc 1 80 0
  48 0006 2023     		movs	r3, #32
  49              	.LVL2:
  50              	@ 80 "/home/wicker/tools/ChibiOS_2.6.3/os/kernel/src/chmsg.c" 1
  51 0008 83F31188 		msr     BASEPRI, r3
  52              	@ 0 "" 2
  53              	.LVL3:
  54              		.thumb
  55              	.LBE10:
  56              		.loc 1 82 0
  57 000c 00F12C05 		add	r5, r0, #44
ARM GAS  /tmp/ccHBfCOM.s 			page 2


  58 0010 6562     		str	r5, [r4, #36]
  59              	.LVL4:
  60              		.loc 1 84 0
  61 0012 067F     		ldrb	r6, [r0, #28]	@ zero_extendqisi2
  62              	.LBB11:
  63              	.LBB12:
  64              		.file 2 "/home/wicker/tools/ChibiOS_2.6.3/os/kernel/include/chinline.h"
  65              		.loc 2 55 0
  66 0014 036B     		ldr	r3, [r0, #48]
  67              	.LVL5:
  68              		.loc 2 54 0
  69 0016 2560     		str	r5, [r4, #0]
  70              	.LBE12:
  71              	.LBE11:
  72              		.loc 1 84 0
  73 0018 0C2E     		cmp	r6, #12
  74              		.loc 1 81 0
  75 001a 6163     		str	r1, [r4, #52]
  76              	.LBB14:
  77              	.LBB13:
  78              		.loc 2 55 0
  79 001c 6360     		str	r3, [r4, #4]
  80              		.loc 2 56 0
  81 001e 0463     		str	r4, [r0, #48]
  82 0020 1C60     		str	r4, [r3, #0]
  83              	.LBE13:
  84              	.LBE14:
  85              		.loc 1 84 0
  86 0022 07D0     		beq	.L4
  87              	.LVL6:
  88              	.L2:
  89              		.loc 1 86 0
  90 0024 0A20     		movs	r0, #10
  91 0026 FFF7FEFF 		bl	chSchGoSleepS
  92              	.LVL7:
  93              		.loc 1 87 0
  94 002a 606A     		ldr	r0, [r4, #36]
  95              	.LVL8:
  96              	.LBB15:
  97              		.loc 1 88 0
  98 002c 0023     		movs	r3, #0
  99              	.LVL9:
 100              	@ 88 "/home/wicker/tools/ChibiOS_2.6.3/os/kernel/src/chmsg.c" 1
 101 002e 83F31188 		msr     BASEPRI, r3
 102              	@ 0 "" 2
 103              	.LVL10:
 104              		.thumb
 105              	.LBE15:
 106              		.loc 1 90 0
 107 0032 70BD     		pop	{r4, r5, r6, pc}
 108              	.LVL11:
 109              	.L4:
 110              		.loc 1 85 0
 111 0034 FFF7FEFF 		bl	chSchReadyI
 112              	.LVL12:
 113 0038 F4E7     		b	.L2
 114              	.L6:
ARM GAS  /tmp/ccHBfCOM.s 			page 3


 115 003a 00BF     		.align	2
 116              	.L5:
 117 003c 00000000 		.word	rlist
 118              		.cfi_endproc
 119              	.LFE7:
 120              		.size	chMsgSend, .-chMsgSend
 121              		.section	.text.chMsgWait,"ax",%progbits
 122              		.align	2
 123              		.p2align 4,,15
 124              		.global	chMsgWait
 125              		.thumb
 126              		.thumb_func
 127              		.type	chMsgWait, %function
 128              	chMsgWait:
 129              	.LFB8:
 130              		.loc 1 106 0
 131              		.cfi_startproc
 132              		@ args = 0, pretend = 0, frame = 0
 133              		@ frame_needed = 0, uses_anonymous_args = 0
 134 0000 10B5     		push	{r4, lr}
 135              	.LCFI1:
 136              		.cfi_def_cfa_offset 8
 137              		.cfi_offset 4, -8
 138              		.cfi_offset 14, -4
 139              	.LBB16:
 140              		.loc 1 109 0
 141 0002 2023     		movs	r3, #32
 142              	.LVL13:
 143              	@ 109 "/home/wicker/tools/ChibiOS_2.6.3/os/kernel/src/chmsg.c" 1
 144 0004 83F31188 		msr     BASEPRI, r3
 145              	@ 0 "" 2
 146              	.LVL14:
 147              		.thumb
 148              	.LBE16:
 149              		.loc 1 110 0
 150 0008 0B4C     		ldr	r4, .L10
 151 000a A369     		ldr	r3, [r4, #24]
 152              	.LVL15:
 153 000c 1A46     		mov	r2, r3
 154 000e 52F82C0F 		ldr	r0, [r2, #44]!
 155 0012 9042     		cmp	r0, r2
 156 0014 08D0     		beq	.L9
 157              	.L8:
 158              	.LVL16:
 159              	.LBB17:
 160              	.LBB18:
 161              		.loc 2 62 0
 162 0016 0168     		ldr	r1, [r0, #0]
 163 0018 D962     		str	r1, [r3, #44]
 164 001a 4A60     		str	r2, [r1, #4]
 165              	.LBE18:
 166              	.LBE17:
 167              		.loc 1 113 0
 168 001c 0B22     		movs	r2, #11
 169 001e 0277     		strb	r2, [r0, #28]
 170              	.LBB19:
 171              		.loc 1 114 0
ARM GAS  /tmp/ccHBfCOM.s 			page 4


 172 0020 0023     		movs	r3, #0
 173              	.LVL17:
 174              	@ 114 "/home/wicker/tools/ChibiOS_2.6.3/os/kernel/src/chmsg.c" 1
 175 0022 83F31188 		msr     BASEPRI, r3
 176              	@ 0 "" 2
 177              	.LVL18:
 178              		.thumb
 179              	.LBE19:
 180              		.loc 1 116 0
 181 0026 10BD     		pop	{r4, pc}
 182              	.LVL19:
 183              	.L9:
 184              		.loc 1 111 0
 185 0028 0C20     		movs	r0, #12
 186 002a FFF7FEFF 		bl	chSchGoSleepS
 187              	.LVL20:
 188 002e A369     		ldr	r3, [r4, #24]
 189 0030 1A46     		mov	r2, r3
 190 0032 52F82C0F 		ldr	r0, [r2, #44]!
 191 0036 EEE7     		b	.L8
 192              	.L11:
 193              		.align	2
 194              	.L10:
 195 0038 00000000 		.word	rlist
 196              		.cfi_endproc
 197              	.LFE8:
 198              		.size	chMsgWait, .-chMsgWait
 199 003c AFF30080 		.section	.text.chMsgRelease,"ax",%progbits
 200              		.align	2
 201              		.p2align 4,,15
 202              		.global	chMsgRelease
 203              		.thumb
 204              		.thumb_func
 205              		.type	chMsgRelease, %function
 206              	chMsgRelease:
 207              	.LFB9:
 208              		.loc 1 128 0
 209              		.cfi_startproc
 210              		@ args = 0, pretend = 0, frame = 0
 211              		@ frame_needed = 0, uses_anonymous_args = 0
 212              	.LVL21:
 213 0000 08B5     		push	{r3, lr}
 214              	.LCFI2:
 215              		.cfi_def_cfa_offset 8
 216              		.cfi_offset 3, -8
 217              		.cfi_offset 14, -4
 218              	.LBB20:
 219              		.loc 1 130 0
 220 0002 2023     		movs	r3, #32
 221              	.LVL22:
 222              	@ 130 "/home/wicker/tools/ChibiOS_2.6.3/os/kernel/src/chmsg.c" 1
 223 0004 83F31188 		msr     BASEPRI, r3
 224              	@ 0 "" 2
 225              	.LVL23:
 226              		.thumb
 227              	.LBE20:
 228              		.loc 1 133 0
ARM GAS  /tmp/ccHBfCOM.s 			page 5


 229 0008 FFF7FEFF 		bl	chSchWakeupS
 230              	.LVL24:
 231              	.LBB21:
 232              		.loc 1 134 0
 233 000c 0023     		movs	r3, #0
 234              	.LVL25:
 235              	@ 134 "/home/wicker/tools/ChibiOS_2.6.3/os/kernel/src/chmsg.c" 1
 236 000e 83F31188 		msr     BASEPRI, r3
 237              	@ 0 "" 2
 238              	.LVL26:
 239              		.thumb
 240 0012 08BD     		pop	{r3, pc}
 241              	.LBE21:
 242              		.cfi_endproc
 243              	.LFE9:
 244              		.size	chMsgRelease, .-chMsgRelease
 245 0014 AFF30080 		.text
 245      AFF30080 
 245      AFF30080 
 246              	.Letext0:
 247              		.file 3 "/opt/psas/x-tools/stm32f407/arm-psas-eabi/bin/../lib/gcc/arm-psas-eabi/4.7.2/../../../../
 248              		.file 4 "/home/wicker/tools/ChibiOS_2.6.3/os/ports/GCC/ARMCMx/chtypes.h"
 249              		.file 5 "/home/wicker/tools/ChibiOS_2.6.3/os/kernel/include/chlists.h"
 250              		.file 6 "/home/wicker/tools/ChibiOS_2.6.3/os/kernel/include/chthreads.h"
 251              		.file 7 "/home/wicker/tools/ChibiOS_2.6.3/os/ports/GCC/ARMCMx/chcore_v7m.h"
 252              		.file 8 "/home/wicker/tools/ChibiOS_2.6.3/os/kernel/include/chschd.h"
 253              		.file 9 "/home/wicker/tools/ChibiOS_2.6.3/os/kernel/include/chmtx.h"
 254              		.section	.debug_info,"",%progbits
 255              	.Ldebug_info0:
 256 0000 C2060000 		.4byte	0x6c2
 257 0004 0200     		.2byte	0x2
 258 0006 00000000 		.4byte	.Ldebug_abbrev0
 259 000a 04       		.byte	0x4
 260 000b 01       		.uleb128 0x1
 261 000c 34010000 		.4byte	.LASF65
 262 0010 01       		.byte	0x1
 263 0011 9C020000 		.4byte	.LASF66
 264 0015 18000000 		.4byte	.Ldebug_ranges0+0x18
 265 0019 00000000 		.4byte	0
 266 001d 00000000 		.4byte	0
 267 0021 00000000 		.4byte	.Ldebug_line0
 268 0025 02       		.uleb128 0x2
 269 0026 04       		.byte	0x4
 270 0027 05       		.byte	0x5
 271 0028 696E7400 		.ascii	"int\000"
 272 002c 03       		.uleb128 0x3
 273 002d 04       		.byte	0x4
 274 002e 07       		.byte	0x7
 275 002f AA000000 		.4byte	.LASF0
 276 0033 03       		.uleb128 0x3
 277 0034 01       		.byte	0x1
 278 0035 06       		.byte	0x6
 279 0036 4F000000 		.4byte	.LASF1
 280 003a 04       		.uleb128 0x4
 281 003b 86020000 		.4byte	.LASF5
 282 003f 03       		.byte	0x3
 283 0040 2A       		.byte	0x2a
ARM GAS  /tmp/ccHBfCOM.s 			page 6


 284 0041 45000000 		.4byte	0x45
 285 0045 03       		.uleb128 0x3
 286 0046 01       		.byte	0x1
 287 0047 08       		.byte	0x8
 288 0048 77010000 		.4byte	.LASF2
 289 004c 03       		.uleb128 0x3
 290 004d 02       		.byte	0x2
 291 004e 05       		.byte	0x5
 292 004f 8F010000 		.4byte	.LASF3
 293 0053 03       		.uleb128 0x3
 294 0054 02       		.byte	0x2
 295 0055 07       		.byte	0x7
 296 0056 D1000000 		.4byte	.LASF4
 297 005a 04       		.uleb128 0x4
 298 005b 6F010000 		.4byte	.LASF6
 299 005f 03       		.byte	0x3
 300 0060 4F       		.byte	0x4f
 301 0061 65000000 		.4byte	0x65
 302 0065 03       		.uleb128 0x3
 303 0066 04       		.byte	0x4
 304 0067 05       		.byte	0x5
 305 0068 75000000 		.4byte	.LASF7
 306 006c 04       		.uleb128 0x4
 307 006d F5010000 		.4byte	.LASF8
 308 0071 03       		.byte	0x3
 309 0072 50       		.byte	0x50
 310 0073 77000000 		.4byte	0x77
 311 0077 03       		.uleb128 0x3
 312 0078 04       		.byte	0x4
 313 0079 07       		.byte	0x7
 314 007a B7000000 		.4byte	.LASF9
 315 007e 03       		.uleb128 0x3
 316 007f 08       		.byte	0x8
 317 0080 05       		.byte	0x5
 318 0081 41000000 		.4byte	.LASF10
 319 0085 03       		.uleb128 0x3
 320 0086 08       		.byte	0x8
 321 0087 07       		.byte	0x7
 322 0088 1A000000 		.4byte	.LASF11
 323 008c 03       		.uleb128 0x3
 324 008d 01       		.byte	0x1
 325 008e 02       		.byte	0x2
 326 008f 69010000 		.4byte	.LASF12
 327 0093 04       		.uleb128 0x4
 328 0094 EA000000 		.4byte	.LASF13
 329 0098 04       		.byte	0x4
 330 0099 2C       		.byte	0x2c
 331 009a 3A000000 		.4byte	0x3a
 332 009e 04       		.uleb128 0x4
 333 009f 88000000 		.4byte	.LASF14
 334 00a3 04       		.byte	0x4
 335 00a4 2D       		.byte	0x2d
 336 00a5 3A000000 		.4byte	0x3a
 337 00a9 04       		.uleb128 0x4
 338 00aa 52010000 		.4byte	.LASF15
 339 00ae 04       		.byte	0x4
 340 00af 2E       		.byte	0x2e
ARM GAS  /tmp/ccHBfCOM.s 			page 7


 341 00b0 3A000000 		.4byte	0x3a
 342 00b4 04       		.uleb128 0x4
 343 00b5 6B000000 		.4byte	.LASF16
 344 00b9 04       		.byte	0x4
 345 00ba 2F       		.byte	0x2f
 346 00bb 3A000000 		.4byte	0x3a
 347 00bf 04       		.uleb128 0x4
 348 00c0 61010000 		.4byte	.LASF17
 349 00c4 04       		.byte	0x4
 350 00c5 30       		.byte	0x30
 351 00c6 6C000000 		.4byte	0x6c
 352 00ca 04       		.uleb128 0x4
 353 00cb E4000000 		.4byte	.LASF18
 354 00cf 04       		.byte	0x4
 355 00d0 31       		.byte	0x31
 356 00d1 5A000000 		.4byte	0x5a
 357 00d5 04       		.uleb128 0x4
 358 00d6 FE000000 		.4byte	.LASF19
 359 00da 04       		.byte	0x4
 360 00db 33       		.byte	0x33
 361 00dc 6C000000 		.4byte	0x6c
 362 00e0 04       		.uleb128 0x4
 363 00e1 2A020000 		.4byte	.LASF20
 364 00e5 04       		.byte	0x4
 365 00e6 35       		.byte	0x35
 366 00e7 6C000000 		.4byte	0x6c
 367 00eb 04       		.uleb128 0x4
 368 00ec C8010000 		.4byte	.LASF21
 369 00f0 05       		.byte	0x5
 370 00f1 2A       		.byte	0x2a
 371 00f2 F6000000 		.4byte	0xf6
 372 00f6 05       		.uleb128 0x5
 373 00f7 C8010000 		.4byte	.LASF21
 374 00fb 48       		.byte	0x48
 375 00fc 06       		.byte	0x6
 376 00fd 5E       		.byte	0x5e
 377 00fe 1B020000 		.4byte	0x21b
 378 0102 06       		.uleb128 0x6
 379 0103 B9010000 		.4byte	.LASF22
 380 0107 06       		.byte	0x6
 381 0108 5F       		.byte	0x5f
 382 0109 40020000 		.4byte	0x240
 383 010d 02       		.byte	0x2
 384 010e 23       		.byte	0x23
 385 010f 00       		.uleb128 0
 386 0110 06       		.uleb128 0x6
 387 0111 5A010000 		.4byte	.LASF23
 388 0115 06       		.byte	0x6
 389 0116 61       		.byte	0x61
 390 0117 40020000 		.4byte	0x240
 391 011b 02       		.byte	0x2
 392 011c 23       		.byte	0x23
 393 011d 04       		.uleb128 0x4
 394 011e 06       		.uleb128 0x6
 395 011f 3A000000 		.4byte	.LASF24
 396 0123 06       		.byte	0x6
 397 0124 63       		.byte	0x63
ARM GAS  /tmp/ccHBfCOM.s 			page 8


 398 0125 BF000000 		.4byte	0xbf
 399 0129 02       		.byte	0x2
 400 012a 23       		.byte	0x23
 401 012b 08       		.uleb128 0x8
 402 012c 06       		.uleb128 0x6
 403 012d DB020000 		.4byte	.LASF25
 404 0131 06       		.byte	0x6
 405 0132 64       		.byte	0x64
 406 0133 0E030000 		.4byte	0x30e
 407 0137 02       		.byte	0x2
 408 0138 23       		.byte	0x23
 409 0139 0C       		.uleb128 0xc
 410 013a 06       		.uleb128 0x6
 411 013b 91000000 		.4byte	.LASF26
 412 013f 06       		.byte	0x6
 413 0140 66       		.byte	0x66
 414 0141 40020000 		.4byte	0x240
 415 0145 02       		.byte	0x2
 416 0146 23       		.byte	0x23
 417 0147 10       		.uleb128 0x10
 418 0148 06       		.uleb128 0x6
 419 0149 19010000 		.4byte	.LASF27
 420 014d 06       		.byte	0x6
 421 014e 67       		.byte	0x67
 422 014f 40020000 		.4byte	0x240
 423 0153 02       		.byte	0x2
 424 0154 23       		.byte	0x23
 425 0155 14       		.uleb128 0x14
 426 0156 06       		.uleb128 0x6
 427 0157 95020000 		.4byte	.LASF28
 428 015b 06       		.byte	0x6
 429 015c 6E       		.byte	0x6e
 430 015d 22040000 		.4byte	0x422
 431 0161 02       		.byte	0x2
 432 0162 23       		.byte	0x23
 433 0163 18       		.uleb128 0x18
 434 0164 06       		.uleb128 0x6
 435 0165 99010000 		.4byte	.LASF29
 436 0169 06       		.byte	0x6
 437 016a 79       		.byte	0x79
 438 016b 9E000000 		.4byte	0x9e
 439 016f 02       		.byte	0x2
 440 0170 23       		.byte	0x23
 441 0171 1C       		.uleb128 0x1c
 442 0172 06       		.uleb128 0x6
 443 0173 C0010000 		.4byte	.LASF30
 444 0177 06       		.byte	0x6
 445 0178 7D       		.byte	0x7d
 446 0179 93000000 		.4byte	0x93
 447 017d 02       		.byte	0x2
 448 017e 23       		.byte	0x23
 449 017f 1D       		.uleb128 0x1d
 450 0180 06       		.uleb128 0x6
 451 0181 6F020000 		.4byte	.LASF31
 452 0185 06       		.byte	0x6
 453 0186 82       		.byte	0x82
 454 0187 A9000000 		.4byte	0xa9
ARM GAS  /tmp/ccHBfCOM.s 			page 9


 455 018b 02       		.byte	0x2
 456 018c 23       		.byte	0x23
 457 018d 1E       		.uleb128 0x1e
 458 018e 06       		.uleb128 0x6
 459 018f A1010000 		.4byte	.LASF32
 460 0193 06       		.byte	0x6
 461 0194 88       		.byte	0x88
 462 0195 B4000000 		.4byte	0xb4
 463 0199 02       		.byte	0x2
 464 019a 23       		.byte	0x23
 465 019b 1F       		.uleb128 0x1f
 466 019c 06       		.uleb128 0x6
 467 019d 3F020000 		.4byte	.LASF33
 468 01a1 06       		.byte	0x6
 469 01a2 8F       		.byte	0x8f
 470 01a3 38030000 		.4byte	0x338
 471 01a7 02       		.byte	0x2
 472 01a8 23       		.byte	0x23
 473 01a9 20       		.uleb128 0x20
 474 01aa 07       		.uleb128 0x7
 475 01ab 705F7500 		.ascii	"p_u\000"
 476 01af 06       		.byte	0x6
 477 01b0 B4       		.byte	0xb4
 478 01b1 ED030000 		.4byte	0x3ed
 479 01b5 02       		.byte	0x2
 480 01b6 23       		.byte	0x23
 481 01b7 24       		.uleb128 0x24
 482 01b8 06       		.uleb128 0x6
 483 01b9 E1020000 		.4byte	.LASF34
 484 01bd 06       		.byte	0x6
 485 01be B9       		.byte	0xb9
 486 01bf 68020000 		.4byte	0x268
 487 01c3 02       		.byte	0x2
 488 01c4 23       		.byte	0x23
 489 01c5 28       		.uleb128 0x28
 490 01c6 06       		.uleb128 0x6
 491 01c7 4D020000 		.4byte	.LASF35
 492 01cb 06       		.byte	0x6
 493 01cc BF       		.byte	0xbf
 494 01cd 46020000 		.4byte	0x246
 495 01d1 02       		.byte	0x2
 496 01d2 23       		.byte	0x23
 497 01d3 2C       		.uleb128 0x2c
 498 01d4 06       		.uleb128 0x6
 499 01d5 00000000 		.4byte	.LASF36
 500 01d9 06       		.byte	0x6
 501 01da C3       		.byte	0xc3
 502 01db CA000000 		.4byte	0xca
 503 01df 02       		.byte	0x2
 504 01e0 23       		.byte	0x23
 505 01e1 34       		.uleb128 0x34
 506 01e2 06       		.uleb128 0x6
 507 01e3 EA010000 		.4byte	.LASF37
 508 01e7 06       		.byte	0x6
 509 01e8 C9       		.byte	0xc9
 510 01e9 D5000000 		.4byte	0xd5
 511 01ed 02       		.byte	0x2
ARM GAS  /tmp/ccHBfCOM.s 			page 10


 512 01ee 23       		.byte	0x23
 513 01ef 38       		.uleb128 0x38
 514 01f0 06       		.uleb128 0x6
 515 01f1 85010000 		.4byte	.LASF38
 516 01f5 06       		.byte	0x6
 517 01f6 D0       		.byte	0xd0
 518 01f7 34040000 		.4byte	0x434
 519 01fb 02       		.byte	0x2
 520 01fc 23       		.byte	0x23
 521 01fd 3C       		.uleb128 0x3c
 522 01fe 06       		.uleb128 0x6
 523 01ff 34020000 		.4byte	.LASF39
 524 0203 06       		.byte	0x6
 525 0204 D4       		.byte	0xd4
 526 0205 BF000000 		.4byte	0xbf
 527 0209 02       		.byte	0x2
 528 020a 23       		.byte	0x23
 529 020b 40       		.uleb128 0x40
 530 020c 06       		.uleb128 0x6
 531 020d 5B000000 		.4byte	.LASF40
 532 0211 06       		.byte	0x6
 533 0212 DA       		.byte	0xda
 534 0213 7E020000 		.4byte	0x27e
 535 0217 02       		.byte	0x2
 536 0218 23       		.byte	0x23
 537 0219 44       		.uleb128 0x44
 538 021a 00       		.byte	0
 539 021b 08       		.uleb128 0x8
 540 021c 08       		.byte	0x8
 541 021d 05       		.byte	0x5
 542 021e 61       		.byte	0x61
 543 021f 40020000 		.4byte	0x240
 544 0223 06       		.uleb128 0x6
 545 0224 B9010000 		.4byte	.LASF22
 546 0228 05       		.byte	0x5
 547 0229 62       		.byte	0x62
 548 022a 40020000 		.4byte	0x240
 549 022e 02       		.byte	0x2
 550 022f 23       		.byte	0x23
 551 0230 00       		.uleb128 0
 552 0231 06       		.uleb128 0x6
 553 0232 5A010000 		.4byte	.LASF23
 554 0236 05       		.byte	0x5
 555 0237 64       		.byte	0x64
 556 0238 40020000 		.4byte	0x240
 557 023c 02       		.byte	0x2
 558 023d 23       		.byte	0x23
 559 023e 04       		.uleb128 0x4
 560 023f 00       		.byte	0
 561 0240 09       		.uleb128 0x9
 562 0241 04       		.byte	0x4
 563 0242 EB000000 		.4byte	0xeb
 564 0246 04       		.uleb128 0x4
 565 0247 27010000 		.4byte	.LASF41
 566 024b 05       		.byte	0x5
 567 024c 66       		.byte	0x66
 568 024d 1B020000 		.4byte	0x21b
ARM GAS  /tmp/ccHBfCOM.s 			page 11


 569 0251 08       		.uleb128 0x8
 570 0252 04       		.byte	0x4
 571 0253 05       		.byte	0x5
 572 0254 6B       		.byte	0x6b
 573 0255 68020000 		.4byte	0x268
 574 0259 06       		.uleb128 0x6
 575 025a B9010000 		.4byte	.LASF22
 576 025e 05       		.byte	0x5
 577 025f 6D       		.byte	0x6d
 578 0260 40020000 		.4byte	0x240
 579 0264 02       		.byte	0x2
 580 0265 23       		.byte	0x23
 581 0266 00       		.uleb128 0
 582 0267 00       		.byte	0
 583 0268 04       		.uleb128 0x4
 584 0269 F2000000 		.4byte	.LASF42
 585 026d 05       		.byte	0x5
 586 026e 70       		.byte	0x70
 587 026f 51020000 		.4byte	0x251
 588 0273 04       		.uleb128 0x4
 589 0274 A1000000 		.4byte	.LASF43
 590 0278 07       		.byte	0x7
 591 0279 E5       		.byte	0xe5
 592 027a 7E020000 		.4byte	0x27e
 593 027e 0A       		.uleb128 0xa
 594 027f 04       		.byte	0x4
 595 0280 0B       		.uleb128 0xb
 596 0281 46020000 		.4byte	.LASF44
 597 0285 24       		.byte	0x24
 598 0286 07       		.byte	0x7
 599 0287 0C01     		.2byte	0x10c
 600 0289 0E030000 		.4byte	0x30e
 601 028d 0C       		.uleb128 0xc
 602 028e 723400   		.ascii	"r4\000"
 603 0291 07       		.byte	0x7
 604 0292 1F01     		.2byte	0x11f
 605 0294 73020000 		.4byte	0x273
 606 0298 02       		.byte	0x2
 607 0299 23       		.byte	0x23
 608 029a 00       		.uleb128 0
 609 029b 0C       		.uleb128 0xc
 610 029c 723500   		.ascii	"r5\000"
 611 029f 07       		.byte	0x7
 612 02a0 2001     		.2byte	0x120
 613 02a2 73020000 		.4byte	0x273
 614 02a6 02       		.byte	0x2
 615 02a7 23       		.byte	0x23
 616 02a8 04       		.uleb128 0x4
 617 02a9 0C       		.uleb128 0xc
 618 02aa 723600   		.ascii	"r6\000"
 619 02ad 07       		.byte	0x7
 620 02ae 2101     		.2byte	0x121
 621 02b0 73020000 		.4byte	0x273
 622 02b4 02       		.byte	0x2
 623 02b5 23       		.byte	0x23
 624 02b6 08       		.uleb128 0x8
 625 02b7 0C       		.uleb128 0xc
ARM GAS  /tmp/ccHBfCOM.s 			page 12


 626 02b8 723700   		.ascii	"r7\000"
 627 02bb 07       		.byte	0x7
 628 02bc 2201     		.2byte	0x122
 629 02be 73020000 		.4byte	0x273
 630 02c2 02       		.byte	0x2
 631 02c3 23       		.byte	0x23
 632 02c4 0C       		.uleb128 0xc
 633 02c5 0C       		.uleb128 0xc
 634 02c6 723800   		.ascii	"r8\000"
 635 02c9 07       		.byte	0x7
 636 02ca 2301     		.2byte	0x123
 637 02cc 73020000 		.4byte	0x273
 638 02d0 02       		.byte	0x2
 639 02d1 23       		.byte	0x23
 640 02d2 10       		.uleb128 0x10
 641 02d3 0C       		.uleb128 0xc
 642 02d4 723900   		.ascii	"r9\000"
 643 02d7 07       		.byte	0x7
 644 02d8 2401     		.2byte	0x124
 645 02da 73020000 		.4byte	0x273
 646 02de 02       		.byte	0x2
 647 02df 23       		.byte	0x23
 648 02e0 14       		.uleb128 0x14
 649 02e1 0C       		.uleb128 0xc
 650 02e2 72313000 		.ascii	"r10\000"
 651 02e6 07       		.byte	0x7
 652 02e7 2501     		.2byte	0x125
 653 02e9 73020000 		.4byte	0x273
 654 02ed 02       		.byte	0x2
 655 02ee 23       		.byte	0x23
 656 02ef 18       		.uleb128 0x18
 657 02f0 0C       		.uleb128 0xc
 658 02f1 72313100 		.ascii	"r11\000"
 659 02f5 07       		.byte	0x7
 660 02f6 2601     		.2byte	0x126
 661 02f8 73020000 		.4byte	0x273
 662 02fc 02       		.byte	0x2
 663 02fd 23       		.byte	0x23
 664 02fe 1C       		.uleb128 0x1c
 665 02ff 0C       		.uleb128 0xc
 666 0300 6C7200   		.ascii	"lr\000"
 667 0303 07       		.byte	0x7
 668 0304 2701     		.2byte	0x127
 669 0306 73020000 		.4byte	0x273
 670 030a 02       		.byte	0x2
 671 030b 23       		.byte	0x23
 672 030c 20       		.uleb128 0x20
 673 030d 00       		.byte	0
 674 030e 0B       		.uleb128 0xb
 675 030f C9000000 		.4byte	.LASF45
 676 0313 04       		.byte	0x4
 677 0314 07       		.byte	0x7
 678 0315 3101     		.2byte	0x131
 679 0317 2B030000 		.4byte	0x32b
 680 031b 0C       		.uleb128 0xc
 681 031c 72313300 		.ascii	"r13\000"
 682 0320 07       		.byte	0x7
ARM GAS  /tmp/ccHBfCOM.s 			page 13


 683 0321 3201     		.2byte	0x132
 684 0323 2B030000 		.4byte	0x32b
 685 0327 02       		.byte	0x2
 686 0328 23       		.byte	0x23
 687 0329 00       		.uleb128 0
 688 032a 00       		.byte	0
 689 032b 09       		.uleb128 0x9
 690 032c 04       		.byte	0x4
 691 032d 80020000 		.4byte	0x280
 692 0331 03       		.uleb128 0x3
 693 0332 04       		.byte	0x4
 694 0333 07       		.byte	0x7
 695 0334 10010000 		.4byte	.LASF46
 696 0338 0D       		.uleb128 0xd
 697 0339 E0000000 		.4byte	0xe0
 698 033d 08       		.uleb128 0x8
 699 033e 1C       		.byte	0x1c
 700 033f 08       		.byte	0x8
 701 0340 5E       		.byte	0x5e
 702 0341 9A030000 		.4byte	0x39a
 703 0345 06       		.uleb128 0x6
 704 0346 FE010000 		.4byte	.LASF47
 705 034a 08       		.byte	0x8
 706 034b 5F       		.byte	0x5f
 707 034c 46020000 		.4byte	0x246
 708 0350 02       		.byte	0x2
 709 0351 23       		.byte	0x23
 710 0352 00       		.uleb128 0
 711 0353 06       		.uleb128 0x6
 712 0354 AB010000 		.4byte	.LASF48
 713 0358 08       		.byte	0x8
 714 0359 60       		.byte	0x60
 715 035a BF000000 		.4byte	0xbf
 716 035e 02       		.byte	0x2
 717 035f 23       		.byte	0x23
 718 0360 08       		.uleb128 0x8
 719 0361 06       		.uleb128 0x6
 720 0362 21010000 		.4byte	.LASF49
 721 0366 08       		.byte	0x8
 722 0367 62       		.byte	0x62
 723 0368 0E030000 		.4byte	0x30e
 724 036c 02       		.byte	0x2
 725 036d 23       		.byte	0x23
 726 036e 0C       		.uleb128 0xc
 727 036f 06       		.uleb128 0x6
 728 0370 99000000 		.4byte	.LASF50
 729 0374 08       		.byte	0x8
 730 0375 65       		.byte	0x65
 731 0376 40020000 		.4byte	0x240
 732 037a 02       		.byte	0x2
 733 037b 23       		.byte	0x23
 734 037c 10       		.uleb128 0x10
 735 037d 06       		.uleb128 0x6
 736 037e 4A010000 		.4byte	.LASF51
 737 0382 08       		.byte	0x8
 738 0383 66       		.byte	0x66
 739 0384 40020000 		.4byte	0x240
ARM GAS  /tmp/ccHBfCOM.s 			page 14


 740 0388 02       		.byte	0x2
 741 0389 23       		.byte	0x23
 742 038a 14       		.uleb128 0x14
 743 038b 06       		.uleb128 0x6
 744 038c 40010000 		.4byte	.LASF52
 745 0390 08       		.byte	0x8
 746 0391 69       		.byte	0x69
 747 0392 40020000 		.4byte	0x240
 748 0396 02       		.byte	0x2
 749 0397 23       		.byte	0x23
 750 0398 18       		.uleb128 0x18
 751 0399 00       		.byte	0
 752 039a 04       		.uleb128 0x4
 753 039b 76020000 		.4byte	.LASF53
 754 039f 08       		.byte	0x8
 755 03a0 6B       		.byte	0x6b
 756 03a1 3D030000 		.4byte	0x33d
 757 03a5 05       		.uleb128 0x5
 758 03a6 0A010000 		.4byte	.LASF54
 759 03aa 10       		.byte	0x10
 760 03ab 09       		.byte	0x9
 761 03ac 2C       		.byte	0x2c
 762 03ad DC030000 		.4byte	0x3dc
 763 03b1 06       		.uleb128 0x6
 764 03b2 63000000 		.4byte	.LASF55
 765 03b6 09       		.byte	0x9
 766 03b7 2D       		.byte	0x2d
 767 03b8 46020000 		.4byte	0x246
 768 03bc 02       		.byte	0x2
 769 03bd 23       		.byte	0x23
 770 03be 00       		.uleb128 0
 771 03bf 06       		.uleb128 0x6
 772 03c0 D3020000 		.4byte	.LASF56
 773 03c4 09       		.byte	0x9
 774 03c5 2F       		.byte	0x2f
 775 03c6 40020000 		.4byte	0x240
 776 03ca 02       		.byte	0x2
 777 03cb 23       		.byte	0x23
 778 03cc 08       		.uleb128 0x8
 779 03cd 06       		.uleb128 0x6
 780 03ce 23020000 		.4byte	.LASF57
 781 03d2 09       		.byte	0x9
 782 03d3 31       		.byte	0x31
 783 03d4 DC030000 		.4byte	0x3dc
 784 03d8 02       		.byte	0x2
 785 03d9 23       		.byte	0x23
 786 03da 0C       		.uleb128 0xc
 787 03db 00       		.byte	0
 788 03dc 09       		.uleb128 0x9
 789 03dd 04       		.byte	0x4
 790 03de A5030000 		.4byte	0x3a5
 791 03e2 04       		.uleb128 0x4
 792 03e3 0A010000 		.4byte	.LASF54
 793 03e7 09       		.byte	0x9
 794 03e8 33       		.byte	0x33
 795 03e9 A5030000 		.4byte	0x3a5
 796 03ed 0E       		.uleb128 0xe
ARM GAS  /tmp/ccHBfCOM.s 			page 15


 797 03ee 04       		.byte	0x4
 798 03ef 06       		.byte	0x6
 799 03f0 96       		.byte	0x96
 800 03f1 22040000 		.4byte	0x422
 801 03f5 0F       		.uleb128 0xf
 802 03f6 13000000 		.4byte	.LASF58
 803 03fa 06       		.byte	0x6
 804 03fb 9D       		.byte	0x9d
 805 03fc CA000000 		.4byte	0xca
 806 0400 0F       		.uleb128 0xf
 807 0401 31000000 		.4byte	.LASF59
 808 0405 06       		.byte	0x6
 809 0406 A4       		.byte	0xa4
 810 0407 CA000000 		.4byte	0xca
 811 040b 0F       		.uleb128 0xf
 812 040c 8E020000 		.4byte	.LASF60
 813 0410 06       		.byte	0x6
 814 0411 AB       		.byte	0xab
 815 0412 7E020000 		.4byte	0x27e
 816 0416 0F       		.uleb128 0xf
 817 0417 B2010000 		.4byte	.LASF61
 818 041b 06       		.byte	0x6
 819 041c B2       		.byte	0xb2
 820 041d D5000000 		.4byte	0xd5
 821 0421 00       		.byte	0
 822 0422 09       		.uleb128 0x9
 823 0423 04       		.byte	0x4
 824 0424 28040000 		.4byte	0x428
 825 0428 10       		.uleb128 0x10
 826 0429 2D040000 		.4byte	0x42d
 827 042d 03       		.uleb128 0x3
 828 042e 01       		.byte	0x1
 829 042f 08       		.byte	0x8
 830 0430 12020000 		.4byte	.LASF62
 831 0434 09       		.uleb128 0x9
 832 0435 04       		.byte	0x4
 833 0436 E2030000 		.4byte	0x3e2
 834 043a 11       		.uleb128 0x11
 835 043b 06000000 		.4byte	.LASF67
 836 043f 02       		.byte	0x2
 837 0440 34       		.byte	0x34
 838 0441 01       		.byte	0x1
 839 0442 03       		.byte	0x3
 840 0443 5D040000 		.4byte	0x45d
 841 0447 12       		.uleb128 0x12
 842 0448 747000   		.ascii	"tp\000"
 843 044b 02       		.byte	0x2
 844 044c 34       		.byte	0x34
 845 044d 40020000 		.4byte	0x240
 846 0451 12       		.uleb128 0x12
 847 0452 74717000 		.ascii	"tqp\000"
 848 0456 02       		.byte	0x2
 849 0457 34       		.byte	0x34
 850 0458 5D040000 		.4byte	0x45d
 851 045c 00       		.byte	0
 852 045d 09       		.uleb128 0x9
 853 045e 04       		.byte	0x4
ARM GAS  /tmp/ccHBfCOM.s 			page 16


 854 045f 46020000 		.4byte	0x246
 855 0463 13       		.uleb128 0x13
 856 0464 17020000 		.4byte	.LASF68
 857 0468 02       		.byte	0x2
 858 0469 3B       		.byte	0x3b
 859 046a 01       		.byte	0x1
 860 046b 40020000 		.4byte	0x240
 861 046f 03       		.byte	0x3
 862 0470 8A040000 		.4byte	0x48a
 863 0474 12       		.uleb128 0x12
 864 0475 74717000 		.ascii	"tqp\000"
 865 0479 02       		.byte	0x2
 866 047a 3B       		.byte	0x3b
 867 047b 5D040000 		.4byte	0x45d
 868 047f 14       		.uleb128 0x14
 869 0480 747000   		.ascii	"tp\000"
 870 0483 02       		.byte	0x2
 871 0484 3C       		.byte	0x3c
 872 0485 40020000 		.4byte	0x240
 873 0489 00       		.byte	0
 874 048a 15       		.uleb128 0x15
 875 048b 01       		.byte	0x1
 876 048c 7E000000 		.4byte	.LASF63
 877 0490 01       		.byte	0x1
 878 0491 4B       		.byte	0x4b
 879 0492 01       		.byte	0x1
 880 0493 CA000000 		.4byte	0xca
 881 0497 00000000 		.4byte	.LFB7
 882 049b 40000000 		.4byte	.LFE7
 883 049f 00000000 		.4byte	.LLST0
 884 04a3 01       		.byte	0x1
 885 04a4 4B050000 		.4byte	0x54b
 886 04a8 16       		.uleb128 0x16
 887 04a9 747000   		.ascii	"tp\000"
 888 04ac 01       		.byte	0x1
 889 04ad 4B       		.byte	0x4b
 890 04ae 40020000 		.4byte	0x240
 891 04b2 20000000 		.4byte	.LLST1
 892 04b6 16       		.uleb128 0x16
 893 04b7 6D736700 		.ascii	"msg\000"
 894 04bb 01       		.byte	0x1
 895 04bc 4B       		.byte	0x4b
 896 04bd CA000000 		.4byte	0xca
 897 04c1 58000000 		.4byte	.LLST2
 898 04c5 17       		.uleb128 0x17
 899 04c6 63747000 		.ascii	"ctp\000"
 900 04ca 01       		.byte	0x1
 901 04cb 4C       		.byte	0x4c
 902 04cc 40020000 		.4byte	0x240
 903 04d0 01       		.byte	0x1
 904 04d1 54       		.byte	0x54
 905 04d2 18       		.uleb128 0x18
 906 04d3 06000000 		.4byte	.LBB10
 907 04d7 0C000000 		.4byte	.LBE10
 908 04db EF040000 		.4byte	0x4ef
 909 04df 19       		.uleb128 0x19
 910 04e0 746D7000 		.ascii	"tmp\000"
ARM GAS  /tmp/ccHBfCOM.s 			page 17


 911 04e4 01       		.byte	0x1
 912 04e5 50       		.byte	0x50
 913 04e6 6C000000 		.4byte	0x6c
 914 04ea 9D000000 		.4byte	.LLST3
 915 04ee 00       		.byte	0
 916 04ef 1A       		.uleb128 0x1a
 917 04f0 3A040000 		.4byte	0x43a
 918 04f4 14000000 		.4byte	.LBB11
 919 04f8 00000000 		.4byte	.Ldebug_ranges0+0
 920 04fc 01       		.byte	0x1
 921 04fd 53       		.byte	0x53
 922 04fe 11050000 		.4byte	0x511
 923 0502 1B       		.uleb128 0x1b
 924 0503 51040000 		.4byte	0x451
 925 0507 01       		.byte	0x1
 926 0508 55       		.byte	0x55
 927 0509 1B       		.uleb128 0x1b
 928 050a 47040000 		.4byte	0x447
 929 050e 01       		.byte	0x1
 930 050f 54       		.byte	0x54
 931 0510 00       		.byte	0
 932 0511 18       		.uleb128 0x18
 933 0512 2C000000 		.4byte	.LBB15
 934 0516 32000000 		.4byte	.LBE15
 935 051a 2E050000 		.4byte	0x52e
 936 051e 19       		.uleb128 0x19
 937 051f 746D7000 		.ascii	"tmp\000"
 938 0523 01       		.byte	0x1
 939 0524 58       		.byte	0x58
 940 0525 6C000000 		.4byte	0x6c
 941 0529 B0000000 		.4byte	.LLST4
 942 052d 00       		.byte	0
 943 052e 1C       		.uleb128 0x1c
 944 052f 2A000000 		.4byte	.LVL7
 945 0533 84060000 		.4byte	0x684
 946 0537 41050000 		.4byte	0x541
 947 053b 1D       		.uleb128 0x1d
 948 053c 01       		.byte	0x1
 949 053d 50       		.byte	0x50
 950 053e 01       		.byte	0x1
 951 053f 3A       		.byte	0x3a
 952 0540 00       		.byte	0
 953 0541 1E       		.uleb128 0x1e
 954 0542 38000000 		.4byte	.LVL12
 955 0546 98060000 		.4byte	0x698
 956 054a 00       		.byte	0
 957 054b 15       		.uleb128 0x15
 958 054c 01       		.byte	0x1
 959 054d 65020000 		.4byte	.LASF64
 960 0551 01       		.byte	0x1
 961 0552 6A       		.byte	0x6a
 962 0553 01       		.byte	0x1
 963 0554 40020000 		.4byte	0x240
 964 0558 00000000 		.4byte	.LFB8
 965 055c 3C000000 		.4byte	.LFE8
 966 0560 C3000000 		.4byte	.LLST5
 967 0564 01       		.byte	0x1
ARM GAS  /tmp/ccHBfCOM.s 			page 18


 968 0565 ED050000 		.4byte	0x5ed
 969 0569 14       		.uleb128 0x14
 970 056a 747000   		.ascii	"tp\000"
 971 056d 01       		.byte	0x1
 972 056e 6B       		.byte	0x6b
 973 056f 40020000 		.4byte	0x240
 974 0573 18       		.uleb128 0x18
 975 0574 02000000 		.4byte	.LBB16
 976 0578 08000000 		.4byte	.LBE16
 977 057c 90050000 		.4byte	0x590
 978 0580 19       		.uleb128 0x19
 979 0581 746D7000 		.ascii	"tmp\000"
 980 0585 01       		.byte	0x1
 981 0586 6D       		.byte	0x6d
 982 0587 6C000000 		.4byte	0x6c
 983 058b E3000000 		.4byte	.LLST6
 984 058f 00       		.byte	0
 985 0590 1F       		.uleb128 0x1f
 986 0591 63040000 		.4byte	0x463
 987 0595 16000000 		.4byte	.LBB17
 988 0599 1C000000 		.4byte	.LBE17
 989 059d 01       		.byte	0x1
 990 059e 70       		.byte	0x70
 991 059f C0050000 		.4byte	0x5c0
 992 05a3 20       		.uleb128 0x20
 993 05a4 74040000 		.4byte	0x474
 994 05a8 F6000000 		.4byte	.LLST7
 995 05ac 21       		.uleb128 0x21
 996 05ad 16000000 		.4byte	.LBB18
 997 05b1 1C000000 		.4byte	.LBE18
 998 05b5 22       		.uleb128 0x22
 999 05b6 7F040000 		.4byte	0x47f
 1000 05ba 0B010000 		.4byte	.LLST8
 1001 05be 00       		.byte	0
 1002 05bf 00       		.byte	0
 1003 05c0 18       		.uleb128 0x18
 1004 05c1 20000000 		.4byte	.LBB19
 1005 05c5 26000000 		.4byte	.LBE19
 1006 05c9 DD050000 		.4byte	0x5dd
 1007 05cd 19       		.uleb128 0x19
 1008 05ce 746D7000 		.ascii	"tmp\000"
 1009 05d2 01       		.byte	0x1
 1010 05d3 72       		.byte	0x72
 1011 05d4 6C000000 		.4byte	0x6c
 1012 05d8 1E010000 		.4byte	.LLST9
 1013 05dc 00       		.byte	0
 1014 05dd 23       		.uleb128 0x23
 1015 05de 2E000000 		.4byte	.LVL20
 1016 05e2 84060000 		.4byte	0x684
 1017 05e6 1D       		.uleb128 0x1d
 1018 05e7 01       		.byte	0x1
 1019 05e8 50       		.byte	0x50
 1020 05e9 01       		.byte	0x1
 1021 05ea 3C       		.byte	0x3c
 1022 05eb 00       		.byte	0
 1023 05ec 00       		.byte	0
 1024 05ed 24       		.uleb128 0x24
ARM GAS  /tmp/ccHBfCOM.s 			page 19


 1025 05ee 01       		.byte	0x1
 1026 05ef CF010000 		.4byte	.LASF69
 1027 05f3 01       		.byte	0x1
 1028 05f4 80       		.byte	0x80
 1029 05f5 01       		.byte	0x1
 1030 05f6 00000000 		.4byte	.LFB9
 1031 05fa 14000000 		.4byte	.LFE9
 1032 05fe 31010000 		.4byte	.LLST10
 1033 0602 01       		.byte	0x1
 1034 0603 77060000 		.4byte	0x677
 1035 0607 16       		.uleb128 0x16
 1036 0608 747000   		.ascii	"tp\000"
 1037 060b 01       		.byte	0x1
 1038 060c 80       		.byte	0x80
 1039 060d 40020000 		.4byte	0x240
 1040 0611 51010000 		.4byte	.LLST11
 1041 0615 16       		.uleb128 0x16
 1042 0616 6D736700 		.ascii	"msg\000"
 1043 061a 01       		.byte	0x1
 1044 061b 80       		.byte	0x80
 1045 061c CA000000 		.4byte	0xca
 1046 0620 72010000 		.4byte	.LLST12
 1047 0624 18       		.uleb128 0x18
 1048 0625 02000000 		.4byte	.LBB20
 1049 0629 08000000 		.4byte	.LBE20
 1050 062d 41060000 		.4byte	0x641
 1051 0631 19       		.uleb128 0x19
 1052 0632 746D7000 		.ascii	"tmp\000"
 1053 0636 01       		.byte	0x1
 1054 0637 82       		.byte	0x82
 1055 0638 6C000000 		.4byte	0x6c
 1056 063c 93010000 		.4byte	.LLST13
 1057 0640 00       		.byte	0
 1058 0641 18       		.uleb128 0x18
 1059 0642 0C000000 		.4byte	.LBB21
 1060 0646 14000000 		.4byte	.LBE21
 1061 064a 5E060000 		.4byte	0x65e
 1062 064e 19       		.uleb128 0x19
 1063 064f 746D7000 		.ascii	"tmp\000"
 1064 0653 01       		.byte	0x1
 1065 0654 86       		.byte	0x86
 1066 0655 6C000000 		.4byte	0x6c
 1067 0659 A6010000 		.4byte	.LLST14
 1068 065d 00       		.byte	0
 1069 065e 23       		.uleb128 0x23
 1070 065f 0C000000 		.4byte	.LVL24
 1071 0663 B0060000 		.4byte	0x6b0
 1072 0667 1D       		.uleb128 0x1d
 1073 0668 01       		.byte	0x1
 1074 0669 51       		.byte	0x51
 1075 066a 03       		.byte	0x3
 1076 066b F3       		.byte	0xf3
 1077 066c 01       		.uleb128 0x1
 1078 066d 51       		.byte	0x51
 1079 066e 1D       		.uleb128 0x1d
 1080 066f 01       		.byte	0x1
 1081 0670 50       		.byte	0x50
ARM GAS  /tmp/ccHBfCOM.s 			page 20


 1082 0671 03       		.byte	0x3
 1083 0672 F3       		.byte	0xf3
 1084 0673 01       		.uleb128 0x1
 1085 0674 50       		.byte	0x50
 1086 0675 00       		.byte	0
 1087 0676 00       		.byte	0
 1088 0677 25       		.uleb128 0x25
 1089 0678 80020000 		.4byte	.LASF70
 1090 067c 08       		.byte	0x8
 1091 067d 6F       		.byte	0x6f
 1092 067e 9A030000 		.4byte	0x39a
 1093 0682 01       		.byte	0x1
 1094 0683 01       		.byte	0x1
 1095 0684 26       		.uleb128 0x26
 1096 0685 01       		.byte	0x1
 1097 0686 DC010000 		.4byte	.LASF71
 1098 068a 08       		.byte	0x8
 1099 068b 93       		.byte	0x93
 1100 068c 01       		.byte	0x1
 1101 068d 01       		.byte	0x1
 1102 068e 98060000 		.4byte	0x698
 1103 0692 27       		.uleb128 0x27
 1104 0693 9E000000 		.4byte	0x9e
 1105 0697 00       		.byte	0
 1106 0698 28       		.uleb128 0x28
 1107 0699 01       		.byte	0x1
 1108 069a 06020000 		.4byte	.LASF72
 1109 069e 08       		.byte	0x8
 1110 069f 90       		.byte	0x90
 1111 06a0 01       		.byte	0x1
 1112 06a1 40020000 		.4byte	0x240
 1113 06a5 01       		.byte	0x1
 1114 06a6 B0060000 		.4byte	0x6b0
 1115 06aa 27       		.uleb128 0x27
 1116 06ab 40020000 		.4byte	0x240
 1117 06af 00       		.byte	0
 1118 06b0 29       		.uleb128 0x29
 1119 06b1 01       		.byte	0x1
 1120 06b2 58020000 		.4byte	.LASF73
 1121 06b6 08       		.byte	0x8
 1122 06b7 99       		.byte	0x99
 1123 06b8 01       		.byte	0x1
 1124 06b9 01       		.byte	0x1
 1125 06ba 27       		.uleb128 0x27
 1126 06bb 40020000 		.4byte	0x240
 1127 06bf 27       		.uleb128 0x27
 1128 06c0 CA000000 		.4byte	0xca
 1129 06c4 00       		.byte	0
 1130 06c5 00       		.byte	0
 1131              		.section	.debug_abbrev,"",%progbits
 1132              	.Ldebug_abbrev0:
 1133 0000 01       		.uleb128 0x1
 1134 0001 11       		.uleb128 0x11
 1135 0002 01       		.byte	0x1
 1136 0003 25       		.uleb128 0x25
 1137 0004 0E       		.uleb128 0xe
 1138 0005 13       		.uleb128 0x13
ARM GAS  /tmp/ccHBfCOM.s 			page 21


 1139 0006 0B       		.uleb128 0xb
 1140 0007 03       		.uleb128 0x3
 1141 0008 0E       		.uleb128 0xe
 1142 0009 55       		.uleb128 0x55
 1143 000a 06       		.uleb128 0x6
 1144 000b 11       		.uleb128 0x11
 1145 000c 01       		.uleb128 0x1
 1146 000d 52       		.uleb128 0x52
 1147 000e 01       		.uleb128 0x1
 1148 000f 10       		.uleb128 0x10
 1149 0010 06       		.uleb128 0x6
 1150 0011 00       		.byte	0
 1151 0012 00       		.byte	0
 1152 0013 02       		.uleb128 0x2
 1153 0014 24       		.uleb128 0x24
 1154 0015 00       		.byte	0
 1155 0016 0B       		.uleb128 0xb
 1156 0017 0B       		.uleb128 0xb
 1157 0018 3E       		.uleb128 0x3e
 1158 0019 0B       		.uleb128 0xb
 1159 001a 03       		.uleb128 0x3
 1160 001b 08       		.uleb128 0x8
 1161 001c 00       		.byte	0
 1162 001d 00       		.byte	0
 1163 001e 03       		.uleb128 0x3
 1164 001f 24       		.uleb128 0x24
 1165 0020 00       		.byte	0
 1166 0021 0B       		.uleb128 0xb
 1167 0022 0B       		.uleb128 0xb
 1168 0023 3E       		.uleb128 0x3e
 1169 0024 0B       		.uleb128 0xb
 1170 0025 03       		.uleb128 0x3
 1171 0026 0E       		.uleb128 0xe
 1172 0027 00       		.byte	0
 1173 0028 00       		.byte	0
 1174 0029 04       		.uleb128 0x4
 1175 002a 16       		.uleb128 0x16
 1176 002b 00       		.byte	0
 1177 002c 03       		.uleb128 0x3
 1178 002d 0E       		.uleb128 0xe
 1179 002e 3A       		.uleb128 0x3a
 1180 002f 0B       		.uleb128 0xb
 1181 0030 3B       		.uleb128 0x3b
 1182 0031 0B       		.uleb128 0xb
 1183 0032 49       		.uleb128 0x49
 1184 0033 13       		.uleb128 0x13
 1185 0034 00       		.byte	0
 1186 0035 00       		.byte	0
 1187 0036 05       		.uleb128 0x5
 1188 0037 13       		.uleb128 0x13
 1189 0038 01       		.byte	0x1
 1190 0039 03       		.uleb128 0x3
 1191 003a 0E       		.uleb128 0xe
 1192 003b 0B       		.uleb128 0xb
 1193 003c 0B       		.uleb128 0xb
 1194 003d 3A       		.uleb128 0x3a
 1195 003e 0B       		.uleb128 0xb
ARM GAS  /tmp/ccHBfCOM.s 			page 22


 1196 003f 3B       		.uleb128 0x3b
 1197 0040 0B       		.uleb128 0xb
 1198 0041 01       		.uleb128 0x1
 1199 0042 13       		.uleb128 0x13
 1200 0043 00       		.byte	0
 1201 0044 00       		.byte	0
 1202 0045 06       		.uleb128 0x6
 1203 0046 0D       		.uleb128 0xd
 1204 0047 00       		.byte	0
 1205 0048 03       		.uleb128 0x3
 1206 0049 0E       		.uleb128 0xe
 1207 004a 3A       		.uleb128 0x3a
 1208 004b 0B       		.uleb128 0xb
 1209 004c 3B       		.uleb128 0x3b
 1210 004d 0B       		.uleb128 0xb
 1211 004e 49       		.uleb128 0x49
 1212 004f 13       		.uleb128 0x13
 1213 0050 38       		.uleb128 0x38
 1214 0051 0A       		.uleb128 0xa
 1215 0052 00       		.byte	0
 1216 0053 00       		.byte	0
 1217 0054 07       		.uleb128 0x7
 1218 0055 0D       		.uleb128 0xd
 1219 0056 00       		.byte	0
 1220 0057 03       		.uleb128 0x3
 1221 0058 08       		.uleb128 0x8
 1222 0059 3A       		.uleb128 0x3a
 1223 005a 0B       		.uleb128 0xb
 1224 005b 3B       		.uleb128 0x3b
 1225 005c 0B       		.uleb128 0xb
 1226 005d 49       		.uleb128 0x49
 1227 005e 13       		.uleb128 0x13
 1228 005f 38       		.uleb128 0x38
 1229 0060 0A       		.uleb128 0xa
 1230 0061 00       		.byte	0
 1231 0062 00       		.byte	0
 1232 0063 08       		.uleb128 0x8
 1233 0064 13       		.uleb128 0x13
 1234 0065 01       		.byte	0x1
 1235 0066 0B       		.uleb128 0xb
 1236 0067 0B       		.uleb128 0xb
 1237 0068 3A       		.uleb128 0x3a
 1238 0069 0B       		.uleb128 0xb
 1239 006a 3B       		.uleb128 0x3b
 1240 006b 0B       		.uleb128 0xb
 1241 006c 01       		.uleb128 0x1
 1242 006d 13       		.uleb128 0x13
 1243 006e 00       		.byte	0
 1244 006f 00       		.byte	0
 1245 0070 09       		.uleb128 0x9
 1246 0071 0F       		.uleb128 0xf
 1247 0072 00       		.byte	0
 1248 0073 0B       		.uleb128 0xb
 1249 0074 0B       		.uleb128 0xb
 1250 0075 49       		.uleb128 0x49
 1251 0076 13       		.uleb128 0x13
 1252 0077 00       		.byte	0
ARM GAS  /tmp/ccHBfCOM.s 			page 23


 1253 0078 00       		.byte	0
 1254 0079 0A       		.uleb128 0xa
 1255 007a 0F       		.uleb128 0xf
 1256 007b 00       		.byte	0
 1257 007c 0B       		.uleb128 0xb
 1258 007d 0B       		.uleb128 0xb
 1259 007e 00       		.byte	0
 1260 007f 00       		.byte	0
 1261 0080 0B       		.uleb128 0xb
 1262 0081 13       		.uleb128 0x13
 1263 0082 01       		.byte	0x1
 1264 0083 03       		.uleb128 0x3
 1265 0084 0E       		.uleb128 0xe
 1266 0085 0B       		.uleb128 0xb
 1267 0086 0B       		.uleb128 0xb
 1268 0087 3A       		.uleb128 0x3a
 1269 0088 0B       		.uleb128 0xb
 1270 0089 3B       		.uleb128 0x3b
 1271 008a 05       		.uleb128 0x5
 1272 008b 01       		.uleb128 0x1
 1273 008c 13       		.uleb128 0x13
 1274 008d 00       		.byte	0
 1275 008e 00       		.byte	0
 1276 008f 0C       		.uleb128 0xc
 1277 0090 0D       		.uleb128 0xd
 1278 0091 00       		.byte	0
 1279 0092 03       		.uleb128 0x3
 1280 0093 08       		.uleb128 0x8
 1281 0094 3A       		.uleb128 0x3a
 1282 0095 0B       		.uleb128 0xb
 1283 0096 3B       		.uleb128 0x3b
 1284 0097 05       		.uleb128 0x5
 1285 0098 49       		.uleb128 0x49
 1286 0099 13       		.uleb128 0x13
 1287 009a 38       		.uleb128 0x38
 1288 009b 0A       		.uleb128 0xa
 1289 009c 00       		.byte	0
 1290 009d 00       		.byte	0
 1291 009e 0D       		.uleb128 0xd
 1292 009f 35       		.uleb128 0x35
 1293 00a0 00       		.byte	0
 1294 00a1 49       		.uleb128 0x49
 1295 00a2 13       		.uleb128 0x13
 1296 00a3 00       		.byte	0
 1297 00a4 00       		.byte	0
 1298 00a5 0E       		.uleb128 0xe
 1299 00a6 17       		.uleb128 0x17
 1300 00a7 01       		.byte	0x1
 1301 00a8 0B       		.uleb128 0xb
 1302 00a9 0B       		.uleb128 0xb
 1303 00aa 3A       		.uleb128 0x3a
 1304 00ab 0B       		.uleb128 0xb
 1305 00ac 3B       		.uleb128 0x3b
 1306 00ad 0B       		.uleb128 0xb
 1307 00ae 01       		.uleb128 0x1
 1308 00af 13       		.uleb128 0x13
 1309 00b0 00       		.byte	0
ARM GAS  /tmp/ccHBfCOM.s 			page 24


 1310 00b1 00       		.byte	0
 1311 00b2 0F       		.uleb128 0xf
 1312 00b3 0D       		.uleb128 0xd
 1313 00b4 00       		.byte	0
 1314 00b5 03       		.uleb128 0x3
 1315 00b6 0E       		.uleb128 0xe
 1316 00b7 3A       		.uleb128 0x3a
 1317 00b8 0B       		.uleb128 0xb
 1318 00b9 3B       		.uleb128 0x3b
 1319 00ba 0B       		.uleb128 0xb
 1320 00bb 49       		.uleb128 0x49
 1321 00bc 13       		.uleb128 0x13
 1322 00bd 00       		.byte	0
 1323 00be 00       		.byte	0
 1324 00bf 10       		.uleb128 0x10
 1325 00c0 26       		.uleb128 0x26
 1326 00c1 00       		.byte	0
 1327 00c2 49       		.uleb128 0x49
 1328 00c3 13       		.uleb128 0x13
 1329 00c4 00       		.byte	0
 1330 00c5 00       		.byte	0
 1331 00c6 11       		.uleb128 0x11
 1332 00c7 2E       		.uleb128 0x2e
 1333 00c8 01       		.byte	0x1
 1334 00c9 03       		.uleb128 0x3
 1335 00ca 0E       		.uleb128 0xe
 1336 00cb 3A       		.uleb128 0x3a
 1337 00cc 0B       		.uleb128 0xb
 1338 00cd 3B       		.uleb128 0x3b
 1339 00ce 0B       		.uleb128 0xb
 1340 00cf 27       		.uleb128 0x27
 1341 00d0 0C       		.uleb128 0xc
 1342 00d1 20       		.uleb128 0x20
 1343 00d2 0B       		.uleb128 0xb
 1344 00d3 01       		.uleb128 0x1
 1345 00d4 13       		.uleb128 0x13
 1346 00d5 00       		.byte	0
 1347 00d6 00       		.byte	0
 1348 00d7 12       		.uleb128 0x12
 1349 00d8 05       		.uleb128 0x5
 1350 00d9 00       		.byte	0
 1351 00da 03       		.uleb128 0x3
 1352 00db 08       		.uleb128 0x8
 1353 00dc 3A       		.uleb128 0x3a
 1354 00dd 0B       		.uleb128 0xb
 1355 00de 3B       		.uleb128 0x3b
 1356 00df 0B       		.uleb128 0xb
 1357 00e0 49       		.uleb128 0x49
 1358 00e1 13       		.uleb128 0x13
 1359 00e2 00       		.byte	0
 1360 00e3 00       		.byte	0
 1361 00e4 13       		.uleb128 0x13
 1362 00e5 2E       		.uleb128 0x2e
 1363 00e6 01       		.byte	0x1
 1364 00e7 03       		.uleb128 0x3
 1365 00e8 0E       		.uleb128 0xe
 1366 00e9 3A       		.uleb128 0x3a
ARM GAS  /tmp/ccHBfCOM.s 			page 25


 1367 00ea 0B       		.uleb128 0xb
 1368 00eb 3B       		.uleb128 0x3b
 1369 00ec 0B       		.uleb128 0xb
 1370 00ed 27       		.uleb128 0x27
 1371 00ee 0C       		.uleb128 0xc
 1372 00ef 49       		.uleb128 0x49
 1373 00f0 13       		.uleb128 0x13
 1374 00f1 20       		.uleb128 0x20
 1375 00f2 0B       		.uleb128 0xb
 1376 00f3 01       		.uleb128 0x1
 1377 00f4 13       		.uleb128 0x13
 1378 00f5 00       		.byte	0
 1379 00f6 00       		.byte	0
 1380 00f7 14       		.uleb128 0x14
 1381 00f8 34       		.uleb128 0x34
 1382 00f9 00       		.byte	0
 1383 00fa 03       		.uleb128 0x3
 1384 00fb 08       		.uleb128 0x8
 1385 00fc 3A       		.uleb128 0x3a
 1386 00fd 0B       		.uleb128 0xb
 1387 00fe 3B       		.uleb128 0x3b
 1388 00ff 0B       		.uleb128 0xb
 1389 0100 49       		.uleb128 0x49
 1390 0101 13       		.uleb128 0x13
 1391 0102 00       		.byte	0
 1392 0103 00       		.byte	0
 1393 0104 15       		.uleb128 0x15
 1394 0105 2E       		.uleb128 0x2e
 1395 0106 01       		.byte	0x1
 1396 0107 3F       		.uleb128 0x3f
 1397 0108 0C       		.uleb128 0xc
 1398 0109 03       		.uleb128 0x3
 1399 010a 0E       		.uleb128 0xe
 1400 010b 3A       		.uleb128 0x3a
 1401 010c 0B       		.uleb128 0xb
 1402 010d 3B       		.uleb128 0x3b
 1403 010e 0B       		.uleb128 0xb
 1404 010f 27       		.uleb128 0x27
 1405 0110 0C       		.uleb128 0xc
 1406 0111 49       		.uleb128 0x49
 1407 0112 13       		.uleb128 0x13
 1408 0113 11       		.uleb128 0x11
 1409 0114 01       		.uleb128 0x1
 1410 0115 12       		.uleb128 0x12
 1411 0116 01       		.uleb128 0x1
 1412 0117 40       		.uleb128 0x40
 1413 0118 06       		.uleb128 0x6
 1414 0119 9742     		.uleb128 0x2117
 1415 011b 0C       		.uleb128 0xc
 1416 011c 01       		.uleb128 0x1
 1417 011d 13       		.uleb128 0x13
 1418 011e 00       		.byte	0
 1419 011f 00       		.byte	0
 1420 0120 16       		.uleb128 0x16
 1421 0121 05       		.uleb128 0x5
 1422 0122 00       		.byte	0
 1423 0123 03       		.uleb128 0x3
ARM GAS  /tmp/ccHBfCOM.s 			page 26


 1424 0124 08       		.uleb128 0x8
 1425 0125 3A       		.uleb128 0x3a
 1426 0126 0B       		.uleb128 0xb
 1427 0127 3B       		.uleb128 0x3b
 1428 0128 0B       		.uleb128 0xb
 1429 0129 49       		.uleb128 0x49
 1430 012a 13       		.uleb128 0x13
 1431 012b 02       		.uleb128 0x2
 1432 012c 06       		.uleb128 0x6
 1433 012d 00       		.byte	0
 1434 012e 00       		.byte	0
 1435 012f 17       		.uleb128 0x17
 1436 0130 34       		.uleb128 0x34
 1437 0131 00       		.byte	0
 1438 0132 03       		.uleb128 0x3
 1439 0133 08       		.uleb128 0x8
 1440 0134 3A       		.uleb128 0x3a
 1441 0135 0B       		.uleb128 0xb
 1442 0136 3B       		.uleb128 0x3b
 1443 0137 0B       		.uleb128 0xb
 1444 0138 49       		.uleb128 0x49
 1445 0139 13       		.uleb128 0x13
 1446 013a 02       		.uleb128 0x2
 1447 013b 0A       		.uleb128 0xa
 1448 013c 00       		.byte	0
 1449 013d 00       		.byte	0
 1450 013e 18       		.uleb128 0x18
 1451 013f 0B       		.uleb128 0xb
 1452 0140 01       		.byte	0x1
 1453 0141 11       		.uleb128 0x11
 1454 0142 01       		.uleb128 0x1
 1455 0143 12       		.uleb128 0x12
 1456 0144 01       		.uleb128 0x1
 1457 0145 01       		.uleb128 0x1
 1458 0146 13       		.uleb128 0x13
 1459 0147 00       		.byte	0
 1460 0148 00       		.byte	0
 1461 0149 19       		.uleb128 0x19
 1462 014a 34       		.uleb128 0x34
 1463 014b 00       		.byte	0
 1464 014c 03       		.uleb128 0x3
 1465 014d 08       		.uleb128 0x8
 1466 014e 3A       		.uleb128 0x3a
 1467 014f 0B       		.uleb128 0xb
 1468 0150 3B       		.uleb128 0x3b
 1469 0151 0B       		.uleb128 0xb
 1470 0152 49       		.uleb128 0x49
 1471 0153 13       		.uleb128 0x13
 1472 0154 02       		.uleb128 0x2
 1473 0155 06       		.uleb128 0x6
 1474 0156 00       		.byte	0
 1475 0157 00       		.byte	0
 1476 0158 1A       		.uleb128 0x1a
 1477 0159 1D       		.uleb128 0x1d
 1478 015a 01       		.byte	0x1
 1479 015b 31       		.uleb128 0x31
 1480 015c 13       		.uleb128 0x13
ARM GAS  /tmp/ccHBfCOM.s 			page 27


 1481 015d 52       		.uleb128 0x52
 1482 015e 01       		.uleb128 0x1
 1483 015f 55       		.uleb128 0x55
 1484 0160 06       		.uleb128 0x6
 1485 0161 58       		.uleb128 0x58
 1486 0162 0B       		.uleb128 0xb
 1487 0163 59       		.uleb128 0x59
 1488 0164 0B       		.uleb128 0xb
 1489 0165 01       		.uleb128 0x1
 1490 0166 13       		.uleb128 0x13
 1491 0167 00       		.byte	0
 1492 0168 00       		.byte	0
 1493 0169 1B       		.uleb128 0x1b
 1494 016a 05       		.uleb128 0x5
 1495 016b 00       		.byte	0
 1496 016c 31       		.uleb128 0x31
 1497 016d 13       		.uleb128 0x13
 1498 016e 02       		.uleb128 0x2
 1499 016f 0A       		.uleb128 0xa
 1500 0170 00       		.byte	0
 1501 0171 00       		.byte	0
 1502 0172 1C       		.uleb128 0x1c
 1503 0173 898201   		.uleb128 0x4109
 1504 0176 01       		.byte	0x1
 1505 0177 11       		.uleb128 0x11
 1506 0178 01       		.uleb128 0x1
 1507 0179 31       		.uleb128 0x31
 1508 017a 13       		.uleb128 0x13
 1509 017b 01       		.uleb128 0x1
 1510 017c 13       		.uleb128 0x13
 1511 017d 00       		.byte	0
 1512 017e 00       		.byte	0
 1513 017f 1D       		.uleb128 0x1d
 1514 0180 8A8201   		.uleb128 0x410a
 1515 0183 00       		.byte	0
 1516 0184 02       		.uleb128 0x2
 1517 0185 0A       		.uleb128 0xa
 1518 0186 9142     		.uleb128 0x2111
 1519 0188 0A       		.uleb128 0xa
 1520 0189 00       		.byte	0
 1521 018a 00       		.byte	0
 1522 018b 1E       		.uleb128 0x1e
 1523 018c 898201   		.uleb128 0x4109
 1524 018f 00       		.byte	0
 1525 0190 11       		.uleb128 0x11
 1526 0191 01       		.uleb128 0x1
 1527 0192 31       		.uleb128 0x31
 1528 0193 13       		.uleb128 0x13
 1529 0194 00       		.byte	0
 1530 0195 00       		.byte	0
 1531 0196 1F       		.uleb128 0x1f
 1532 0197 1D       		.uleb128 0x1d
 1533 0198 01       		.byte	0x1
 1534 0199 31       		.uleb128 0x31
 1535 019a 13       		.uleb128 0x13
 1536 019b 11       		.uleb128 0x11
 1537 019c 01       		.uleb128 0x1
ARM GAS  /tmp/ccHBfCOM.s 			page 28


 1538 019d 12       		.uleb128 0x12
 1539 019e 01       		.uleb128 0x1
 1540 019f 58       		.uleb128 0x58
 1541 01a0 0B       		.uleb128 0xb
 1542 01a1 59       		.uleb128 0x59
 1543 01a2 0B       		.uleb128 0xb
 1544 01a3 01       		.uleb128 0x1
 1545 01a4 13       		.uleb128 0x13
 1546 01a5 00       		.byte	0
 1547 01a6 00       		.byte	0
 1548 01a7 20       		.uleb128 0x20
 1549 01a8 05       		.uleb128 0x5
 1550 01a9 00       		.byte	0
 1551 01aa 31       		.uleb128 0x31
 1552 01ab 13       		.uleb128 0x13
 1553 01ac 02       		.uleb128 0x2
 1554 01ad 06       		.uleb128 0x6
 1555 01ae 00       		.byte	0
 1556 01af 00       		.byte	0
 1557 01b0 21       		.uleb128 0x21
 1558 01b1 0B       		.uleb128 0xb
 1559 01b2 01       		.byte	0x1
 1560 01b3 11       		.uleb128 0x11
 1561 01b4 01       		.uleb128 0x1
 1562 01b5 12       		.uleb128 0x12
 1563 01b6 01       		.uleb128 0x1
 1564 01b7 00       		.byte	0
 1565 01b8 00       		.byte	0
 1566 01b9 22       		.uleb128 0x22
 1567 01ba 34       		.uleb128 0x34
 1568 01bb 00       		.byte	0
 1569 01bc 31       		.uleb128 0x31
 1570 01bd 13       		.uleb128 0x13
 1571 01be 02       		.uleb128 0x2
 1572 01bf 06       		.uleb128 0x6
 1573 01c0 00       		.byte	0
 1574 01c1 00       		.byte	0
 1575 01c2 23       		.uleb128 0x23
 1576 01c3 898201   		.uleb128 0x4109
 1577 01c6 01       		.byte	0x1
 1578 01c7 11       		.uleb128 0x11
 1579 01c8 01       		.uleb128 0x1
 1580 01c9 31       		.uleb128 0x31
 1581 01ca 13       		.uleb128 0x13
 1582 01cb 00       		.byte	0
 1583 01cc 00       		.byte	0
 1584 01cd 24       		.uleb128 0x24
 1585 01ce 2E       		.uleb128 0x2e
 1586 01cf 01       		.byte	0x1
 1587 01d0 3F       		.uleb128 0x3f
 1588 01d1 0C       		.uleb128 0xc
 1589 01d2 03       		.uleb128 0x3
 1590 01d3 0E       		.uleb128 0xe
 1591 01d4 3A       		.uleb128 0x3a
 1592 01d5 0B       		.uleb128 0xb
 1593 01d6 3B       		.uleb128 0x3b
 1594 01d7 0B       		.uleb128 0xb
ARM GAS  /tmp/ccHBfCOM.s 			page 29


 1595 01d8 27       		.uleb128 0x27
 1596 01d9 0C       		.uleb128 0xc
 1597 01da 11       		.uleb128 0x11
 1598 01db 01       		.uleb128 0x1
 1599 01dc 12       		.uleb128 0x12
 1600 01dd 01       		.uleb128 0x1
 1601 01de 40       		.uleb128 0x40
 1602 01df 06       		.uleb128 0x6
 1603 01e0 9742     		.uleb128 0x2117
 1604 01e2 0C       		.uleb128 0xc
 1605 01e3 01       		.uleb128 0x1
 1606 01e4 13       		.uleb128 0x13
 1607 01e5 00       		.byte	0
 1608 01e6 00       		.byte	0
 1609 01e7 25       		.uleb128 0x25
 1610 01e8 34       		.uleb128 0x34
 1611 01e9 00       		.byte	0
 1612 01ea 03       		.uleb128 0x3
 1613 01eb 0E       		.uleb128 0xe
 1614 01ec 3A       		.uleb128 0x3a
 1615 01ed 0B       		.uleb128 0xb
 1616 01ee 3B       		.uleb128 0x3b
 1617 01ef 0B       		.uleb128 0xb
 1618 01f0 49       		.uleb128 0x49
 1619 01f1 13       		.uleb128 0x13
 1620 01f2 3F       		.uleb128 0x3f
 1621 01f3 0C       		.uleb128 0xc
 1622 01f4 3C       		.uleb128 0x3c
 1623 01f5 0C       		.uleb128 0xc
 1624 01f6 00       		.byte	0
 1625 01f7 00       		.byte	0
 1626 01f8 26       		.uleb128 0x26
 1627 01f9 2E       		.uleb128 0x2e
 1628 01fa 01       		.byte	0x1
 1629 01fb 3F       		.uleb128 0x3f
 1630 01fc 0C       		.uleb128 0xc
 1631 01fd 03       		.uleb128 0x3
 1632 01fe 0E       		.uleb128 0xe
 1633 01ff 3A       		.uleb128 0x3a
 1634 0200 0B       		.uleb128 0xb
 1635 0201 3B       		.uleb128 0x3b
 1636 0202 0B       		.uleb128 0xb
 1637 0203 27       		.uleb128 0x27
 1638 0204 0C       		.uleb128 0xc
 1639 0205 3C       		.uleb128 0x3c
 1640 0206 0C       		.uleb128 0xc
 1641 0207 01       		.uleb128 0x1
 1642 0208 13       		.uleb128 0x13
 1643 0209 00       		.byte	0
 1644 020a 00       		.byte	0
 1645 020b 27       		.uleb128 0x27
 1646 020c 05       		.uleb128 0x5
 1647 020d 00       		.byte	0
 1648 020e 49       		.uleb128 0x49
 1649 020f 13       		.uleb128 0x13
 1650 0210 00       		.byte	0
 1651 0211 00       		.byte	0
ARM GAS  /tmp/ccHBfCOM.s 			page 30


 1652 0212 28       		.uleb128 0x28
 1653 0213 2E       		.uleb128 0x2e
 1654 0214 01       		.byte	0x1
 1655 0215 3F       		.uleb128 0x3f
 1656 0216 0C       		.uleb128 0xc
 1657 0217 03       		.uleb128 0x3
 1658 0218 0E       		.uleb128 0xe
 1659 0219 3A       		.uleb128 0x3a
 1660 021a 0B       		.uleb128 0xb
 1661 021b 3B       		.uleb128 0x3b
 1662 021c 0B       		.uleb128 0xb
 1663 021d 27       		.uleb128 0x27
 1664 021e 0C       		.uleb128 0xc
 1665 021f 49       		.uleb128 0x49
 1666 0220 13       		.uleb128 0x13
 1667 0221 3C       		.uleb128 0x3c
 1668 0222 0C       		.uleb128 0xc
 1669 0223 01       		.uleb128 0x1
 1670 0224 13       		.uleb128 0x13
 1671 0225 00       		.byte	0
 1672 0226 00       		.byte	0
 1673 0227 29       		.uleb128 0x29
 1674 0228 2E       		.uleb128 0x2e
 1675 0229 01       		.byte	0x1
 1676 022a 3F       		.uleb128 0x3f
 1677 022b 0C       		.uleb128 0xc
 1678 022c 03       		.uleb128 0x3
 1679 022d 0E       		.uleb128 0xe
 1680 022e 3A       		.uleb128 0x3a
 1681 022f 0B       		.uleb128 0xb
 1682 0230 3B       		.uleb128 0x3b
 1683 0231 0B       		.uleb128 0xb
 1684 0232 27       		.uleb128 0x27
 1685 0233 0C       		.uleb128 0xc
 1686 0234 3C       		.uleb128 0x3c
 1687 0235 0C       		.uleb128 0xc
 1688 0236 00       		.byte	0
 1689 0237 00       		.byte	0
 1690 0238 00       		.byte	0
 1691              		.section	.debug_loc,"",%progbits
 1692              	.Ldebug_loc0:
 1693              	.LLST0:
 1694 0000 00000000 		.4byte	.LFB7
 1695 0004 02000000 		.4byte	.LCFI0
 1696 0008 0200     		.2byte	0x2
 1697 000a 7D       		.byte	0x7d
 1698 000b 00       		.sleb128 0
 1699 000c 02000000 		.4byte	.LCFI0
 1700 0010 40000000 		.4byte	.LFE7
 1701 0014 0200     		.2byte	0x2
 1702 0016 7D       		.byte	0x7d
 1703 0017 10       		.sleb128 16
 1704 0018 00000000 		.4byte	0
 1705 001c 00000000 		.4byte	0
 1706              	.LLST1:
 1707 0020 00000000 		.4byte	.LVL0
 1708 0024 24000000 		.4byte	.LVL6
ARM GAS  /tmp/ccHBfCOM.s 			page 31


 1709 0028 0100     		.2byte	0x1
 1710 002a 50       		.byte	0x50
 1711 002b 24000000 		.4byte	.LVL6
 1712 002f 34000000 		.4byte	.LVL11
 1713 0033 0300     		.2byte	0x3
 1714 0035 75       		.byte	0x75
 1715 0036 54       		.sleb128 -44
 1716 0037 9F       		.byte	0x9f
 1717 0038 34000000 		.4byte	.LVL11
 1718 003c 37000000 		.4byte	.LVL12-1
 1719 0040 0100     		.2byte	0x1
 1720 0042 50       		.byte	0x50
 1721 0043 37000000 		.4byte	.LVL12-1
 1722 0047 40000000 		.4byte	.LFE7
 1723 004b 0300     		.2byte	0x3
 1724 004d 75       		.byte	0x75
 1725 004e 54       		.sleb128 -44
 1726 004f 9F       		.byte	0x9f
 1727 0050 00000000 		.4byte	0
 1728 0054 00000000 		.4byte	0
 1729              	.LLST2:
 1730 0058 00000000 		.4byte	.LVL0
 1731 005c 24000000 		.4byte	.LVL6
 1732 0060 0100     		.2byte	0x1
 1733 0062 51       		.byte	0x51
 1734 0063 24000000 		.4byte	.LVL6
 1735 0067 2C000000 		.4byte	.LVL8
 1736 006b 0400     		.2byte	0x4
 1737 006d F3       		.byte	0xf3
 1738 006e 01       		.uleb128 0x1
 1739 006f 51       		.byte	0x51
 1740 0070 9F       		.byte	0x9f
 1741 0071 2C000000 		.4byte	.LVL8
 1742 0075 34000000 		.4byte	.LVL11
 1743 0079 0100     		.2byte	0x1
 1744 007b 50       		.byte	0x50
 1745 007c 34000000 		.4byte	.LVL11
 1746 0080 37000000 		.4byte	.LVL12-1
 1747 0084 0100     		.2byte	0x1
 1748 0086 51       		.byte	0x51
 1749 0087 37000000 		.4byte	.LVL12-1
 1750 008b 40000000 		.4byte	.LFE7
 1751 008f 0400     		.2byte	0x4
 1752 0091 F3       		.byte	0xf3
 1753 0092 01       		.uleb128 0x1
 1754 0093 51       		.byte	0x51
 1755 0094 9F       		.byte	0x9f
 1756 0095 00000000 		.4byte	0
 1757 0099 00000000 		.4byte	0
 1758              	.LLST3:
 1759 009d 0C000000 		.4byte	.LVL3
 1760 00a1 16000000 		.4byte	.LVL5
 1761 00a5 0100     		.2byte	0x1
 1762 00a7 53       		.byte	0x53
 1763 00a8 00000000 		.4byte	0
 1764 00ac 00000000 		.4byte	0
 1765              	.LLST4:
ARM GAS  /tmp/ccHBfCOM.s 			page 32


 1766 00b0 32000000 		.4byte	.LVL10
 1767 00b4 34000000 		.4byte	.LVL11
 1768 00b8 0100     		.2byte	0x1
 1769 00ba 53       		.byte	0x53
 1770 00bb 00000000 		.4byte	0
 1771 00bf 00000000 		.4byte	0
 1772              	.LLST5:
 1773 00c3 00000000 		.4byte	.LFB8
 1774 00c7 02000000 		.4byte	.LCFI1
 1775 00cb 0200     		.2byte	0x2
 1776 00cd 7D       		.byte	0x7d
 1777 00ce 00       		.sleb128 0
 1778 00cf 02000000 		.4byte	.LCFI1
 1779 00d3 3C000000 		.4byte	.LFE8
 1780 00d7 0200     		.2byte	0x2
 1781 00d9 7D       		.byte	0x7d
 1782 00da 08       		.sleb128 8
 1783 00db 00000000 		.4byte	0
 1784 00df 00000000 		.4byte	0
 1785              	.LLST6:
 1786 00e3 08000000 		.4byte	.LVL14
 1787 00e7 0C000000 		.4byte	.LVL15
 1788 00eb 0100     		.2byte	0x1
 1789 00ed 53       		.byte	0x53
 1790 00ee 00000000 		.4byte	0
 1791 00f2 00000000 		.4byte	0
 1792              	.LLST7:
 1793 00f6 16000000 		.4byte	.LVL16
 1794 00fa 22000000 		.4byte	.LVL17
 1795 00fe 0300     		.2byte	0x3
 1796 0100 73       		.byte	0x73
 1797 0101 2C       		.sleb128 44
 1798 0102 9F       		.byte	0x9f
 1799 0103 00000000 		.4byte	0
 1800 0107 00000000 		.4byte	0
 1801              	.LLST8:
 1802 010b 16000000 		.4byte	.LVL16
 1803 010f 28000000 		.4byte	.LVL19
 1804 0113 0100     		.2byte	0x1
 1805 0115 50       		.byte	0x50
 1806 0116 00000000 		.4byte	0
 1807 011a 00000000 		.4byte	0
 1808              	.LLST9:
 1809 011e 26000000 		.4byte	.LVL18
 1810 0122 28000000 		.4byte	.LVL19
 1811 0126 0100     		.2byte	0x1
 1812 0128 53       		.byte	0x53
 1813 0129 00000000 		.4byte	0
 1814 012d 00000000 		.4byte	0
 1815              	.LLST10:
 1816 0131 00000000 		.4byte	.LFB9
 1817 0135 02000000 		.4byte	.LCFI2
 1818 0139 0200     		.2byte	0x2
 1819 013b 7D       		.byte	0x7d
 1820 013c 00       		.sleb128 0
 1821 013d 02000000 		.4byte	.LCFI2
 1822 0141 14000000 		.4byte	.LFE9
ARM GAS  /tmp/ccHBfCOM.s 			page 33


 1823 0145 0200     		.2byte	0x2
 1824 0147 7D       		.byte	0x7d
 1825 0148 08       		.sleb128 8
 1826 0149 00000000 		.4byte	0
 1827 014d 00000000 		.4byte	0
 1828              	.LLST11:
 1829 0151 00000000 		.4byte	.LVL21
 1830 0155 0B000000 		.4byte	.LVL24-1
 1831 0159 0100     		.2byte	0x1
 1832 015b 50       		.byte	0x50
 1833 015c 0B000000 		.4byte	.LVL24-1
 1834 0160 14000000 		.4byte	.LFE9
 1835 0164 0400     		.2byte	0x4
 1836 0166 F3       		.byte	0xf3
 1837 0167 01       		.uleb128 0x1
 1838 0168 50       		.byte	0x50
 1839 0169 9F       		.byte	0x9f
 1840 016a 00000000 		.4byte	0
 1841 016e 00000000 		.4byte	0
 1842              	.LLST12:
 1843 0172 00000000 		.4byte	.LVL21
 1844 0176 0B000000 		.4byte	.LVL24-1
 1845 017a 0100     		.2byte	0x1
 1846 017c 51       		.byte	0x51
 1847 017d 0B000000 		.4byte	.LVL24-1
 1848 0181 14000000 		.4byte	.LFE9
 1849 0185 0400     		.2byte	0x4
 1850 0187 F3       		.byte	0xf3
 1851 0188 01       		.uleb128 0x1
 1852 0189 51       		.byte	0x51
 1853 018a 9F       		.byte	0x9f
 1854 018b 00000000 		.4byte	0
 1855 018f 00000000 		.4byte	0
 1856              	.LLST13:
 1857 0193 08000000 		.4byte	.LVL23
 1858 0197 0B000000 		.4byte	.LVL24-1
 1859 019b 0100     		.2byte	0x1
 1860 019d 53       		.byte	0x53
 1861 019e 00000000 		.4byte	0
 1862 01a2 00000000 		.4byte	0
 1863              	.LLST14:
 1864 01a6 12000000 		.4byte	.LVL26
 1865 01aa 14000000 		.4byte	.LFE9
 1866 01ae 0100     		.2byte	0x1
 1867 01b0 53       		.byte	0x53
 1868 01b1 00000000 		.4byte	0
 1869 01b5 00000000 		.4byte	0
 1870              		.section	.debug_aranges,"",%progbits
 1871 0000 2C000000 		.4byte	0x2c
 1872 0004 0200     		.2byte	0x2
 1873 0006 00000000 		.4byte	.Ldebug_info0
 1874 000a 04       		.byte	0x4
 1875 000b 00       		.byte	0
 1876 000c 0000     		.2byte	0
 1877 000e 0000     		.2byte	0
 1878 0010 00000000 		.4byte	.LFB7
 1879 0014 40000000 		.4byte	.LFE7-.LFB7
ARM GAS  /tmp/ccHBfCOM.s 			page 34


 1880 0018 00000000 		.4byte	.LFB8
 1881 001c 3C000000 		.4byte	.LFE8-.LFB8
 1882 0020 00000000 		.4byte	.LFB9
 1883 0024 14000000 		.4byte	.LFE9-.LFB9
 1884 0028 00000000 		.4byte	0
 1885 002c 00000000 		.4byte	0
 1886              		.section	.debug_ranges,"",%progbits
 1887              	.Ldebug_ranges0:
 1888 0000 14000000 		.4byte	.LBB11
 1889 0004 18000000 		.4byte	.LBE11
 1890 0008 1C000000 		.4byte	.LBB14
 1891 000c 22000000 		.4byte	.LBE14
 1892 0010 00000000 		.4byte	0
 1893 0014 00000000 		.4byte	0
 1894 0018 00000000 		.4byte	.LFB7
 1895 001c 40000000 		.4byte	.LFE7
 1896 0020 00000000 		.4byte	.LFB8
 1897 0024 3C000000 		.4byte	.LFE8
 1898 0028 00000000 		.4byte	.LFB9
 1899 002c 14000000 		.4byte	.LFE9
 1900 0030 00000000 		.4byte	0
 1901 0034 00000000 		.4byte	0
 1902              		.section	.debug_line,"",%progbits
 1903              	.Ldebug_line0:
 1904 0000 F6010000 		.section	.debug_str,"MS",%progbits,1
 1904      02008E01 
 1904      00000201 
 1904      FB0E0D00 
 1904      01010101 
 1905              	.LASF36:
 1906 0000 705F6D73 		.ascii	"p_msg\000"
 1906      6700
 1907              	.LASF67:
 1908 0006 71756575 		.ascii	"queue_insert\000"
 1908      655F696E 
 1908      73657274 
 1908      00
 1909              	.LASF58:
 1910 0013 7264796D 		.ascii	"rdymsg\000"
 1910      736700
 1911              	.LASF11:
 1912 001a 6C6F6E67 		.ascii	"long long unsigned int\000"
 1912      206C6F6E 
 1912      6720756E 
 1912      7369676E 
 1912      65642069 
 1913              	.LASF59:
 1914 0031 65786974 		.ascii	"exitcode\000"
 1914      636F6465 
 1914      00
 1915              	.LASF24:
 1916 003a 705F7072 		.ascii	"p_prio\000"
 1916      696F00
 1917              	.LASF10:
 1918 0041 6C6F6E67 		.ascii	"long long int\000"
 1918      206C6F6E 
 1918      6720696E 
ARM GAS  /tmp/ccHBfCOM.s 			page 35


 1918      7400
 1919              	.LASF1:
 1920 004f 7369676E 		.ascii	"signed char\000"
 1920      65642063 
 1920      68617200 
 1921              	.LASF40:
 1922 005b 705F6D70 		.ascii	"p_mpool\000"
 1922      6F6F6C00 
 1923              	.LASF55:
 1924 0063 6D5F7175 		.ascii	"m_queue\000"
 1924      65756500 
 1925              	.LASF16:
 1926 006b 74736C69 		.ascii	"tslices_t\000"
 1926      6365735F 
 1926      7400
 1927              	.LASF7:
 1928 0075 6C6F6E67 		.ascii	"long int\000"
 1928      20696E74 
 1928      00
 1929              	.LASF63:
 1930 007e 63684D73 		.ascii	"chMsgSend\000"
 1930      6753656E 
 1930      6400
 1931              	.LASF14:
 1932 0088 74737461 		.ascii	"tstate_t\000"
 1932      74655F74 
 1932      00
 1933              	.LASF26:
 1934 0091 705F6E65 		.ascii	"p_newer\000"
 1934      77657200 
 1935              	.LASF50:
 1936 0099 725F6E65 		.ascii	"r_newer\000"
 1936      77657200 
 1937              	.LASF43:
 1938 00a1 72656761 		.ascii	"regarm_t\000"
 1938      726D5F74 
 1938      00
 1939              	.LASF0:
 1940 00aa 756E7369 		.ascii	"unsigned int\000"
 1940      676E6564 
 1940      20696E74 
 1940      00
 1941              	.LASF9:
 1942 00b7 6C6F6E67 		.ascii	"long unsigned int\000"
 1942      20756E73 
 1942      69676E65 
 1942      6420696E 
 1942      7400
 1943              	.LASF45:
 1944 00c9 636F6E74 		.ascii	"context\000"
 1944      65787400 
 1945              	.LASF4:
 1946 00d1 73686F72 		.ascii	"short unsigned int\000"
 1946      7420756E 
 1946      7369676E 
 1946      65642069 
 1946      6E7400
ARM GAS  /tmp/ccHBfCOM.s 			page 36


 1947              	.LASF18:
 1948 00e4 6D73675F 		.ascii	"msg_t\000"
 1948      7400
 1949              	.LASF13:
 1950 00ea 746D6F64 		.ascii	"tmode_t\000"
 1950      655F7400 
 1951              	.LASF42:
 1952 00f2 54687265 		.ascii	"ThreadsList\000"
 1952      6164734C 
 1952      69737400 
 1953              	.LASF19:
 1954 00fe 6576656E 		.ascii	"eventmask_t\000"
 1954      746D6173 
 1954      6B5F7400 
 1955              	.LASF54:
 1956 010a 4D757465 		.ascii	"Mutex\000"
 1956      7800
 1957              	.LASF46:
 1958 0110 73697A65 		.ascii	"sizetype\000"
 1958      74797065 
 1958      00
 1959              	.LASF27:
 1960 0119 705F6F6C 		.ascii	"p_older\000"
 1960      64657200 
 1961              	.LASF49:
 1962 0121 725F6374 		.ascii	"r_ctx\000"
 1962      7800
 1963              	.LASF41:
 1964 0127 54687265 		.ascii	"ThreadsQueue\000"
 1964      61647351 
 1964      75657565 
 1964      00
 1965              	.LASF65:
 1966 0134 474E5520 		.ascii	"GNU C 4.7.2\000"
 1966      4320342E 
 1966      372E3200 
 1967              	.LASF52:
 1968 0140 725F6375 		.ascii	"r_current\000"
 1968      7272656E 
 1968      7400
 1969              	.LASF51:
 1970 014a 725F6F6C 		.ascii	"r_older\000"
 1970      64657200 
 1971              	.LASF15:
 1972 0152 74726566 		.ascii	"trefs_t\000"
 1972      735F7400 
 1973              	.LASF23:
 1974 015a 705F7072 		.ascii	"p_prev\000"
 1974      657600
 1975              	.LASF17:
 1976 0161 74707269 		.ascii	"tprio_t\000"
 1976      6F5F7400 
 1977              	.LASF12:
 1978 0169 5F426F6F 		.ascii	"_Bool\000"
 1978      6C00
 1979              	.LASF6:
 1980 016f 696E7433 		.ascii	"int32_t\000"
ARM GAS  /tmp/ccHBfCOM.s 			page 37


 1980      325F7400 
 1981              	.LASF2:
 1982 0177 756E7369 		.ascii	"unsigned char\000"
 1982      676E6564 
 1982      20636861 
 1982      7200
 1983              	.LASF38:
 1984 0185 705F6D74 		.ascii	"p_mtxlist\000"
 1984      786C6973 
 1984      7400
 1985              	.LASF3:
 1986 018f 73686F72 		.ascii	"short int\000"
 1986      7420696E 
 1986      7400
 1987              	.LASF29:
 1988 0199 705F7374 		.ascii	"p_state\000"
 1988      61746500 
 1989              	.LASF32:
 1990 01a1 705F7072 		.ascii	"p_preempt\000"
 1990      65656D70 
 1990      7400
 1991              	.LASF48:
 1992 01ab 725F7072 		.ascii	"r_prio\000"
 1992      696F00
 1993              	.LASF61:
 1994 01b2 65776D61 		.ascii	"ewmask\000"
 1994      736B00
 1995              	.LASF22:
 1996 01b9 705F6E65 		.ascii	"p_next\000"
 1996      787400
 1997              	.LASF30:
 1998 01c0 705F666C 		.ascii	"p_flags\000"
 1998      61677300 
 1999              	.LASF21:
 2000 01c8 54687265 		.ascii	"Thread\000"
 2000      616400
 2001              	.LASF69:
 2002 01cf 63684D73 		.ascii	"chMsgRelease\000"
 2002      6752656C 
 2002      65617365 
 2002      00
 2003              	.LASF71:
 2004 01dc 63685363 		.ascii	"chSchGoSleepS\000"
 2004      68476F53 
 2004      6C656570 
 2004      5300
 2005              	.LASF37:
 2006 01ea 705F6570 		.ascii	"p_epending\000"
 2006      656E6469 
 2006      6E6700
 2007              	.LASF8:
 2008 01f5 75696E74 		.ascii	"uint32_t\000"
 2008      33325F74 
 2008      00
 2009              	.LASF47:
 2010 01fe 725F7175 		.ascii	"r_queue\000"
 2010      65756500 
ARM GAS  /tmp/ccHBfCOM.s 			page 38


 2011              	.LASF72:
 2012 0206 63685363 		.ascii	"chSchReadyI\000"
 2012      68526561 
 2012      64794900 
 2013              	.LASF62:
 2014 0212 63686172 		.ascii	"char\000"
 2014      00
 2015              	.LASF68:
 2016 0217 6669666F 		.ascii	"fifo_remove\000"
 2016      5F72656D 
 2016      6F766500 
 2017              	.LASF57:
 2018 0223 6D5F6E65 		.ascii	"m_next\000"
 2018      787400
 2019              	.LASF20:
 2020 022a 73797374 		.ascii	"systime_t\000"
 2020      696D655F 
 2020      7400
 2021              	.LASF39:
 2022 0234 705F7265 		.ascii	"p_realprio\000"
 2022      616C7072 
 2022      696F00
 2023              	.LASF33:
 2024 023f 705F7469 		.ascii	"p_time\000"
 2024      6D6500
 2025              	.LASF44:
 2026 0246 696E7463 		.ascii	"intctx\000"
 2026      747800
 2027              	.LASF35:
 2028 024d 705F6D73 		.ascii	"p_msgqueue\000"
 2028      67717565 
 2028      756500
 2029              	.LASF73:
 2030 0258 63685363 		.ascii	"chSchWakeupS\000"
 2030      6857616B 
 2030      65757053 
 2030      00
 2031              	.LASF64:
 2032 0265 63684D73 		.ascii	"chMsgWait\000"
 2032      67576169 
 2032      7400
 2033              	.LASF31:
 2034 026f 705F7265 		.ascii	"p_refs\000"
 2034      667300
 2035              	.LASF53:
 2036 0276 52656164 		.ascii	"ReadyList\000"
 2036      794C6973 
 2036      7400
 2037              	.LASF70:
 2038 0280 726C6973 		.ascii	"rlist\000"
 2038      7400
 2039              	.LASF5:
 2040 0286 75696E74 		.ascii	"uint8_t\000"
 2040      385F7400 
 2041              	.LASF60:
 2042 028e 77746F62 		.ascii	"wtobjp\000"
 2042      6A7000
ARM GAS  /tmp/ccHBfCOM.s 			page 39


 2043              	.LASF28:
 2044 0295 705F6E61 		.ascii	"p_name\000"
 2044      6D6500
 2045              	.LASF66:
 2046 029c 2F686F6D 		.ascii	"/home/wicker/tools/ChibiOS_2.6.3/os/kernel/src/chms"
 2046      652F7769 
 2046      636B6572 
 2046      2F746F6F 
 2046      6C732F43 
 2047 02cf 672E6300 		.ascii	"g.c\000"
 2048              	.LASF56:
 2049 02d3 6D5F6F77 		.ascii	"m_owner\000"
 2049      6E657200 
 2050              	.LASF25:
 2051 02db 705F6374 		.ascii	"p_ctx\000"
 2051      7800
 2052              	.LASF34:
 2053 02e1 705F7761 		.ascii	"p_waiting\000"
 2053      6974696E 
 2053      6700
 2054              		.ident	"GCC: (crosstool-NG 1.17.0 - PSAS ST32F4 GFE) 4.7.2"
ARM GAS  /tmp/ccHBfCOM.s 			page 40


DEFINED SYMBOLS
                            *ABS*:0000000000000000 chmsg.c
     /tmp/ccHBfCOM.s:21     .text.chMsgSend:0000000000000000 $t
     /tmp/ccHBfCOM.s:27     .text.chMsgSend:0000000000000000 chMsgSend
     /tmp/ccHBfCOM.s:117    .text.chMsgSend:000000000000003c $d
     /tmp/ccHBfCOM.s:122    .text.chMsgWait:0000000000000000 $t
     /tmp/ccHBfCOM.s:128    .text.chMsgWait:0000000000000000 chMsgWait
     /tmp/ccHBfCOM.s:195    .text.chMsgWait:0000000000000038 $d
     /tmp/ccHBfCOM.s:200    .text.chMsgRelease:0000000000000000 $t
     /tmp/ccHBfCOM.s:206    .text.chMsgRelease:0000000000000000 chMsgRelease
                     .debug_frame:0000000000000010 $d
     /tmp/ccHBfCOM.s:199    .text.chMsgWait:000000000000003c $t

UNDEFINED SYMBOLS
chSchGoSleepS
chSchReadyI
rlist
chSchWakeupS
