ARM GAS  /tmp/ccbLt3Fa.s 			page 1


   1              		.syntax unified
   2              		.cpu cortex-m4
   3              		.eabi_attribute 27, 3
   4              		.eabi_attribute 28, 1
   5              		.fpu fpv4-sp-d16
   6              		.eabi_attribute 20, 1
   7              		.eabi_attribute 21, 1
   8              		.eabi_attribute 23, 3
   9              		.eabi_attribute 24, 1
  10              		.eabi_attribute 25, 1
  11              		.eabi_attribute 26, 1
  12              		.eabi_attribute 30, 2
  13              		.eabi_attribute 34, 1
  14              		.eabi_attribute 18, 4
  15              		.thumb
  16              		.file	"chsys.c"
  17              		.text
  18              	.Ltext0:
  19              		.cfi_sections	.debug_frame
  20              		.section	.text._idle_thread,"ax",%progbits
  21              		.align	2
  22              		.p2align 4,,15
  23              		.global	_idle_thread
  24              		.thumb
  25              		.thumb_func
  26              		.type	_idle_thread, %function
  27              	_idle_thread:
  28              	.LFB7:
  29              		.file 1 "/home/wicker/tools/ChibiOS_2.6.3/os/kernel/src/chsys.c"
  30              		.loc 1 61 0
  31              		.cfi_startproc
  32              		@ args = 0, pretend = 0, frame = 0
  33              		@ frame_needed = 0, uses_anonymous_args = 0
  34              		@ link register save eliminated.
  35              	.LVL0:
  36              		.loc 1 64 0
  37 0000 024B     		ldr	r3, .L4
  38 0002 034A     		ldr	r2, .L4+4
  39 0004 9B69     		ldr	r3, [r3, #24]
  40 0006 9A61     		str	r2, [r3, #24]
  41              	.L2:
  42 0008 FEE7     		b	.L2
  43              	.L5:
  44 000a 00BF     		.align	2
  45              	.L4:
  46 000c 00000000 		.word	rlist
  47 0010 00000000 		.word	.LC0
  48              		.cfi_endproc
  49              	.LFE7:
  50              		.size	_idle_thread, .-_idle_thread
  51 0014 AFF30080 		.section	.text.chSysInit,"ax",%progbits
  51      AFF30080 
  51      AFF30080 
  52              		.align	2
  53              		.p2align 4,,15
  54              		.global	chSysInit
  55              		.thumb
ARM GAS  /tmp/ccbLt3Fa.s 			page 2


  56              		.thumb_func
  57              		.type	chSysInit, %function
  58              	chSysInit:
  59              	.LFB8:
  60              		.loc 1 84 0
  61              		.cfi_startproc
  62              		@ args = 0, pretend = 0, frame = 0
  63              		@ frame_needed = 0, uses_anonymous_args = 0
  64 0000 00B5     		push	{lr}
  65              	.LCFI0:
  66              		.cfi_def_cfa_offset 4
  67              		.cfi_offset 14, -4
  68 0002 83B0     		sub	sp, sp, #12
  69              	.LCFI1:
  70              		.cfi_def_cfa_offset 16
  71              		.loc 1 90 0
  72 0004 FFF7FEFF 		bl	_port_init
  73              	.LVL1:
  74              		.loc 1 91 0
  75 0008 FFF7FEFF 		bl	_scheduler_init
  76              	.LVL2:
  77              		.loc 1 92 0
  78 000c FFF7FEFF 		bl	_vt_init
  79              	.LVL3:
  80              		.loc 1 94 0
  81 0010 FFF7FEFF 		bl	_core_init
  82              	.LVL4:
  83              		.loc 1 97 0
  84 0014 FFF7FEFF 		bl	_heap_init
  85              	.LVL5:
  86              		.loc 1 104 0
  87 0018 40F20000 		movw	r0, #:lower16:.LANCHOR0
  88 001c 4021     		movs	r1, #64
  89 001e C0F20000 		movt	r0, #:upper16:.LANCHOR0
  90 0022 FFF7FEFF 		bl	_thread_init
  91              	.LVL6:
  92 0026 40F20001 		movw	r1, #:lower16:rlist
  93 002a C0F20001 		movt	r1, #:upper16:rlist
  94              		.loc 1 105 0
  95 002e 0122     		movs	r2, #1
  96              		.loc 1 104 0
  97 0030 8861     		str	r0, [r1, #24]
  98              		.loc 1 105 0
  99 0032 0277     		strb	r2, [r0, #28]
 100              	.LBB2:
 101              		.loc 1 111 0
 102 0034 0023     		movs	r3, #0
 103              	.LVL7:
 104              	@ 111 "/home/wicker/tools/ChibiOS_2.6.3/os/kernel/src/chsys.c" 1
 105 0036 83F31188 		msr     BASEPRI, r3                    
 106 003a 62B6     		cpsie   i
 107              	@ 0 "" 2
 108              	.LVL8:
 109              		.thumb
 110              	.LBE2:
 111              		.loc 1 115 0
 112 003c 40F20000 		movw	r0, #:lower16:ch_debug
ARM GAS  /tmp/ccbLt3Fa.s 			page 3


 113 0040 8969     		ldr	r1, [r1, #24]
 114 0042 C0F20000 		movt	r0, #:upper16:ch_debug
 115 0046 8861     		str	r0, [r1, #24]
 116              		.loc 1 121 0
 117 0048 0093     		str	r3, [sp, #0]
 118 004a 40F20000 		movw	r0, #:lower16:.LANCHOR1
 119 004e 40F20003 		movw	r3, #:lower16:_idle_thread
 120              	.LVL9:
 121 0052 C021     		movs	r1, #192
 122 0054 C0F20003 		movt	r3, #:upper16:_idle_thread
 123 0058 C0F20000 		movt	r0, #:upper16:.LANCHOR1
 124 005c FFF7FEFF 		bl	chThdCreateStatic
 125              	.LVL10:
 126              		.loc 1 124 0
 127 0060 03B0     		add	sp, sp, #12
 128 0062 00BD     		pop	{pc}
 129              		.cfi_endproc
 130              	.LFE8:
 131              		.size	chSysInit, .-chSysInit
 132 0064 AFF30080 		.section	.text.chSysTimerHandlerI,"ax",%progbits
 132      AFF30080 
 132      AFF30080 
 133              		.align	2
 134              		.p2align 4,,15
 135              		.global	chSysTimerHandlerI
 136              		.thumb
 137              		.thumb_func
 138              		.type	chSysTimerHandlerI, %function
 139              	chSysTimerHandlerI:
 140              	.LFB9:
 141              		.loc 1 137 0
 142              		.cfi_startproc
 143              		@ args = 0, pretend = 0, frame = 0
 144              		@ frame_needed = 0, uses_anonymous_args = 0
 145 0000 38B5     		push	{r3, r4, r5, lr}
 146              	.LCFI2:
 147              		.cfi_def_cfa_offset 16
 148              		.cfi_offset 3, -16
 149              		.cfi_offset 4, -12
 150              		.cfi_offset 5, -8
 151              		.cfi_offset 14, -4
 152              		.loc 1 143 0
 153 0002 134B     		ldr	r3, .L20
 154 0004 9B69     		ldr	r3, [r3, #24]
 155 0006 DA7F     		ldrb	r2, [r3, #31]	@ zero_extendqisi2
 156 0008 0AB1     		cbz	r2, .L8
 157              		.loc 1 145 0
 158 000a 013A     		subs	r2, r2, #1
 159 000c DA77     		strb	r2, [r3, #31]
 160              	.L8:
 161              		.loc 1 148 0
 162 000e 1A6A     		ldr	r2, [r3, #32]
 163              		.loc 1 150 0
 164 0010 104C     		ldr	r4, .L20+4
 165              		.loc 1 148 0
 166 0012 0132     		adds	r2, r2, #1
 167 0014 1A62     		str	r2, [r3, #32]
ARM GAS  /tmp/ccbLt3Fa.s 			page 4


 168              		.loc 1 150 0
 169 0016 E368     		ldr	r3, [r4, #12]
 170 0018 2268     		ldr	r2, [r4, #0]
 171 001a 0133     		adds	r3, r3, #1
 172 001c A242     		cmp	r2, r4
 173 001e E360     		str	r3, [r4, #12]
 174 0020 14D0     		beq	.L7
 175              	.LBB3:
 176              		.loc 1 150 0 is_stmt 0 discriminator 1
 177 0022 9568     		ldr	r5, [r2, #8]
 178 0024 013D     		subs	r5, r5, #1
 179 0026 9560     		str	r5, [r2, #8]
 180              	.LVL11:
 181 0028 85B9     		cbnz	r5, .L7
 182              	.L16:
 183              	.LBB4:
 184              		.loc 1 150 0 discriminator 3
 185 002a 1368     		ldr	r3, [r2, #0]
 186 002c D168     		ldr	r1, [r2, #12]
 187              	.LVL12:
 188 002e 5C60     		str	r4, [r3, #4]
 189 0030 2360     		str	r3, [r4, #0]
 190 0032 D560     		str	r5, [r2, #12]
 191              	.LBB5:
 192 0034 0023     		movs	r3, #0
 193              	.LVL13:
 194              	@ 150 "/home/wicker/tools/ChibiOS_2.6.3/os/kernel/src/chsys.c" 1
 195 0036 83F31188 		msr     BASEPRI, r3
 196              	@ 0 "" 2
 197              	.LVL14:
 198              		.thumb
 199              	.LBE5:
 200 003a 1069     		ldr	r0, [r2, #16]
 201 003c 8847     		blx	r1
 202              	.LVL15:
 203              	.LBB6:
 204 003e 2023     		movs	r3, #32
 205              	.LVL16:
 206              	@ 150 "/home/wicker/tools/ChibiOS_2.6.3/os/kernel/src/chsys.c" 1
 207 0040 83F31188 		msr     BASEPRI, r3
 208              	@ 0 "" 2
 209              	.LVL17:
 210              		.thumb
 211              	.LBE6:
 212              	.LBE4:
 213 0044 2268     		ldr	r2, [r4, #0]
 214              	.LVL18:
 215 0046 9368     		ldr	r3, [r2, #8]
 216              	.LVL19:
 217 0048 002B     		cmp	r3, #0
 218 004a EED0     		beq	.L16
 219              	.LVL20:
 220              	.L7:
 221 004c 38BD     		pop	{r3, r4, r5, pc}
 222              	.L21:
 223 004e 00BF     		.align	2
 224              	.L20:
ARM GAS  /tmp/ccbLt3Fa.s 			page 5


 225 0050 00000000 		.word	rlist
 226 0054 00000000 		.word	vtlist
 227              	.LBE3:
 228              		.cfi_endproc
 229              	.LFE9:
 230              		.size	chSysTimerHandlerI, .-chSysTimerHandlerI
 231              		.global	_idle_thread_wa
 232 0058 AFF30080 		.section	.bss.mainthread.4769,"aw",%nobits
 232      AFF30080 
 233              		.align	2
 234              		.set	.LANCHOR0,. + 0
 235              		.type	mainthread.4769, %object
 236              		.size	mainthread.4769, 72
 237              	mainthread.4769:
 238 0000 00000000 		.space	72
 238      00000000 
 238      00000000 
 238      00000000 
 238      00000000 
 239              		.section	.rodata.str1.4,"aMS",%progbits,1
 240              		.align	2
 241              	.LC0:
 242 0000 69646C65 		.ascii	"idle\000"
 242      00
 243 0005 000000   		.section	.bss._idle_thread_wa,"aw",%nobits
 244              		.align	3
 245              		.set	.LANCHOR1,. + 0
 246              		.type	_idle_thread_wa, %object
 247              		.size	_idle_thread_wa, 192
 248              	_idle_thread_wa:
 249 0000 00000000 		.space	192
 249      00000000 
 249      00000000 
 249      00000000 
 249      00000000 
 250              		.text
 251              	.Letext0:
 252              		.file 2 "/opt/psas/x-tools/stm32f407/arm-psas-eabi/bin/../lib/gcc/arm-psas-eabi/4.7.2/include/stdd
 253              		.file 3 "/opt/psas/x-tools/stm32f407/arm-psas-eabi/bin/../lib/gcc/arm-psas-eabi/4.7.2/../../../../
 254              		.file 4 "/home/wicker/tools/ChibiOS_2.6.3/os/ports/GCC/ARMCMx/chtypes.h"
 255              		.file 5 "/home/wicker/tools/ChibiOS_2.6.3/os/kernel/include/chlists.h"
 256              		.file 6 "/home/wicker/tools/ChibiOS_2.6.3/os/kernel/include/chthreads.h"
 257              		.file 7 "/home/wicker/tools/ChibiOS_2.6.3/os/ports/GCC/ARMCMx/chcore_v7m.h"
 258              		.file 8 "/home/wicker/tools/ChibiOS_2.6.3/os/kernel/include/chvt.h"
 259              		.file 9 "/home/wicker/tools/ChibiOS_2.6.3/os/kernel/include/chschd.h"
 260              		.file 10 "/home/wicker/tools/ChibiOS_2.6.3/os/kernel/include/chmtx.h"
 261              		.file 11 "/home/wicker/tools/ChibiOS_2.6.3/os/kernel/include/chregistry.h"
 262              		.file 12 "/home/wicker/tools/ChibiOS_2.6.3/os/kernel/include/chmemcore.h"
 263              		.file 13 "/home/wicker/tools/ChibiOS_2.6.3/os/kernel/include/chheap.h"
 264              		.section	.debug_info,"",%progbits
 265              	.Ldebug_info0:
 266 0000 A0080000 		.4byte	0x8a0
 267 0004 0200     		.2byte	0x2
 268 0006 00000000 		.4byte	.Ldebug_abbrev0
 269 000a 04       		.byte	0x4
 270 000b 01       		.uleb128 0x1
 271 000c 7C020000 		.4byte	.LASF109
ARM GAS  /tmp/ccbLt3Fa.s 			page 6


 272 0010 01       		.byte	0x1
 273 0011 06040000 		.4byte	.LASF110
 274 0015 00000000 		.4byte	.Ldebug_ranges0+0
 275 0019 00000000 		.4byte	0
 276 001d 00000000 		.4byte	0
 277 0021 00000000 		.4byte	.Ldebug_line0
 278 0025 02       		.uleb128 0x2
 279 0026 04       		.byte	0x4
 280 0027 05       		.byte	0x5
 281 0028 696E7400 		.ascii	"int\000"
 282 002c 03       		.uleb128 0x3
 283 002d 1B000000 		.4byte	.LASF2
 284 0031 02       		.byte	0x2
 285 0032 D5       		.byte	0xd5
 286 0033 37000000 		.4byte	0x37
 287 0037 04       		.uleb128 0x4
 288 0038 04       		.byte	0x4
 289 0039 07       		.byte	0x7
 290 003a 65010000 		.4byte	.LASF0
 291 003e 04       		.uleb128 0x4
 292 003f 01       		.byte	0x1
 293 0040 06       		.byte	0x6
 294 0041 B7000000 		.4byte	.LASF1
 295 0045 03       		.uleb128 0x3
 296 0046 43040000 		.4byte	.LASF3
 297 004a 03       		.byte	0x3
 298 004b 2A       		.byte	0x2a
 299 004c 50000000 		.4byte	0x50
 300 0050 04       		.uleb128 0x4
 301 0051 01       		.byte	0x1
 302 0052 08       		.byte	0x8
 303 0053 D7020000 		.4byte	.LASF4
 304 0057 04       		.uleb128 0x4
 305 0058 02       		.byte	0x2
 306 0059 05       		.byte	0x5
 307 005a FA020000 		.4byte	.LASF5
 308 005e 03       		.uleb128 0x3
 309 005f 0C010000 		.4byte	.LASF6
 310 0063 03       		.byte	0x3
 311 0064 36       		.byte	0x36
 312 0065 69000000 		.4byte	0x69
 313 0069 04       		.uleb128 0x4
 314 006a 02       		.byte	0x2
 315 006b 07       		.byte	0x7
 316 006c B8010000 		.4byte	.LASF7
 317 0070 03       		.uleb128 0x3
 318 0071 CF020000 		.4byte	.LASF8
 319 0075 03       		.byte	0x3
 320 0076 4F       		.byte	0x4f
 321 0077 7B000000 		.4byte	0x7b
 322 007b 04       		.uleb128 0x4
 323 007c 04       		.byte	0x4
 324 007d 05       		.byte	0x5
 325 007e FA000000 		.4byte	.LASF9
 326 0082 03       		.uleb128 0x3
 327 0083 6D030000 		.4byte	.LASF10
 328 0087 03       		.byte	0x3
ARM GAS  /tmp/ccbLt3Fa.s 			page 7


 329 0088 50       		.byte	0x50
 330 0089 8D000000 		.4byte	0x8d
 331 008d 04       		.uleb128 0x4
 332 008e 04       		.byte	0x4
 333 008f 07       		.byte	0x7
 334 0090 87010000 		.4byte	.LASF11
 335 0094 04       		.uleb128 0x4
 336 0095 08       		.byte	0x8
 337 0096 05       		.byte	0x5
 338 0097 A9000000 		.4byte	.LASF12
 339 009b 03       		.uleb128 0x3
 340 009c 29000000 		.4byte	.LASF13
 341 00a0 03       		.byte	0x3
 342 00a1 78       		.byte	0x78
 343 00a2 A6000000 		.4byte	0xa6
 344 00a6 04       		.uleb128 0x4
 345 00a7 08       		.byte	0x8
 346 00a8 07       		.byte	0x7
 347 00a9 4C000000 		.4byte	.LASF14
 348 00ad 04       		.uleb128 0x4
 349 00ae 01       		.byte	0x1
 350 00af 02       		.byte	0x2
 351 00b0 C9020000 		.4byte	.LASF15
 352 00b4 03       		.uleb128 0x3
 353 00b5 D1010000 		.4byte	.LASF16
 354 00b9 04       		.byte	0x4
 355 00ba 2C       		.byte	0x2c
 356 00bb 45000000 		.4byte	0x45
 357 00bf 03       		.uleb128 0x3
 358 00c0 03010000 		.4byte	.LASF17
 359 00c4 04       		.byte	0x4
 360 00c5 2D       		.byte	0x2d
 361 00c6 45000000 		.4byte	0x45
 362 00ca 03       		.uleb128 0x3
 363 00cb A7020000 		.4byte	.LASF18
 364 00cf 04       		.byte	0x4
 365 00d0 2E       		.byte	0x2e
 366 00d1 45000000 		.4byte	0x45
 367 00d5 03       		.uleb128 0x3
 368 00d6 F0000000 		.4byte	.LASF19
 369 00da 04       		.byte	0x4
 370 00db 2F       		.byte	0x2f
 371 00dc 45000000 		.4byte	0x45
 372 00e0 03       		.uleb128 0x3
 373 00e1 C1020000 		.4byte	.LASF20
 374 00e5 04       		.byte	0x4
 375 00e6 30       		.byte	0x30
 376 00e7 82000000 		.4byte	0x82
 377 00eb 03       		.uleb128 0x3
 378 00ec CB010000 		.4byte	.LASF21
 379 00f0 04       		.byte	0x4
 380 00f1 31       		.byte	0x31
 381 00f2 70000000 		.4byte	0x70
 382 00f6 03       		.uleb128 0x3
 383 00f7 E5010000 		.4byte	.LASF22
 384 00fb 04       		.byte	0x4
 385 00fc 33       		.byte	0x33
ARM GAS  /tmp/ccbLt3Fa.s 			page 8


 386 00fd 82000000 		.4byte	0x82
 387 0101 03       		.uleb128 0x3
 388 0102 A3030000 		.4byte	.LASF23
 389 0106 04       		.byte	0x4
 390 0107 35       		.byte	0x35
 391 0108 82000000 		.4byte	0x82
 392 010c 03       		.uleb128 0x3
 393 010d 4E030000 		.4byte	.LASF24
 394 0111 05       		.byte	0x5
 395 0112 2A       		.byte	0x2a
 396 0113 17010000 		.4byte	0x117
 397 0117 05       		.uleb128 0x5
 398 0118 4E030000 		.4byte	.LASF24
 399 011c 48       		.byte	0x48
 400 011d 06       		.byte	0x6
 401 011e 5E       		.byte	0x5e
 402 011f 3C020000 		.4byte	0x23c
 403 0123 06       		.uleb128 0x6
 404 0124 30030000 		.4byte	.LASF25
 405 0128 06       		.byte	0x6
 406 0129 5F       		.byte	0x5f
 407 012a 61020000 		.4byte	0x261
 408 012e 02       		.byte	0x2
 409 012f 23       		.byte	0x23
 410 0130 00       		.uleb128 0
 411 0131 06       		.uleb128 0x6
 412 0132 BA020000 		.4byte	.LASF26
 413 0136 06       		.byte	0x6
 414 0137 61       		.byte	0x61
 415 0138 61020000 		.4byte	0x261
 416 013c 02       		.byte	0x2
 417 013d 23       		.byte	0x23
 418 013e 04       		.uleb128 0x4
 419 013f 06       		.uleb128 0x6
 420 0140 85000000 		.4byte	.LASF27
 421 0144 06       		.byte	0x6
 422 0145 63       		.byte	0x63
 423 0146 E0000000 		.4byte	0xe0
 424 014a 02       		.byte	0x2
 425 014b 23       		.byte	0x23
 426 014c 08       		.uleb128 0x8
 427 014d 06       		.uleb128 0x6
 428 014e 89040000 		.4byte	.LASF28
 429 0152 06       		.byte	0x6
 430 0153 64       		.byte	0x64
 431 0154 3A030000 		.4byte	0x33a
 432 0158 02       		.byte	0x2
 433 0159 23       		.byte	0x23
 434 015a 0C       		.uleb128 0xc
 435 015b 06       		.uleb128 0x6
 436 015c 1F010000 		.4byte	.LASF29
 437 0160 06       		.byte	0x6
 438 0161 66       		.byte	0x66
 439 0162 61020000 		.4byte	0x261
 440 0166 02       		.byte	0x2
 441 0167 23       		.byte	0x23
 442 0168 10       		.uleb128 0x10
ARM GAS  /tmp/ccbLt3Fa.s 			page 9


 443 0169 06       		.uleb128 0x6
 444 016a 59020000 		.4byte	.LASF30
 445 016e 06       		.byte	0x6
 446 016f 67       		.byte	0x67
 447 0170 61020000 		.4byte	0x261
 448 0174 02       		.byte	0x2
 449 0175 23       		.byte	0x23
 450 0176 14       		.uleb128 0x14
 451 0177 06       		.uleb128 0x6
 452 0178 5D040000 		.4byte	.LASF31
 453 017c 06       		.byte	0x6
 454 017d 6E       		.byte	0x6e
 455 017e 1B050000 		.4byte	0x51b
 456 0182 02       		.byte	0x2
 457 0183 23       		.byte	0x23
 458 0184 18       		.uleb128 0x18
 459 0185 06       		.uleb128 0x6
 460 0186 04030000 		.4byte	.LASF32
 461 018a 06       		.byte	0x6
 462 018b 79       		.byte	0x79
 463 018c BF000000 		.4byte	0xbf
 464 0190 02       		.byte	0x2
 465 0191 23       		.byte	0x23
 466 0192 1C       		.uleb128 0x1c
 467 0193 06       		.uleb128 0x6
 468 0194 46030000 		.4byte	.LASF33
 469 0198 06       		.byte	0x6
 470 0199 7D       		.byte	0x7d
 471 019a B4000000 		.4byte	0xb4
 472 019e 02       		.byte	0x2
 473 019f 23       		.byte	0x23
 474 01a0 1D       		.uleb128 0x1d
 475 01a1 06       		.uleb128 0x6
 476 01a2 F5030000 		.4byte	.LASF34
 477 01a6 06       		.byte	0x6
 478 01a7 82       		.byte	0x82
 479 01a8 CA000000 		.4byte	0xca
 480 01ac 02       		.byte	0x2
 481 01ad 23       		.byte	0x23
 482 01ae 1E       		.uleb128 0x1e
 483 01af 06       		.uleb128 0x6
 484 01b0 0C030000 		.4byte	.LASF35
 485 01b4 06       		.byte	0x6
 486 01b5 88       		.byte	0x88
 487 01b6 D5000000 		.4byte	0xd5
 488 01ba 02       		.byte	0x2
 489 01bb 23       		.byte	0x23
 490 01bc 1F       		.uleb128 0x1f
 491 01bd 06       		.uleb128 0x6
 492 01be CA030000 		.4byte	.LASF36
 493 01c2 06       		.byte	0x6
 494 01c3 8F       		.byte	0x8f
 495 01c4 26040000 		.4byte	0x426
 496 01c8 02       		.byte	0x2
 497 01c9 23       		.byte	0x23
 498 01ca 20       		.uleb128 0x20
 499 01cb 07       		.uleb128 0x7
ARM GAS  /tmp/ccbLt3Fa.s 			page 10


 500 01cc 705F7500 		.ascii	"p_u\000"
 501 01d0 06       		.byte	0x6
 502 01d1 B4       		.byte	0xb4
 503 01d2 E6040000 		.4byte	0x4e6
 504 01d6 02       		.byte	0x2
 505 01d7 23       		.byte	0x23
 506 01d8 24       		.uleb128 0x24
 507 01d9 06       		.uleb128 0x6
 508 01da 8F040000 		.4byte	.LASF37
 509 01de 06       		.byte	0x6
 510 01df B9       		.byte	0xb9
 511 01e0 89020000 		.4byte	0x289
 512 01e4 02       		.byte	0x2
 513 01e5 23       		.byte	0x23
 514 01e6 28       		.uleb128 0x28
 515 01e7 06       		.uleb128 0x6
 516 01e8 D8030000 		.4byte	.LASF38
 517 01ec 06       		.byte	0x6
 518 01ed BF       		.byte	0xbf
 519 01ee 67020000 		.4byte	0x267
 520 01f2 02       		.byte	0x2
 521 01f3 23       		.byte	0x23
 522 01f4 2C       		.uleb128 0x2c
 523 01f5 06       		.uleb128 0x6
 524 01f6 15000000 		.4byte	.LASF39
 525 01fa 06       		.byte	0x6
 526 01fb C3       		.byte	0xc3
 527 01fc EB000000 		.4byte	0xeb
 528 0200 02       		.byte	0x2
 529 0201 23       		.byte	0x23
 530 0202 34       		.uleb128 0x34
 531 0203 06       		.uleb128 0x6
 532 0204 62030000 		.4byte	.LASF40
 533 0208 06       		.byte	0x6
 534 0209 C9       		.byte	0xc9
 535 020a F6000000 		.4byte	0xf6
 536 020e 02       		.byte	0x2
 537 020f 23       		.byte	0x23
 538 0210 38       		.uleb128 0x38
 539 0211 06       		.uleb128 0x6
 540 0212 F0020000 		.4byte	.LASF41
 541 0216 06       		.byte	0x6
 542 0217 D0       		.byte	0xd0
 543 0218 2D050000 		.4byte	0x52d
 544 021c 02       		.byte	0x2
 545 021d 23       		.byte	0x23
 546 021e 3C       		.uleb128 0x3c
 547 021f 06       		.uleb128 0x6
 548 0220 AD030000 		.4byte	.LASF42
 549 0224 06       		.byte	0x6
 550 0225 D4       		.byte	0xd4
 551 0226 E0000000 		.4byte	0xe0
 552 022a 02       		.byte	0x2
 553 022b 23       		.byte	0x23
 554 022c 40       		.uleb128 0x40
 555 022d 06       		.uleb128 0x6
 556 022e E0000000 		.4byte	.LASF43
ARM GAS  /tmp/ccbLt3Fa.s 			page 11


 557 0232 06       		.byte	0x6
 558 0233 DA       		.byte	0xda
 559 0234 9F020000 		.4byte	0x29f
 560 0238 02       		.byte	0x2
 561 0239 23       		.byte	0x23
 562 023a 44       		.uleb128 0x44
 563 023b 00       		.byte	0
 564 023c 08       		.uleb128 0x8
 565 023d 08       		.byte	0x8
 566 023e 05       		.byte	0x5
 567 023f 61       		.byte	0x61
 568 0240 61020000 		.4byte	0x261
 569 0244 06       		.uleb128 0x6
 570 0245 30030000 		.4byte	.LASF25
 571 0249 05       		.byte	0x5
 572 024a 62       		.byte	0x62
 573 024b 61020000 		.4byte	0x261
 574 024f 02       		.byte	0x2
 575 0250 23       		.byte	0x23
 576 0251 00       		.uleb128 0
 577 0252 06       		.uleb128 0x6
 578 0253 BA020000 		.4byte	.LASF26
 579 0257 05       		.byte	0x5
 580 0258 64       		.byte	0x64
 581 0259 61020000 		.4byte	0x261
 582 025d 02       		.byte	0x2
 583 025e 23       		.byte	0x23
 584 025f 04       		.uleb128 0x4
 585 0260 00       		.byte	0
 586 0261 09       		.uleb128 0x9
 587 0262 04       		.byte	0x4
 588 0263 0C010000 		.4byte	0x10c
 589 0267 03       		.uleb128 0x3
 590 0268 67020000 		.4byte	.LASF44
 591 026c 05       		.byte	0x5
 592 026d 66       		.byte	0x66
 593 026e 3C020000 		.4byte	0x23c
 594 0272 08       		.uleb128 0x8
 595 0273 04       		.byte	0x4
 596 0274 05       		.byte	0x5
 597 0275 6B       		.byte	0x6b
 598 0276 89020000 		.4byte	0x289
 599 027a 06       		.uleb128 0x6
 600 027b 30030000 		.4byte	.LASF25
 601 027f 05       		.byte	0x5
 602 0280 6D       		.byte	0x6d
 603 0281 61020000 		.4byte	0x261
 604 0285 02       		.byte	0x2
 605 0286 23       		.byte	0x23
 606 0287 00       		.uleb128 0
 607 0288 00       		.byte	0
 608 0289 03       		.uleb128 0x3
 609 028a D9010000 		.4byte	.LASF45
 610 028e 05       		.byte	0x5
 611 028f 70       		.byte	0x70
 612 0290 72020000 		.4byte	0x272
 613 0294 03       		.uleb128 0x3
ARM GAS  /tmp/ccbLt3Fa.s 			page 12


 614 0295 3F010000 		.4byte	.LASF46
 615 0299 07       		.byte	0x7
 616 029a E5       		.byte	0xe5
 617 029b 9F020000 		.4byte	0x29f
 618 029f 0A       		.uleb128 0xa
 619 02a0 04       		.byte	0x4
 620 02a1 03       		.uleb128 0x3
 621 02a2 F7010000 		.4byte	.LASF47
 622 02a6 07       		.byte	0x7
 623 02a7 EB       		.byte	0xeb
 624 02a8 9B000000 		.4byte	0x9b
 625 02ac 0B       		.uleb128 0xb
 626 02ad D1030000 		.4byte	.LASF48
 627 02b1 24       		.byte	0x24
 628 02b2 07       		.byte	0x7
 629 02b3 0C01     		.2byte	0x10c
 630 02b5 3A030000 		.4byte	0x33a
 631 02b9 0C       		.uleb128 0xc
 632 02ba 723400   		.ascii	"r4\000"
 633 02bd 07       		.byte	0x7
 634 02be 1F01     		.2byte	0x11f
 635 02c0 94020000 		.4byte	0x294
 636 02c4 02       		.byte	0x2
 637 02c5 23       		.byte	0x23
 638 02c6 00       		.uleb128 0
 639 02c7 0C       		.uleb128 0xc
 640 02c8 723500   		.ascii	"r5\000"
 641 02cb 07       		.byte	0x7
 642 02cc 2001     		.2byte	0x120
 643 02ce 94020000 		.4byte	0x294
 644 02d2 02       		.byte	0x2
 645 02d3 23       		.byte	0x23
 646 02d4 04       		.uleb128 0x4
 647 02d5 0C       		.uleb128 0xc
 648 02d6 723600   		.ascii	"r6\000"
 649 02d9 07       		.byte	0x7
 650 02da 2101     		.2byte	0x121
 651 02dc 94020000 		.4byte	0x294
 652 02e0 02       		.byte	0x2
 653 02e1 23       		.byte	0x23
 654 02e2 08       		.uleb128 0x8
 655 02e3 0C       		.uleb128 0xc
 656 02e4 723700   		.ascii	"r7\000"
 657 02e7 07       		.byte	0x7
 658 02e8 2201     		.2byte	0x122
 659 02ea 94020000 		.4byte	0x294
 660 02ee 02       		.byte	0x2
 661 02ef 23       		.byte	0x23
 662 02f0 0C       		.uleb128 0xc
 663 02f1 0C       		.uleb128 0xc
 664 02f2 723800   		.ascii	"r8\000"
 665 02f5 07       		.byte	0x7
 666 02f6 2301     		.2byte	0x123
 667 02f8 94020000 		.4byte	0x294
 668 02fc 02       		.byte	0x2
 669 02fd 23       		.byte	0x23
 670 02fe 10       		.uleb128 0x10
ARM GAS  /tmp/ccbLt3Fa.s 			page 13


 671 02ff 0C       		.uleb128 0xc
 672 0300 723900   		.ascii	"r9\000"
 673 0303 07       		.byte	0x7
 674 0304 2401     		.2byte	0x124
 675 0306 94020000 		.4byte	0x294
 676 030a 02       		.byte	0x2
 677 030b 23       		.byte	0x23
 678 030c 14       		.uleb128 0x14
 679 030d 0C       		.uleb128 0xc
 680 030e 72313000 		.ascii	"r10\000"
 681 0312 07       		.byte	0x7
 682 0313 2501     		.2byte	0x125
 683 0315 94020000 		.4byte	0x294
 684 0319 02       		.byte	0x2
 685 031a 23       		.byte	0x23
 686 031b 18       		.uleb128 0x18
 687 031c 0C       		.uleb128 0xc
 688 031d 72313100 		.ascii	"r11\000"
 689 0321 07       		.byte	0x7
 690 0322 2601     		.2byte	0x126
 691 0324 94020000 		.4byte	0x294
 692 0328 02       		.byte	0x2
 693 0329 23       		.byte	0x23
 694 032a 1C       		.uleb128 0x1c
 695 032b 0C       		.uleb128 0xc
 696 032c 6C7200   		.ascii	"lr\000"
 697 032f 07       		.byte	0x7
 698 0330 2701     		.2byte	0x127
 699 0332 94020000 		.4byte	0x294
 700 0336 02       		.byte	0x2
 701 0337 23       		.byte	0x23
 702 0338 20       		.uleb128 0x20
 703 0339 00       		.byte	0
 704 033a 0B       		.uleb128 0xb
 705 033b B0010000 		.4byte	.LASF49
 706 033f 04       		.byte	0x4
 707 0340 07       		.byte	0x7
 708 0341 3101     		.2byte	0x131
 709 0343 57030000 		.4byte	0x357
 710 0347 0C       		.uleb128 0xc
 711 0348 72313300 		.ascii	"r13\000"
 712 034c 07       		.byte	0x7
 713 034d 3201     		.2byte	0x132
 714 034f 57030000 		.4byte	0x357
 715 0353 02       		.byte	0x2
 716 0354 23       		.byte	0x23
 717 0355 00       		.uleb128 0
 718 0356 00       		.byte	0
 719 0357 09       		.uleb128 0x9
 720 0358 04       		.byte	0x4
 721 0359 AC020000 		.4byte	0x2ac
 722 035d 04       		.uleb128 0x4
 723 035e 04       		.byte	0x4
 724 035f 07       		.byte	0x7
 725 0360 30020000 		.4byte	.LASF50
 726 0364 03       		.uleb128 0x3
 727 0365 B8030000 		.4byte	.LASF51
ARM GAS  /tmp/ccbLt3Fa.s 			page 14


 728 0369 08       		.byte	0x8
 729 036a 58       		.byte	0x58
 730 036b 6F030000 		.4byte	0x36f
 731 036f 09       		.uleb128 0x9
 732 0370 04       		.byte	0x4
 733 0371 75030000 		.4byte	0x375
 734 0375 0D       		.uleb128 0xd
 735 0376 01       		.byte	0x1
 736 0377 81030000 		.4byte	0x381
 737 037b 0E       		.uleb128 0xe
 738 037c 9F020000 		.4byte	0x29f
 739 0380 00       		.byte	0
 740 0381 03       		.uleb128 0x3
 741 0382 8A030000 		.4byte	.LASF52
 742 0386 08       		.byte	0x8
 743 0387 5D       		.byte	0x5d
 744 0388 8C030000 		.4byte	0x38c
 745 038c 05       		.uleb128 0x5
 746 038d 8A030000 		.4byte	.LASF52
 747 0391 14       		.byte	0x14
 748 0392 08       		.byte	0x8
 749 0393 64       		.byte	0x64
 750 0394 DF030000 		.4byte	0x3df
 751 0398 06       		.uleb128 0x6
 752 0399 7F010000 		.4byte	.LASF53
 753 039d 08       		.byte	0x8
 754 039e 65       		.byte	0x65
 755 039f DF030000 		.4byte	0x3df
 756 03a3 02       		.byte	0x2
 757 03a4 23       		.byte	0x23
 758 03a5 00       		.uleb128 0
 759 03a6 06       		.uleb128 0x6
 760 03a7 48010000 		.4byte	.LASF54
 761 03ab 08       		.byte	0x8
 762 03ac 67       		.byte	0x67
 763 03ad DF030000 		.4byte	0x3df
 764 03b1 02       		.byte	0x2
 765 03b2 23       		.byte	0x23
 766 03b3 04       		.uleb128 0x4
 767 03b4 06       		.uleb128 0x6
 768 03b5 28020000 		.4byte	.LASF55
 769 03b9 08       		.byte	0x8
 770 03ba 69       		.byte	0x69
 771 03bb 01010000 		.4byte	0x101
 772 03bf 02       		.byte	0x2
 773 03c0 23       		.byte	0x23
 774 03c1 08       		.uleb128 0x8
 775 03c2 06       		.uleb128 0x6
 776 03c3 39020000 		.4byte	.LASF56
 777 03c7 08       		.byte	0x8
 778 03c8 6A       		.byte	0x6a
 779 03c9 64030000 		.4byte	0x364
 780 03cd 02       		.byte	0x2
 781 03ce 23       		.byte	0x23
 782 03cf 0C       		.uleb128 0xc
 783 03d0 06       		.uleb128 0x6
 784 03d1 E3030000 		.4byte	.LASF57
ARM GAS  /tmp/ccbLt3Fa.s 			page 15


 785 03d5 08       		.byte	0x8
 786 03d6 6C       		.byte	0x6c
 787 03d7 9F020000 		.4byte	0x29f
 788 03db 02       		.byte	0x2
 789 03dc 23       		.byte	0x23
 790 03dd 10       		.uleb128 0x10
 791 03de 00       		.byte	0
 792 03df 09       		.uleb128 0x9
 793 03e0 04       		.byte	0x4
 794 03e1 81030000 		.4byte	0x381
 795 03e5 08       		.uleb128 0x8
 796 03e6 10       		.byte	0x10
 797 03e7 08       		.byte	0x8
 798 03e8 76       		.byte	0x76
 799 03e9 26040000 		.4byte	0x426
 800 03ed 06       		.uleb128 0x6
 801 03ee 7F010000 		.4byte	.LASF53
 802 03f2 08       		.byte	0x8
 803 03f3 77       		.byte	0x77
 804 03f4 DF030000 		.4byte	0x3df
 805 03f8 02       		.byte	0x2
 806 03f9 23       		.byte	0x23
 807 03fa 00       		.uleb128 0
 808 03fb 06       		.uleb128 0x6
 809 03fc 48010000 		.4byte	.LASF54
 810 0400 08       		.byte	0x8
 811 0401 79       		.byte	0x79
 812 0402 DF030000 		.4byte	0x3df
 813 0406 02       		.byte	0x2
 814 0407 23       		.byte	0x23
 815 0408 04       		.uleb128 0x4
 816 0409 06       		.uleb128 0x6
 817 040a 28020000 		.4byte	.LASF55
 818 040e 08       		.byte	0x8
 819 040f 7B       		.byte	0x7b
 820 0410 01010000 		.4byte	0x101
 821 0414 02       		.byte	0x2
 822 0415 23       		.byte	0x23
 823 0416 08       		.uleb128 0x8
 824 0417 06       		.uleb128 0x6
 825 0418 64040000 		.4byte	.LASF58
 826 041c 08       		.byte	0x8
 827 041d 7C       		.byte	0x7c
 828 041e 26040000 		.4byte	0x426
 829 0422 02       		.byte	0x2
 830 0423 23       		.byte	0x23
 831 0424 0C       		.uleb128 0xc
 832 0425 00       		.byte	0
 833 0426 0F       		.uleb128 0xf
 834 0427 01010000 		.4byte	0x101
 835 042b 03       		.uleb128 0x3
 836 042c 7A040000 		.4byte	.LASF59
 837 0430 08       		.byte	0x8
 838 0431 7D       		.byte	0x7d
 839 0432 E5030000 		.4byte	0x3e5
 840 0436 08       		.uleb128 0x8
 841 0437 1C       		.byte	0x1c
ARM GAS  /tmp/ccbLt3Fa.s 			page 16


 842 0438 09       		.byte	0x9
 843 0439 5E       		.byte	0x5e
 844 043a 93040000 		.4byte	0x493
 845 043e 06       		.uleb128 0x6
 846 043f 82030000 		.4byte	.LASF60
 847 0443 09       		.byte	0x9
 848 0444 5F       		.byte	0x5f
 849 0445 67020000 		.4byte	0x267
 850 0449 02       		.byte	0x2
 851 044a 23       		.byte	0x23
 852 044b 00       		.uleb128 0
 853 044c 06       		.uleb128 0x6
 854 044d 22030000 		.4byte	.LASF61
 855 0451 09       		.byte	0x9
 856 0452 60       		.byte	0x60
 857 0453 E0000000 		.4byte	0xe0
 858 0457 02       		.byte	0x2
 859 0458 23       		.byte	0x23
 860 0459 08       		.uleb128 0x8
 861 045a 06       		.uleb128 0x6
 862 045b 61020000 		.4byte	.LASF62
 863 045f 09       		.byte	0x9
 864 0460 62       		.byte	0x62
 865 0461 3A030000 		.4byte	0x33a
 866 0465 02       		.byte	0x2
 867 0466 23       		.byte	0x23
 868 0467 0C       		.uleb128 0xc
 869 0468 06       		.uleb128 0x6
 870 0469 37010000 		.4byte	.LASF63
 871 046d 09       		.byte	0x9
 872 046e 65       		.byte	0x65
 873 046f 61020000 		.4byte	0x261
 874 0473 02       		.byte	0x2
 875 0474 23       		.byte	0x23
 876 0475 10       		.uleb128 0x10
 877 0476 06       		.uleb128 0x6
 878 0477 92020000 		.4byte	.LASF64
 879 047b 09       		.byte	0x9
 880 047c 66       		.byte	0x66
 881 047d 61020000 		.4byte	0x261
 882 0481 02       		.byte	0x2
 883 0482 23       		.byte	0x23
 884 0483 14       		.uleb128 0x14
 885 0484 06       		.uleb128 0x6
 886 0485 88020000 		.4byte	.LASF65
 887 0489 09       		.byte	0x9
 888 048a 69       		.byte	0x69
 889 048b 61020000 		.4byte	0x261
 890 048f 02       		.byte	0x2
 891 0490 23       		.byte	0x23
 892 0491 18       		.uleb128 0x18
 893 0492 00       		.byte	0
 894 0493 03       		.uleb128 0x3
 895 0494 FC030000 		.4byte	.LASF66
 896 0498 09       		.byte	0x9
 897 0499 6B       		.byte	0x6b
 898 049a 36040000 		.4byte	0x436
ARM GAS  /tmp/ccbLt3Fa.s 			page 17


 899 049e 05       		.uleb128 0x5
 900 049f F1010000 		.4byte	.LASF67
 901 04a3 10       		.byte	0x10
 902 04a4 0A       		.byte	0xa
 903 04a5 2C       		.byte	0x2c
 904 04a6 D5040000 		.4byte	0x4d5
 905 04aa 06       		.uleb128 0x6
 906 04ab E8000000 		.4byte	.LASF68
 907 04af 0A       		.byte	0xa
 908 04b0 2D       		.byte	0x2d
 909 04b1 67020000 		.4byte	0x267
 910 04b5 02       		.byte	0x2
 911 04b6 23       		.byte	0x23
 912 04b7 00       		.uleb128 0
 913 04b8 06       		.uleb128 0x6
 914 04b9 81040000 		.4byte	.LASF69
 915 04bd 0A       		.byte	0xa
 916 04be 2F       		.byte	0x2f
 917 04bf 61020000 		.4byte	0x261
 918 04c3 02       		.byte	0x2
 919 04c4 23       		.byte	0x23
 920 04c5 08       		.uleb128 0x8
 921 04c6 06       		.uleb128 0x6
 922 04c7 9C030000 		.4byte	.LASF70
 923 04cb 0A       		.byte	0xa
 924 04cc 31       		.byte	0x31
 925 04cd D5040000 		.4byte	0x4d5
 926 04d1 02       		.byte	0x2
 927 04d2 23       		.byte	0x23
 928 04d3 0C       		.uleb128 0xc
 929 04d4 00       		.byte	0
 930 04d5 09       		.uleb128 0x9
 931 04d6 04       		.byte	0x4
 932 04d7 9E040000 		.4byte	0x49e
 933 04db 03       		.uleb128 0x3
 934 04dc F1010000 		.4byte	.LASF67
 935 04e0 0A       		.byte	0xa
 936 04e1 33       		.byte	0x33
 937 04e2 9E040000 		.4byte	0x49e
 938 04e6 10       		.uleb128 0x10
 939 04e7 04       		.byte	0x4
 940 04e8 06       		.byte	0x6
 941 04e9 96       		.byte	0x96
 942 04ea 1B050000 		.4byte	0x51b
 943 04ee 11       		.uleb128 0x11
 944 04ef 22000000 		.4byte	.LASF71
 945 04f3 06       		.byte	0x6
 946 04f4 9D       		.byte	0x9d
 947 04f5 EB000000 		.4byte	0xeb
 948 04f9 11       		.uleb128 0x11
 949 04fa 71000000 		.4byte	.LASF72
 950 04fe 06       		.byte	0x6
 951 04ff A4       		.byte	0xa4
 952 0500 EB000000 		.4byte	0xeb
 953 0504 11       		.uleb128 0x11
 954 0505 56040000 		.4byte	.LASF73
 955 0509 06       		.byte	0x6
ARM GAS  /tmp/ccbLt3Fa.s 			page 18


 956 050a AB       		.byte	0xab
 957 050b 9F020000 		.4byte	0x29f
 958 050f 11       		.uleb128 0x11
 959 0510 29030000 		.4byte	.LASF74
 960 0514 06       		.byte	0x6
 961 0515 B2       		.byte	0xb2
 962 0516 F6000000 		.4byte	0xf6
 963 051a 00       		.byte	0
 964 051b 09       		.uleb128 0x9
 965 051c 04       		.byte	0x4
 966 051d 21050000 		.4byte	0x521
 967 0521 12       		.uleb128 0x12
 968 0522 26050000 		.4byte	0x526
 969 0526 04       		.uleb128 0x4
 970 0527 01       		.byte	0x1
 971 0528 08       		.byte	0x8
 972 0529 97030000 		.4byte	.LASF75
 973 052d 09       		.uleb128 0x9
 974 052e 04       		.byte	0x4
 975 052f DB040000 		.4byte	0x4db
 976 0533 03       		.uleb128 0x3
 977 0534 00000000 		.4byte	.LASF76
 978 0538 06       		.byte	0x6
 979 0539 E5       		.byte	0xe5
 980 053a 3E050000 		.4byte	0x53e
 981 053e 09       		.uleb128 0x9
 982 053f 04       		.byte	0x4
 983 0540 44050000 		.4byte	0x544
 984 0544 13       		.uleb128 0x13
 985 0545 01       		.byte	0x1
 986 0546 EB000000 		.4byte	0xeb
 987 054a 54050000 		.4byte	0x554
 988 054e 0E       		.uleb128 0xe
 989 054f 9F020000 		.4byte	0x29f
 990 0553 00       		.byte	0
 991 0554 08       		.uleb128 0x8
 992 0555 16       		.byte	0x16
 993 0556 0B       		.byte	0xb
 994 0557 2C       		.byte	0x2c
 995 0558 59060000 		.4byte	0x659
 996 055c 06       		.uleb128 0x6
 997 055d A2010000 		.4byte	.LASF77
 998 0561 0B       		.byte	0xb
 999 0562 2D       		.byte	0x2d
 1000 0563 59060000 		.4byte	0x659
 1001 0567 02       		.byte	0x2
 1002 0568 23       		.byte	0x23
 1003 0569 00       		.uleb128 0
 1004 056a 06       		.uleb128 0x6
 1005 056b 14020000 		.4byte	.LASF78
 1006 056f 0B       		.byte	0xb
 1007 0570 2E       		.byte	0x2e
 1008 0571 45000000 		.4byte	0x45
 1009 0575 02       		.byte	0x2
 1010 0576 23       		.byte	0x23
 1011 0577 04       		.uleb128 0x4
 1012 0578 06       		.uleb128 0x6
ARM GAS  /tmp/ccbLt3Fa.s 			page 19


 1013 0579 74020000 		.4byte	.LASF79
 1014 057d 0B       		.byte	0xb
 1015 057e 2F       		.byte	0x2f
 1016 057f 45000000 		.4byte	0x45
 1017 0583 02       		.byte	0x2
 1018 0584 23       		.byte	0x23
 1019 0585 05       		.uleb128 0x5
 1020 0586 06       		.uleb128 0x6
 1021 0587 6F040000 		.4byte	.LASF80
 1022 058b 0B       		.byte	0xb
 1023 058c 30       		.byte	0x30
 1024 058d 5E000000 		.4byte	0x5e
 1025 0591 02       		.byte	0x2
 1026 0592 23       		.byte	0x23
 1027 0593 06       		.uleb128 0x6
 1028 0594 06       		.uleb128 0x6
 1029 0595 AF020000 		.4byte	.LASF81
 1030 0599 0B       		.byte	0xb
 1031 059a 31       		.byte	0x31
 1032 059b 45000000 		.4byte	0x45
 1033 059f 02       		.byte	0x2
 1034 05a0 23       		.byte	0x23
 1035 05a1 08       		.uleb128 0x8
 1036 05a2 06       		.uleb128 0x6
 1037 05a3 41020000 		.4byte	.LASF82
 1038 05a7 0B       		.byte	0xb
 1039 05a8 32       		.byte	0x32
 1040 05a9 45000000 		.4byte	0x45
 1041 05ad 02       		.byte	0x2
 1042 05ae 23       		.byte	0x23
 1043 05af 09       		.uleb128 0x9
 1044 05b0 06       		.uleb128 0x6
 1045 05b1 63000000 		.4byte	.LASF83
 1046 05b5 0B       		.byte	0xb
 1047 05b6 33       		.byte	0x33
 1048 05b7 45000000 		.4byte	0x45
 1049 05bb 02       		.byte	0x2
 1050 05bc 23       		.byte	0x23
 1051 05bd 0A       		.uleb128 0xa
 1052 05be 06       		.uleb128 0x6
 1053 05bf 76030000 		.4byte	.LASF84
 1054 05c3 0B       		.byte	0xb
 1055 05c4 34       		.byte	0x34
 1056 05c5 45000000 		.4byte	0x45
 1057 05c9 02       		.byte	0x2
 1058 05ca 23       		.byte	0x23
 1059 05cb 0B       		.uleb128 0xb
 1060 05cc 06       		.uleb128 0x6
 1061 05cd EA030000 		.4byte	.LASF85
 1062 05d1 0B       		.byte	0xb
 1063 05d2 35       		.byte	0x35
 1064 05d3 45000000 		.4byte	0x45
 1065 05d7 02       		.byte	0x2
 1066 05d8 23       		.byte	0x23
 1067 05d9 0C       		.uleb128 0xc
 1068 05da 06       		.uleb128 0x6
 1069 05db 55030000 		.4byte	.LASF86
ARM GAS  /tmp/ccbLt3Fa.s 			page 20


 1070 05df 0B       		.byte	0xb
 1071 05e0 36       		.byte	0x36
 1072 05e1 45000000 		.4byte	0x45
 1073 05e5 02       		.byte	0x2
 1074 05e6 23       		.byte	0x23
 1075 05e7 0D       		.uleb128 0xd
 1076 05e8 06       		.uleb128 0x6
 1077 05e9 08000000 		.4byte	.LASF87
 1078 05ed 0B       		.byte	0xb
 1079 05ee 37       		.byte	0x37
 1080 05ef 45000000 		.4byte	0x45
 1081 05f3 02       		.byte	0x2
 1082 05f4 23       		.byte	0x23
 1083 05f5 0E       		.uleb128 0xe
 1084 05f6 06       		.uleb128 0x6
 1085 05f7 4D020000 		.4byte	.LASF88
 1086 05fb 0B       		.byte	0xb
 1087 05fc 38       		.byte	0x38
 1088 05fd 45000000 		.4byte	0x45
 1089 0601 02       		.byte	0x2
 1090 0602 23       		.byte	0x23
 1091 0603 0F       		.uleb128 0xf
 1092 0604 06       		.uleb128 0x6
 1093 0605 C3000000 		.4byte	.LASF89
 1094 0609 0B       		.byte	0xb
 1095 060a 39       		.byte	0x39
 1096 060b 45000000 		.4byte	0x45
 1097 060f 02       		.byte	0x2
 1098 0610 23       		.byte	0x23
 1099 0611 10       		.uleb128 0x10
 1100 0612 06       		.uleb128 0x6
 1101 0613 8C000000 		.4byte	.LASF90
 1102 0617 0B       		.byte	0xb
 1103 0618 3B       		.byte	0x3b
 1104 0619 45000000 		.4byte	0x45
 1105 061d 02       		.byte	0x2
 1106 061e 23       		.byte	0x23
 1107 061f 11       		.uleb128 0x11
 1108 0620 06       		.uleb128 0x6
 1109 0621 D3000000 		.4byte	.LASF91
 1110 0625 0B       		.byte	0xb
 1111 0626 3C       		.byte	0x3c
 1112 0627 45000000 		.4byte	0x45
 1113 062b 02       		.byte	0x2
 1114 062c 23       		.byte	0x23
 1115 062d 12       		.uleb128 0x12
 1116 062e 06       		.uleb128 0x6
 1117 062f 1C020000 		.4byte	.LASF92
 1118 0633 0B       		.byte	0xb
 1119 0634 3D       		.byte	0x3d
 1120 0635 45000000 		.4byte	0x45
 1121 0639 02       		.byte	0x2
 1122 063a 23       		.byte	0x23
 1123 063b 13       		.uleb128 0x13
 1124 063c 06       		.uleb128 0x6
 1125 063d 37030000 		.4byte	.LASF93
 1126 0641 0B       		.byte	0xb
ARM GAS  /tmp/ccbLt3Fa.s 			page 21


 1127 0642 3E       		.byte	0x3e
 1128 0643 45000000 		.4byte	0x45
 1129 0647 02       		.byte	0x2
 1130 0648 23       		.byte	0x23
 1131 0649 14       		.uleb128 0x14
 1132 064a 06       		.uleb128 0x6
 1133 064b 16030000 		.4byte	.LASF94
 1134 064f 0B       		.byte	0xb
 1135 0650 40       		.byte	0x40
 1136 0651 45000000 		.4byte	0x45
 1137 0655 02       		.byte	0x2
 1138 0656 23       		.byte	0x23
 1139 0657 15       		.uleb128 0x15
 1140 0658 00       		.byte	0
 1141 0659 14       		.uleb128 0x14
 1142 065a 26050000 		.4byte	0x526
 1143 065e 69060000 		.4byte	0x669
 1144 0662 15       		.uleb128 0x15
 1145 0663 5D030000 		.4byte	0x35d
 1146 0667 03       		.byte	0x3
 1147 0668 00       		.byte	0
 1148 0669 03       		.uleb128 0x3
 1149 066a 15010000 		.4byte	.LASF95
 1150 066e 0B       		.byte	0xb
 1151 066f 41       		.byte	0x41
 1152 0670 54050000 		.4byte	0x554
 1153 0674 16       		.uleb128 0x16
 1154 0675 01       		.byte	0x1
 1155 0676 9A020000 		.4byte	.LASF96
 1156 067a 01       		.byte	0x1
 1157 067b 3D       		.byte	0x3d
 1158 067c 01       		.byte	0x1
 1159 067d 00000000 		.4byte	.LFB7
 1160 0681 14000000 		.4byte	.LFE7
 1161 0685 02       		.byte	0x2
 1162 0686 7D       		.byte	0x7d
 1163 0687 00       		.sleb128 0
 1164 0688 01       		.byte	0x1
 1165 0689 99060000 		.4byte	0x699
 1166 068d 17       		.uleb128 0x17
 1167 068e 7000     		.ascii	"p\000"
 1168 0690 01       		.byte	0x1
 1169 0691 3D       		.byte	0x3d
 1170 0692 9F020000 		.4byte	0x29f
 1171 0696 01       		.byte	0x1
 1172 0697 50       		.byte	0x50
 1173 0698 00       		.byte	0
 1174 0699 18       		.uleb128 0x18
 1175 069a 01       		.byte	0x1
 1176 069b 50010000 		.4byte	.LASF97
 1177 069f 01       		.byte	0x1
 1178 06a0 54       		.byte	0x54
 1179 06a1 01       		.byte	0x1
 1180 06a2 00000000 		.4byte	.LFB8
 1181 06a6 64000000 		.4byte	.LFE8
 1182 06aa 00000000 		.4byte	.LLST0
 1183 06ae 01       		.byte	0x1
ARM GAS  /tmp/ccbLt3Fa.s 			page 22


 1184 06af 59070000 		.4byte	0x759
 1185 06b3 19       		.uleb128 0x19
 1186 06b4 7A000000 		.4byte	.LASF98
 1187 06b8 01       		.byte	0x1
 1188 06b9 55       		.byte	0x55
 1189 06ba 0C010000 		.4byte	0x10c
 1190 06be 05       		.byte	0x5
 1191 06bf 03       		.byte	0x3
 1192 06c0 00000000 		.4byte	mainthread.4769
 1193 06c4 1A       		.uleb128 0x1a
 1194 06c5 34000000 		.4byte	.LBB2
 1195 06c9 3C000000 		.4byte	.LBE2
 1196 06cd E1060000 		.4byte	0x6e1
 1197 06d1 1B       		.uleb128 0x1b
 1198 06d2 746D7000 		.ascii	"tmp\000"
 1199 06d6 01       		.byte	0x1
 1200 06d7 6F       		.byte	0x6f
 1201 06d8 82000000 		.4byte	0x82
 1202 06dc 2C000000 		.4byte	.LLST1
 1203 06e0 00       		.byte	0
 1204 06e1 1C       		.uleb128 0x1c
 1205 06e2 08000000 		.4byte	.LVL1
 1206 06e6 29080000 		.4byte	0x829
 1207 06ea 1C       		.uleb128 0x1c
 1208 06eb 0C000000 		.4byte	.LVL2
 1209 06ef 34080000 		.4byte	0x834
 1210 06f3 1C       		.uleb128 0x1c
 1211 06f4 10000000 		.4byte	.LVL3
 1212 06f8 3E080000 		.4byte	0x83e
 1213 06fc 1C       		.uleb128 0x1c
 1214 06fd 14000000 		.4byte	.LVL4
 1215 0701 48080000 		.4byte	0x848
 1216 0705 1C       		.uleb128 0x1c
 1217 0706 18000000 		.4byte	.LVL5
 1218 070a 52080000 		.4byte	0x852
 1219 070e 1D       		.uleb128 0x1d
 1220 070f 26000000 		.4byte	.LVL6
 1221 0713 5C080000 		.4byte	0x85c
 1222 0717 2B070000 		.4byte	0x72b
 1223 071b 1E       		.uleb128 0x1e
 1224 071c 01       		.byte	0x1
 1225 071d 51       		.byte	0x51
 1226 071e 02       		.byte	0x2
 1227 071f 08       		.byte	0x8
 1228 0720 40       		.byte	0x40
 1229 0721 1E       		.uleb128 0x1e
 1230 0722 01       		.byte	0x1
 1231 0723 50       		.byte	0x50
 1232 0724 05       		.byte	0x5
 1233 0725 03       		.byte	0x3
 1234 0726 00000000 		.4byte	.LANCHOR0
 1235 072a 00       		.byte	0
 1236 072b 1F       		.uleb128 0x1f
 1237 072c 60000000 		.4byte	.LVL10
 1238 0730 7A080000 		.4byte	0x87a
 1239 0734 1E       		.uleb128 0x1e
 1240 0735 01       		.byte	0x1
ARM GAS  /tmp/ccbLt3Fa.s 			page 23


 1241 0736 53       		.byte	0x53
 1242 0737 05       		.byte	0x5
 1243 0738 03       		.byte	0x3
 1244 0739 00000000 		.4byte	_idle_thread
 1245 073d 1E       		.uleb128 0x1e
 1246 073e 01       		.byte	0x1
 1247 073f 52       		.byte	0x52
 1248 0740 01       		.byte	0x1
 1249 0741 31       		.byte	0x31
 1250 0742 1E       		.uleb128 0x1e
 1251 0743 01       		.byte	0x1
 1252 0744 51       		.byte	0x51
 1253 0745 02       		.byte	0x2
 1254 0746 08       		.byte	0x8
 1255 0747 C0       		.byte	0xc0
 1256 0748 1E       		.uleb128 0x1e
 1257 0749 01       		.byte	0x1
 1258 074a 50       		.byte	0x50
 1259 074b 05       		.byte	0x5
 1260 074c 03       		.byte	0x3
 1261 074d 00000000 		.4byte	.LANCHOR1
 1262 0751 1E       		.uleb128 0x1e
 1263 0752 02       		.byte	0x2
 1264 0753 7D       		.byte	0x7d
 1265 0754 00       		.sleb128 0
 1266 0755 01       		.byte	0x1
 1267 0756 30       		.byte	0x30
 1268 0757 00       		.byte	0
 1269 0758 00       		.byte	0
 1270 0759 20       		.uleb128 0x20
 1271 075a 01       		.byte	0x1
 1272 075b 39000000 		.4byte	.LASF99
 1273 075f 01       		.byte	0x1
 1274 0760 89       		.byte	0x89
 1275 0761 01       		.byte	0x1
 1276 0762 00000000 		.4byte	.LFB9
 1277 0766 58000000 		.4byte	.LFE9
 1278 076a 3F000000 		.4byte	.LLST2
 1279 076e 01       		.byte	0x1
 1280 076f DB070000 		.4byte	0x7db
 1281 0773 21       		.uleb128 0x21
 1282 0774 22000000 		.4byte	.LBB3
 1283 0778 58000000 		.4byte	.LBE3
 1284 077c 1B       		.uleb128 0x1b
 1285 077d 76747000 		.ascii	"vtp\000"
 1286 0781 01       		.byte	0x1
 1287 0782 96       		.byte	0x96
 1288 0783 DF030000 		.4byte	0x3df
 1289 0787 5F000000 		.4byte	.LLST3
 1290 078b 21       		.uleb128 0x21
 1291 078c 2A000000 		.4byte	.LBB4
 1292 0790 44000000 		.4byte	.LBE4
 1293 0794 1B       		.uleb128 0x1b
 1294 0795 666E00   		.ascii	"fn\000"
 1295 0798 01       		.byte	0x1
 1296 0799 96       		.byte	0x96
 1297 079a 64030000 		.4byte	0x364
ARM GAS  /tmp/ccbLt3Fa.s 			page 24


 1298 079e 7D000000 		.4byte	.LLST4
 1299 07a2 1A       		.uleb128 0x1a
 1300 07a3 34000000 		.4byte	.LBB5
 1301 07a7 3A000000 		.4byte	.LBE5
 1302 07ab BF070000 		.4byte	0x7bf
 1303 07af 1B       		.uleb128 0x1b
 1304 07b0 746D7000 		.ascii	"tmp\000"
 1305 07b4 01       		.byte	0x1
 1306 07b5 96       		.byte	0x96
 1307 07b6 82000000 		.4byte	0x82
 1308 07ba 90000000 		.4byte	.LLST5
 1309 07be 00       		.byte	0
 1310 07bf 21       		.uleb128 0x21
 1311 07c0 3E000000 		.4byte	.LBB6
 1312 07c4 44000000 		.4byte	.LBE6
 1313 07c8 1B       		.uleb128 0x1b
 1314 07c9 746D7000 		.ascii	"tmp\000"
 1315 07cd 01       		.byte	0x1
 1316 07ce 96       		.byte	0x96
 1317 07cf 82000000 		.4byte	0x82
 1318 07d3 A3000000 		.4byte	.LLST6
 1319 07d7 00       		.byte	0
 1320 07d8 00       		.byte	0
 1321 07d9 00       		.byte	0
 1322 07da 00       		.byte	0
 1323 07db 22       		.uleb128 0x22
 1324 07dc 32000000 		.4byte	.LASF100
 1325 07e0 08       		.byte	0x8
 1326 07e1 F5       		.byte	0xf5
 1327 07e2 2B040000 		.4byte	0x42b
 1328 07e6 01       		.byte	0x1
 1329 07e7 01       		.byte	0x1
 1330 07e8 22       		.uleb128 0x22
 1331 07e9 3D040000 		.4byte	.LASF101
 1332 07ed 09       		.byte	0x9
 1333 07ee 6F       		.byte	0x6f
 1334 07ef 93040000 		.4byte	0x493
 1335 07f3 01       		.byte	0x1
 1336 07f4 01       		.byte	0x1
 1337 07f5 22       		.uleb128 0x22
 1338 07f6 99010000 		.4byte	.LASF102
 1339 07fa 0B       		.byte	0xb
 1340 07fb 7E       		.byte	0x7e
 1341 07fc 02080000 		.4byte	0x802
 1342 0800 01       		.byte	0x1
 1343 0801 01       		.byte	0x1
 1344 0802 12       		.uleb128 0x12
 1345 0803 69060000 		.4byte	0x669
 1346 0807 14       		.uleb128 0x14
 1347 0808 A1020000 		.4byte	0x2a1
 1348 080c 17080000 		.4byte	0x817
 1349 0810 15       		.uleb128 0x15
 1350 0811 5D030000 		.4byte	0x35d
 1351 0815 17       		.byte	0x17
 1352 0816 00       		.byte	0
 1353 0817 23       		.uleb128 0x23
 1354 0818 27010000 		.4byte	.LASF103
ARM GAS  /tmp/ccbLt3Fa.s 			page 25


 1355 081c 01       		.byte	0x1
 1356 081d 31       		.byte	0x31
 1357 081e 07080000 		.4byte	0x807
 1358 0822 01       		.byte	0x1
 1359 0823 05       		.byte	0x5
 1360 0824 03       		.byte	0x3
 1361 0825 00000000 		.4byte	_idle_thread_wa
 1362 0829 24       		.uleb128 0x24
 1363 082a 01       		.byte	0x1
 1364 082b 4B040000 		.4byte	.LASF104
 1365 082f 07       		.byte	0x7
 1366 0830 0202     		.2byte	0x202
 1367 0832 01       		.byte	0x1
 1368 0833 01       		.byte	0x1
 1369 0834 25       		.uleb128 0x25
 1370 0835 01       		.byte	0x1
 1371 0836 99000000 		.4byte	.LASF105
 1372 083a 09       		.byte	0x9
 1373 083b 8E       		.byte	0x8e
 1374 083c 01       		.byte	0x1
 1375 083d 01       		.byte	0x1
 1376 083e 25       		.uleb128 0x25
 1377 083f 01       		.byte	0x1
 1378 0840 C1030000 		.4byte	.LASF106
 1379 0844 08       		.byte	0x8
 1380 0845 FD       		.byte	0xfd
 1381 0846 01       		.byte	0x1
 1382 0847 01       		.byte	0x1
 1383 0848 25       		.uleb128 0x25
 1384 0849 01       		.byte	0x1
 1385 084a E5020000 		.4byte	.LASF107
 1386 084e 0C       		.byte	0xc
 1387 084f 51       		.byte	0x51
 1388 0850 01       		.byte	0x1
 1389 0851 01       		.byte	0x1
 1390 0852 25       		.uleb128 0x25
 1391 0853 01       		.byte	0x1
 1392 0854 5A010000 		.4byte	.LASF108
 1393 0858 0D       		.byte	0xd
 1394 0859 55       		.byte	0x55
 1395 085a 01       		.byte	0x1
 1396 085b 01       		.byte	0x1
 1397 085c 26       		.uleb128 0x26
 1398 085d 01       		.byte	0x1
 1399 085e 72010000 		.4byte	.LASF111
 1400 0862 06       		.byte	0x6
 1401 0863 6A01     		.2byte	0x16a
 1402 0865 01       		.byte	0x1
 1403 0866 61020000 		.4byte	0x261
 1404 086a 01       		.byte	0x1
 1405 086b 7A080000 		.4byte	0x87a
 1406 086f 0E       		.uleb128 0xe
 1407 0870 61020000 		.4byte	0x261
 1408 0874 0E       		.uleb128 0xe
 1409 0875 E0000000 		.4byte	0xe0
 1410 0879 00       		.byte	0
 1411 087a 27       		.uleb128 0x27
ARM GAS  /tmp/ccbLt3Fa.s 			page 26


 1412 087b 01       		.byte	0x1
 1413 087c 02020000 		.4byte	.LASF112
 1414 0880 06       		.byte	0x6
 1415 0881 7001     		.2byte	0x170
 1416 0883 01       		.byte	0x1
 1417 0884 61020000 		.4byte	0x261
 1418 0888 01       		.byte	0x1
 1419 0889 0E       		.uleb128 0xe
 1420 088a 9F020000 		.4byte	0x29f
 1421 088e 0E       		.uleb128 0xe
 1422 088f 2C000000 		.4byte	0x2c
 1423 0893 0E       		.uleb128 0xe
 1424 0894 E0000000 		.4byte	0xe0
 1425 0898 0E       		.uleb128 0xe
 1426 0899 33050000 		.4byte	0x533
 1427 089d 0E       		.uleb128 0xe
 1428 089e 9F020000 		.4byte	0x29f
 1429 08a2 00       		.byte	0
 1430 08a3 00       		.byte	0
 1431              		.section	.debug_abbrev,"",%progbits
 1432              	.Ldebug_abbrev0:
 1433 0000 01       		.uleb128 0x1
 1434 0001 11       		.uleb128 0x11
 1435 0002 01       		.byte	0x1
 1436 0003 25       		.uleb128 0x25
 1437 0004 0E       		.uleb128 0xe
 1438 0005 13       		.uleb128 0x13
 1439 0006 0B       		.uleb128 0xb
 1440 0007 03       		.uleb128 0x3
 1441 0008 0E       		.uleb128 0xe
 1442 0009 55       		.uleb128 0x55
 1443 000a 06       		.uleb128 0x6
 1444 000b 11       		.uleb128 0x11
 1445 000c 01       		.uleb128 0x1
 1446 000d 52       		.uleb128 0x52
 1447 000e 01       		.uleb128 0x1
 1448 000f 10       		.uleb128 0x10
 1449 0010 06       		.uleb128 0x6
 1450 0011 00       		.byte	0
 1451 0012 00       		.byte	0
 1452 0013 02       		.uleb128 0x2
 1453 0014 24       		.uleb128 0x24
 1454 0015 00       		.byte	0
 1455 0016 0B       		.uleb128 0xb
 1456 0017 0B       		.uleb128 0xb
 1457 0018 3E       		.uleb128 0x3e
 1458 0019 0B       		.uleb128 0xb
 1459 001a 03       		.uleb128 0x3
 1460 001b 08       		.uleb128 0x8
 1461 001c 00       		.byte	0
 1462 001d 00       		.byte	0
 1463 001e 03       		.uleb128 0x3
 1464 001f 16       		.uleb128 0x16
 1465 0020 00       		.byte	0
 1466 0021 03       		.uleb128 0x3
 1467 0022 0E       		.uleb128 0xe
 1468 0023 3A       		.uleb128 0x3a
ARM GAS  /tmp/ccbLt3Fa.s 			page 27


 1469 0024 0B       		.uleb128 0xb
 1470 0025 3B       		.uleb128 0x3b
 1471 0026 0B       		.uleb128 0xb
 1472 0027 49       		.uleb128 0x49
 1473 0028 13       		.uleb128 0x13
 1474 0029 00       		.byte	0
 1475 002a 00       		.byte	0
 1476 002b 04       		.uleb128 0x4
 1477 002c 24       		.uleb128 0x24
 1478 002d 00       		.byte	0
 1479 002e 0B       		.uleb128 0xb
 1480 002f 0B       		.uleb128 0xb
 1481 0030 3E       		.uleb128 0x3e
 1482 0031 0B       		.uleb128 0xb
 1483 0032 03       		.uleb128 0x3
 1484 0033 0E       		.uleb128 0xe
 1485 0034 00       		.byte	0
 1486 0035 00       		.byte	0
 1487 0036 05       		.uleb128 0x5
 1488 0037 13       		.uleb128 0x13
 1489 0038 01       		.byte	0x1
 1490 0039 03       		.uleb128 0x3
 1491 003a 0E       		.uleb128 0xe
 1492 003b 0B       		.uleb128 0xb
 1493 003c 0B       		.uleb128 0xb
 1494 003d 3A       		.uleb128 0x3a
 1495 003e 0B       		.uleb128 0xb
 1496 003f 3B       		.uleb128 0x3b
 1497 0040 0B       		.uleb128 0xb
 1498 0041 01       		.uleb128 0x1
 1499 0042 13       		.uleb128 0x13
 1500 0043 00       		.byte	0
 1501 0044 00       		.byte	0
 1502 0045 06       		.uleb128 0x6
 1503 0046 0D       		.uleb128 0xd
 1504 0047 00       		.byte	0
 1505 0048 03       		.uleb128 0x3
 1506 0049 0E       		.uleb128 0xe
 1507 004a 3A       		.uleb128 0x3a
 1508 004b 0B       		.uleb128 0xb
 1509 004c 3B       		.uleb128 0x3b
 1510 004d 0B       		.uleb128 0xb
 1511 004e 49       		.uleb128 0x49
 1512 004f 13       		.uleb128 0x13
 1513 0050 38       		.uleb128 0x38
 1514 0051 0A       		.uleb128 0xa
 1515 0052 00       		.byte	0
 1516 0053 00       		.byte	0
 1517 0054 07       		.uleb128 0x7
 1518 0055 0D       		.uleb128 0xd
 1519 0056 00       		.byte	0
 1520 0057 03       		.uleb128 0x3
 1521 0058 08       		.uleb128 0x8
 1522 0059 3A       		.uleb128 0x3a
 1523 005a 0B       		.uleb128 0xb
 1524 005b 3B       		.uleb128 0x3b
 1525 005c 0B       		.uleb128 0xb
ARM GAS  /tmp/ccbLt3Fa.s 			page 28


 1526 005d 49       		.uleb128 0x49
 1527 005e 13       		.uleb128 0x13
 1528 005f 38       		.uleb128 0x38
 1529 0060 0A       		.uleb128 0xa
 1530 0061 00       		.byte	0
 1531 0062 00       		.byte	0
 1532 0063 08       		.uleb128 0x8
 1533 0064 13       		.uleb128 0x13
 1534 0065 01       		.byte	0x1
 1535 0066 0B       		.uleb128 0xb
 1536 0067 0B       		.uleb128 0xb
 1537 0068 3A       		.uleb128 0x3a
 1538 0069 0B       		.uleb128 0xb
 1539 006a 3B       		.uleb128 0x3b
 1540 006b 0B       		.uleb128 0xb
 1541 006c 01       		.uleb128 0x1
 1542 006d 13       		.uleb128 0x13
 1543 006e 00       		.byte	0
 1544 006f 00       		.byte	0
 1545 0070 09       		.uleb128 0x9
 1546 0071 0F       		.uleb128 0xf
 1547 0072 00       		.byte	0
 1548 0073 0B       		.uleb128 0xb
 1549 0074 0B       		.uleb128 0xb
 1550 0075 49       		.uleb128 0x49
 1551 0076 13       		.uleb128 0x13
 1552 0077 00       		.byte	0
 1553 0078 00       		.byte	0
 1554 0079 0A       		.uleb128 0xa
 1555 007a 0F       		.uleb128 0xf
 1556 007b 00       		.byte	0
 1557 007c 0B       		.uleb128 0xb
 1558 007d 0B       		.uleb128 0xb
 1559 007e 00       		.byte	0
 1560 007f 00       		.byte	0
 1561 0080 0B       		.uleb128 0xb
 1562 0081 13       		.uleb128 0x13
 1563 0082 01       		.byte	0x1
 1564 0083 03       		.uleb128 0x3
 1565 0084 0E       		.uleb128 0xe
 1566 0085 0B       		.uleb128 0xb
 1567 0086 0B       		.uleb128 0xb
 1568 0087 3A       		.uleb128 0x3a
 1569 0088 0B       		.uleb128 0xb
 1570 0089 3B       		.uleb128 0x3b
 1571 008a 05       		.uleb128 0x5
 1572 008b 01       		.uleb128 0x1
 1573 008c 13       		.uleb128 0x13
 1574 008d 00       		.byte	0
 1575 008e 00       		.byte	0
 1576 008f 0C       		.uleb128 0xc
 1577 0090 0D       		.uleb128 0xd
 1578 0091 00       		.byte	0
 1579 0092 03       		.uleb128 0x3
 1580 0093 08       		.uleb128 0x8
 1581 0094 3A       		.uleb128 0x3a
 1582 0095 0B       		.uleb128 0xb
ARM GAS  /tmp/ccbLt3Fa.s 			page 29


 1583 0096 3B       		.uleb128 0x3b
 1584 0097 05       		.uleb128 0x5
 1585 0098 49       		.uleb128 0x49
 1586 0099 13       		.uleb128 0x13
 1587 009a 38       		.uleb128 0x38
 1588 009b 0A       		.uleb128 0xa
 1589 009c 00       		.byte	0
 1590 009d 00       		.byte	0
 1591 009e 0D       		.uleb128 0xd
 1592 009f 15       		.uleb128 0x15
 1593 00a0 01       		.byte	0x1
 1594 00a1 27       		.uleb128 0x27
 1595 00a2 0C       		.uleb128 0xc
 1596 00a3 01       		.uleb128 0x1
 1597 00a4 13       		.uleb128 0x13
 1598 00a5 00       		.byte	0
 1599 00a6 00       		.byte	0
 1600 00a7 0E       		.uleb128 0xe
 1601 00a8 05       		.uleb128 0x5
 1602 00a9 00       		.byte	0
 1603 00aa 49       		.uleb128 0x49
 1604 00ab 13       		.uleb128 0x13
 1605 00ac 00       		.byte	0
 1606 00ad 00       		.byte	0
 1607 00ae 0F       		.uleb128 0xf
 1608 00af 35       		.uleb128 0x35
 1609 00b0 00       		.byte	0
 1610 00b1 49       		.uleb128 0x49
 1611 00b2 13       		.uleb128 0x13
 1612 00b3 00       		.byte	0
 1613 00b4 00       		.byte	0
 1614 00b5 10       		.uleb128 0x10
 1615 00b6 17       		.uleb128 0x17
 1616 00b7 01       		.byte	0x1
 1617 00b8 0B       		.uleb128 0xb
 1618 00b9 0B       		.uleb128 0xb
 1619 00ba 3A       		.uleb128 0x3a
 1620 00bb 0B       		.uleb128 0xb
 1621 00bc 3B       		.uleb128 0x3b
 1622 00bd 0B       		.uleb128 0xb
 1623 00be 01       		.uleb128 0x1
 1624 00bf 13       		.uleb128 0x13
 1625 00c0 00       		.byte	0
 1626 00c1 00       		.byte	0
 1627 00c2 11       		.uleb128 0x11
 1628 00c3 0D       		.uleb128 0xd
 1629 00c4 00       		.byte	0
 1630 00c5 03       		.uleb128 0x3
 1631 00c6 0E       		.uleb128 0xe
 1632 00c7 3A       		.uleb128 0x3a
 1633 00c8 0B       		.uleb128 0xb
 1634 00c9 3B       		.uleb128 0x3b
 1635 00ca 0B       		.uleb128 0xb
 1636 00cb 49       		.uleb128 0x49
 1637 00cc 13       		.uleb128 0x13
 1638 00cd 00       		.byte	0
 1639 00ce 00       		.byte	0
ARM GAS  /tmp/ccbLt3Fa.s 			page 30


 1640 00cf 12       		.uleb128 0x12
 1641 00d0 26       		.uleb128 0x26
 1642 00d1 00       		.byte	0
 1643 00d2 49       		.uleb128 0x49
 1644 00d3 13       		.uleb128 0x13
 1645 00d4 00       		.byte	0
 1646 00d5 00       		.byte	0
 1647 00d6 13       		.uleb128 0x13
 1648 00d7 15       		.uleb128 0x15
 1649 00d8 01       		.byte	0x1
 1650 00d9 27       		.uleb128 0x27
 1651 00da 0C       		.uleb128 0xc
 1652 00db 49       		.uleb128 0x49
 1653 00dc 13       		.uleb128 0x13
 1654 00dd 01       		.uleb128 0x1
 1655 00de 13       		.uleb128 0x13
 1656 00df 00       		.byte	0
 1657 00e0 00       		.byte	0
 1658 00e1 14       		.uleb128 0x14
 1659 00e2 01       		.uleb128 0x1
 1660 00e3 01       		.byte	0x1
 1661 00e4 49       		.uleb128 0x49
 1662 00e5 13       		.uleb128 0x13
 1663 00e6 01       		.uleb128 0x1
 1664 00e7 13       		.uleb128 0x13
 1665 00e8 00       		.byte	0
 1666 00e9 00       		.byte	0
 1667 00ea 15       		.uleb128 0x15
 1668 00eb 21       		.uleb128 0x21
 1669 00ec 00       		.byte	0
 1670 00ed 49       		.uleb128 0x49
 1671 00ee 13       		.uleb128 0x13
 1672 00ef 2F       		.uleb128 0x2f
 1673 00f0 0B       		.uleb128 0xb
 1674 00f1 00       		.byte	0
 1675 00f2 00       		.byte	0
 1676 00f3 16       		.uleb128 0x16
 1677 00f4 2E       		.uleb128 0x2e
 1678 00f5 01       		.byte	0x1
 1679 00f6 3F       		.uleb128 0x3f
 1680 00f7 0C       		.uleb128 0xc
 1681 00f8 03       		.uleb128 0x3
 1682 00f9 0E       		.uleb128 0xe
 1683 00fa 3A       		.uleb128 0x3a
 1684 00fb 0B       		.uleb128 0xb
 1685 00fc 3B       		.uleb128 0x3b
 1686 00fd 0B       		.uleb128 0xb
 1687 00fe 27       		.uleb128 0x27
 1688 00ff 0C       		.uleb128 0xc
 1689 0100 11       		.uleb128 0x11
 1690 0101 01       		.uleb128 0x1
 1691 0102 12       		.uleb128 0x12
 1692 0103 01       		.uleb128 0x1
 1693 0104 40       		.uleb128 0x40
 1694 0105 0A       		.uleb128 0xa
 1695 0106 9742     		.uleb128 0x2117
 1696 0108 0C       		.uleb128 0xc
ARM GAS  /tmp/ccbLt3Fa.s 			page 31


 1697 0109 01       		.uleb128 0x1
 1698 010a 13       		.uleb128 0x13
 1699 010b 00       		.byte	0
 1700 010c 00       		.byte	0
 1701 010d 17       		.uleb128 0x17
 1702 010e 05       		.uleb128 0x5
 1703 010f 00       		.byte	0
 1704 0110 03       		.uleb128 0x3
 1705 0111 08       		.uleb128 0x8
 1706 0112 3A       		.uleb128 0x3a
 1707 0113 0B       		.uleb128 0xb
 1708 0114 3B       		.uleb128 0x3b
 1709 0115 0B       		.uleb128 0xb
 1710 0116 49       		.uleb128 0x49
 1711 0117 13       		.uleb128 0x13
 1712 0118 02       		.uleb128 0x2
 1713 0119 0A       		.uleb128 0xa
 1714 011a 00       		.byte	0
 1715 011b 00       		.byte	0
 1716 011c 18       		.uleb128 0x18
 1717 011d 2E       		.uleb128 0x2e
 1718 011e 01       		.byte	0x1
 1719 011f 3F       		.uleb128 0x3f
 1720 0120 0C       		.uleb128 0xc
 1721 0121 03       		.uleb128 0x3
 1722 0122 0E       		.uleb128 0xe
 1723 0123 3A       		.uleb128 0x3a
 1724 0124 0B       		.uleb128 0xb
 1725 0125 3B       		.uleb128 0x3b
 1726 0126 0B       		.uleb128 0xb
 1727 0127 27       		.uleb128 0x27
 1728 0128 0C       		.uleb128 0xc
 1729 0129 11       		.uleb128 0x11
 1730 012a 01       		.uleb128 0x1
 1731 012b 12       		.uleb128 0x12
 1732 012c 01       		.uleb128 0x1
 1733 012d 40       		.uleb128 0x40
 1734 012e 06       		.uleb128 0x6
 1735 012f 9742     		.uleb128 0x2117
 1736 0131 0C       		.uleb128 0xc
 1737 0132 01       		.uleb128 0x1
 1738 0133 13       		.uleb128 0x13
 1739 0134 00       		.byte	0
 1740 0135 00       		.byte	0
 1741 0136 19       		.uleb128 0x19
 1742 0137 34       		.uleb128 0x34
 1743 0138 00       		.byte	0
 1744 0139 03       		.uleb128 0x3
 1745 013a 0E       		.uleb128 0xe
 1746 013b 3A       		.uleb128 0x3a
 1747 013c 0B       		.uleb128 0xb
 1748 013d 3B       		.uleb128 0x3b
 1749 013e 0B       		.uleb128 0xb
 1750 013f 49       		.uleb128 0x49
 1751 0140 13       		.uleb128 0x13
 1752 0141 02       		.uleb128 0x2
 1753 0142 0A       		.uleb128 0xa
ARM GAS  /tmp/ccbLt3Fa.s 			page 32


 1754 0143 00       		.byte	0
 1755 0144 00       		.byte	0
 1756 0145 1A       		.uleb128 0x1a
 1757 0146 0B       		.uleb128 0xb
 1758 0147 01       		.byte	0x1
 1759 0148 11       		.uleb128 0x11
 1760 0149 01       		.uleb128 0x1
 1761 014a 12       		.uleb128 0x12
 1762 014b 01       		.uleb128 0x1
 1763 014c 01       		.uleb128 0x1
 1764 014d 13       		.uleb128 0x13
 1765 014e 00       		.byte	0
 1766 014f 00       		.byte	0
 1767 0150 1B       		.uleb128 0x1b
 1768 0151 34       		.uleb128 0x34
 1769 0152 00       		.byte	0
 1770 0153 03       		.uleb128 0x3
 1771 0154 08       		.uleb128 0x8
 1772 0155 3A       		.uleb128 0x3a
 1773 0156 0B       		.uleb128 0xb
 1774 0157 3B       		.uleb128 0x3b
 1775 0158 0B       		.uleb128 0xb
 1776 0159 49       		.uleb128 0x49
 1777 015a 13       		.uleb128 0x13
 1778 015b 02       		.uleb128 0x2
 1779 015c 06       		.uleb128 0x6
 1780 015d 00       		.byte	0
 1781 015e 00       		.byte	0
 1782 015f 1C       		.uleb128 0x1c
 1783 0160 898201   		.uleb128 0x4109
 1784 0163 00       		.byte	0
 1785 0164 11       		.uleb128 0x11
 1786 0165 01       		.uleb128 0x1
 1787 0166 31       		.uleb128 0x31
 1788 0167 13       		.uleb128 0x13
 1789 0168 00       		.byte	0
 1790 0169 00       		.byte	0
 1791 016a 1D       		.uleb128 0x1d
 1792 016b 898201   		.uleb128 0x4109
 1793 016e 01       		.byte	0x1
 1794 016f 11       		.uleb128 0x11
 1795 0170 01       		.uleb128 0x1
 1796 0171 31       		.uleb128 0x31
 1797 0172 13       		.uleb128 0x13
 1798 0173 01       		.uleb128 0x1
 1799 0174 13       		.uleb128 0x13
 1800 0175 00       		.byte	0
 1801 0176 00       		.byte	0
 1802 0177 1E       		.uleb128 0x1e
 1803 0178 8A8201   		.uleb128 0x410a
 1804 017b 00       		.byte	0
 1805 017c 02       		.uleb128 0x2
 1806 017d 0A       		.uleb128 0xa
 1807 017e 9142     		.uleb128 0x2111
 1808 0180 0A       		.uleb128 0xa
 1809 0181 00       		.byte	0
 1810 0182 00       		.byte	0
ARM GAS  /tmp/ccbLt3Fa.s 			page 33


 1811 0183 1F       		.uleb128 0x1f
 1812 0184 898201   		.uleb128 0x4109
 1813 0187 01       		.byte	0x1
 1814 0188 11       		.uleb128 0x11
 1815 0189 01       		.uleb128 0x1
 1816 018a 31       		.uleb128 0x31
 1817 018b 13       		.uleb128 0x13
 1818 018c 00       		.byte	0
 1819 018d 00       		.byte	0
 1820 018e 20       		.uleb128 0x20
 1821 018f 2E       		.uleb128 0x2e
 1822 0190 01       		.byte	0x1
 1823 0191 3F       		.uleb128 0x3f
 1824 0192 0C       		.uleb128 0xc
 1825 0193 03       		.uleb128 0x3
 1826 0194 0E       		.uleb128 0xe
 1827 0195 3A       		.uleb128 0x3a
 1828 0196 0B       		.uleb128 0xb
 1829 0197 3B       		.uleb128 0x3b
 1830 0198 0B       		.uleb128 0xb
 1831 0199 27       		.uleb128 0x27
 1832 019a 0C       		.uleb128 0xc
 1833 019b 11       		.uleb128 0x11
 1834 019c 01       		.uleb128 0x1
 1835 019d 12       		.uleb128 0x12
 1836 019e 01       		.uleb128 0x1
 1837 019f 40       		.uleb128 0x40
 1838 01a0 06       		.uleb128 0x6
 1839 01a1 9642     		.uleb128 0x2116
 1840 01a3 0C       		.uleb128 0xc
 1841 01a4 01       		.uleb128 0x1
 1842 01a5 13       		.uleb128 0x13
 1843 01a6 00       		.byte	0
 1844 01a7 00       		.byte	0
 1845 01a8 21       		.uleb128 0x21
 1846 01a9 0B       		.uleb128 0xb
 1847 01aa 01       		.byte	0x1
 1848 01ab 11       		.uleb128 0x11
 1849 01ac 01       		.uleb128 0x1
 1850 01ad 12       		.uleb128 0x12
 1851 01ae 01       		.uleb128 0x1
 1852 01af 00       		.byte	0
 1853 01b0 00       		.byte	0
 1854 01b1 22       		.uleb128 0x22
 1855 01b2 34       		.uleb128 0x34
 1856 01b3 00       		.byte	0
 1857 01b4 03       		.uleb128 0x3
 1858 01b5 0E       		.uleb128 0xe
 1859 01b6 3A       		.uleb128 0x3a
 1860 01b7 0B       		.uleb128 0xb
 1861 01b8 3B       		.uleb128 0x3b
 1862 01b9 0B       		.uleb128 0xb
 1863 01ba 49       		.uleb128 0x49
 1864 01bb 13       		.uleb128 0x13
 1865 01bc 3F       		.uleb128 0x3f
 1866 01bd 0C       		.uleb128 0xc
 1867 01be 3C       		.uleb128 0x3c
ARM GAS  /tmp/ccbLt3Fa.s 			page 34


 1868 01bf 0C       		.uleb128 0xc
 1869 01c0 00       		.byte	0
 1870 01c1 00       		.byte	0
 1871 01c2 23       		.uleb128 0x23
 1872 01c3 34       		.uleb128 0x34
 1873 01c4 00       		.byte	0
 1874 01c5 03       		.uleb128 0x3
 1875 01c6 0E       		.uleb128 0xe
 1876 01c7 3A       		.uleb128 0x3a
 1877 01c8 0B       		.uleb128 0xb
 1878 01c9 3B       		.uleb128 0x3b
 1879 01ca 0B       		.uleb128 0xb
 1880 01cb 49       		.uleb128 0x49
 1881 01cc 13       		.uleb128 0x13
 1882 01cd 3F       		.uleb128 0x3f
 1883 01ce 0C       		.uleb128 0xc
 1884 01cf 02       		.uleb128 0x2
 1885 01d0 0A       		.uleb128 0xa
 1886 01d1 00       		.byte	0
 1887 01d2 00       		.byte	0
 1888 01d3 24       		.uleb128 0x24
 1889 01d4 2E       		.uleb128 0x2e
 1890 01d5 00       		.byte	0
 1891 01d6 3F       		.uleb128 0x3f
 1892 01d7 0C       		.uleb128 0xc
 1893 01d8 03       		.uleb128 0x3
 1894 01d9 0E       		.uleb128 0xe
 1895 01da 3A       		.uleb128 0x3a
 1896 01db 0B       		.uleb128 0xb
 1897 01dc 3B       		.uleb128 0x3b
 1898 01dd 05       		.uleb128 0x5
 1899 01de 27       		.uleb128 0x27
 1900 01df 0C       		.uleb128 0xc
 1901 01e0 3C       		.uleb128 0x3c
 1902 01e1 0C       		.uleb128 0xc
 1903 01e2 00       		.byte	0
 1904 01e3 00       		.byte	0
 1905 01e4 25       		.uleb128 0x25
 1906 01e5 2E       		.uleb128 0x2e
 1907 01e6 00       		.byte	0
 1908 01e7 3F       		.uleb128 0x3f
 1909 01e8 0C       		.uleb128 0xc
 1910 01e9 03       		.uleb128 0x3
 1911 01ea 0E       		.uleb128 0xe
 1912 01eb 3A       		.uleb128 0x3a
 1913 01ec 0B       		.uleb128 0xb
 1914 01ed 3B       		.uleb128 0x3b
 1915 01ee 0B       		.uleb128 0xb
 1916 01ef 27       		.uleb128 0x27
 1917 01f0 0C       		.uleb128 0xc
 1918 01f1 3C       		.uleb128 0x3c
 1919 01f2 0C       		.uleb128 0xc
 1920 01f3 00       		.byte	0
 1921 01f4 00       		.byte	0
 1922 01f5 26       		.uleb128 0x26
 1923 01f6 2E       		.uleb128 0x2e
 1924 01f7 01       		.byte	0x1
ARM GAS  /tmp/ccbLt3Fa.s 			page 35


 1925 01f8 3F       		.uleb128 0x3f
 1926 01f9 0C       		.uleb128 0xc
 1927 01fa 03       		.uleb128 0x3
 1928 01fb 0E       		.uleb128 0xe
 1929 01fc 3A       		.uleb128 0x3a
 1930 01fd 0B       		.uleb128 0xb
 1931 01fe 3B       		.uleb128 0x3b
 1932 01ff 05       		.uleb128 0x5
 1933 0200 27       		.uleb128 0x27
 1934 0201 0C       		.uleb128 0xc
 1935 0202 49       		.uleb128 0x49
 1936 0203 13       		.uleb128 0x13
 1937 0204 3C       		.uleb128 0x3c
 1938 0205 0C       		.uleb128 0xc
 1939 0206 01       		.uleb128 0x1
 1940 0207 13       		.uleb128 0x13
 1941 0208 00       		.byte	0
 1942 0209 00       		.byte	0
 1943 020a 27       		.uleb128 0x27
 1944 020b 2E       		.uleb128 0x2e
 1945 020c 01       		.byte	0x1
 1946 020d 3F       		.uleb128 0x3f
 1947 020e 0C       		.uleb128 0xc
 1948 020f 03       		.uleb128 0x3
 1949 0210 0E       		.uleb128 0xe
 1950 0211 3A       		.uleb128 0x3a
 1951 0212 0B       		.uleb128 0xb
 1952 0213 3B       		.uleb128 0x3b
 1953 0214 05       		.uleb128 0x5
 1954 0215 27       		.uleb128 0x27
 1955 0216 0C       		.uleb128 0xc
 1956 0217 49       		.uleb128 0x49
 1957 0218 13       		.uleb128 0x13
 1958 0219 3C       		.uleb128 0x3c
 1959 021a 0C       		.uleb128 0xc
 1960 021b 00       		.byte	0
 1961 021c 00       		.byte	0
 1962 021d 00       		.byte	0
 1963              		.section	.debug_loc,"",%progbits
 1964              	.Ldebug_loc0:
 1965              	.LLST0:
 1966 0000 00000000 		.4byte	.LFB8
 1967 0004 02000000 		.4byte	.LCFI0
 1968 0008 0200     		.2byte	0x2
 1969 000a 7D       		.byte	0x7d
 1970 000b 00       		.sleb128 0
 1971 000c 02000000 		.4byte	.LCFI0
 1972 0010 04000000 		.4byte	.LCFI1
 1973 0014 0200     		.2byte	0x2
 1974 0016 7D       		.byte	0x7d
 1975 0017 04       		.sleb128 4
 1976 0018 04000000 		.4byte	.LCFI1
 1977 001c 64000000 		.4byte	.LFE8
 1978 0020 0200     		.2byte	0x2
 1979 0022 7D       		.byte	0x7d
 1980 0023 10       		.sleb128 16
 1981 0024 00000000 		.4byte	0
ARM GAS  /tmp/ccbLt3Fa.s 			page 36


 1982 0028 00000000 		.4byte	0
 1983              	.LLST1:
 1984 002c 3C000000 		.4byte	.LVL8
 1985 0030 52000000 		.4byte	.LVL9
 1986 0034 0100     		.2byte	0x1
 1987 0036 53       		.byte	0x53
 1988 0037 00000000 		.4byte	0
 1989 003b 00000000 		.4byte	0
 1990              	.LLST2:
 1991 003f 00000000 		.4byte	.LFB9
 1992 0043 02000000 		.4byte	.LCFI2
 1993 0047 0200     		.2byte	0x2
 1994 0049 7D       		.byte	0x7d
 1995 004a 00       		.sleb128 0
 1996 004b 02000000 		.4byte	.LCFI2
 1997 004f 58000000 		.4byte	.LFE9
 1998 0053 0200     		.2byte	0x2
 1999 0055 7D       		.byte	0x7d
 2000 0056 10       		.sleb128 16
 2001 0057 00000000 		.4byte	0
 2002 005b 00000000 		.4byte	0
 2003              	.LLST3:
 2004 005f 28000000 		.4byte	.LVL11
 2005 0063 3D000000 		.4byte	.LVL15-1
 2006 0067 0100     		.2byte	0x1
 2007 0069 52       		.byte	0x52
 2008 006a 46000000 		.4byte	.LVL18
 2009 006e 4C000000 		.4byte	.LVL20
 2010 0072 0100     		.2byte	0x1
 2011 0074 52       		.byte	0x52
 2012 0075 00000000 		.4byte	0
 2013 0079 00000000 		.4byte	0
 2014              	.LLST4:
 2015 007d 2E000000 		.4byte	.LVL12
 2016 0081 3D000000 		.4byte	.LVL15-1
 2017 0085 0100     		.2byte	0x1
 2018 0087 51       		.byte	0x51
 2019 0088 00000000 		.4byte	0
 2020 008c 00000000 		.4byte	0
 2021              	.LLST5:
 2022 0090 3A000000 		.4byte	.LVL14
 2023 0094 3D000000 		.4byte	.LVL15-1
 2024 0098 0100     		.2byte	0x1
 2025 009a 53       		.byte	0x53
 2026 009b 00000000 		.4byte	0
 2027 009f 00000000 		.4byte	0
 2028              	.LLST6:
 2029 00a3 44000000 		.4byte	.LVL17
 2030 00a7 48000000 		.4byte	.LVL19
 2031 00ab 0100     		.2byte	0x1
 2032 00ad 53       		.byte	0x53
 2033 00ae 00000000 		.4byte	0
 2034 00b2 00000000 		.4byte	0
 2035              		.section	.debug_aranges,"",%progbits
 2036 0000 2C000000 		.4byte	0x2c
 2037 0004 0200     		.2byte	0x2
 2038 0006 00000000 		.4byte	.Ldebug_info0
ARM GAS  /tmp/ccbLt3Fa.s 			page 37


 2039 000a 04       		.byte	0x4
 2040 000b 00       		.byte	0
 2041 000c 0000     		.2byte	0
 2042 000e 0000     		.2byte	0
 2043 0010 00000000 		.4byte	.LFB7
 2044 0014 14000000 		.4byte	.LFE7-.LFB7
 2045 0018 00000000 		.4byte	.LFB8
 2046 001c 64000000 		.4byte	.LFE8-.LFB8
 2047 0020 00000000 		.4byte	.LFB9
 2048 0024 58000000 		.4byte	.LFE9-.LFB9
 2049 0028 00000000 		.4byte	0
 2050 002c 00000000 		.4byte	0
 2051              		.section	.debug_ranges,"",%progbits
 2052              	.Ldebug_ranges0:
 2053 0000 00000000 		.4byte	.LFB7
 2054 0004 14000000 		.4byte	.LFE7
 2055 0008 00000000 		.4byte	.LFB8
 2056 000c 64000000 		.4byte	.LFE8
 2057 0010 00000000 		.4byte	.LFB9
 2058 0014 58000000 		.4byte	.LFE9
 2059 0018 00000000 		.4byte	0
 2060 001c 00000000 		.4byte	0
 2061              		.section	.debug_line,"",%progbits
 2062              	.Ldebug_line0:
 2063 0000 6A020000 		.section	.debug_str,"MS",%progbits,1
 2063      02001602 
 2063      00000201 
 2063      FB0E0D00 
 2063      01010101 
 2064              	.LASF76:
 2065 0000 7466756E 		.ascii	"tfunc_t\000"
 2065      635F7400 
 2066              	.LASF87:
 2067 0008 63665F6F 		.ascii	"cf_off_older\000"
 2067      66665F6F 
 2067      6C646572 
 2067      00
 2068              	.LASF39:
 2069 0015 705F6D73 		.ascii	"p_msg\000"
 2069      6700
 2070              	.LASF2:
 2071 001b 73697A65 		.ascii	"size_t\000"
 2071      5F7400
 2072              	.LASF71:
 2073 0022 7264796D 		.ascii	"rdymsg\000"
 2073      736700
 2074              	.LASF13:
 2075 0029 75696E74 		.ascii	"uint64_t\000"
 2075      36345F74 
 2075      00
 2076              	.LASF100:
 2077 0032 76746C69 		.ascii	"vtlist\000"
 2077      737400
 2078              	.LASF99:
 2079 0039 63685379 		.ascii	"chSysTimerHandlerI\000"
 2079      7354696D 
 2079      65724861 
ARM GAS  /tmp/ccbLt3Fa.s 			page 38


 2079      6E646C65 
 2079      724900
 2080              	.LASF14:
 2081 004c 6C6F6E67 		.ascii	"long long unsigned int\000"
 2081      206C6F6E 
 2081      6720756E 
 2081      7369676E 
 2081      65642069 
 2082              	.LASF83:
 2083 0063 63685F74 		.ascii	"ch_threadsize\000"
 2083      68726561 
 2083      6473697A 
 2083      6500
 2084              	.LASF72:
 2085 0071 65786974 		.ascii	"exitcode\000"
 2085      636F6465 
 2085      00
 2086              	.LASF98:
 2087 007a 6D61696E 		.ascii	"mainthread\000"
 2087      74687265 
 2087      616400
 2088              	.LASF27:
 2089 0085 705F7072 		.ascii	"p_prio\000"
 2089      696F00
 2090              	.LASF90:
 2091 008c 63665F6F 		.ascii	"cf_off_state\000"
 2091      66665F73 
 2091      74617465 
 2091      00
 2092              	.LASF105:
 2093 0099 5F736368 		.ascii	"_scheduler_init\000"
 2093      6564756C 
 2093      65725F69 
 2093      6E697400 
 2094              	.LASF12:
 2095 00a9 6C6F6E67 		.ascii	"long long int\000"
 2095      206C6F6E 
 2095      6720696E 
 2095      7400
 2096              	.LASF1:
 2097 00b7 7369676E 		.ascii	"signed char\000"
 2097      65642063 
 2097      68617200 
 2098              	.LASF89:
 2099 00c3 63665F6F 		.ascii	"cf_off_stklimit\000"
 2099      66665F73 
 2099      746B6C69 
 2099      6D697400 
 2100              	.LASF91:
 2101 00d3 63665F6F 		.ascii	"cf_off_flags\000"
 2101      66665F66 
 2101      6C616773 
 2101      00
 2102              	.LASF43:
 2103 00e0 705F6D70 		.ascii	"p_mpool\000"
 2103      6F6F6C00 
 2104              	.LASF68:
ARM GAS  /tmp/ccbLt3Fa.s 			page 39


 2105 00e8 6D5F7175 		.ascii	"m_queue\000"
 2105      65756500 
 2106              	.LASF19:
 2107 00f0 74736C69 		.ascii	"tslices_t\000"
 2107      6365735F 
 2107      7400
 2108              	.LASF9:
 2109 00fa 6C6F6E67 		.ascii	"long int\000"
 2109      20696E74 
 2109      00
 2110              	.LASF17:
 2111 0103 74737461 		.ascii	"tstate_t\000"
 2111      74655F74 
 2111      00
 2112              	.LASF6:
 2113 010c 75696E74 		.ascii	"uint16_t\000"
 2113      31365F74 
 2113      00
 2114              	.LASF95:
 2115 0115 63686465 		.ascii	"chdebug_t\000"
 2115      6275675F 
 2115      7400
 2116              	.LASF29:
 2117 011f 705F6E65 		.ascii	"p_newer\000"
 2117      77657200 
 2118              	.LASF103:
 2119 0127 5F69646C 		.ascii	"_idle_thread_wa\000"
 2119      655F7468 
 2119      72656164 
 2119      5F776100 
 2120              	.LASF63:
 2121 0137 725F6E65 		.ascii	"r_newer\000"
 2121      77657200 
 2122              	.LASF46:
 2123 013f 72656761 		.ascii	"regarm_t\000"
 2123      726D5F74 
 2123      00
 2124              	.LASF54:
 2125 0148 76745F70 		.ascii	"vt_prev\000"
 2125      72657600 
 2126              	.LASF97:
 2127 0150 63685379 		.ascii	"chSysInit\000"
 2127      73496E69 
 2127      7400
 2128              	.LASF108:
 2129 015a 5F686561 		.ascii	"_heap_init\000"
 2129      705F696E 
 2129      697400
 2130              	.LASF0:
 2131 0165 756E7369 		.ascii	"unsigned int\000"
 2131      676E6564 
 2131      20696E74 
 2131      00
 2132              	.LASF111:
 2133 0172 5F746872 		.ascii	"_thread_init\000"
 2133      6561645F 
 2133      696E6974 
ARM GAS  /tmp/ccbLt3Fa.s 			page 40


 2133      00
 2134              	.LASF53:
 2135 017f 76745F6E 		.ascii	"vt_next\000"
 2135      65787400 
 2136              	.LASF11:
 2137 0187 6C6F6E67 		.ascii	"long unsigned int\000"
 2137      20756E73 
 2137      69676E65 
 2137      6420696E 
 2137      7400
 2138              	.LASF102:
 2139 0199 63685F64 		.ascii	"ch_debug\000"
 2139      65627567 
 2139      00
 2140              	.LASF77:
 2141 01a2 63685F69 		.ascii	"ch_identifier\000"
 2141      64656E74 
 2141      69666965 
 2141      7200
 2142              	.LASF49:
 2143 01b0 636F6E74 		.ascii	"context\000"
 2143      65787400 
 2144              	.LASF7:
 2145 01b8 73686F72 		.ascii	"short unsigned int\000"
 2145      7420756E 
 2145      7369676E 
 2145      65642069 
 2145      6E7400
 2146              	.LASF21:
 2147 01cb 6D73675F 		.ascii	"msg_t\000"
 2147      7400
 2148              	.LASF16:
 2149 01d1 746D6F64 		.ascii	"tmode_t\000"
 2149      655F7400 
 2150              	.LASF45:
 2151 01d9 54687265 		.ascii	"ThreadsList\000"
 2151      6164734C 
 2151      69737400 
 2152              	.LASF22:
 2153 01e5 6576656E 		.ascii	"eventmask_t\000"
 2153      746D6173 
 2153      6B5F7400 
 2154              	.LASF67:
 2155 01f1 4D757465 		.ascii	"Mutex\000"
 2155      7800
 2156              	.LASF47:
 2157 01f7 73746B61 		.ascii	"stkalign_t\000"
 2157      6C69676E 
 2157      5F7400
 2158              	.LASF112:
 2159 0202 63685468 		.ascii	"chThdCreateStatic\000"
 2159      64437265 
 2159      61746553 
 2159      74617469 
 2159      6300
 2160              	.LASF78:
 2161 0214 63685F7A 		.ascii	"ch_zero\000"
ARM GAS  /tmp/ccbLt3Fa.s 			page 41


 2161      65726F00 
 2162              	.LASF92:
 2163 021c 63665F6F 		.ascii	"cf_off_refs\000"
 2163      66665F72 
 2163      65667300 
 2164              	.LASF55:
 2165 0228 76745F74 		.ascii	"vt_time\000"
 2165      696D6500 
 2166              	.LASF50:
 2167 0230 73697A65 		.ascii	"sizetype\000"
 2167      74797065 
 2167      00
 2168              	.LASF56:
 2169 0239 76745F66 		.ascii	"vt_func\000"
 2169      756E6300 
 2170              	.LASF82:
 2171 0241 63685F74 		.ascii	"ch_timesize\000"
 2171      696D6573 
 2171      697A6500 
 2172              	.LASF88:
 2173 024d 63665F6F 		.ascii	"cf_off_name\000"
 2173      66665F6E 
 2173      616D6500 
 2174              	.LASF30:
 2175 0259 705F6F6C 		.ascii	"p_older\000"
 2175      64657200 
 2176              	.LASF62:
 2177 0261 725F6374 		.ascii	"r_ctx\000"
 2177      7800
 2178              	.LASF44:
 2179 0267 54687265 		.ascii	"ThreadsQueue\000"
 2179      61647351 
 2179      75657565 
 2179      00
 2180              	.LASF79:
 2181 0274 63685F73 		.ascii	"ch_size\000"
 2181      697A6500 
 2182              	.LASF109:
 2183 027c 474E5520 		.ascii	"GNU C 4.7.2\000"
 2183      4320342E 
 2183      372E3200 
 2184              	.LASF65:
 2185 0288 725F6375 		.ascii	"r_current\000"
 2185      7272656E 
 2185      7400
 2186              	.LASF64:
 2187 0292 725F6F6C 		.ascii	"r_older\000"
 2187      64657200 
 2188              	.LASF96:
 2189 029a 5F69646C 		.ascii	"_idle_thread\000"
 2189      655F7468 
 2189      72656164 
 2189      00
 2190              	.LASF18:
 2191 02a7 74726566 		.ascii	"trefs_t\000"
 2191      735F7400 
 2192              	.LASF81:
ARM GAS  /tmp/ccbLt3Fa.s 			page 42


 2193 02af 63685F70 		.ascii	"ch_ptrsize\000"
 2193      74727369 
 2193      7A6500
 2194              	.LASF26:
 2195 02ba 705F7072 		.ascii	"p_prev\000"
 2195      657600
 2196              	.LASF20:
 2197 02c1 74707269 		.ascii	"tprio_t\000"
 2197      6F5F7400 
 2198              	.LASF15:
 2199 02c9 5F426F6F 		.ascii	"_Bool\000"
 2199      6C00
 2200              	.LASF8:
 2201 02cf 696E7433 		.ascii	"int32_t\000"
 2201      325F7400 
 2202              	.LASF4:
 2203 02d7 756E7369 		.ascii	"unsigned char\000"
 2203      676E6564 
 2203      20636861 
 2203      7200
 2204              	.LASF107:
 2205 02e5 5F636F72 		.ascii	"_core_init\000"
 2205      655F696E 
 2205      697400
 2206              	.LASF41:
 2207 02f0 705F6D74 		.ascii	"p_mtxlist\000"
 2207      786C6973 
 2207      7400
 2208              	.LASF5:
 2209 02fa 73686F72 		.ascii	"short int\000"
 2209      7420696E 
 2209      7400
 2210              	.LASF32:
 2211 0304 705F7374 		.ascii	"p_state\000"
 2211      61746500 
 2212              	.LASF35:
 2213 030c 705F7072 		.ascii	"p_preempt\000"
 2213      65656D70 
 2213      7400
 2214              	.LASF94:
 2215 0316 63665F6F 		.ascii	"cf_off_time\000"
 2215      66665F74 
 2215      696D6500 
 2216              	.LASF61:
 2217 0322 725F7072 		.ascii	"r_prio\000"
 2217      696F00
 2218              	.LASF74:
 2219 0329 65776D61 		.ascii	"ewmask\000"
 2219      736B00
 2220              	.LASF25:
 2221 0330 705F6E65 		.ascii	"p_next\000"
 2221      787400
 2222              	.LASF93:
 2223 0337 63665F6F 		.ascii	"cf_off_preempt\000"
 2223      66665F70 
 2223      7265656D 
 2223      707400
ARM GAS  /tmp/ccbLt3Fa.s 			page 43


 2224              	.LASF33:
 2225 0346 705F666C 		.ascii	"p_flags\000"
 2225      61677300 
 2226              	.LASF24:
 2227 034e 54687265 		.ascii	"Thread\000"
 2227      616400
 2228              	.LASF86:
 2229 0355 63665F6F 		.ascii	"cf_off_newer\000"
 2229      66665F6E 
 2229      65776572 
 2229      00
 2230              	.LASF40:
 2231 0362 705F6570 		.ascii	"p_epending\000"
 2231      656E6469 
 2231      6E6700
 2232              	.LASF10:
 2233 036d 75696E74 		.ascii	"uint32_t\000"
 2233      33325F74 
 2233      00
 2234              	.LASF84:
 2235 0376 63665F6F 		.ascii	"cf_off_prio\000"
 2235      66665F70 
 2235      72696F00 
 2236              	.LASF60:
 2237 0382 725F7175 		.ascii	"r_queue\000"
 2237      65756500 
 2238              	.LASF52:
 2239 038a 56697274 		.ascii	"VirtualTimer\000"
 2239      75616C54 
 2239      696D6572 
 2239      00
 2240              	.LASF75:
 2241 0397 63686172 		.ascii	"char\000"
 2241      00
 2242              	.LASF70:
 2243 039c 6D5F6E65 		.ascii	"m_next\000"
 2243      787400
 2244              	.LASF23:
 2245 03a3 73797374 		.ascii	"systime_t\000"
 2245      696D655F 
 2245      7400
 2246              	.LASF42:
 2247 03ad 705F7265 		.ascii	"p_realprio\000"
 2247      616C7072 
 2247      696F00
 2248              	.LASF51:
 2249 03b8 76746675 		.ascii	"vtfunc_t\000"
 2249      6E635F74 
 2249      00
 2250              	.LASF106:
 2251 03c1 5F76745F 		.ascii	"_vt_init\000"
 2251      696E6974 
 2251      00
 2252              	.LASF36:
 2253 03ca 705F7469 		.ascii	"p_time\000"
 2253      6D6500
 2254              	.LASF48:
ARM GAS  /tmp/ccbLt3Fa.s 			page 44


 2255 03d1 696E7463 		.ascii	"intctx\000"
 2255      747800
 2256              	.LASF38:
 2257 03d8 705F6D73 		.ascii	"p_msgqueue\000"
 2257      67717565 
 2257      756500
 2258              	.LASF57:
 2259 03e3 76745F70 		.ascii	"vt_par\000"
 2259      617200
 2260              	.LASF85:
 2261 03ea 63665F6F 		.ascii	"cf_off_ctx\000"
 2261      66665F63 
 2261      747800
 2262              	.LASF34:
 2263 03f5 705F7265 		.ascii	"p_refs\000"
 2263      667300
 2264              	.LASF66:
 2265 03fc 52656164 		.ascii	"ReadyList\000"
 2265      794C6973 
 2265      7400
 2266              	.LASF110:
 2267 0406 2F686F6D 		.ascii	"/home/wicker/tools/ChibiOS_2.6.3/os/kernel/src/chsy"
 2267      652F7769 
 2267      636B6572 
 2267      2F746F6F 
 2267      6C732F43 
 2268 0439 732E6300 		.ascii	"s.c\000"
 2269              	.LASF101:
 2270 043d 726C6973 		.ascii	"rlist\000"
 2270      7400
 2271              	.LASF3:
 2272 0443 75696E74 		.ascii	"uint8_t\000"
 2272      385F7400 
 2273              	.LASF104:
 2274 044b 5F706F72 		.ascii	"_port_init\000"
 2274      745F696E 
 2274      697400
 2275              	.LASF73:
 2276 0456 77746F62 		.ascii	"wtobjp\000"
 2276      6A7000
 2277              	.LASF31:
 2278 045d 705F6E61 		.ascii	"p_name\000"
 2278      6D6500
 2279              	.LASF58:
 2280 0464 76745F73 		.ascii	"vt_systime\000"
 2280      79737469 
 2280      6D6500
 2281              	.LASF80:
 2282 046f 63685F76 		.ascii	"ch_version\000"
 2282      65727369 
 2282      6F6E00
 2283              	.LASF59:
 2284 047a 56544C69 		.ascii	"VTList\000"
 2284      737400
 2285              	.LASF69:
 2286 0481 6D5F6F77 		.ascii	"m_owner\000"
 2286      6E657200 
ARM GAS  /tmp/ccbLt3Fa.s 			page 45


 2287              	.LASF28:
 2288 0489 705F6374 		.ascii	"p_ctx\000"
 2288      7800
 2289              	.LASF37:
 2290 048f 705F7761 		.ascii	"p_waiting\000"
 2290      6974696E 
 2290      6700
 2291              		.ident	"GCC: (crosstool-NG 1.17.0 - PSAS ST32F4 GFE) 4.7.2"
ARM GAS  /tmp/ccbLt3Fa.s 			page 46


DEFINED SYMBOLS
                            *ABS*:0000000000000000 chsys.c
     /tmp/ccbLt3Fa.s:21     .text._idle_thread:0000000000000000 $t
     /tmp/ccbLt3Fa.s:27     .text._idle_thread:0000000000000000 _idle_thread
     /tmp/ccbLt3Fa.s:46     .text._idle_thread:000000000000000c $d
     /tmp/ccbLt3Fa.s:52     .text.chSysInit:0000000000000000 $t
     /tmp/ccbLt3Fa.s:58     .text.chSysInit:0000000000000000 chSysInit
     /tmp/ccbLt3Fa.s:234    .bss.mainthread.4769:0000000000000000 .LANCHOR0
     /tmp/ccbLt3Fa.s:245    .bss._idle_thread_wa:0000000000000000 .LANCHOR1
     /tmp/ccbLt3Fa.s:133    .text.chSysTimerHandlerI:0000000000000000 $t
     /tmp/ccbLt3Fa.s:139    .text.chSysTimerHandlerI:0000000000000000 chSysTimerHandlerI
     /tmp/ccbLt3Fa.s:225    .text.chSysTimerHandlerI:0000000000000050 $d
     /tmp/ccbLt3Fa.s:248    .bss._idle_thread_wa:0000000000000000 _idle_thread_wa
     /tmp/ccbLt3Fa.s:233    .bss.mainthread.4769:0000000000000000 $d
     /tmp/ccbLt3Fa.s:237    .bss.mainthread.4769:0000000000000000 mainthread.4769
     /tmp/ccbLt3Fa.s:240    .rodata.str1.4:0000000000000000 $d
     /tmp/ccbLt3Fa.s:244    .bss._idle_thread_wa:0000000000000000 $d
                     .debug_frame:0000000000000010 $d
     /tmp/ccbLt3Fa.s:51     .text._idle_thread:0000000000000014 $t
     /tmp/ccbLt3Fa.s:232    .text.chSysTimerHandlerI:0000000000000058 $t

UNDEFINED SYMBOLS
rlist
_port_init
_scheduler_init
_vt_init
_core_init
_heap_init
_thread_init
ch_debug
chThdCreateStatic
vtlist
