ARM GAS  /tmp/ccNHjMJu.s 			page 1


   1              		.syntax unified
   2              		.cpu cortex-m4
   3              		.eabi_attribute 27, 3
   4              		.eabi_attribute 28, 1
   5              		.fpu fpv4-sp-d16
   6              		.eabi_attribute 20, 1
   7              		.eabi_attribute 21, 1
   8              		.eabi_attribute 23, 3
   9              		.eabi_attribute 24, 1
  10              		.eabi_attribute 25, 1
  11              		.eabi_attribute 26, 1
  12              		.eabi_attribute 30, 2
  13              		.eabi_attribute 34, 1
  14              		.eabi_attribute 18, 4
  15              		.thumb
  16              		.file	"crt0.c"
  17              		.text
  18              	.Ltext0:
  19              		.cfi_sections	.debug_frame
  20              		.section	.text.__early_init,"ax",%progbits
  21              		.align	2
  22              		.p2align 4,,15
  23              		.weak	__early_init
  24              		.thumb
  25              		.thumb_func
  26              		.type	__early_init, %function
  27              	__early_init:
  28              	.LFB0:
  29              		.file 1 "/home/wicker/tools/ChibiOS_2.6.3/os/ports/GCC/ARMCMx/crt0.c"
  30              		.loc 1 234 0
  31              		.cfi_startproc
  32              		@ args = 0, pretend = 0, frame = 0
  33              		@ frame_needed = 0, uses_anonymous_args = 0
  34              		@ link register save eliminated.
  35 0000 7047     		bx	lr
  36              		.cfi_endproc
  37              	.LFE0:
  38              		.size	__early_init, .-__early_init
  39 0002 00BFAFF3 		.section	.text.__late_init,"ax",%progbits
  39      0080AFF3 
  39      0080AFF3 
  39      0080
  40              		.align	2
  41              		.p2align 4,,15
  42              		.weak	__late_init
  43              		.thumb
  44              		.thumb_func
  45              		.type	__late_init, %function
  46              	__late_init:
  47              	.LFB1:
  48              		.loc 1 246 0
  49              		.cfi_startproc
  50              		@ args = 0, pretend = 0, frame = 0
  51              		@ frame_needed = 0, uses_anonymous_args = 0
  52              		@ link register save eliminated.
  53 0000 7047     		bx	lr
  54              		.cfi_endproc
ARM GAS  /tmp/ccNHjMJu.s 			page 2


  55              	.LFE1:
  56              		.size	__late_init, .-__late_init
  57 0002 00BFAFF3 		.section	.text._default_exit,"ax",%progbits
  57      0080AFF3 
  57      0080AFF3 
  57      0080
  58              		.align	2
  59              		.p2align 4,,15
  60              		.weak	_default_exit
  61              		.thumb
  62              		.thumb_func
  63              		.type	_default_exit, %function
  64              	_default_exit:
  65              	.LFB2:
  66              		.loc 1 257 0
  67              		.cfi_startproc
  68              		@ Naked Function: prologue and epilogue provided by programmer.
  69              		@ args = 0, pretend = 0, frame = 0
  70              		@ frame_needed = 0, uses_anonymous_args = 0
  71              	.L4:
  72 0000 FEE7     		b	.L4
  73              		.cfi_endproc
  74              	.LFE2:
  75              		.size	_default_exit, .-_default_exit
  76 0002 00BFAFF3 		.section	.text.ResetHandler,"ax",%progbits
  76      0080AFF3 
  76      0080AFF3 
  76      0080
  77              		.align	2
  78              		.p2align 4,,15
  79              		.global	ResetHandler
  80              		.thumb
  81              		.thumb_func
  82              		.type	ResetHandler, %function
  83              	ResetHandler:
  84              	.LFB3:
  85              		.loc 1 268 0
  86              		.cfi_startproc
  87              		@ Naked Function: prologue and epilogue provided by programmer.
  88              		@ args = 0, pretend = 0, frame = 0
  89              		@ frame_needed = 0, uses_anonymous_args = 0
  90              		.loc 1 274 0
  91              	@ 274 "/home/wicker/tools/ChibiOS_2.6.3/os/ports/GCC/ARMCMx/crt0.c" 1
  92 0000 72B6     		cpsid   i
  93              	@ 0 "" 2
  94              		.loc 1 275 0
  95              		.thumb
  96 0002 3748     		ldr	r0, .L32
  97              	.LVL0:
  98              		.loc 1 276 0
  99              	@ 276 "/home/wicker/tools/ChibiOS_2.6.3/os/ports/GCC/ARMCMx/crt0.c" 1
 100 0004 80F30988 		msr     PSP, r0
 101              	@ 0 "" 2
 102              	.LVL1:
 103              		.loc 1 296 0
 104              		.thumb
 105 0008 0223     		movs	r3, #2
ARM GAS  /tmp/ccNHjMJu.s 			page 3


 106              	@ 296 "/home/wicker/tools/ChibiOS_2.6.3/os/ports/GCC/ARMCMx/crt0.c" 1
 107 000a 83F31488 		msr     CONTROL, r3
 108              	@ 0 "" 2
 109              		.loc 1 297 0
 110              	@ 297 "/home/wicker/tools/ChibiOS_2.6.3/os/ports/GCC/ARMCMx/crt0.c" 1
 111 000e BFF36F8F 		isb
 112              	@ 0 "" 2
 113              	.LVL2:
 114              		.thumb
 115              	.LBB2:
 116              		.loc 1 301 0
 117 0012 344A     		ldr	r2, .L32+4
 118 0014 344B     		ldr	r3, .L32+8
 119 0016 9A42     		cmp	r2, r3
 120 0018 0BD2     		bcs	.L10
 121              	.LBE2:
 122              	.LBB3:
 123              		.loc 1 268 0
 124 001a D143     		mvns	r1, r2
 125 001c C918     		adds	r1, r1, r3
 126 001e 21F00301 		bic	r1, r1, #3
 127 0022 131F     		subs	r3, r2, #4
 128 0024 8918     		adds	r1, r1, r2
 129              	.LBE3:
 130              	.LBB4:
 131              		.loc 1 301 0
 132 0026 4FF05532 		mov	r2, #1431655765
 133              	.LVL3:
 134              	.L9:
 135              		.loc 1 301 0 is_stmt 0 discriminator 2
 136 002a 43F8042F 		str	r2, [r3, #4]!
 137 002e 8B42     		cmp	r3, r1
 138 0030 FBD1     		bne	.L9
 139              	.L10:
 140              	.LVL4:
 141              	.LBE4:
 142              	.LBB5:
 143              		.loc 1 304 0 is_stmt 1
 144 0032 2E4A     		ldr	r2, .L32+12
 145 0034 8242     		cmp	r2, r0
 146 0036 0CD2     		bcs	.L8
 147              	.LBE5:
 148              	.LBB6:
 149              		.loc 1 268 0
 150 0038 2D49     		ldr	r1, .L32+16
 151 003a 131D     		adds	r3, r2, #4
 152 003c C91A     		subs	r1, r1, r3
 153 003e 21F00301 		bic	r1, r1, #3
 154 0042 131F     		subs	r3, r2, #4
 155 0044 8918     		adds	r1, r1, r2
 156              	.LBE6:
 157              	.LBB7:
 158              		.loc 1 304 0
 159 0046 4FF05532 		mov	r2, #1431655765
 160              	.LVL5:
 161              	.L13:
 162              		.loc 1 304 0 is_stmt 0 discriminator 2
ARM GAS  /tmp/ccNHjMJu.s 			page 4


 163 004a 43F8042F 		str	r2, [r3, #4]!
 164 004e 8B42     		cmp	r3, r1
 165 0050 FBD1     		bne	.L13
 166              	.L8:
 167              	.LBE7:
 168              		.loc 1 310 0 is_stmt 1
 169 0052 FFF7FEFF 		bl	__early_init
 170              	.LVL6:
 171              	.LBB8:
 172              		.loc 1 319 0
 173 0056 2749     		ldr	r1, .L32+20
 174 0058 274B     		ldr	r3, .L32+24
 175 005a 9942     		cmp	r1, r3
 176 005c 0BD2     		bcs	.L12
 177              	.LBE8:
 178              	.LBB9:
 179              		.loc 1 268 0
 180 005e C843     		mvns	r0, r1
 181 0060 C018     		adds	r0, r0, r3
 182 0062 20F00300 		bic	r0, r0, #3
 183 0066 254C     		ldr	r4, .L32+28
 184 0068 0430     		adds	r0, r0, #4
 185              	.LBE9:
 186 006a 0023     		movs	r3, #0
 187              	.LVL7:
 188              	.L16:
 189              	.LBB10:
 190              		.loc 1 320 0
 191 006c 1A59     		ldr	r2, [r3, r4]
 192 006e 5A50     		str	r2, [r3, r1]
 193 0070 0433     		adds	r3, r3, #4
 194              		.loc 1 319 0
 195 0072 8342     		cmp	r3, r0
 196 0074 FAD1     		bne	.L16
 197              	.L12:
 198              	.LVL8:
 199              	.LBE10:
 200              	.LBB11:
 201              		.loc 1 326 0
 202 0076 224A     		ldr	r2, .L32+32
 203 0078 224B     		ldr	r3, .L32+36
 204 007a 9A42     		cmp	r2, r3
 205 007c 0AD2     		bcs	.L15
 206              	.LBE11:
 207              	.LBB12:
 208              		.loc 1 268 0
 209 007e D143     		mvns	r1, r2
 210 0080 C918     		adds	r1, r1, r3
 211 0082 21F00301 		bic	r1, r1, #3
 212 0086 131F     		subs	r3, r2, #4
 213 0088 8918     		adds	r1, r1, r2
 214              	.LBE12:
 215              	.LBB13:
 216              		.loc 1 326 0
 217 008a 0022     		movs	r2, #0
 218              	.LVL9:
 219              	.L19:
ARM GAS  /tmp/ccNHjMJu.s 			page 5


 220              		.loc 1 326 0 is_stmt 0 discriminator 2
 221 008c 43F8042F 		str	r2, [r3, #4]!
 222 0090 8B42     		cmp	r3, r1
 223 0092 FBD1     		bne	.L19
 224              	.L15:
 225              	.LBE13:
 226              		.loc 1 330 0 is_stmt 1
 227 0094 FFF7FEFF 		bl	__late_init
 228              	.LVL10:
 229              	.LBB14:
 230              		.loc 1 336 0
 231 0098 1B4D     		ldr	r5, .L32+40
 232 009a 1C4B     		ldr	r3, .L32+44
 233 009c 9D42     		cmp	r5, r3
 234 009e 0BD2     		bcs	.L18
 235              	.LBE14:
 236              	.LBB15:
 237              		.loc 1 268 0
 238 00a0 EE43     		mvns	r6, r5
 239 00a2 F618     		adds	r6, r6, r3
 240 00a4 B608     		lsrs	r6, r6, #2
 241 00a6 043D     		subs	r5, r5, #4
 242 00a8 0136     		adds	r6, r6, #1
 243              	.LBE15:
 244 00aa 0024     		movs	r4, #0
 245              	.LVL11:
 246              	.L22:
 247              	.LBB16:
 248              		.loc 1 337 0
 249 00ac 55F8043F 		ldr	r3, [r5, #4]!
 250 00b0 0134     		adds	r4, r4, #1
 251 00b2 9847     		blx	r3
 252              	.LVL12:
 253              		.loc 1 336 0
 254 00b4 B442     		cmp	r4, r6
 255 00b6 F9D1     		bne	.L22
 256              	.L18:
 257              	.LBE16:
 258              		.loc 1 344 0
 259 00b8 FFF7FEFF 		bl	main
 260              	.LVL13:
 261              	.LBB17:
 262              		.loc 1 350 0
 263 00bc 144D     		ldr	r5, .L32+48
 264 00be 154B     		ldr	r3, .L32+52
 265 00c0 9D42     		cmp	r5, r3
 266 00c2 0BD2     		bcs	.L21
 267              	.LBE17:
 268              		.loc 1 268 0
 269 00c4 EE43     		mvns	r6, r5
 270 00c6 F618     		adds	r6, r6, r3
 271 00c8 B608     		lsrs	r6, r6, #2
 272 00ca 043D     		subs	r5, r5, #4
 273 00cc 0136     		adds	r6, r6, #1
 274 00ce 0024     		movs	r4, #0
 275              	.LVL14:
 276              	.L23:
ARM GAS  /tmp/ccNHjMJu.s 			page 6


 277              	.LBB18:
 278              		.loc 1 351 0
 279 00d0 55F8043F 		ldr	r3, [r5, #4]!
 280 00d4 0134     		adds	r4, r4, #1
 281 00d6 9847     		blx	r3
 282              	.LVL15:
 283              		.loc 1 350 0
 284 00d8 B442     		cmp	r4, r6
 285 00da F9D1     		bne	.L23
 286              	.L21:
 287              	.LBE18:
 288              		.loc 1 358 0
 289 00dc FFF7FEFF 		bl	_default_exit
 290              	.LVL16:
 291              		.loc 1 359 0
 292              	.L33:
 293              		.align	2
 294              	.L32:
 295 00e0 00000000 		.word	__process_stack_end__
 296 00e4 00000000 		.word	__main_stack_base__
 297 00e8 00000000 		.word	__main_stack_end__
 298 00ec 00000000 		.word	__process_stack_base__
 299 00f0 03000000 		.word	__process_stack_end__+3
 300 00f4 00000000 		.word	_data
 301 00f8 00000000 		.word	_edata
 302 00fc 00000000 		.word	_textdata
 303 0100 00000000 		.word	_bss_start
 304 0104 00000000 		.word	_bss_end
 305 0108 00000000 		.word	__init_array_start
 306 010c 00000000 		.word	__init_array_end
 307 0110 00000000 		.word	__fini_array_start
 308 0114 00000000 		.word	__fini_array_end
 309              		.cfi_endproc
 310              	.LFE3:
 311              		.size	ResetHandler, .-ResetHandler
 312 0118 AFF30080 		.text
 312      AFF30080 
 313              	.Letext0:
 314              		.file 2 "/opt/psas/x-tools/stm32f407/arm-psas-eabi/bin/../lib/gcc/arm-psas-eabi/4.7.2/../../../../
 315              		.section	.debug_info,"",%progbits
 316              	.Ldebug_info0:
 317 0000 A1020000 		.4byte	0x2a1
 318 0004 0200     		.2byte	0x2
 319 0006 00000000 		.4byte	.Ldebug_abbrev0
 320 000a 04       		.byte	0x4
 321 000b 01       		.uleb128 0x1
 322 000c 5C010000 		.4byte	.LASF29
 323 0010 01       		.byte	0x1
 324 0011 12010000 		.4byte	.LASF30
 325 0015 B8000000 		.4byte	.Ldebug_ranges0+0xb8
 326 0019 00000000 		.4byte	0
 327 001d 00000000 		.4byte	0
 328 0021 00000000 		.4byte	.Ldebug_line0
 329 0025 02       		.uleb128 0x2
 330 0026 01       		.byte	0x1
 331 0027 06       		.byte	0x6
 332 0028 A6010000 		.4byte	.LASF0
ARM GAS  /tmp/ccNHjMJu.s 			page 7


 333 002c 03       		.uleb128 0x3
 334 002d F3000000 		.4byte	.LASF5
 335 0031 02       		.byte	0x2
 336 0032 2A       		.byte	0x2a
 337 0033 37000000 		.4byte	0x37
 338 0037 02       		.uleb128 0x2
 339 0038 01       		.byte	0x1
 340 0039 08       		.byte	0x8
 341 003a 51000000 		.4byte	.LASF1
 342 003e 02       		.uleb128 0x2
 343 003f 02       		.byte	0x2
 344 0040 05       		.byte	0x5
 345 0041 7C010000 		.4byte	.LASF2
 346 0045 02       		.uleb128 0x2
 347 0046 02       		.byte	0x2
 348 0047 07       		.byte	0x7
 349 0048 8A000000 		.4byte	.LASF3
 350 004c 02       		.uleb128 0x2
 351 004d 04       		.byte	0x4
 352 004e 05       		.byte	0x5
 353 004f 97010000 		.4byte	.LASF4
 354 0053 03       		.uleb128 0x3
 355 0054 8E010000 		.4byte	.LASF6
 356 0058 02       		.byte	0x2
 357 0059 50       		.byte	0x50
 358 005a 5E000000 		.4byte	0x5e
 359 005e 02       		.uleb128 0x2
 360 005f 04       		.byte	0x4
 361 0060 07       		.byte	0x7
 362 0061 6B000000 		.4byte	.LASF7
 363 0065 02       		.uleb128 0x2
 364 0066 08       		.byte	0x8
 365 0067 05       		.byte	0x5
 366 0068 4E010000 		.4byte	.LASF8
 367 006c 02       		.uleb128 0x2
 368 006d 08       		.byte	0x8
 369 006e 07       		.byte	0x7
 370 006f DC000000 		.4byte	.LASF9
 371 0073 04       		.uleb128 0x4
 372 0074 04       		.byte	0x4
 373 0075 05       		.byte	0x5
 374 0076 696E7400 		.ascii	"int\000"
 375 007a 02       		.uleb128 0x2
 376 007b 04       		.byte	0x4
 377 007c 07       		.byte	0x7
 378 007d CF000000 		.4byte	.LASF10
 379 0081 03       		.uleb128 0x3
 380 0082 86010000 		.4byte	.LASF11
 381 0086 01       		.byte	0x1
 382 0087 34       		.byte	0x34
 383 0088 8C000000 		.4byte	0x8c
 384 008c 05       		.uleb128 0x5
 385 008d 04       		.byte	0x4
 386 008e 92000000 		.4byte	0x92
 387 0092 06       		.uleb128 0x6
 388 0093 01       		.byte	0x1
 389 0094 03       		.uleb128 0x3
ARM GAS  /tmp/ccNHjMJu.s 			page 8


 390 0095 3A000000 		.4byte	.LASF12
 391 0099 01       		.byte	0x1
 392 009a 35       		.byte	0x35
 393 009b 9F000000 		.4byte	0x9f
 394 009f 05       		.uleb128 0x5
 395 00a0 04       		.byte	0x4
 396 00a1 81000000 		.4byte	0x81
 397 00a5 07       		.uleb128 0x7
 398 00a6 01       		.byte	0x1
 399 00a7 05010000 		.4byte	.LASF13
 400 00ab 01       		.byte	0x1
 401 00ac EA       		.byte	0xea
 402 00ad 01       		.byte	0x1
 403 00ae 00000000 		.4byte	.LFB0
 404 00b2 02000000 		.4byte	.LFE0
 405 00b6 02       		.byte	0x2
 406 00b7 7D       		.byte	0x7d
 407 00b8 00       		.sleb128 0
 408 00b9 01       		.byte	0x1
 409 00ba 07       		.uleb128 0x7
 410 00bb 01       		.byte	0x1
 411 00bc 5F000000 		.4byte	.LASF14
 412 00c0 01       		.byte	0x1
 413 00c1 F6       		.byte	0xf6
 414 00c2 01       		.byte	0x1
 415 00c3 00000000 		.4byte	.LFB1
 416 00c7 02000000 		.4byte	.LFE1
 417 00cb 02       		.byte	0x2
 418 00cc 7D       		.byte	0x7d
 419 00cd 00       		.sleb128 0
 420 00ce 01       		.byte	0x1
 421 00cf 08       		.uleb128 0x8
 422 00d0 01       		.byte	0x1
 423 00d1 43000000 		.4byte	.LASF15
 424 00d5 01       		.byte	0x1
 425 00d6 0101     		.2byte	0x101
 426 00d8 01       		.byte	0x1
 427 00d9 00000000 		.4byte	.LFB2
 428 00dd 02000000 		.4byte	.LFE2
 429 00e1 02       		.byte	0x2
 430 00e2 7D       		.byte	0x7d
 431 00e3 00       		.sleb128 0
 432 00e4 01       		.byte	0x1
 433 00e5 09       		.uleb128 0x9
 434 00e6 01       		.byte	0x1
 435 00e7 7D000000 		.4byte	.LASF31
 436 00eb 01       		.byte	0x1
 437 00ec 0C01     		.2byte	0x10c
 438 00ee 01       		.byte	0x1
 439 00ef 00000000 		.4byte	.LFB3
 440 00f3 18010000 		.4byte	.LFE3
 441 00f7 02       		.byte	0x2
 442 00f8 7D       		.byte	0x7d
 443 00f9 00       		.sleb128 0
 444 00fa 01       		.byte	0x1
 445 00fb EB010000 		.4byte	0x1eb
 446 00ff 0A       		.uleb128 0xa
ARM GAS  /tmp/ccNHjMJu.s 			page 9


 447 0100 70737000 		.ascii	"psp\000"
 448 0104 01       		.byte	0x1
 449 0105 0D01     		.2byte	0x10d
 450 0107 53000000 		.4byte	0x53
 451 010b 01       		.byte	0x1
 452 010c 50       		.byte	0x50
 453 010d 0B       		.uleb128 0xb
 454 010e 72656700 		.ascii	"reg\000"
 455 0112 01       		.byte	0x1
 456 0113 0D01     		.2byte	0x10d
 457 0115 53000000 		.4byte	0x53
 458 0119 02       		.byte	0x2
 459 011a 0C       		.uleb128 0xc
 460 011b 00000000 		.4byte	.Ldebug_ranges0+0
 461 011f 3A010000 		.4byte	0x13a
 462 0123 0D       		.uleb128 0xd
 463 0124 703100   		.ascii	"p1\000"
 464 0127 01       		.byte	0x1
 465 0128 2D01     		.2byte	0x12d
 466 012a EB010000 		.4byte	0x1eb
 467 012e 0D       		.uleb128 0xd
 468 012f 703200   		.ascii	"p2\000"
 469 0132 01       		.byte	0x1
 470 0133 2D01     		.2byte	0x12d
 471 0135 EB010000 		.4byte	0x1eb
 472 0139 00       		.byte	0
 473 013a 0C       		.uleb128 0xc
 474 013b 18000000 		.4byte	.Ldebug_ranges0+0x18
 475 013f 5A010000 		.4byte	0x15a
 476 0143 0D       		.uleb128 0xd
 477 0144 703100   		.ascii	"p1\000"
 478 0147 01       		.byte	0x1
 479 0148 3001     		.2byte	0x130
 480 014a EB010000 		.4byte	0x1eb
 481 014e 0D       		.uleb128 0xd
 482 014f 703200   		.ascii	"p2\000"
 483 0152 01       		.byte	0x1
 484 0153 3001     		.2byte	0x130
 485 0155 EB010000 		.4byte	0x1eb
 486 0159 00       		.byte	0
 487 015a 0C       		.uleb128 0xc
 488 015b 38000000 		.4byte	.Ldebug_ranges0+0x38
 489 015f 7A010000 		.4byte	0x17a
 490 0163 0D       		.uleb128 0xd
 491 0164 747000   		.ascii	"tp\000"
 492 0167 01       		.byte	0x1
 493 0168 3B01     		.2byte	0x13b
 494 016a EB010000 		.4byte	0x1eb
 495 016e 0D       		.uleb128 0xd
 496 016f 647000   		.ascii	"dp\000"
 497 0172 01       		.byte	0x1
 498 0173 3B01     		.2byte	0x13b
 499 0175 EB010000 		.4byte	0x1eb
 500 0179 00       		.byte	0
 501 017a 0C       		.uleb128 0xc
 502 017b 58000000 		.4byte	.Ldebug_ranges0+0x58
 503 017f 9A010000 		.4byte	0x19a
ARM GAS  /tmp/ccNHjMJu.s 			page 10


 504 0183 0D       		.uleb128 0xd
 505 0184 703100   		.ascii	"p1\000"
 506 0187 01       		.byte	0x1
 507 0188 4601     		.2byte	0x146
 508 018a EB010000 		.4byte	0x1eb
 509 018e 0D       		.uleb128 0xd
 510 018f 703200   		.ascii	"p2\000"
 511 0192 01       		.byte	0x1
 512 0193 4601     		.2byte	0x146
 513 0195 EB010000 		.4byte	0x1eb
 514 0199 00       		.byte	0
 515 019a 0C       		.uleb128 0xc
 516 019b 78000000 		.4byte	.Ldebug_ranges0+0x78
 517 019f B0010000 		.4byte	0x1b0
 518 01a3 0D       		.uleb128 0xd
 519 01a4 66707000 		.ascii	"fpp\000"
 520 01a8 01       		.byte	0x1
 521 01a9 4F01     		.2byte	0x14f
 522 01ab 94000000 		.4byte	0x94
 523 01af 00       		.byte	0
 524 01b0 0C       		.uleb128 0xc
 525 01b1 98000000 		.4byte	.Ldebug_ranges0+0x98
 526 01b5 C6010000 		.4byte	0x1c6
 527 01b9 0D       		.uleb128 0xd
 528 01ba 66707000 		.ascii	"fpp\000"
 529 01be 01       		.byte	0x1
 530 01bf 5D01     		.2byte	0x15d
 531 01c1 94000000 		.4byte	0x94
 532 01c5 00       		.byte	0
 533 01c6 0E       		.uleb128 0xe
 534 01c7 56000000 		.4byte	.LVL6
 535 01cb A5000000 		.4byte	0xa5
 536 01cf 0E       		.uleb128 0xe
 537 01d0 98000000 		.4byte	.LVL10
 538 01d4 BA000000 		.4byte	0xba
 539 01d8 0E       		.uleb128 0xe
 540 01d9 BC000000 		.4byte	.LVL13
 541 01dd 9A020000 		.4byte	0x29a
 542 01e1 0E       		.uleb128 0xe
 543 01e2 E0000000 		.4byte	.LVL16
 544 01e6 CF000000 		.4byte	0xcf
 545 01ea 00       		.byte	0
 546 01eb 05       		.uleb128 0x5
 547 01ec 04       		.byte	0x4
 548 01ed 53000000 		.4byte	0x53
 549 01f1 0F       		.uleb128 0xf
 550 01f2 68010000 		.4byte	.LASF16
 551 01f6 01       		.byte	0x1
 552 01f7 8B       		.byte	0x8b
 553 01f8 53000000 		.4byte	0x53
 554 01fc 01       		.byte	0x1
 555 01fd 01       		.byte	0x1
 556 01fe 0F       		.uleb128 0xf
 557 01ff DB010000 		.4byte	.LASF17
 558 0203 01       		.byte	0x1
 559 0204 93       		.byte	0x93
 560 0205 53000000 		.4byte	0x53
ARM GAS  /tmp/ccNHjMJu.s 			page 11


 561 0209 01       		.byte	0x1
 562 020a 01       		.byte	0x1
 563 020b 0F       		.uleb128 0xf
 564 020c 23000000 		.4byte	.LASF18
 565 0210 01       		.byte	0x1
 566 0211 9A       		.byte	0x9a
 567 0212 53000000 		.4byte	0x53
 568 0216 01       		.byte	0x1
 569 0217 01       		.byte	0x1
 570 0218 0F       		.uleb128 0xf
 571 0219 B2010000 		.4byte	.LASF19
 572 021d 01       		.byte	0x1
 573 021e A1       		.byte	0xa1
 574 021f 53000000 		.4byte	0x53
 575 0223 01       		.byte	0x1
 576 0224 01       		.byte	0x1
 577 0225 0F       		.uleb128 0xf
 578 0226 FB000000 		.4byte	.LASF20
 579 022a 01       		.byte	0x1
 580 022b A7       		.byte	0xa7
 581 022c 53000000 		.4byte	0x53
 582 0230 01       		.byte	0x1
 583 0231 01       		.byte	0x1
 584 0232 0F       		.uleb128 0xf
 585 0233 A0010000 		.4byte	.LASF21
 586 0237 01       		.byte	0x1
 587 0238 AD       		.byte	0xad
 588 0239 53000000 		.4byte	0x53
 589 023d 01       		.byte	0x1
 590 023e 01       		.byte	0x1
 591 023f 0F       		.uleb128 0xf
 592 0240 0B000000 		.4byte	.LASF22
 593 0244 01       		.byte	0x1
 594 0245 B3       		.byte	0xb3
 595 0246 53000000 		.4byte	0x53
 596 024a 01       		.byte	0x1
 597 024b 01       		.byte	0x1
 598 024c 0F       		.uleb128 0xf
 599 024d 00000000 		.4byte	.LASF23
 600 0251 01       		.byte	0x1
 601 0252 B9       		.byte	0xb9
 602 0253 53000000 		.4byte	0x53
 603 0257 01       		.byte	0x1
 604 0258 01       		.byte	0x1
 605 0259 0F       		.uleb128 0xf
 606 025a B0000000 		.4byte	.LASF24
 607 025e 01       		.byte	0x1
 608 025f BF       		.byte	0xbf
 609 0260 53000000 		.4byte	0x53
 610 0264 01       		.byte	0x1
 611 0265 01       		.byte	0x1
 612 0266 0F       		.uleb128 0xf
 613 0267 C8010000 		.4byte	.LASF25
 614 026b 01       		.byte	0x1
 615 026c C5       		.byte	0xc5
 616 026d 81000000 		.4byte	0x81
 617 0271 01       		.byte	0x1
ARM GAS  /tmp/ccNHjMJu.s 			page 12


 618 0272 01       		.byte	0x1
 619 0273 0F       		.uleb128 0xf
 620 0274 B9000000 		.4byte	.LASF26
 621 0278 01       		.byte	0x1
 622 0279 CB       		.byte	0xcb
 623 027a 81000000 		.4byte	0x81
 624 027e 01       		.byte	0x1
 625 027f 01       		.byte	0x1
 626 0280 0F       		.uleb128 0xf
 627 0281 9D000000 		.4byte	.LASF27
 628 0285 01       		.byte	0x1
 629 0286 D1       		.byte	0xd1
 630 0287 81000000 		.4byte	0x81
 631 028b 01       		.byte	0x1
 632 028c 01       		.byte	0x1
 633 028d 0F       		.uleb128 0xf
 634 028e 12000000 		.4byte	.LASF28
 635 0292 01       		.byte	0x1
 636 0293 D7       		.byte	0xd7
 637 0294 81000000 		.4byte	0x81
 638 0298 01       		.byte	0x1
 639 0299 01       		.byte	0x1
 640 029a 10       		.uleb128 0x10
 641 029b 01       		.byte	0x1
 642 029c CA000000 		.4byte	.LASF32
 643 02a0 01       		.byte	0x1
 644 02a1 DE       		.byte	0xde
 645 02a2 01       		.byte	0x1
 646 02a3 01       		.byte	0x1
 647 02a4 00       		.byte	0
 648              		.section	.debug_abbrev,"",%progbits
 649              	.Ldebug_abbrev0:
 650 0000 01       		.uleb128 0x1
 651 0001 11       		.uleb128 0x11
 652 0002 01       		.byte	0x1
 653 0003 25       		.uleb128 0x25
 654 0004 0E       		.uleb128 0xe
 655 0005 13       		.uleb128 0x13
 656 0006 0B       		.uleb128 0xb
 657 0007 03       		.uleb128 0x3
 658 0008 0E       		.uleb128 0xe
 659 0009 55       		.uleb128 0x55
 660 000a 06       		.uleb128 0x6
 661 000b 11       		.uleb128 0x11
 662 000c 01       		.uleb128 0x1
 663 000d 52       		.uleb128 0x52
 664 000e 01       		.uleb128 0x1
 665 000f 10       		.uleb128 0x10
 666 0010 06       		.uleb128 0x6
 667 0011 00       		.byte	0
 668 0012 00       		.byte	0
 669 0013 02       		.uleb128 0x2
 670 0014 24       		.uleb128 0x24
 671 0015 00       		.byte	0
 672 0016 0B       		.uleb128 0xb
 673 0017 0B       		.uleb128 0xb
 674 0018 3E       		.uleb128 0x3e
ARM GAS  /tmp/ccNHjMJu.s 			page 13


 675 0019 0B       		.uleb128 0xb
 676 001a 03       		.uleb128 0x3
 677 001b 0E       		.uleb128 0xe
 678 001c 00       		.byte	0
 679 001d 00       		.byte	0
 680 001e 03       		.uleb128 0x3
 681 001f 16       		.uleb128 0x16
 682 0020 00       		.byte	0
 683 0021 03       		.uleb128 0x3
 684 0022 0E       		.uleb128 0xe
 685 0023 3A       		.uleb128 0x3a
 686 0024 0B       		.uleb128 0xb
 687 0025 3B       		.uleb128 0x3b
 688 0026 0B       		.uleb128 0xb
 689 0027 49       		.uleb128 0x49
 690 0028 13       		.uleb128 0x13
 691 0029 00       		.byte	0
 692 002a 00       		.byte	0
 693 002b 04       		.uleb128 0x4
 694 002c 24       		.uleb128 0x24
 695 002d 00       		.byte	0
 696 002e 0B       		.uleb128 0xb
 697 002f 0B       		.uleb128 0xb
 698 0030 3E       		.uleb128 0x3e
 699 0031 0B       		.uleb128 0xb
 700 0032 03       		.uleb128 0x3
 701 0033 08       		.uleb128 0x8
 702 0034 00       		.byte	0
 703 0035 00       		.byte	0
 704 0036 05       		.uleb128 0x5
 705 0037 0F       		.uleb128 0xf
 706 0038 00       		.byte	0
 707 0039 0B       		.uleb128 0xb
 708 003a 0B       		.uleb128 0xb
 709 003b 49       		.uleb128 0x49
 710 003c 13       		.uleb128 0x13
 711 003d 00       		.byte	0
 712 003e 00       		.byte	0
 713 003f 06       		.uleb128 0x6
 714 0040 15       		.uleb128 0x15
 715 0041 00       		.byte	0
 716 0042 27       		.uleb128 0x27
 717 0043 0C       		.uleb128 0xc
 718 0044 00       		.byte	0
 719 0045 00       		.byte	0
 720 0046 07       		.uleb128 0x7
 721 0047 2E       		.uleb128 0x2e
 722 0048 00       		.byte	0
 723 0049 3F       		.uleb128 0x3f
 724 004a 0C       		.uleb128 0xc
 725 004b 03       		.uleb128 0x3
 726 004c 0E       		.uleb128 0xe
 727 004d 3A       		.uleb128 0x3a
 728 004e 0B       		.uleb128 0xb
 729 004f 3B       		.uleb128 0x3b
 730 0050 0B       		.uleb128 0xb
 731 0051 27       		.uleb128 0x27
ARM GAS  /tmp/ccNHjMJu.s 			page 14


 732 0052 0C       		.uleb128 0xc
 733 0053 11       		.uleb128 0x11
 734 0054 01       		.uleb128 0x1
 735 0055 12       		.uleb128 0x12
 736 0056 01       		.uleb128 0x1
 737 0057 40       		.uleb128 0x40
 738 0058 0A       		.uleb128 0xa
 739 0059 9742     		.uleb128 0x2117
 740 005b 0C       		.uleb128 0xc
 741 005c 00       		.byte	0
 742 005d 00       		.byte	0
 743 005e 08       		.uleb128 0x8
 744 005f 2E       		.uleb128 0x2e
 745 0060 00       		.byte	0
 746 0061 3F       		.uleb128 0x3f
 747 0062 0C       		.uleb128 0xc
 748 0063 03       		.uleb128 0x3
 749 0064 0E       		.uleb128 0xe
 750 0065 3A       		.uleb128 0x3a
 751 0066 0B       		.uleb128 0xb
 752 0067 3B       		.uleb128 0x3b
 753 0068 05       		.uleb128 0x5
 754 0069 27       		.uleb128 0x27
 755 006a 0C       		.uleb128 0xc
 756 006b 11       		.uleb128 0x11
 757 006c 01       		.uleb128 0x1
 758 006d 12       		.uleb128 0x12
 759 006e 01       		.uleb128 0x1
 760 006f 40       		.uleb128 0x40
 761 0070 0A       		.uleb128 0xa
 762 0071 9742     		.uleb128 0x2117
 763 0073 0C       		.uleb128 0xc
 764 0074 00       		.byte	0
 765 0075 00       		.byte	0
 766 0076 09       		.uleb128 0x9
 767 0077 2E       		.uleb128 0x2e
 768 0078 01       		.byte	0x1
 769 0079 3F       		.uleb128 0x3f
 770 007a 0C       		.uleb128 0xc
 771 007b 03       		.uleb128 0x3
 772 007c 0E       		.uleb128 0xe
 773 007d 3A       		.uleb128 0x3a
 774 007e 0B       		.uleb128 0xb
 775 007f 3B       		.uleb128 0x3b
 776 0080 05       		.uleb128 0x5
 777 0081 27       		.uleb128 0x27
 778 0082 0C       		.uleb128 0xc
 779 0083 11       		.uleb128 0x11
 780 0084 01       		.uleb128 0x1
 781 0085 12       		.uleb128 0x12
 782 0086 01       		.uleb128 0x1
 783 0087 40       		.uleb128 0x40
 784 0088 0A       		.uleb128 0xa
 785 0089 9642     		.uleb128 0x2116
 786 008b 0C       		.uleb128 0xc
 787 008c 01       		.uleb128 0x1
 788 008d 13       		.uleb128 0x13
ARM GAS  /tmp/ccNHjMJu.s 			page 15


 789 008e 00       		.byte	0
 790 008f 00       		.byte	0
 791 0090 0A       		.uleb128 0xa
 792 0091 34       		.uleb128 0x34
 793 0092 00       		.byte	0
 794 0093 03       		.uleb128 0x3
 795 0094 08       		.uleb128 0x8
 796 0095 3A       		.uleb128 0x3a
 797 0096 0B       		.uleb128 0xb
 798 0097 3B       		.uleb128 0x3b
 799 0098 05       		.uleb128 0x5
 800 0099 49       		.uleb128 0x49
 801 009a 13       		.uleb128 0x13
 802 009b 02       		.uleb128 0x2
 803 009c 0A       		.uleb128 0xa
 804 009d 00       		.byte	0
 805 009e 00       		.byte	0
 806 009f 0B       		.uleb128 0xb
 807 00a0 34       		.uleb128 0x34
 808 00a1 00       		.byte	0
 809 00a2 03       		.uleb128 0x3
 810 00a3 08       		.uleb128 0x8
 811 00a4 3A       		.uleb128 0x3a
 812 00a5 0B       		.uleb128 0xb
 813 00a6 3B       		.uleb128 0x3b
 814 00a7 05       		.uleb128 0x5
 815 00a8 49       		.uleb128 0x49
 816 00a9 13       		.uleb128 0x13
 817 00aa 1C       		.uleb128 0x1c
 818 00ab 0B       		.uleb128 0xb
 819 00ac 00       		.byte	0
 820 00ad 00       		.byte	0
 821 00ae 0C       		.uleb128 0xc
 822 00af 0B       		.uleb128 0xb
 823 00b0 01       		.byte	0x1
 824 00b1 55       		.uleb128 0x55
 825 00b2 06       		.uleb128 0x6
 826 00b3 01       		.uleb128 0x1
 827 00b4 13       		.uleb128 0x13
 828 00b5 00       		.byte	0
 829 00b6 00       		.byte	0
 830 00b7 0D       		.uleb128 0xd
 831 00b8 34       		.uleb128 0x34
 832 00b9 00       		.byte	0
 833 00ba 03       		.uleb128 0x3
 834 00bb 08       		.uleb128 0x8
 835 00bc 3A       		.uleb128 0x3a
 836 00bd 0B       		.uleb128 0xb
 837 00be 3B       		.uleb128 0x3b
 838 00bf 05       		.uleb128 0x5
 839 00c0 49       		.uleb128 0x49
 840 00c1 13       		.uleb128 0x13
 841 00c2 00       		.byte	0
 842 00c3 00       		.byte	0
 843 00c4 0E       		.uleb128 0xe
 844 00c5 898201   		.uleb128 0x4109
 845 00c8 00       		.byte	0
ARM GAS  /tmp/ccNHjMJu.s 			page 16


 846 00c9 11       		.uleb128 0x11
 847 00ca 01       		.uleb128 0x1
 848 00cb 31       		.uleb128 0x31
 849 00cc 13       		.uleb128 0x13
 850 00cd 00       		.byte	0
 851 00ce 00       		.byte	0
 852 00cf 0F       		.uleb128 0xf
 853 00d0 34       		.uleb128 0x34
 854 00d1 00       		.byte	0
 855 00d2 03       		.uleb128 0x3
 856 00d3 0E       		.uleb128 0xe
 857 00d4 3A       		.uleb128 0x3a
 858 00d5 0B       		.uleb128 0xb
 859 00d6 3B       		.uleb128 0x3b
 860 00d7 0B       		.uleb128 0xb
 861 00d8 49       		.uleb128 0x49
 862 00d9 13       		.uleb128 0x13
 863 00da 3F       		.uleb128 0x3f
 864 00db 0C       		.uleb128 0xc
 865 00dc 3C       		.uleb128 0x3c
 866 00dd 0C       		.uleb128 0xc
 867 00de 00       		.byte	0
 868 00df 00       		.byte	0
 869 00e0 10       		.uleb128 0x10
 870 00e1 2E       		.uleb128 0x2e
 871 00e2 00       		.byte	0
 872 00e3 3F       		.uleb128 0x3f
 873 00e4 0C       		.uleb128 0xc
 874 00e5 03       		.uleb128 0x3
 875 00e6 0E       		.uleb128 0xe
 876 00e7 3A       		.uleb128 0x3a
 877 00e8 0B       		.uleb128 0xb
 878 00e9 3B       		.uleb128 0x3b
 879 00ea 0B       		.uleb128 0xb
 880 00eb 27       		.uleb128 0x27
 881 00ec 0C       		.uleb128 0xc
 882 00ed 3C       		.uleb128 0x3c
 883 00ee 0C       		.uleb128 0xc
 884 00ef 00       		.byte	0
 885 00f0 00       		.byte	0
 886 00f1 00       		.byte	0
 887              		.section	.debug_aranges,"",%progbits
 888 0000 34000000 		.4byte	0x34
 889 0004 0200     		.2byte	0x2
 890 0006 00000000 		.4byte	.Ldebug_info0
 891 000a 04       		.byte	0x4
 892 000b 00       		.byte	0
 893 000c 0000     		.2byte	0
 894 000e 0000     		.2byte	0
 895 0010 00000000 		.4byte	.LFB0
 896 0014 02000000 		.4byte	.LFE0-.LFB0
 897 0018 00000000 		.4byte	.LFB1
 898 001c 02000000 		.4byte	.LFE1-.LFB1
 899 0020 00000000 		.4byte	.LFB2
 900 0024 02000000 		.4byte	.LFE2-.LFB2
 901 0028 00000000 		.4byte	.LFB3
 902 002c 18010000 		.4byte	.LFE3-.LFB3
ARM GAS  /tmp/ccNHjMJu.s 			page 17


 903 0030 00000000 		.4byte	0
 904 0034 00000000 		.4byte	0
 905              		.section	.debug_ranges,"",%progbits
 906              	.Ldebug_ranges0:
 907 0000 12000000 		.4byte	.LBB2
 908 0004 1A000000 		.4byte	.LBE2
 909 0008 26000000 		.4byte	.LBB4
 910 000c 32000000 		.4byte	.LBE4
 911 0010 00000000 		.4byte	0
 912 0014 00000000 		.4byte	0
 913 0018 1A000000 		.4byte	.LBB3
 914 001c 26000000 		.4byte	.LBE3
 915 0020 32000000 		.4byte	.LBB5
 916 0024 38000000 		.4byte	.LBE5
 917 0028 46000000 		.4byte	.LBB7
 918 002c 52000000 		.4byte	.LBE7
 919 0030 00000000 		.4byte	0
 920 0034 00000000 		.4byte	0
 921 0038 38000000 		.4byte	.LBB6
 922 003c 46000000 		.4byte	.LBE6
 923 0040 56000000 		.4byte	.LBB8
 924 0044 5E000000 		.4byte	.LBE8
 925 0048 6C000000 		.4byte	.LBB10
 926 004c 76000000 		.4byte	.LBE10
 927 0050 00000000 		.4byte	0
 928 0054 00000000 		.4byte	0
 929 0058 5E000000 		.4byte	.LBB9
 930 005c 6A000000 		.4byte	.LBE9
 931 0060 76000000 		.4byte	.LBB11
 932 0064 7E000000 		.4byte	.LBE11
 933 0068 8A000000 		.4byte	.LBB13
 934 006c 94000000 		.4byte	.LBE13
 935 0070 00000000 		.4byte	0
 936 0074 00000000 		.4byte	0
 937 0078 7E000000 		.4byte	.LBB12
 938 007c 8A000000 		.4byte	.LBE12
 939 0080 98000000 		.4byte	.LBB14
 940 0084 A0000000 		.4byte	.LBE14
 941 0088 AC000000 		.4byte	.LBB16
 942 008c B8000000 		.4byte	.LBE16
 943 0090 00000000 		.4byte	0
 944 0094 00000000 		.4byte	0
 945 0098 A0000000 		.4byte	.LBB15
 946 009c AA000000 		.4byte	.LBE15
 947 00a0 BC000000 		.4byte	.LBB17
 948 00a4 C4000000 		.4byte	.LBE17
 949 00a8 D0000000 		.4byte	.LBB18
 950 00ac DC000000 		.4byte	.LBE18
 951 00b0 00000000 		.4byte	0
 952 00b4 00000000 		.4byte	0
 953 00b8 00000000 		.4byte	.LFB0
 954 00bc 02000000 		.4byte	.LFE0
 955 00c0 00000000 		.4byte	.LFB1
 956 00c4 02000000 		.4byte	.LFE1
 957 00c8 00000000 		.4byte	.LFB2
 958 00cc 02000000 		.4byte	.LFE2
 959 00d0 00000000 		.4byte	.LFB3
ARM GAS  /tmp/ccNHjMJu.s 			page 18


 960 00d4 18010000 		.4byte	.LFE3
 961 00d8 00000000 		.4byte	0
 962 00dc 00000000 		.4byte	0
 963              		.section	.debug_line,"",%progbits
 964              	.Ldebug_line0:
 965 0000 66010000 		.section	.debug_str,"MS",%progbits,1
 965      0200CD00 
 965      00000201 
 965      FB0E0D00 
 965      01010101 
 966              	.LASF23:
 967 0000 5F627373 		.ascii	"_bss_start\000"
 967      5F737461 
 967      727400
 968              	.LASF22:
 969 000b 5F656461 		.ascii	"_edata\000"
 969      746100
 970              	.LASF28:
 971 0012 5F5F6669 		.ascii	"__fini_array_end\000"
 971      6E695F61 
 971      72726179 
 971      5F656E64 
 971      00
 972              	.LASF18:
 973 0023 5F5F7072 		.ascii	"__process_stack_base__\000"
 973      6F636573 
 973      735F7374 
 973      61636B5F 
 973      62617365 
 974              	.LASF12:
 975 003a 66756E63 		.ascii	"funcpp_t\000"
 975      70705F74 
 975      00
 976              	.LASF15:
 977 0043 5F646566 		.ascii	"_default_exit\000"
 977      61756C74 
 977      5F657869 
 977      7400
 978              	.LASF1:
 979 0051 756E7369 		.ascii	"unsigned char\000"
 979      676E6564 
 979      20636861 
 979      7200
 980              	.LASF14:
 981 005f 5F5F6C61 		.ascii	"__late_init\000"
 981      74655F69 
 981      6E697400 
 982              	.LASF7:
 983 006b 6C6F6E67 		.ascii	"long unsigned int\000"
 983      20756E73 
 983      69676E65 
 983      6420696E 
 983      7400
 984              	.LASF31:
 985 007d 52657365 		.ascii	"ResetHandler\000"
 985      7448616E 
 985      646C6572 
ARM GAS  /tmp/ccNHjMJu.s 			page 19


 985      00
 986              	.LASF3:
 987 008a 73686F72 		.ascii	"short unsigned int\000"
 987      7420756E 
 987      7369676E 
 987      65642069 
 987      6E7400
 988              	.LASF27:
 989 009d 5F5F6669 		.ascii	"__fini_array_start\000"
 989      6E695F61 
 989      72726179 
 989      5F737461 
 989      727400
 990              	.LASF24:
 991 00b0 5F627373 		.ascii	"_bss_end\000"
 991      5F656E64 
 991      00
 992              	.LASF26:
 993 00b9 5F5F696E 		.ascii	"__init_array_end\000"
 993      69745F61 
 993      72726179 
 993      5F656E64 
 993      00
 994              	.LASF32:
 995 00ca 6D61696E 		.ascii	"main\000"
 995      00
 996              	.LASF10:
 997 00cf 756E7369 		.ascii	"unsigned int\000"
 997      676E6564 
 997      20696E74 
 997      00
 998              	.LASF9:
 999 00dc 6C6F6E67 		.ascii	"long long unsigned int\000"
 999      206C6F6E 
 999      6720756E 
 999      7369676E 
 999      65642069 
 1000              	.LASF5:
 1001 00f3 75696E74 		.ascii	"uint8_t\000"
 1001      385F7400 
 1002              	.LASF20:
 1003 00fb 5F746578 		.ascii	"_textdata\000"
 1003      74646174 
 1003      6100
 1004              	.LASF13:
 1005 0105 5F5F6561 		.ascii	"__early_init\000"
 1005      726C795F 
 1005      696E6974 
 1005      00
 1006              	.LASF30:
 1007 0112 2F686F6D 		.ascii	"/home/wicker/tools/ChibiOS_2.6.3/os/ports/GCC/ARMCM"
 1007      652F7769 
 1007      636B6572 
 1007      2F746F6F 
 1007      6C732F43 
 1008 0145 782F6372 		.ascii	"x/crt0.c\000"
 1008      74302E63 
ARM GAS  /tmp/ccNHjMJu.s 			page 20


 1008      00
 1009              	.LASF8:
 1010 014e 6C6F6E67 		.ascii	"long long int\000"
 1010      206C6F6E 
 1010      6720696E 
 1010      7400
 1011              	.LASF29:
 1012 015c 474E5520 		.ascii	"GNU C 4.7.2\000"
 1012      4320342E 
 1012      372E3200 
 1013              	.LASF16:
 1014 0168 5F5F6D61 		.ascii	"__main_stack_base__\000"
 1014      696E5F73 
 1014      7461636B 
 1014      5F626173 
 1014      655F5F00 
 1015              	.LASF2:
 1016 017c 73686F72 		.ascii	"short int\000"
 1016      7420696E 
 1016      7400
 1017              	.LASF11:
 1018 0186 66756E63 		.ascii	"funcp_t\000"
 1018      705F7400 
 1019              	.LASF6:
 1020 018e 75696E74 		.ascii	"uint32_t\000"
 1020      33325F74 
 1020      00
 1021              	.LASF4:
 1022 0197 6C6F6E67 		.ascii	"long int\000"
 1022      20696E74 
 1022      00
 1023              	.LASF21:
 1024 01a0 5F646174 		.ascii	"_data\000"
 1024      6100
 1025              	.LASF0:
 1026 01a6 7369676E 		.ascii	"signed char\000"
 1026      65642063 
 1026      68617200 
 1027              	.LASF19:
 1028 01b2 5F5F7072 		.ascii	"__process_stack_end__\000"
 1028      6F636573 
 1028      735F7374 
 1028      61636B5F 
 1028      656E645F 
 1029              	.LASF25:
 1030 01c8 5F5F696E 		.ascii	"__init_array_start\000"
 1030      69745F61 
 1030      72726179 
 1030      5F737461 
 1030      727400
 1031              	.LASF17:
 1032 01db 5F5F6D61 		.ascii	"__main_stack_end__\000"
 1032      696E5F73 
 1032      7461636B 
 1032      5F656E64 
 1032      5F5F00
 1033              		.ident	"GCC: (crosstool-NG 1.17.0 - PSAS ST32F4 GFE) 4.7.2"
ARM GAS  /tmp/ccNHjMJu.s 			page 21


ARM GAS  /tmp/ccNHjMJu.s 			page 22


DEFINED SYMBOLS
                            *ABS*:0000000000000000 crt0.c
     /tmp/ccNHjMJu.s:21     .text.__early_init:0000000000000000 $t
     /tmp/ccNHjMJu.s:27     .text.__early_init:0000000000000000 __early_init
     /tmp/ccNHjMJu.s:40     .text.__late_init:0000000000000000 $t
     /tmp/ccNHjMJu.s:46     .text.__late_init:0000000000000000 __late_init
     /tmp/ccNHjMJu.s:58     .text._default_exit:0000000000000000 $t
     /tmp/ccNHjMJu.s:64     .text._default_exit:0000000000000000 _default_exit
     /tmp/ccNHjMJu.s:77     .text.ResetHandler:0000000000000000 $t
     /tmp/ccNHjMJu.s:83     .text.ResetHandler:0000000000000000 ResetHandler
     /tmp/ccNHjMJu.s:295    .text.ResetHandler:00000000000000e0 $d
                     .debug_frame:0000000000000010 $d
     /tmp/ccNHjMJu.s:312    .text.ResetHandler:0000000000000118 $t

UNDEFINED SYMBOLS
main
__process_stack_end__
__main_stack_base__
__main_stack_end__
__process_stack_base__
_data
_edata
_textdata
_bss_start
_bss_end
__init_array_start
__init_array_end
__fini_array_start
__fini_array_end
