ARM GAS  /tmp/ccPxage7.s 			page 1


   1              		.syntax unified
   2              		.cpu cortex-m4
   3              		.eabi_attribute 27, 3
   4              		.eabi_attribute 28, 1
   5              		.fpu fpv4-sp-d16
   6              		.eabi_attribute 20, 1
   7              		.eabi_attribute 21, 1
   8              		.eabi_attribute 23, 3
   9              		.eabi_attribute 24, 1
  10              		.eabi_attribute 25, 1
  11              		.eabi_attribute 26, 1
  12              		.eabi_attribute 30, 2
  13              		.eabi_attribute 34, 1
  14              		.eabi_attribute 18, 4
  15              		.thumb
  16              		.file	"i2c_lld.c"
  17              		.text
  18              	.Ltext0:
  19              		.cfi_sections	.debug_frame
  20              	.Letext0:
  21              		.file 1 "/opt/psas/x-tools/stm32f407/arm-psas-eabi/bin/../lib/gcc/arm-psas-eabi/4.7.2/../../../../
  22              		.file 2 "/home/wicker/tools/ChibiOS_2.6.3/os/ports/common/ARMCMx/CMSIS/include/core_cm4.h"
  23              		.section	.debug_info,"",%progbits
  24              	.Ldebug_info0:
  25 0000 8F000000 		.4byte	0x8f
  26 0004 0200     		.2byte	0x2
  27 0006 00000000 		.4byte	.Ldebug_abbrev0
  28 000a 04       		.byte	0x4
  29 000b 01       		.uleb128 0x1
  30 000c 69000000 		.4byte	.LASF12
  31 0010 01       		.byte	0x1
  32 0011 21000000 		.4byte	.LASF13
  33 0015 00000000 		.4byte	.Ldebug_line0
  34 0019 02       		.uleb128 0x2
  35 001a 04       		.byte	0x4
  36 001b 05       		.byte	0x5
  37 001c 696E7400 		.ascii	"int\000"
  38 0020 03       		.uleb128 0x3
  39 0021 04       		.byte	0x4
  40 0022 07       		.byte	0x7
  41 0023 D9000000 		.4byte	.LASF0
  42 0027 03       		.uleb128 0x3
  43 0028 01       		.byte	0x1
  44 0029 06       		.byte	0x6
  45 002a CD000000 		.4byte	.LASF1
  46 002e 03       		.uleb128 0x3
  47 002f 01       		.byte	0x1
  48 0030 08       		.byte	0x8
  49 0031 9E000000 		.4byte	.LASF2
  50 0035 03       		.uleb128 0x3
  51 0036 02       		.byte	0x2
  52 0037 05       		.byte	0x5
  53 0038 E6000000 		.4byte	.LASF3
  54 003c 03       		.uleb128 0x3
  55 003d 02       		.byte	0x2
  56 003e 07       		.byte	0x7
  57 003f 0E000000 		.4byte	.LASF4
ARM GAS  /tmp/ccPxage7.s 			page 2


  58 0043 04       		.uleb128 0x4
  59 0044 F0000000 		.4byte	.LASF14
  60 0048 01       		.byte	0x1
  61 0049 4F       		.byte	0x4f
  62 004a 4E000000 		.4byte	0x4e
  63 004e 03       		.uleb128 0x3
  64 004f 04       		.byte	0x4
  65 0050 05       		.byte	0x5
  66 0051 B1000000 		.4byte	.LASF5
  67 0055 03       		.uleb128 0x3
  68 0056 04       		.byte	0x4
  69 0057 07       		.byte	0x7
  70 0058 75000000 		.4byte	.LASF6
  71 005c 03       		.uleb128 0x3
  72 005d 08       		.byte	0x8
  73 005e 05       		.byte	0x5
  74 005f 00000000 		.4byte	.LASF7
  75 0063 03       		.uleb128 0x3
  76 0064 08       		.byte	0x8
  77 0065 07       		.byte	0x7
  78 0066 87000000 		.4byte	.LASF8
  79 006a 03       		.uleb128 0x3
  80 006b 01       		.byte	0x1
  81 006c 02       		.byte	0x2
  82 006d BA000000 		.4byte	.LASF9
  83 0071 03       		.uleb128 0x3
  84 0072 04       		.byte	0x4
  85 0073 07       		.byte	0x7
  86 0074 F8000000 		.4byte	.LASF10
  87 0078 03       		.uleb128 0x3
  88 0079 01       		.byte	0x1
  89 007a 08       		.byte	0x8
  90 007b AC000000 		.4byte	.LASF11
  91 007f 05       		.uleb128 0x5
  92 0080 43000000 		.4byte	0x43
  93 0084 06       		.uleb128 0x6
  94 0085 C0000000 		.4byte	.LASF15
  95 0089 02       		.byte	0x2
  96 008a 9806     		.2byte	0x698
  97 008c 7F000000 		.4byte	0x7f
  98 0090 01       		.byte	0x1
  99 0091 01       		.byte	0x1
 100 0092 00       		.byte	0
 101              		.section	.debug_abbrev,"",%progbits
 102              	.Ldebug_abbrev0:
 103 0000 01       		.uleb128 0x1
 104 0001 11       		.uleb128 0x11
 105 0002 01       		.byte	0x1
 106 0003 25       		.uleb128 0x25
 107 0004 0E       		.uleb128 0xe
 108 0005 13       		.uleb128 0x13
 109 0006 0B       		.uleb128 0xb
 110 0007 03       		.uleb128 0x3
 111 0008 0E       		.uleb128 0xe
 112 0009 10       		.uleb128 0x10
 113 000a 06       		.uleb128 0x6
 114 000b 00       		.byte	0
ARM GAS  /tmp/ccPxage7.s 			page 3


 115 000c 00       		.byte	0
 116 000d 02       		.uleb128 0x2
 117 000e 24       		.uleb128 0x24
 118 000f 00       		.byte	0
 119 0010 0B       		.uleb128 0xb
 120 0011 0B       		.uleb128 0xb
 121 0012 3E       		.uleb128 0x3e
 122 0013 0B       		.uleb128 0xb
 123 0014 03       		.uleb128 0x3
 124 0015 08       		.uleb128 0x8
 125 0016 00       		.byte	0
 126 0017 00       		.byte	0
 127 0018 03       		.uleb128 0x3
 128 0019 24       		.uleb128 0x24
 129 001a 00       		.byte	0
 130 001b 0B       		.uleb128 0xb
 131 001c 0B       		.uleb128 0xb
 132 001d 3E       		.uleb128 0x3e
 133 001e 0B       		.uleb128 0xb
 134 001f 03       		.uleb128 0x3
 135 0020 0E       		.uleb128 0xe
 136 0021 00       		.byte	0
 137 0022 00       		.byte	0
 138 0023 04       		.uleb128 0x4
 139 0024 16       		.uleb128 0x16
 140 0025 00       		.byte	0
 141 0026 03       		.uleb128 0x3
 142 0027 0E       		.uleb128 0xe
 143 0028 3A       		.uleb128 0x3a
 144 0029 0B       		.uleb128 0xb
 145 002a 3B       		.uleb128 0x3b
 146 002b 0B       		.uleb128 0xb
 147 002c 49       		.uleb128 0x49
 148 002d 13       		.uleb128 0x13
 149 002e 00       		.byte	0
 150 002f 00       		.byte	0
 151 0030 05       		.uleb128 0x5
 152 0031 35       		.uleb128 0x35
 153 0032 00       		.byte	0
 154 0033 49       		.uleb128 0x49
 155 0034 13       		.uleb128 0x13
 156 0035 00       		.byte	0
 157 0036 00       		.byte	0
 158 0037 06       		.uleb128 0x6
 159 0038 34       		.uleb128 0x34
 160 0039 00       		.byte	0
 161 003a 03       		.uleb128 0x3
 162 003b 0E       		.uleb128 0xe
 163 003c 3A       		.uleb128 0x3a
 164 003d 0B       		.uleb128 0xb
 165 003e 3B       		.uleb128 0x3b
 166 003f 05       		.uleb128 0x5
 167 0040 49       		.uleb128 0x49
 168 0041 13       		.uleb128 0x13
 169 0042 3F       		.uleb128 0x3f
 170 0043 0C       		.uleb128 0xc
 171 0044 3C       		.uleb128 0x3c
ARM GAS  /tmp/ccPxage7.s 			page 4


 172 0045 0C       		.uleb128 0xc
 173 0046 00       		.byte	0
 174 0047 00       		.byte	0
 175 0048 00       		.byte	0
 176              		.section	.debug_aranges,"",%progbits
 177 0000 14000000 		.4byte	0x14
 178 0004 0200     		.2byte	0x2
 179 0006 00000000 		.4byte	.Ldebug_info0
 180 000a 04       		.byte	0x4
 181 000b 00       		.byte	0
 182 000c 0000     		.2byte	0
 183 000e 0000     		.2byte	0
 184 0010 00000000 		.4byte	0
 185 0014 00000000 		.4byte	0
 186              		.section	.debug_line,"",%progbits
 187              	.Ldebug_line0:
 188 0000 E8000000 		.section	.debug_str,"MS",%progbits,1
 188      0200E200 
 188      00000201 
 188      FB0E0D00 
 188      01010101 
 189              	.LASF7:
 190 0000 6C6F6E67 		.ascii	"long long int\000"
 190      206C6F6E 
 190      6720696E 
 190      7400
 191              	.LASF4:
 192 000e 73686F72 		.ascii	"short unsigned int\000"
 192      7420756E 
 192      7369676E 
 192      65642069 
 192      6E7400
 193              	.LASF13:
 194 0021 2F686F6D 		.ascii	"/home/wicker/tools/ChibiOS_2.6.3/os/hal/platforms/S"
 194      652F7769 
 194      636B6572 
 194      2F746F6F 
 194      6C732F43 
 195 0054 544D3332 		.ascii	"TM32/I2Cv1/i2c_lld.c\000"
 195      2F493243 
 195      76312F69 
 195      32635F6C 
 195      6C642E63 
 196              	.LASF12:
 197 0069 474E5520 		.ascii	"GNU C 4.7.2\000"
 197      4320342E 
 197      372E3200 
 198              	.LASF6:
 199 0075 6C6F6E67 		.ascii	"long unsigned int\000"
 199      20756E73 
 199      69676E65 
 199      6420696E 
 199      7400
 200              	.LASF8:
 201 0087 6C6F6E67 		.ascii	"long long unsigned int\000"
 201      206C6F6E 
 201      6720756E 
ARM GAS  /tmp/ccPxage7.s 			page 5


 201      7369676E 
 201      65642069 
 202              	.LASF2:
 203 009e 756E7369 		.ascii	"unsigned char\000"
 203      676E6564 
 203      20636861 
 203      7200
 204              	.LASF11:
 205 00ac 63686172 		.ascii	"char\000"
 205      00
 206              	.LASF5:
 207 00b1 6C6F6E67 		.ascii	"long int\000"
 207      20696E74 
 207      00
 208              	.LASF9:
 209 00ba 5F426F6F 		.ascii	"_Bool\000"
 209      6C00
 210              	.LASF15:
 211 00c0 49544D5F 		.ascii	"ITM_RxBuffer\000"
 211      52784275 
 211      66666572 
 211      00
 212              	.LASF1:
 213 00cd 7369676E 		.ascii	"signed char\000"
 213      65642063 
 213      68617200 
 214              	.LASF0:
 215 00d9 756E7369 		.ascii	"unsigned int\000"
 215      676E6564 
 215      20696E74 
 215      00
 216              	.LASF3:
 217 00e6 73686F72 		.ascii	"short int\000"
 217      7420696E 
 217      7400
 218              	.LASF14:
 219 00f0 696E7433 		.ascii	"int32_t\000"
 219      325F7400 
 220              	.LASF10:
 221 00f8 73697A65 		.ascii	"sizetype\000"
 221      74797065 
 221      00
 222              		.ident	"GCC: (crosstool-NG 1.17.0 - PSAS ST32F4 GFE) 4.7.2"
ARM GAS  /tmp/ccPxage7.s 			page 6


DEFINED SYMBOLS
                            *ABS*:0000000000000000 i2c_lld.c

NO UNDEFINED SYMBOLS
