ARM GAS  /tmp/cc0NuQBJ.s 			page 1


   1              		.syntax unified
   2              		.cpu cortex-m4
   3              		.eabi_attribute 27, 3
   4              		.eabi_attribute 28, 1
   5              		.fpu fpv4-sp-d16
   6              		.eabi_attribute 20, 1
   7              		.eabi_attribute 21, 1
   8              		.eabi_attribute 23, 3
   9              		.eabi_attribute 24, 1
  10              		.eabi_attribute 25, 1
  11              		.eabi_attribute 26, 1
  12              		.eabi_attribute 30, 2
  13              		.eabi_attribute 34, 1
  14              		.eabi_attribute 18, 4
  15              		.thumb
  16              		.file	"lis302dl.c"
  17              		.text
  18              	.Ltext0:
  19              		.cfi_sections	.debug_frame
  20              		.section	.text.lis302dlReadRegister,"ax",%progbits
  21              		.align	2
  22              		.p2align 4,,15
  23              		.global	lis302dlReadRegister
  24              		.thumb
  25              		.thumb_func
  26              		.type	lis302dlReadRegister, %function
  27              	lis302dlReadRegister:
  28              	.LFB118:
  29              		.file 1 "/home/wicker/tools/ChibiOS_2.6.3/os/various/devices_lib/accel/lis302dl.c"
  30              		.loc 1 60 0
  31              		.cfi_startproc
  32              		@ args = 0, pretend = 0, frame = 0
  33              		@ frame_needed = 0, uses_anonymous_args = 0
  34              	.LVL0:
  35 0000 F8B5     		push	{r3, r4, r5, r6, r7, lr}
  36              	.LCFI0:
  37              		.cfi_def_cfa_offset 24
  38              		.cfi_offset 3, -24
  39              		.cfi_offset 4, -20
  40              		.cfi_offset 5, -16
  41              		.cfi_offset 6, -12
  42              		.cfi_offset 7, -8
  43              		.cfi_offset 14, -4
  44              		.loc 1 63 0
  45 0002 40F20004 		movw	r4, #:lower16:.LANCHOR0
  46 0006 C0F20004 		movt	r4, #:upper16:.LANCHOR0
  47              		.loc 1 60 0
  48 000a 0F46     		mov	r7, r1
  49              		.loc 1 65 0
  50 000c 40F20005 		movw	r5, #:lower16:.LANCHOR1
  51              		.loc 1 60 0
  52 0010 0646     		mov	r6, r0
  53              		.loc 1 65 0
  54 0012 C0F20005 		movt	r5, #:upper16:.LANCHOR1
  55              		.loc 1 63 0
  56 0016 67F07F07 		orn	r7, r7, #127
  57              		.loc 1 62 0
ARM GAS  /tmp/cc0NuQBJ.s 			page 2


  58 001a FFF7FEFF 		bl	spiSelect
  59              	.LVL1:
  60              		.loc 1 65 0
  61 001e 0221     		movs	r1, #2
  62 0020 2246     		mov	r2, r4
  63 0022 2B46     		mov	r3, r5
  64 0024 3046     		mov	r0, r6
  65              		.loc 1 63 0
  66 0026 2770     		strb	r7, [r4, #0]
  67              		.loc 1 64 0
  68 0028 FF27     		movs	r7, #255
  69 002a 6770     		strb	r7, [r4, #1]
  70              		.loc 1 65 0
  71 002c FFF7FEFF 		bl	spiExchange
  72              	.LVL2:
  73              		.loc 1 66 0
  74 0030 3046     		mov	r0, r6
  75 0032 FFF7FEFF 		bl	spiUnselect
  76              	.LVL3:
  77              		.loc 1 68 0
  78 0036 6878     		ldrb	r0, [r5, #1]	@ zero_extendqisi2
  79 0038 F8BD     		pop	{r3, r4, r5, r6, r7, pc}
  80              		.cfi_endproc
  81              	.LFE118:
  82              		.size	lis302dlReadRegister, .-lis302dlReadRegister
  83 003a 00BFAFF3 		.section	.text.lis302dlWriteRegister,"ax",%progbits
  83      0080
  84              		.align	2
  85              		.p2align 4,,15
  86              		.global	lis302dlWriteRegister
  87              		.thumb
  88              		.thumb_func
  89              		.type	lis302dlWriteRegister, %function
  90              	lis302dlWriteRegister:
  91              	.LFB119:
  92              		.loc 1 78 0
  93              		.cfi_startproc
  94              		@ args = 0, pretend = 0, frame = 0
  95              		@ frame_needed = 0, uses_anonymous_args = 0
  96              	.LVL4:
  97 0000 F8B5     		push	{r3, r4, r5, r6, r7, lr}
  98              	.LCFI1:
  99              		.cfi_def_cfa_offset 24
 100              		.cfi_offset 3, -24
 101              		.cfi_offset 4, -20
 102              		.cfi_offset 5, -16
 103              		.cfi_offset 6, -12
 104              		.cfi_offset 7, -8
 105              		.cfi_offset 14, -4
 106              		.loc 1 80 0
 107 0002 A1F12003 		sub	r3, r1, #32
 108              		.loc 1 78 0
 109 0006 0D46     		mov	r5, r1
 110              		.loc 1 80 0
 111 0008 D9B2     		uxtb	r1, r3
 112              	.LVL5:
 113 000a 1F29     		cmp	r1, #31
ARM GAS  /tmp/cc0NuQBJ.s 			page 3


 114              		.loc 1 78 0
 115 000c 0646     		mov	r6, r0
 116 000e 1746     		mov	r7, r2
 117              		.loc 1 80 0
 118 0010 17D8     		bhi	.L2
 119 0012 5BB2     		sxtb	r3, r3
 120 0014 0724     		movs	r4, #7
 121 0016 0122     		movs	r2, #1
 122              	.LVL6:
 123 0018 02FA03F3 		lsl	r3, r2, r3
 124 001c CFF6DD14 		movt	r4, 63965
 125 0020 1C40     		ands	r4, r4, r3
 126 0022 74B1     		cbz	r4, .L2
 127              		.loc 1 111 0
 128 0024 FFF7FEFF 		bl	spiSelect
 129              	.LVL7:
 130              		.loc 1 112 0
 131 0028 064B     		ldr	r3, .L6
 132              		.loc 1 114 0
 133 002a 3046     		mov	r0, r6
 134 002c 0221     		movs	r1, #2
 135 002e 1A46     		mov	r2, r3
 136              		.loc 1 112 0
 137 0030 1D70     		strb	r5, [r3, #0]
 138              		.loc 1 113 0
 139 0032 5F70     		strb	r7, [r3, #1]
 140              		.loc 1 114 0
 141 0034 FFF7FEFF 		bl	spiSend
 142              	.LVL8:
 143              		.loc 1 115 0
 144 0038 3046     		mov	r0, r6
 145              		.loc 1 117 0
 146 003a BDE8F840 		pop	{r3, r4, r5, r6, r7, lr}
 147              		.loc 1 115 0
 148 003e FFF7FEBF 		b	spiUnselect
 149              	.LVL9:
 150              	.L2:
 151 0042 F8BD     		pop	{r3, r4, r5, r6, r7, pc}
 152              	.L7:
 153              		.align	2
 154              	.L6:
 155 0044 00000000 		.word	.LANCHOR0
 156              		.cfi_endproc
 157              	.LFE119:
 158              		.size	lis302dlWriteRegister, .-lis302dlWriteRegister
 159 0048 AFF30080 		.section	.bss.rxbuf,"aw",%nobits
 159      AFF30080 
 160              		.align	2
 161              		.set	.LANCHOR1,. + 0
 162              		.type	rxbuf, %object
 163              		.size	rxbuf, 2
 164              	rxbuf:
 165 0000 0000     		.space	2
 166 0002 0000     		.section	.bss.txbuf,"aw",%nobits
 167              		.align	2
 168              		.set	.LANCHOR0,. + 0
 169              		.type	txbuf, %object
ARM GAS  /tmp/cc0NuQBJ.s 			page 4


 170              		.size	txbuf, 2
 171              	txbuf:
 172 0000 0000     		.space	2
 173 0002 0000     		.text
 174              	.Letext0:
 175              		.file 2 "/opt/psas/x-tools/stm32f407/arm-psas-eabi/bin/../lib/gcc/arm-psas-eabi/4.7.2/include/stdd
 176              		.file 3 "/opt/psas/x-tools/stm32f407/arm-psas-eabi/bin/../lib/gcc/arm-psas-eabi/4.7.2/../../../../
 177              		.file 4 "/home/wicker/tools/ChibiOS_2.6.3/os/ports/GCC/ARMCMx/chtypes.h"
 178              		.file 5 "/home/wicker/tools/ChibiOS_2.6.3/os/kernel/include/chlists.h"
 179              		.file 6 "/home/wicker/tools/ChibiOS_2.6.3/os/kernel/include/chthreads.h"
 180              		.file 7 "/home/wicker/tools/ChibiOS_2.6.3/os/ports/GCC/ARMCMx/chcore_v7m.h"
 181              		.file 8 "/home/wicker/tools/ChibiOS_2.6.3/os/kernel/include/chmtx.h"
 182              		.file 9 "/home/wicker/tools/ChibiOS_2.6.3/os/hal/platforms/STM32F4xx/stm32f4xx.h"
 183              		.file 10 "/home/wicker/tools/ChibiOS_2.6.3/os/hal/platforms/STM32F4xx/stm32_dma.h"
 184              		.file 11 "/home/wicker/tools/ChibiOS_2.6.3/os/hal/platforms/STM32/GPIOv2/pal_lld.h"
 185              		.file 12 "/home/wicker/tools/ChibiOS_2.6.3/os/hal/include/spi.h"
 186              		.file 13 "/home/wicker/tools/ChibiOS_2.6.3/os/hal/platforms/STM32/SPIv1/spi_lld.h"
 187              		.file 14 "/home/wicker/tools/ChibiOS_2.6.3/os/ports/common/ARMCMx/CMSIS/include/core_cm4.h"
 188              		.section	.debug_info,"",%progbits
 189              	.Ldebug_info0:
 190 0000 0B0A0000 		.4byte	0xa0b
 191 0004 0200     		.2byte	0x2
 192 0006 00000000 		.4byte	.Ldebug_abbrev0
 193 000a 04       		.byte	0x4
 194 000b 01       		.uleb128 0x1
 195 000c 4D020000 		.4byte	.LASF121
 196 0010 01       		.byte	0x1
 197 0011 6C040000 		.4byte	.LASF122
 198 0015 00000000 		.4byte	.Ldebug_ranges0+0
 199 0019 00000000 		.4byte	0
 200 001d 00000000 		.4byte	0
 201 0021 00000000 		.4byte	.Ldebug_line0
 202 0025 02       		.uleb128 0x2
 203 0026 04       		.byte	0x4
 204 0027 05       		.byte	0x5
 205 0028 696E7400 		.ascii	"int\000"
 206 002c 03       		.uleb128 0x3
 207 002d 0B000000 		.4byte	.LASF2
 208 0031 02       		.byte	0x2
 209 0032 D5       		.byte	0xd5
 210 0033 37000000 		.4byte	0x37
 211 0037 04       		.uleb128 0x4
 212 0038 04       		.byte	0x4
 213 0039 07       		.byte	0x7
 214 003a A4010000 		.4byte	.LASF0
 215 003e 04       		.uleb128 0x4
 216 003f 01       		.byte	0x1
 217 0040 06       		.byte	0x6
 218 0041 CA000000 		.4byte	.LASF1
 219 0045 03       		.uleb128 0x3
 220 0046 39040000 		.4byte	.LASF3
 221 004a 03       		.byte	0x3
 222 004b 2A       		.byte	0x2a
 223 004c 50000000 		.4byte	0x50
 224 0050 04       		.uleb128 0x4
 225 0051 01       		.byte	0x1
 226 0052 08       		.byte	0x8
ARM GAS  /tmp/cc0NuQBJ.s 			page 5


 227 0053 DD020000 		.4byte	.LASF4
 228 0057 04       		.uleb128 0x4
 229 0058 02       		.byte	0x2
 230 0059 05       		.byte	0x5
 231 005a 08030000 		.4byte	.LASF5
 232 005e 03       		.uleb128 0x3
 233 005f 2B010000 		.4byte	.LASF6
 234 0063 03       		.byte	0x3
 235 0064 36       		.byte	0x36
 236 0065 69000000 		.4byte	0x69
 237 0069 04       		.uleb128 0x4
 238 006a 02       		.byte	0x2
 239 006b 07       		.byte	0x7
 240 006c CE010000 		.4byte	.LASF7
 241 0070 03       		.uleb128 0x3
 242 0071 D5020000 		.4byte	.LASF8
 243 0075 03       		.byte	0x3
 244 0076 4F       		.byte	0x4f
 245 0077 7B000000 		.4byte	0x7b
 246 007b 04       		.uleb128 0x4
 247 007c 04       		.byte	0x4
 248 007d 05       		.byte	0x5
 249 007e 12010000 		.4byte	.LASF9
 250 0082 03       		.uleb128 0x3
 251 0083 5B030000 		.4byte	.LASF10
 252 0087 03       		.byte	0x3
 253 0088 50       		.byte	0x50
 254 0089 8D000000 		.4byte	0x8d
 255 008d 04       		.uleb128 0x4
 256 008e 04       		.byte	0x4
 257 008f 07       		.byte	0x7
 258 0090 6C030000 		.4byte	.LASF11
 259 0094 04       		.uleb128 0x4
 260 0095 08       		.byte	0x8
 261 0096 05       		.byte	0x5
 262 0097 BC000000 		.4byte	.LASF12
 263 009b 04       		.uleb128 0x4
 264 009c 08       		.byte	0x8
 265 009d 07       		.byte	0x7
 266 009e 38000000 		.4byte	.LASF13
 267 00a2 04       		.uleb128 0x4
 268 00a3 01       		.byte	0x1
 269 00a4 02       		.byte	0x2
 270 00a5 CF020000 		.4byte	.LASF14
 271 00a9 03       		.uleb128 0x3
 272 00aa E7010000 		.4byte	.LASF15
 273 00ae 04       		.byte	0x4
 274 00af 2C       		.byte	0x2c
 275 00b0 45000000 		.4byte	0x45
 276 00b4 03       		.uleb128 0x3
 277 00b5 1B010000 		.4byte	.LASF16
 278 00b9 04       		.byte	0x4
 279 00ba 2D       		.byte	0x2d
 280 00bb 45000000 		.4byte	0x45
 281 00bf 03       		.uleb128 0x3
 282 00c0 64030000 		.4byte	.LASF17
 283 00c4 04       		.byte	0x4
ARM GAS  /tmp/cc0NuQBJ.s 			page 6


 284 00c5 2E       		.byte	0x2e
 285 00c6 45000000 		.4byte	0x45
 286 00ca 03       		.uleb128 0x3
 287 00cb F4000000 		.4byte	.LASF18
 288 00cf 04       		.byte	0x4
 289 00d0 2F       		.byte	0x2f
 290 00d1 45000000 		.4byte	0x45
 291 00d5 03       		.uleb128 0x3
 292 00d6 C1020000 		.4byte	.LASF19
 293 00da 04       		.byte	0x4
 294 00db 30       		.byte	0x30
 295 00dc 82000000 		.4byte	0x82
 296 00e0 03       		.uleb128 0x3
 297 00e1 E1010000 		.4byte	.LASF20
 298 00e5 04       		.byte	0x4
 299 00e6 31       		.byte	0x31
 300 00e7 70000000 		.4byte	0x70
 301 00eb 03       		.uleb128 0x3
 302 00ec FB010000 		.4byte	.LASF21
 303 00f0 04       		.byte	0x4
 304 00f1 33       		.byte	0x33
 305 00f2 82000000 		.4byte	0x82
 306 00f6 03       		.uleb128 0x3
 307 00f7 B5030000 		.4byte	.LASF22
 308 00fb 04       		.byte	0x4
 309 00fc 35       		.byte	0x35
 310 00fd 82000000 		.4byte	0x82
 311 0101 03       		.uleb128 0x3
 312 0102 3A030000 		.4byte	.LASF23
 313 0106 05       		.byte	0x5
 314 0107 2A       		.byte	0x2a
 315 0108 0C010000 		.4byte	0x10c
 316 010c 05       		.uleb128 0x5
 317 010d 3A030000 		.4byte	.LASF23
 318 0111 48       		.byte	0x48
 319 0112 06       		.byte	0x6
 320 0113 5E       		.byte	0x5e
 321 0114 31020000 		.4byte	0x231
 322 0118 06       		.uleb128 0x6
 323 0119 2B030000 		.4byte	.LASF24
 324 011d 06       		.byte	0x6
 325 011e 5F       		.byte	0x5f
 326 011f 56020000 		.4byte	0x256
 327 0123 02       		.byte	0x2
 328 0124 23       		.byte	0x23
 329 0125 00       		.uleb128 0
 330 0126 06       		.uleb128 0x6
 331 0127 9C020000 		.4byte	.LASF25
 332 012b 06       		.byte	0x6
 333 012c 61       		.byte	0x61
 334 012d 56020000 		.4byte	0x256
 335 0131 02       		.byte	0x2
 336 0132 23       		.byte	0x23
 337 0133 04       		.uleb128 0x4
 338 0134 06       		.uleb128 0x6
 339 0135 AF000000 		.4byte	.LASF26
 340 0139 06       		.byte	0x6
ARM GAS  /tmp/cc0NuQBJ.s 			page 7


 341 013a 63       		.byte	0x63
 342 013b D5000000 		.4byte	0xd5
 343 013f 02       		.byte	0x2
 344 0140 23       		.byte	0x23
 345 0141 08       		.uleb128 0x8
 346 0142 06       		.uleb128 0x6
 347 0143 B5040000 		.4byte	.LASF27
 348 0147 06       		.byte	0x6
 349 0148 64       		.byte	0x64
 350 0149 24030000 		.4byte	0x324
 351 014d 02       		.byte	0x2
 352 014e 23       		.byte	0x23
 353 014f 0C       		.uleb128 0xc
 354 0150 06       		.uleb128 0x6
 355 0151 3B010000 		.4byte	.LASF28
 356 0155 06       		.byte	0x6
 357 0156 66       		.byte	0x66
 358 0157 56020000 		.4byte	0x256
 359 015b 02       		.byte	0x2
 360 015c 23       		.byte	0x23
 361 015d 10       		.uleb128 0x10
 362 015e 06       		.uleb128 0x6
 363 015f 2E020000 		.4byte	.LASF29
 364 0163 06       		.byte	0x6
 365 0164 67       		.byte	0x67
 366 0165 56020000 		.4byte	0x256
 367 0169 02       		.byte	0x2
 368 016a 23       		.byte	0x23
 369 016b 14       		.uleb128 0x14
 370 016c 06       		.uleb128 0x6
 371 016d 4D040000 		.4byte	.LASF30
 372 0171 06       		.byte	0x6
 373 0172 6E       		.byte	0x6e
 374 0173 D5030000 		.4byte	0x3d5
 375 0177 02       		.byte	0x2
 376 0178 23       		.byte	0x23
 377 0179 18       		.uleb128 0x18
 378 017a 06       		.uleb128 0x6
 379 017b 12030000 		.4byte	.LASF31
 380 017f 06       		.byte	0x6
 381 0180 79       		.byte	0x79
 382 0181 B4000000 		.4byte	0xb4
 383 0185 02       		.byte	0x2
 384 0186 23       		.byte	0x23
 385 0187 1C       		.uleb128 0x1c
 386 0188 06       		.uleb128 0x6
 387 0189 32030000 		.4byte	.LASF32
 388 018d 06       		.byte	0x6
 389 018e 7D       		.byte	0x7d
 390 018f A9000000 		.4byte	0xa9
 391 0193 02       		.byte	0x2
 392 0194 23       		.byte	0x23
 393 0195 1D       		.uleb128 0x1d
 394 0196 06       		.uleb128 0x6
 395 0197 2B040000 		.4byte	.LASF33
 396 019b 06       		.byte	0x6
 397 019c 82       		.byte	0x82
ARM GAS  /tmp/cc0NuQBJ.s 			page 8


 398 019d BF000000 		.4byte	0xbf
 399 01a1 02       		.byte	0x2
 400 01a2 23       		.byte	0x23
 401 01a3 1E       		.uleb128 0x1e
 402 01a4 06       		.uleb128 0x6
 403 01a5 1A030000 		.4byte	.LASF34
 404 01a9 06       		.byte	0x6
 405 01aa 88       		.byte	0x88
 406 01ab CA000000 		.4byte	0xca
 407 01af 02       		.byte	0x2
 408 01b0 23       		.byte	0x23
 409 01b1 1F       		.uleb128 0x1f
 410 01b2 06       		.uleb128 0x6
 411 01b3 34010000 		.4byte	.LASF35
 412 01b7 06       		.byte	0x6
 413 01b8 8F       		.byte	0x8f
 414 01b9 53030000 		.4byte	0x353
 415 01bd 02       		.byte	0x2
 416 01be 23       		.byte	0x23
 417 01bf 20       		.uleb128 0x20
 418 01c0 07       		.uleb128 0x7
 419 01c1 705F7500 		.ascii	"p_u\000"
 420 01c5 06       		.byte	0x6
 421 01c6 B4       		.byte	0xb4
 422 01c7 A0030000 		.4byte	0x3a0
 423 01cb 02       		.byte	0x2
 424 01cc 23       		.byte	0x23
 425 01cd 24       		.uleb128 0x24
 426 01ce 06       		.uleb128 0x6
 427 01cf BB040000 		.4byte	.LASF36
 428 01d3 06       		.byte	0x6
 429 01d4 B9       		.byte	0xb9
 430 01d5 7E020000 		.4byte	0x27e
 431 01d9 02       		.byte	0x2
 432 01da 23       		.byte	0x23
 433 01db 28       		.uleb128 0x28
 434 01dc 06       		.uleb128 0x6
 435 01dd B7010000 		.4byte	.LASF37
 436 01e1 06       		.byte	0x6
 437 01e2 BF       		.byte	0xbf
 438 01e3 5C020000 		.4byte	0x25c
 439 01e7 02       		.byte	0x2
 440 01e8 23       		.byte	0x23
 441 01e9 2C       		.uleb128 0x2c
 442 01ea 06       		.uleb128 0x6
 443 01eb 5E040000 		.4byte	.LASF38
 444 01ef 06       		.byte	0x6
 445 01f0 C3       		.byte	0xc3
 446 01f1 E0000000 		.4byte	0xe0
 447 01f5 02       		.byte	0x2
 448 01f6 23       		.byte	0x23
 449 01f7 34       		.uleb128 0x34
 450 01f8 06       		.uleb128 0x6
 451 01f9 41030000 		.4byte	.LASF39
 452 01fd 06       		.byte	0x6
 453 01fe C9       		.byte	0xc9
 454 01ff EB000000 		.4byte	0xeb
ARM GAS  /tmp/cc0NuQBJ.s 			page 9


 455 0203 02       		.byte	0x2
 456 0204 23       		.byte	0x23
 457 0205 38       		.uleb128 0x38
 458 0206 06       		.uleb128 0x6
 459 0207 FE020000 		.4byte	.LASF40
 460 020b 06       		.byte	0x6
 461 020c D0       		.byte	0xd0
 462 020d E7030000 		.4byte	0x3e7
 463 0211 02       		.byte	0x2
 464 0212 23       		.byte	0x23
 465 0213 3C       		.uleb128 0x3c
 466 0214 06       		.uleb128 0x6
 467 0215 BF030000 		.4byte	.LASF41
 468 0219 06       		.byte	0x6
 469 021a D4       		.byte	0xd4
 470 021b D5000000 		.4byte	0xd5
 471 021f 02       		.byte	0x2
 472 0220 23       		.byte	0x23
 473 0221 40       		.uleb128 0x40
 474 0222 06       		.uleb128 0x6
 475 0223 77010000 		.4byte	.LASF42
 476 0227 06       		.byte	0x6
 477 0228 DA       		.byte	0xda
 478 0229 94020000 		.4byte	0x294
 479 022d 02       		.byte	0x2
 480 022e 23       		.byte	0x23
 481 022f 44       		.uleb128 0x44
 482 0230 00       		.byte	0
 483 0231 08       		.uleb128 0x8
 484 0232 08       		.byte	0x8
 485 0233 05       		.byte	0x5
 486 0234 61       		.byte	0x61
 487 0235 56020000 		.4byte	0x256
 488 0239 06       		.uleb128 0x6
 489 023a 2B030000 		.4byte	.LASF24
 490 023e 05       		.byte	0x5
 491 023f 62       		.byte	0x62
 492 0240 56020000 		.4byte	0x256
 493 0244 02       		.byte	0x2
 494 0245 23       		.byte	0x23
 495 0246 00       		.uleb128 0
 496 0247 06       		.uleb128 0x6
 497 0248 9C020000 		.4byte	.LASF25
 498 024c 05       		.byte	0x5
 499 024d 64       		.byte	0x64
 500 024e 56020000 		.4byte	0x256
 501 0252 02       		.byte	0x2
 502 0253 23       		.byte	0x23
 503 0254 04       		.uleb128 0x4
 504 0255 00       		.byte	0
 505 0256 09       		.uleb128 0x9
 506 0257 04       		.byte	0x4
 507 0258 01010000 		.4byte	0x101
 508 025c 03       		.uleb128 0x3
 509 025d 36020000 		.4byte	.LASF43
 510 0261 05       		.byte	0x5
 511 0262 66       		.byte	0x66
ARM GAS  /tmp/cc0NuQBJ.s 			page 10


 512 0263 31020000 		.4byte	0x231
 513 0267 08       		.uleb128 0x8
 514 0268 04       		.byte	0x4
 515 0269 05       		.byte	0x5
 516 026a 6B       		.byte	0x6b
 517 026b 7E020000 		.4byte	0x27e
 518 026f 06       		.uleb128 0x6
 519 0270 2B030000 		.4byte	.LASF24
 520 0274 05       		.byte	0x5
 521 0275 6D       		.byte	0x6d
 522 0276 56020000 		.4byte	0x256
 523 027a 02       		.byte	0x2
 524 027b 23       		.byte	0x23
 525 027c 00       		.uleb128 0
 526 027d 00       		.byte	0
 527 027e 03       		.uleb128 0x3
 528 027f EF010000 		.4byte	.LASF44
 529 0283 05       		.byte	0x5
 530 0284 70       		.byte	0x70
 531 0285 67020000 		.4byte	0x267
 532 0289 03       		.uleb128 0x3
 533 028a 7F010000 		.4byte	.LASF45
 534 028e 07       		.byte	0x7
 535 028f E5       		.byte	0xe5
 536 0290 94020000 		.4byte	0x294
 537 0294 0A       		.uleb128 0xa
 538 0295 04       		.byte	0x4
 539 0296 0B       		.uleb128 0xb
 540 0297 FF030000 		.4byte	.LASF46
 541 029b 24       		.byte	0x24
 542 029c 07       		.byte	0x7
 543 029d 0C01     		.2byte	0x10c
 544 029f 24030000 		.4byte	0x324
 545 02a3 0C       		.uleb128 0xc
 546 02a4 723400   		.ascii	"r4\000"
 547 02a7 07       		.byte	0x7
 548 02a8 1F01     		.2byte	0x11f
 549 02aa 89020000 		.4byte	0x289
 550 02ae 02       		.byte	0x2
 551 02af 23       		.byte	0x23
 552 02b0 00       		.uleb128 0
 553 02b1 0C       		.uleb128 0xc
 554 02b2 723500   		.ascii	"r5\000"
 555 02b5 07       		.byte	0x7
 556 02b6 2001     		.2byte	0x120
 557 02b8 89020000 		.4byte	0x289
 558 02bc 02       		.byte	0x2
 559 02bd 23       		.byte	0x23
 560 02be 04       		.uleb128 0x4
 561 02bf 0C       		.uleb128 0xc
 562 02c0 723600   		.ascii	"r6\000"
 563 02c3 07       		.byte	0x7
 564 02c4 2101     		.2byte	0x121
 565 02c6 89020000 		.4byte	0x289
 566 02ca 02       		.byte	0x2
 567 02cb 23       		.byte	0x23
 568 02cc 08       		.uleb128 0x8
ARM GAS  /tmp/cc0NuQBJ.s 			page 11


 569 02cd 0C       		.uleb128 0xc
 570 02ce 723700   		.ascii	"r7\000"
 571 02d1 07       		.byte	0x7
 572 02d2 2201     		.2byte	0x122
 573 02d4 89020000 		.4byte	0x289
 574 02d8 02       		.byte	0x2
 575 02d9 23       		.byte	0x23
 576 02da 0C       		.uleb128 0xc
 577 02db 0C       		.uleb128 0xc
 578 02dc 723800   		.ascii	"r8\000"
 579 02df 07       		.byte	0x7
 580 02e0 2301     		.2byte	0x123
 581 02e2 89020000 		.4byte	0x289
 582 02e6 02       		.byte	0x2
 583 02e7 23       		.byte	0x23
 584 02e8 10       		.uleb128 0x10
 585 02e9 0C       		.uleb128 0xc
 586 02ea 723900   		.ascii	"r9\000"
 587 02ed 07       		.byte	0x7
 588 02ee 2401     		.2byte	0x124
 589 02f0 89020000 		.4byte	0x289
 590 02f4 02       		.byte	0x2
 591 02f5 23       		.byte	0x23
 592 02f6 14       		.uleb128 0x14
 593 02f7 0C       		.uleb128 0xc
 594 02f8 72313000 		.ascii	"r10\000"
 595 02fc 07       		.byte	0x7
 596 02fd 2501     		.2byte	0x125
 597 02ff 89020000 		.4byte	0x289
 598 0303 02       		.byte	0x2
 599 0304 23       		.byte	0x23
 600 0305 18       		.uleb128 0x18
 601 0306 0C       		.uleb128 0xc
 602 0307 72313100 		.ascii	"r11\000"
 603 030b 07       		.byte	0x7
 604 030c 2601     		.2byte	0x126
 605 030e 89020000 		.4byte	0x289
 606 0312 02       		.byte	0x2
 607 0313 23       		.byte	0x23
 608 0314 1C       		.uleb128 0x1c
 609 0315 0C       		.uleb128 0xc
 610 0316 6C7200   		.ascii	"lr\000"
 611 0319 07       		.byte	0x7
 612 031a 2701     		.2byte	0x127
 613 031c 89020000 		.4byte	0x289
 614 0320 02       		.byte	0x2
 615 0321 23       		.byte	0x23
 616 0322 20       		.uleb128 0x20
 617 0323 00       		.byte	0
 618 0324 0B       		.uleb128 0xb
 619 0325 ED030000 		.4byte	.LASF47
 620 0329 04       		.byte	0x4
 621 032a 07       		.byte	0x7
 622 032b 3101     		.2byte	0x131
 623 032d 41030000 		.4byte	0x341
 624 0331 0C       		.uleb128 0xc
 625 0332 72313300 		.ascii	"r13\000"
ARM GAS  /tmp/cc0NuQBJ.s 			page 12


 626 0336 07       		.byte	0x7
 627 0337 3201     		.2byte	0x132
 628 0339 41030000 		.4byte	0x341
 629 033d 02       		.byte	0x2
 630 033e 23       		.byte	0x23
 631 033f 00       		.uleb128 0
 632 0340 00       		.byte	0
 633 0341 09       		.uleb128 0x9
 634 0342 04       		.byte	0x4
 635 0343 96020000 		.4byte	0x296
 636 0347 0D       		.uleb128 0xd
 637 0348 82000000 		.4byte	0x82
 638 034c 04       		.uleb128 0x4
 639 034d 04       		.byte	0x4
 640 034e 07       		.byte	0x7
 641 034f 19020000 		.4byte	.LASF48
 642 0353 0D       		.uleb128 0xd
 643 0354 F6000000 		.4byte	0xf6
 644 0358 05       		.uleb128 0x5
 645 0359 28020000 		.4byte	.LASF49
 646 035d 10       		.byte	0x10
 647 035e 08       		.byte	0x8
 648 035f 2C       		.byte	0x2c
 649 0360 8F030000 		.4byte	0x38f
 650 0364 06       		.uleb128 0x6
 651 0365 EC000000 		.4byte	.LASF50
 652 0369 08       		.byte	0x8
 653 036a 2D       		.byte	0x2d
 654 036b 5C020000 		.4byte	0x25c
 655 036f 02       		.byte	0x2
 656 0370 23       		.byte	0x23
 657 0371 00       		.uleb128 0
 658 0372 06       		.uleb128 0x6
 659 0373 64040000 		.4byte	.LASF51
 660 0377 08       		.byte	0x8
 661 0378 2F       		.byte	0x2f
 662 0379 56020000 		.4byte	0x256
 663 037d 02       		.byte	0x2
 664 037e 23       		.byte	0x23
 665 037f 08       		.uleb128 0x8
 666 0380 06       		.uleb128 0x6
 667 0381 AE030000 		.4byte	.LASF52
 668 0385 08       		.byte	0x8
 669 0386 31       		.byte	0x31
 670 0387 8F030000 		.4byte	0x38f
 671 038b 02       		.byte	0x2
 672 038c 23       		.byte	0x23
 673 038d 0C       		.uleb128 0xc
 674 038e 00       		.byte	0
 675 038f 09       		.uleb128 0x9
 676 0390 04       		.byte	0x4
 677 0391 58030000 		.4byte	0x358
 678 0395 03       		.uleb128 0x3
 679 0396 28020000 		.4byte	.LASF49
 680 039a 08       		.byte	0x8
 681 039b 33       		.byte	0x33
 682 039c 58030000 		.4byte	0x358
ARM GAS  /tmp/cc0NuQBJ.s 			page 13


 683 03a0 0E       		.uleb128 0xe
 684 03a1 04       		.byte	0x4
 685 03a2 06       		.byte	0x6
 686 03a3 96       		.byte	0x96
 687 03a4 D5030000 		.4byte	0x3d5
 688 03a8 0F       		.uleb128 0xf
 689 03a9 12000000 		.4byte	.LASF53
 690 03ad 06       		.byte	0x6
 691 03ae 9D       		.byte	0x9d
 692 03af E0000000 		.4byte	0xe0
 693 03b3 0F       		.uleb128 0xf
 694 03b4 65000000 		.4byte	.LASF54
 695 03b8 06       		.byte	0x6
 696 03b9 A4       		.byte	0xa4
 697 03ba E0000000 		.4byte	0xe0
 698 03be 0F       		.uleb128 0xf
 699 03bf 46040000 		.4byte	.LASF55
 700 03c3 06       		.byte	0x6
 701 03c4 AB       		.byte	0xab
 702 03c5 94020000 		.4byte	0x294
 703 03c9 0F       		.uleb128 0xf
 704 03ca 24030000 		.4byte	.LASF56
 705 03ce 06       		.byte	0x6
 706 03cf B2       		.byte	0xb2
 707 03d0 EB000000 		.4byte	0xeb
 708 03d4 00       		.byte	0
 709 03d5 09       		.uleb128 0x9
 710 03d6 04       		.byte	0x4
 711 03d7 DB030000 		.4byte	0x3db
 712 03db 10       		.uleb128 0x10
 713 03dc E0030000 		.4byte	0x3e0
 714 03e0 04       		.uleb128 0x4
 715 03e1 01       		.byte	0x1
 716 03e2 08       		.byte	0x8
 717 03e3 8A030000 		.4byte	.LASF57
 718 03e7 09       		.uleb128 0x9
 719 03e8 04       		.byte	0x4
 720 03e9 95030000 		.4byte	0x395
 721 03ed 0D       		.uleb128 0xd
 722 03ee 5E000000 		.4byte	0x5e
 723 03f2 0D       		.uleb128 0xd
 724 03f3 70000000 		.4byte	0x70
 725 03f7 11       		.uleb128 0x11
 726 03f8 18       		.byte	0x18
 727 03f9 09       		.byte	0x9
 728 03fa B102     		.2byte	0x2b1
 729 03fc 5A040000 		.4byte	0x45a
 730 0400 0C       		.uleb128 0xc
 731 0401 435200   		.ascii	"CR\000"
 732 0404 09       		.byte	0x9
 733 0405 B302     		.2byte	0x2b3
 734 0407 47030000 		.4byte	0x347
 735 040b 02       		.byte	0x2
 736 040c 23       		.byte	0x23
 737 040d 00       		.uleb128 0
 738 040e 12       		.uleb128 0x12
 739 040f CA030000 		.4byte	.LASF58
ARM GAS  /tmp/cc0NuQBJ.s 			page 14


 740 0413 09       		.byte	0x9
 741 0414 B402     		.2byte	0x2b4
 742 0416 47030000 		.4byte	0x347
 743 041a 02       		.byte	0x2
 744 041b 23       		.byte	0x23
 745 041c 04       		.uleb128 0x4
 746 041d 0C       		.uleb128 0xc
 747 041e 50415200 		.ascii	"PAR\000"
 748 0422 09       		.byte	0x9
 749 0423 B502     		.2byte	0x2b5
 750 0425 47030000 		.4byte	0x347
 751 0429 02       		.byte	0x2
 752 042a 23       		.byte	0x23
 753 042b 08       		.uleb128 0x8
 754 042c 12       		.uleb128 0x12
 755 042d 06000000 		.4byte	.LASF59
 756 0431 09       		.byte	0x9
 757 0432 B602     		.2byte	0x2b6
 758 0434 47030000 		.4byte	0x347
 759 0438 02       		.byte	0x2
 760 0439 23       		.byte	0x23
 761 043a 0C       		.uleb128 0xc
 762 043b 12       		.uleb128 0x12
 763 043c 06040000 		.4byte	.LASF60
 764 0440 09       		.byte	0x9
 765 0441 B702     		.2byte	0x2b7
 766 0443 47030000 		.4byte	0x347
 767 0447 02       		.byte	0x2
 768 0448 23       		.byte	0x23
 769 0449 10       		.uleb128 0x10
 770 044a 0C       		.uleb128 0xc
 771 044b 46435200 		.ascii	"FCR\000"
 772 044f 09       		.byte	0x9
 773 0450 B802     		.2byte	0x2b8
 774 0452 47030000 		.4byte	0x347
 775 0456 02       		.byte	0x2
 776 0457 23       		.byte	0x23
 777 0458 14       		.uleb128 0x14
 778 0459 00       		.byte	0
 779 045a 13       		.uleb128 0x13
 780 045b CF030000 		.4byte	.LASF61
 781 045f 09       		.byte	0x9
 782 0460 B902     		.2byte	0x2b9
 783 0462 F7030000 		.4byte	0x3f7
 784 0466 11       		.uleb128 0x11
 785 0467 24       		.byte	0x24
 786 0468 09       		.byte	0x9
 787 0469 E304     		.2byte	0x4e3
 788 046b 7C050000 		.4byte	0x57c
 789 046f 0C       		.uleb128 0xc
 790 0470 43523100 		.ascii	"CR1\000"
 791 0474 09       		.byte	0x9
 792 0475 E504     		.2byte	0x4e5
 793 0477 ED030000 		.4byte	0x3ed
 794 047b 02       		.byte	0x2
 795 047c 23       		.byte	0x23
 796 047d 00       		.uleb128 0
ARM GAS  /tmp/cc0NuQBJ.s 			page 15


 797 047e 12       		.uleb128 0x12
 798 047f 6A020000 		.4byte	.LASF62
 799 0483 09       		.byte	0x9
 800 0484 E604     		.2byte	0x4e6
 801 0486 5E000000 		.4byte	0x5e
 802 048a 02       		.byte	0x2
 803 048b 23       		.byte	0x23
 804 048c 02       		.uleb128 0x2
 805 048d 0C       		.uleb128 0xc
 806 048e 43523200 		.ascii	"CR2\000"
 807 0492 09       		.byte	0x9
 808 0493 E704     		.2byte	0x4e7
 809 0495 ED030000 		.4byte	0x3ed
 810 0499 02       		.byte	0x2
 811 049a 23       		.byte	0x23
 812 049b 04       		.uleb128 0x4
 813 049c 12       		.uleb128 0x12
 814 049d 74020000 		.4byte	.LASF63
 815 04a1 09       		.byte	0x9
 816 04a2 E804     		.2byte	0x4e8
 817 04a4 5E000000 		.4byte	0x5e
 818 04a8 02       		.byte	0x2
 819 04a9 23       		.byte	0x23
 820 04aa 06       		.uleb128 0x6
 821 04ab 0C       		.uleb128 0xc
 822 04ac 535200   		.ascii	"SR\000"
 823 04af 09       		.byte	0x9
 824 04b0 E904     		.2byte	0x4e9
 825 04b2 ED030000 		.4byte	0x3ed
 826 04b6 02       		.byte	0x2
 827 04b7 23       		.byte	0x23
 828 04b8 08       		.uleb128 0x8
 829 04b9 12       		.uleb128 0x12
 830 04ba 7E020000 		.4byte	.LASF64
 831 04be 09       		.byte	0x9
 832 04bf EA04     		.2byte	0x4ea
 833 04c1 5E000000 		.4byte	0x5e
 834 04c5 02       		.byte	0x2
 835 04c6 23       		.byte	0x23
 836 04c7 0A       		.uleb128 0xa
 837 04c8 0C       		.uleb128 0xc
 838 04c9 445200   		.ascii	"DR\000"
 839 04cc 09       		.byte	0x9
 840 04cd EB04     		.2byte	0x4eb
 841 04cf ED030000 		.4byte	0x3ed
 842 04d3 02       		.byte	0x2
 843 04d4 23       		.byte	0x23
 844 04d5 0C       		.uleb128 0xc
 845 04d6 12       		.uleb128 0x12
 846 04d7 88020000 		.4byte	.LASF65
 847 04db 09       		.byte	0x9
 848 04dc EC04     		.2byte	0x4ec
 849 04de 5E000000 		.4byte	0x5e
 850 04e2 02       		.byte	0x2
 851 04e3 23       		.byte	0x23
 852 04e4 0E       		.uleb128 0xe
 853 04e5 12       		.uleb128 0x12
ARM GAS  /tmp/cc0NuQBJ.s 			page 16


 854 04e6 59000000 		.4byte	.LASF66
 855 04ea 09       		.byte	0x9
 856 04eb ED04     		.2byte	0x4ed
 857 04ed ED030000 		.4byte	0x3ed
 858 04f1 02       		.byte	0x2
 859 04f2 23       		.byte	0x23
 860 04f3 10       		.uleb128 0x10
 861 04f4 12       		.uleb128 0x12
 862 04f5 92020000 		.4byte	.LASF67
 863 04f9 09       		.byte	0x9
 864 04fa EE04     		.2byte	0x4ee
 865 04fc 5E000000 		.4byte	0x5e
 866 0500 02       		.byte	0x2
 867 0501 23       		.byte	0x23
 868 0502 12       		.uleb128 0x12
 869 0503 12       		.uleb128 0x12
 870 0504 32040000 		.4byte	.LASF68
 871 0508 09       		.byte	0x9
 872 0509 EF04     		.2byte	0x4ef
 873 050b ED030000 		.4byte	0x3ed
 874 050f 02       		.byte	0x2
 875 0510 23       		.byte	0x23
 876 0511 14       		.uleb128 0x14
 877 0512 12       		.uleb128 0x12
 878 0513 51030000 		.4byte	.LASF69
 879 0517 09       		.byte	0x9
 880 0518 F004     		.2byte	0x4f0
 881 051a 5E000000 		.4byte	0x5e
 882 051e 02       		.byte	0x2
 883 051f 23       		.byte	0x23
 884 0520 16       		.uleb128 0x16
 885 0521 12       		.uleb128 0x12
 886 0522 63020000 		.4byte	.LASF70
 887 0526 09       		.byte	0x9
 888 0527 F104     		.2byte	0x4f1
 889 0529 ED030000 		.4byte	0x3ed
 890 052d 02       		.byte	0x2
 891 052e 23       		.byte	0x23
 892 052f 18       		.uleb128 0x18
 893 0530 12       		.uleb128 0x12
 894 0531 A3020000 		.4byte	.LASF71
 895 0535 09       		.byte	0x9
 896 0536 F204     		.2byte	0x4f2
 897 0538 5E000000 		.4byte	0x5e
 898 053c 02       		.byte	0x2
 899 053d 23       		.byte	0x23
 900 053e 1A       		.uleb128 0x1a
 901 053f 12       		.uleb128 0x12
 902 0540 E4000000 		.4byte	.LASF72
 903 0544 09       		.byte	0x9
 904 0545 F304     		.2byte	0x4f3
 905 0547 ED030000 		.4byte	0x3ed
 906 054b 02       		.byte	0x2
 907 054c 23       		.byte	0x23
 908 054d 1C       		.uleb128 0x1c
 909 054e 12       		.uleb128 0x12
 910 054f AD020000 		.4byte	.LASF73
ARM GAS  /tmp/cc0NuQBJ.s 			page 17


 911 0553 09       		.byte	0x9
 912 0554 F404     		.2byte	0x4f4
 913 0556 5E000000 		.4byte	0x5e
 914 055a 02       		.byte	0x2
 915 055b 23       		.byte	0x23
 916 055c 1E       		.uleb128 0x1e
 917 055d 12       		.uleb128 0x12
 918 055e 13020000 		.4byte	.LASF74
 919 0562 09       		.byte	0x9
 920 0563 F504     		.2byte	0x4f5
 921 0565 ED030000 		.4byte	0x3ed
 922 0569 02       		.byte	0x2
 923 056a 23       		.byte	0x23
 924 056b 20       		.uleb128 0x20
 925 056c 12       		.uleb128 0x12
 926 056d B7020000 		.4byte	.LASF75
 927 0571 09       		.byte	0x9
 928 0572 F604     		.2byte	0x4f6
 929 0574 5E000000 		.4byte	0x5e
 930 0578 02       		.byte	0x2
 931 0579 23       		.byte	0x23
 932 057a 22       		.uleb128 0x22
 933 057b 00       		.byte	0
 934 057c 13       		.uleb128 0x13
 935 057d 7E030000 		.4byte	.LASF76
 936 0581 09       		.byte	0x9
 937 0582 F704     		.2byte	0x4f7
 938 0584 66040000 		.4byte	0x466
 939 0588 08       		.uleb128 0x8
 940 0589 0C       		.byte	0xc
 941 058a 0A       		.byte	0xa
 942 058b DA       		.byte	0xda
 943 058c D7050000 		.4byte	0x5d7
 944 0590 06       		.uleb128 0x6
 945 0591 2B000000 		.4byte	.LASF77
 946 0595 0A       		.byte	0xa
 947 0596 DB       		.byte	0xdb
 948 0597 D7050000 		.4byte	0x5d7
 949 059b 02       		.byte	0x2
 950 059c 23       		.byte	0x23
 951 059d 00       		.uleb128 0
 952 059e 06       		.uleb128 0x6
 953 059f 4C030000 		.4byte	.LASF78
 954 05a3 0A       		.byte	0xa
 955 05a4 DC       		.byte	0xdc
 956 05a5 DD050000 		.4byte	0x5dd
 957 05a9 02       		.byte	0x2
 958 05aa 23       		.byte	0x23
 959 05ab 04       		.uleb128 0x4
 960 05ac 06       		.uleb128 0x6
 961 05ad C7010000 		.4byte	.LASF79
 962 05b1 0A       		.byte	0xa
 963 05b2 DD       		.byte	0xdd
 964 05b3 45000000 		.4byte	0x45
 965 05b7 02       		.byte	0x2
 966 05b8 23       		.byte	0x23
 967 05b9 08       		.uleb128 0x8
ARM GAS  /tmp/cc0NuQBJ.s 			page 18


 968 05ba 06       		.uleb128 0x6
 969 05bb 88010000 		.4byte	.LASF80
 970 05bf 0A       		.byte	0xa
 971 05c0 DF       		.byte	0xdf
 972 05c1 45000000 		.4byte	0x45
 973 05c5 02       		.byte	0x2
 974 05c6 23       		.byte	0x23
 975 05c7 09       		.uleb128 0x9
 976 05c8 06       		.uleb128 0x6
 977 05c9 6E000000 		.4byte	.LASF81
 978 05cd 0A       		.byte	0xa
 979 05ce E0       		.byte	0xe0
 980 05cf 45000000 		.4byte	0x45
 981 05d3 02       		.byte	0x2
 982 05d4 23       		.byte	0x23
 983 05d5 0A       		.uleb128 0xa
 984 05d6 00       		.byte	0
 985 05d7 09       		.uleb128 0x9
 986 05d8 04       		.byte	0x4
 987 05d9 5A040000 		.4byte	0x45a
 988 05dd 09       		.uleb128 0x9
 989 05de 04       		.byte	0x4
 990 05df 47030000 		.4byte	0x347
 991 05e3 03       		.uleb128 0x3
 992 05e4 EB020000 		.4byte	.LASF82
 993 05e8 0A       		.byte	0xa
 994 05e9 E1       		.byte	0xe1
 995 05ea 88050000 		.4byte	0x588
 996 05ee 08       		.uleb128 0x8
 997 05ef 04       		.byte	0x4
 998 05f0 0B       		.byte	0xb
 999 05f1 96       		.byte	0x96
 1000 05f2 13060000 		.4byte	0x613
 1001 05f6 07       		.uleb128 0x7
 1002 05f7 73657400 		.ascii	"set\000"
 1003 05fb 0B       		.byte	0xb
 1004 05fc 97       		.byte	0x97
 1005 05fd 5E000000 		.4byte	0x5e
 1006 0601 02       		.byte	0x2
 1007 0602 23       		.byte	0x23
 1008 0603 00       		.uleb128 0
 1009 0604 06       		.uleb128 0x6
 1010 0605 22020000 		.4byte	.LASF83
 1011 0609 0B       		.byte	0xb
 1012 060a 98       		.byte	0x98
 1013 060b 5E000000 		.4byte	0x5e
 1014 060f 02       		.byte	0x2
 1015 0610 23       		.byte	0x23
 1016 0611 02       		.uleb128 0x2
 1017 0612 00       		.byte	0
 1018 0613 0E       		.uleb128 0xe
 1019 0614 04       		.byte	0x4
 1020 0615 0B       		.byte	0xb
 1021 0616 94       		.byte	0x94
 1022 0617 2E060000 		.4byte	0x62e
 1023 061b 14       		.uleb128 0x14
 1024 061c 5700     		.ascii	"W\000"
ARM GAS  /tmp/cc0NuQBJ.s 			page 19


 1025 061e 0B       		.byte	0xb
 1026 061f 95       		.byte	0x95
 1027 0620 82000000 		.4byte	0x82
 1028 0624 14       		.uleb128 0x14
 1029 0625 4800     		.ascii	"H\000"
 1030 0627 0B       		.byte	0xb
 1031 0628 99       		.byte	0x99
 1032 0629 EE050000 		.4byte	0x5ee
 1033 062d 00       		.byte	0
 1034 062e 08       		.uleb128 0x8
 1035 062f 28       		.byte	0x28
 1036 0630 0B       		.byte	0xb
 1037 0631 8C       		.byte	0x8c
 1038 0632 C3060000 		.4byte	0x6c3
 1039 0636 06       		.uleb128 0x6
 1040 0637 32000000 		.4byte	.LASF84
 1041 063b 0B       		.byte	0xb
 1042 063c 8E       		.byte	0x8e
 1043 063d 47030000 		.4byte	0x347
 1044 0641 02       		.byte	0x2
 1045 0642 23       		.byte	0x23
 1046 0643 00       		.uleb128 0
 1047 0644 06       		.uleb128 0x6
 1048 0645 19000000 		.4byte	.LASF85
 1049 0649 0B       		.byte	0xb
 1050 064a 8F       		.byte	0x8f
 1051 064b 47030000 		.4byte	0x347
 1052 064f 02       		.byte	0x2
 1053 0650 23       		.byte	0x23
 1054 0651 04       		.uleb128 0x4
 1055 0652 06       		.uleb128 0x6
 1056 0653 67010000 		.4byte	.LASF86
 1057 0657 0B       		.byte	0xb
 1058 0658 90       		.byte	0x90
 1059 0659 47030000 		.4byte	0x347
 1060 065d 02       		.byte	0x2
 1061 065e 23       		.byte	0x23
 1062 065f 08       		.uleb128 0x8
 1063 0660 06       		.uleb128 0x6
 1064 0661 5F000000 		.4byte	.LASF87
 1065 0665 0B       		.byte	0xb
 1066 0666 91       		.byte	0x91
 1067 0667 47030000 		.4byte	0x347
 1068 066b 02       		.byte	0x2
 1069 066c 23       		.byte	0x23
 1070 066d 0C       		.uleb128 0xc
 1071 066e 07       		.uleb128 0x7
 1072 066f 49445200 		.ascii	"IDR\000"
 1073 0673 0B       		.byte	0xb
 1074 0674 92       		.byte	0x92
 1075 0675 47030000 		.4byte	0x347
 1076 0679 02       		.byte	0x2
 1077 067a 23       		.byte	0x23
 1078 067b 10       		.uleb128 0x10
 1079 067c 07       		.uleb128 0x7
 1080 067d 4F445200 		.ascii	"ODR\000"
 1081 0681 0B       		.byte	0xb
ARM GAS  /tmp/cc0NuQBJ.s 			page 20


 1082 0682 93       		.byte	0x93
 1083 0683 47030000 		.4byte	0x347
 1084 0687 02       		.byte	0x2
 1085 0688 23       		.byte	0x23
 1086 0689 14       		.uleb128 0x14
 1087 068a 06       		.uleb128 0x6
 1088 068b D6000000 		.4byte	.LASF88
 1089 068f 0B       		.byte	0xb
 1090 0690 9A       		.byte	0x9a
 1091 0691 C3060000 		.4byte	0x6c3
 1092 0695 02       		.byte	0x2
 1093 0696 23       		.byte	0x23
 1094 0697 18       		.uleb128 0x18
 1095 0698 06       		.uleb128 0x6
 1096 0699 C2010000 		.4byte	.LASF89
 1097 069d 0B       		.byte	0xb
 1098 069e 9B       		.byte	0x9b
 1099 069f 47030000 		.4byte	0x347
 1100 06a3 02       		.byte	0x2
 1101 06a4 23       		.byte	0x23
 1102 06a5 1C       		.uleb128 0x1c
 1103 06a6 06       		.uleb128 0x6
 1104 06a7 5E020000 		.4byte	.LASF90
 1105 06ab 0B       		.byte	0xb
 1106 06ac 9C       		.byte	0x9c
 1107 06ad 47030000 		.4byte	0x347
 1108 06b1 02       		.byte	0x2
 1109 06b2 23       		.byte	0x23
 1110 06b3 20       		.uleb128 0x20
 1111 06b4 06       		.uleb128 0x6
 1112 06b5 59020000 		.4byte	.LASF91
 1113 06b9 0B       		.byte	0xb
 1114 06ba 9D       		.byte	0x9d
 1115 06bb 47030000 		.4byte	0x347
 1116 06bf 02       		.byte	0x2
 1117 06c0 23       		.byte	0x23
 1118 06c1 24       		.uleb128 0x24
 1119 06c2 00       		.byte	0
 1120 06c3 0D       		.uleb128 0xd
 1121 06c4 13060000 		.4byte	0x613
 1122 06c8 03       		.uleb128 0x3
 1123 06c9 54010000 		.4byte	.LASF92
 1124 06cd 0B       		.byte	0xb
 1125 06ce 9E       		.byte	0x9e
 1126 06cf 2E060000 		.4byte	0x62e
 1127 06d3 03       		.uleb128 0x3
 1128 06d4 E2030000 		.4byte	.LASF93
 1129 06d8 0B       		.byte	0xb
 1130 06d9 FD       		.byte	0xfd
 1131 06da DE060000 		.4byte	0x6de
 1132 06de 09       		.uleb128 0x9
 1133 06df 04       		.byte	0x4
 1134 06e0 C8060000 		.4byte	0x6c8
 1135 06e4 09       		.uleb128 0x9
 1136 06e5 04       		.byte	0x4
 1137 06e6 EA060000 		.4byte	0x6ea
 1138 06ea 10       		.uleb128 0x10
ARM GAS  /tmp/cc0NuQBJ.s 			page 21


 1139 06eb E3050000 		.4byte	0x5e3
 1140 06ef 15       		.uleb128 0x15
 1141 06f0 01       		.byte	0x1
 1142 06f1 0C       		.byte	0xc
 1143 06f2 55       		.byte	0x55
 1144 06f3 16070000 		.4byte	0x716
 1145 06f7 16       		.uleb128 0x16
 1146 06f8 0B040000 		.4byte	.LASF94
 1147 06fc 00       		.sleb128 0
 1148 06fd 16       		.uleb128 0x16
 1149 06fe DB000000 		.4byte	.LASF95
 1150 0702 01       		.sleb128 1
 1151 0703 16       		.uleb128 0x16
 1152 0704 4F000000 		.4byte	.LASF96
 1153 0708 02       		.sleb128 2
 1154 0709 16       		.uleb128 0x16
 1155 070a 20000000 		.4byte	.LASF97
 1156 070e 03       		.sleb128 3
 1157 070f 16       		.uleb128 0x16
 1158 0710 8F030000 		.4byte	.LASF98
 1159 0714 04       		.sleb128 4
 1160 0715 00       		.byte	0
 1161 0716 03       		.uleb128 0x3
 1162 0717 A3030000 		.4byte	.LASF99
 1163 071b 0C       		.byte	0xc
 1164 071c 5B       		.byte	0x5b
 1165 071d EF060000 		.4byte	0x6ef
 1166 0721 13       		.uleb128 0x13
 1167 0722 8B000000 		.4byte	.LASF100
 1168 0726 0D       		.byte	0xd
 1169 0727 E701     		.2byte	0x1e7
 1170 0729 2D070000 		.4byte	0x72d
 1171 072d 0B       		.uleb128 0xb
 1172 072e 8B000000 		.4byte	.LASF100
 1173 0732 30       		.byte	0x30
 1174 0733 0D       		.byte	0xd
 1175 0734 0B02     		.2byte	0x20b
 1176 0736 C2070000 		.4byte	0x7c2
 1177 073a 12       		.uleb128 0x12
 1178 073b 0C010000 		.4byte	.LASF101
 1179 073f 0D       		.byte	0xd
 1180 0740 0F02     		.2byte	0x20f
 1181 0742 16070000 		.4byte	0x716
 1182 0746 02       		.byte	0x2
 1183 0747 23       		.byte	0x23
 1184 0748 00       		.uleb128 0
 1185 0749 12       		.uleb128 0x12
 1186 074a 9C030000 		.4byte	.LASF102
 1187 074e 0D       		.byte	0xd
 1188 074f 1302     		.2byte	0x213
 1189 0751 38080000 		.4byte	0x838
 1190 0755 02       		.byte	0x2
 1191 0756 23       		.byte	0x23
 1192 0757 04       		.uleb128 0x4
 1193 0758 12       		.uleb128 0x12
 1194 0759 24010000 		.4byte	.LASF103
 1195 075d 0D       		.byte	0xd
ARM GAS  /tmp/cc0NuQBJ.s 			page 22


 1196 075e 1802     		.2byte	0x218
 1197 0760 56020000 		.4byte	0x256
 1198 0764 02       		.byte	0x2
 1199 0765 23       		.byte	0x23
 1200 0766 08       		.uleb128 0x8
 1201 0767 12       		.uleb128 0x12
 1202 0768 C9020000 		.4byte	.LASF104
 1203 076c 0D       		.byte	0xd
 1204 076d 1F02     		.2byte	0x21f
 1205 076f 95030000 		.4byte	0x395
 1206 0773 02       		.byte	0x2
 1207 0774 23       		.byte	0x23
 1208 0775 0C       		.uleb128 0xc
 1209 0776 0C       		.uleb128 0xc
 1210 0777 73706900 		.ascii	"spi\000"
 1211 077b 0D       		.byte	0xd
 1212 077c 2B02     		.2byte	0x22b
 1213 077e 43080000 		.4byte	0x843
 1214 0782 02       		.byte	0x2
 1215 0783 23       		.byte	0x23
 1216 0784 1C       		.uleb128 0x1c
 1217 0785 12       		.uleb128 0x12
 1218 0786 00000000 		.4byte	.LASF105
 1219 078a 0D       		.byte	0xd
 1220 078b 2F02     		.2byte	0x22f
 1221 078d E4060000 		.4byte	0x6e4
 1222 0791 02       		.byte	0x2
 1223 0792 23       		.byte	0x23
 1224 0793 20       		.uleb128 0x20
 1225 0794 12       		.uleb128 0x12
 1226 0795 61010000 		.4byte	.LASF106
 1227 0799 0D       		.byte	0xd
 1228 079a 3302     		.2byte	0x233
 1229 079c E4060000 		.4byte	0x6e4
 1230 07a0 02       		.byte	0x2
 1231 07a1 23       		.byte	0x23
 1232 07a2 24       		.uleb128 0x24
 1233 07a3 12       		.uleb128 0x12
 1234 07a4 4A010000 		.4byte	.LASF107
 1235 07a8 0D       		.byte	0xd
 1236 07a9 3702     		.2byte	0x237
 1237 07ab 82000000 		.4byte	0x82
 1238 07af 02       		.byte	0x2
 1239 07b0 23       		.byte	0x23
 1240 07b1 28       		.uleb128 0x28
 1241 07b2 12       		.uleb128 0x12
 1242 07b3 43020000 		.4byte	.LASF108
 1243 07b7 0D       		.byte	0xd
 1244 07b8 3B02     		.2byte	0x23b
 1245 07ba 82000000 		.4byte	0x82
 1246 07be 02       		.byte	0x2
 1247 07bf 23       		.byte	0x23
 1248 07c0 2C       		.uleb128 0x2c
 1249 07c1 00       		.byte	0
 1250 07c2 13       		.uleb128 0x13
 1251 07c3 FE000000 		.4byte	.LASF109
 1252 07c7 0D       		.byte	0xd
ARM GAS  /tmp/cc0NuQBJ.s 			page 23


 1253 07c8 EF01     		.2byte	0x1ef
 1254 07ca CE070000 		.4byte	0x7ce
 1255 07ce 09       		.uleb128 0x9
 1256 07cf 04       		.byte	0x4
 1257 07d0 D4070000 		.4byte	0x7d4
 1258 07d4 17       		.uleb128 0x17
 1259 07d5 01       		.byte	0x1
 1260 07d6 E0070000 		.4byte	0x7e0
 1261 07da 18       		.uleb128 0x18
 1262 07db E0070000 		.4byte	0x7e0
 1263 07df 00       		.byte	0
 1264 07e0 09       		.uleb128 0x9
 1265 07e1 04       		.byte	0x4
 1266 07e2 21070000 		.4byte	0x721
 1267 07e6 11       		.uleb128 0x11
 1268 07e7 0C       		.byte	0xc
 1269 07e8 0D       		.byte	0xd
 1270 07e9 F401     		.2byte	0x1f4
 1271 07eb 2C080000 		.4byte	0x82c
 1272 07ef 12       		.uleb128 0x12
 1273 07f0 43010000 		.4byte	.LASF110
 1274 07f4 0D       		.byte	0xd
 1275 07f5 F801     		.2byte	0x1f8
 1276 07f7 C2070000 		.4byte	0x7c2
 1277 07fb 02       		.byte	0x2
 1278 07fc 23       		.byte	0x23
 1279 07fd 00       		.uleb128 0
 1280 07fe 12       		.uleb128 0x12
 1281 07ff 95000000 		.4byte	.LASF111
 1282 0803 0D       		.byte	0xd
 1283 0804 FD01     		.2byte	0x1fd
 1284 0806 D3060000 		.4byte	0x6d3
 1285 080a 02       		.byte	0x2
 1286 080b 23       		.byte	0x23
 1287 080c 04       		.uleb128 0x4
 1288 080d 12       		.uleb128 0x12
 1289 080e B6000000 		.4byte	.LASF112
 1290 0812 0D       		.byte	0xd
 1291 0813 0102     		.2byte	0x201
 1292 0815 5E000000 		.4byte	0x5e
 1293 0819 02       		.byte	0x2
 1294 081a 23       		.byte	0x23
 1295 081b 08       		.uleb128 0x8
 1296 081c 0C       		.uleb128 0xc
 1297 081d 63723100 		.ascii	"cr1\000"
 1298 0821 0D       		.byte	0xd
 1299 0822 0502     		.2byte	0x205
 1300 0824 5E000000 		.4byte	0x5e
 1301 0828 02       		.byte	0x2
 1302 0829 23       		.byte	0x23
 1303 082a 0A       		.uleb128 0xa
 1304 082b 00       		.byte	0
 1305 082c 13       		.uleb128 0x13
 1306 082d 54040000 		.4byte	.LASF113
 1307 0831 0D       		.byte	0xd
 1308 0832 0602     		.2byte	0x206
 1309 0834 E6070000 		.4byte	0x7e6
ARM GAS  /tmp/cc0NuQBJ.s 			page 24


 1310 0838 09       		.uleb128 0x9
 1311 0839 04       		.byte	0x4
 1312 083a 3E080000 		.4byte	0x83e
 1313 083e 10       		.uleb128 0x10
 1314 083f 2C080000 		.4byte	0x82c
 1315 0843 09       		.uleb128 0x9
 1316 0844 04       		.byte	0x4
 1317 0845 7C050000 		.4byte	0x57c
 1318 0849 19       		.uleb128 0x19
 1319 084a 01       		.byte	0x1
 1320 084b 16040000 		.4byte	.LASF123
 1321 084f 01       		.byte	0x1
 1322 0850 3C       		.byte	0x3c
 1323 0851 01       		.byte	0x1
 1324 0852 45000000 		.4byte	0x45
 1325 0856 00000000 		.4byte	.LFB118
 1326 085a 3A000000 		.4byte	.LFE118
 1327 085e 00000000 		.4byte	.LLST0
 1328 0862 01       		.byte	0x1
 1329 0863 CF080000 		.4byte	0x8cf
 1330 0867 1A       		.uleb128 0x1a
 1331 0868 41040000 		.4byte	.LASF114
 1332 086c 01       		.byte	0x1
 1333 086d 3C       		.byte	0x3c
 1334 086e E0070000 		.4byte	0x7e0
 1335 0872 20000000 		.4byte	.LLST1
 1336 0876 1B       		.uleb128 0x1b
 1337 0877 72656700 		.ascii	"reg\000"
 1338 087b 01       		.byte	0x1
 1339 087c 3C       		.byte	0x3c
 1340 087d 45000000 		.4byte	0x45
 1341 0881 3E000000 		.4byte	.LLST2
 1342 0885 1C       		.uleb128 0x1c
 1343 0886 1E000000 		.4byte	.LVL1
 1344 088a 9E090000 		.4byte	0x99e
 1345 088e 99080000 		.4byte	0x899
 1346 0892 1D       		.uleb128 0x1d
 1347 0893 01       		.byte	0x1
 1348 0894 50       		.byte	0x50
 1349 0895 02       		.byte	0x2
 1350 0896 76       		.byte	0x76
 1351 0897 00       		.sleb128 0
 1352 0898 00       		.byte	0
 1353 0899 1C       		.uleb128 0x1c
 1354 089a 30000000 		.4byte	.LVL2
 1355 089e B3090000 		.4byte	0x9b3
 1356 08a2 BE080000 		.4byte	0x8be
 1357 08a6 1D       		.uleb128 0x1d
 1358 08a7 01       		.byte	0x1
 1359 08a8 53       		.byte	0x53
 1360 08a9 02       		.byte	0x2
 1361 08aa 75       		.byte	0x75
 1362 08ab 00       		.sleb128 0
 1363 08ac 1D       		.uleb128 0x1d
 1364 08ad 01       		.byte	0x1
 1365 08ae 52       		.byte	0x52
 1366 08af 02       		.byte	0x2
ARM GAS  /tmp/cc0NuQBJ.s 			page 25


 1367 08b0 74       		.byte	0x74
 1368 08b1 00       		.sleb128 0
 1369 08b2 1D       		.uleb128 0x1d
 1370 08b3 01       		.byte	0x1
 1371 08b4 51       		.byte	0x51
 1372 08b5 01       		.byte	0x1
 1373 08b6 32       		.byte	0x32
 1374 08b7 1D       		.uleb128 0x1d
 1375 08b8 01       		.byte	0x1
 1376 08b9 50       		.byte	0x50
 1377 08ba 02       		.byte	0x2
 1378 08bb 76       		.byte	0x76
 1379 08bc 00       		.sleb128 0
 1380 08bd 00       		.byte	0
 1381 08be 1E       		.uleb128 0x1e
 1382 08bf 36000000 		.4byte	.LVL3
 1383 08c3 DE090000 		.4byte	0x9de
 1384 08c7 1D       		.uleb128 0x1d
 1385 08c8 01       		.byte	0x1
 1386 08c9 50       		.byte	0x50
 1387 08ca 02       		.byte	0x2
 1388 08cb 76       		.byte	0x76
 1389 08cc 00       		.sleb128 0
 1390 08cd 00       		.byte	0
 1391 08ce 00       		.byte	0
 1392 08cf 1F       		.uleb128 0x1f
 1393 08d0 01       		.byte	0x1
 1394 08d1 75000000 		.4byte	.LASF124
 1395 08d5 01       		.byte	0x1
 1396 08d6 4E       		.byte	0x4e
 1397 08d7 01       		.byte	0x1
 1398 08d8 00000000 		.4byte	.LFB119
 1399 08dc 48000000 		.4byte	.LFE119
 1400 08e0 5F000000 		.4byte	.LLST3
 1401 08e4 01       		.byte	0x1
 1402 08e5 5E090000 		.4byte	0x95e
 1403 08e9 1A       		.uleb128 0x1a
 1404 08ea 41040000 		.4byte	.LASF114
 1405 08ee 01       		.byte	0x1
 1406 08ef 4E       		.byte	0x4e
 1407 08f0 E0070000 		.4byte	0x7e0
 1408 08f4 7F000000 		.4byte	.LLST4
 1409 08f8 1B       		.uleb128 0x1b
 1410 08f9 72656700 		.ascii	"reg\000"
 1411 08fd 01       		.byte	0x1
 1412 08fe 4E       		.byte	0x4e
 1413 08ff 45000000 		.4byte	0x45
 1414 0903 A8000000 		.4byte	.LLST5
 1415 0907 1A       		.uleb128 0x1a
 1416 0908 9E010000 		.4byte	.LASF115
 1417 090c 01       		.byte	0x1
 1418 090d 4E       		.byte	0x4e
 1419 090e 45000000 		.4byte	0x45
 1420 0912 C9000000 		.4byte	.LLST6
 1421 0916 1C       		.uleb128 0x1c
 1422 0917 28000000 		.4byte	.LVL7
 1423 091b 9E090000 		.4byte	0x99e
ARM GAS  /tmp/cc0NuQBJ.s 			page 26


 1424 091f 2A090000 		.4byte	0x92a
 1425 0923 1D       		.uleb128 0x1d
 1426 0924 01       		.byte	0x1
 1427 0925 50       		.byte	0x50
 1428 0926 02       		.byte	0x2
 1429 0927 76       		.byte	0x76
 1430 0928 00       		.sleb128 0
 1431 0929 00       		.byte	0
 1432 092a 1C       		.uleb128 0x1c
 1433 092b 38000000 		.4byte	.LVL8
 1434 092f F3090000 		.4byte	0x9f3
 1435 0933 4C090000 		.4byte	0x94c
 1436 0937 1D       		.uleb128 0x1d
 1437 0938 01       		.byte	0x1
 1438 0939 52       		.byte	0x52
 1439 093a 05       		.byte	0x5
 1440 093b 03       		.byte	0x3
 1441 093c 00000000 		.4byte	.LANCHOR0
 1442 0940 1D       		.uleb128 0x1d
 1443 0941 01       		.byte	0x1
 1444 0942 51       		.byte	0x51
 1445 0943 01       		.byte	0x1
 1446 0944 32       		.byte	0x32
 1447 0945 1D       		.uleb128 0x1d
 1448 0946 01       		.byte	0x1
 1449 0947 50       		.byte	0x50
 1450 0948 02       		.byte	0x2
 1451 0949 76       		.byte	0x76
 1452 094a 00       		.sleb128 0
 1453 094b 00       		.byte	0
 1454 094c 20       		.uleb128 0x20
 1455 094d 42000000 		.4byte	.LVL9
 1456 0951 01       		.byte	0x1
 1457 0952 DE090000 		.4byte	0x9de
 1458 0956 1D       		.uleb128 0x1d
 1459 0957 01       		.byte	0x1
 1460 0958 50       		.byte	0x50
 1461 0959 02       		.byte	0x2
 1462 095a 76       		.byte	0x76
 1463 095b 00       		.sleb128 0
 1464 095c 00       		.byte	0
 1465 095d 00       		.byte	0
 1466 095e 21       		.uleb128 0x21
 1467 095f 45000000 		.4byte	0x45
 1468 0963 6E090000 		.4byte	0x96e
 1469 0967 22       		.uleb128 0x22
 1470 0968 4C030000 		.4byte	0x34c
 1471 096c 01       		.byte	0x1
 1472 096d 00       		.byte	0
 1473 096e 23       		.uleb128 0x23
 1474 096f B1010000 		.4byte	.LASF116
 1475 0973 01       		.byte	0x1
 1476 0974 29       		.byte	0x29
 1477 0975 5E090000 		.4byte	0x95e
 1478 0979 05       		.byte	0x5
 1479 097a 03       		.byte	0x3
 1480 097b 00000000 		.4byte	txbuf
ARM GAS  /tmp/cc0NuQBJ.s 			page 27


 1481 097f 23       		.uleb128 0x23
 1482 0980 A9000000 		.4byte	.LASF117
 1483 0984 01       		.byte	0x1
 1484 0985 2A       		.byte	0x2a
 1485 0986 5E090000 		.4byte	0x95e
 1486 098a 05       		.byte	0x5
 1487 098b 03       		.byte	0x3
 1488 098c 00000000 		.4byte	rxbuf
 1489 0990 24       		.uleb128 0x24
 1490 0991 9C000000 		.4byte	.LASF125
 1491 0995 0E       		.byte	0xe
 1492 0996 9806     		.2byte	0x698
 1493 0998 F2030000 		.4byte	0x3f2
 1494 099c 01       		.byte	0x1
 1495 099d 01       		.byte	0x1
 1496 099e 25       		.uleb128 0x25
 1497 099f 01       		.byte	0x1
 1498 09a0 F5030000 		.4byte	.LASF118
 1499 09a4 0C       		.byte	0xc
 1500 09a5 3201     		.2byte	0x132
 1501 09a7 01       		.byte	0x1
 1502 09a8 01       		.byte	0x1
 1503 09a9 B3090000 		.4byte	0x9b3
 1504 09ad 18       		.uleb128 0x18
 1505 09ae E0070000 		.4byte	0x7e0
 1506 09b2 00       		.byte	0
 1507 09b3 25       		.uleb128 0x25
 1508 09b4 01       		.byte	0x1
 1509 09b5 07020000 		.4byte	.LASF119
 1510 09b9 0C       		.byte	0xc
 1511 09ba 3B01     		.2byte	0x13b
 1512 09bc 01       		.byte	0x1
 1513 09bd 01       		.byte	0x1
 1514 09be D7090000 		.4byte	0x9d7
 1515 09c2 18       		.uleb128 0x18
 1516 09c3 E0070000 		.4byte	0x7e0
 1517 09c7 18       		.uleb128 0x18
 1518 09c8 2C000000 		.4byte	0x2c
 1519 09cc 18       		.uleb128 0x18
 1520 09cd D7090000 		.4byte	0x9d7
 1521 09d1 18       		.uleb128 0x18
 1522 09d2 94020000 		.4byte	0x294
 1523 09d6 00       		.byte	0
 1524 09d7 09       		.uleb128 0x9
 1525 09d8 04       		.byte	0x4
 1526 09d9 DD090000 		.4byte	0x9dd
 1527 09dd 26       		.uleb128 0x26
 1528 09de 25       		.uleb128 0x25
 1529 09df 01       		.byte	0x1
 1530 09e0 92010000 		.4byte	.LASF120
 1531 09e4 0C       		.byte	0xc
 1532 09e5 3301     		.2byte	0x133
 1533 09e7 01       		.byte	0x1
 1534 09e8 01       		.byte	0x1
 1535 09e9 F3090000 		.4byte	0x9f3
 1536 09ed 18       		.uleb128 0x18
 1537 09ee E0070000 		.4byte	0x7e0
ARM GAS  /tmp/cc0NuQBJ.s 			page 28


 1538 09f2 00       		.byte	0
 1539 09f3 27       		.uleb128 0x27
 1540 09f4 01       		.byte	0x1
 1541 09f5 6F010000 		.4byte	.LASF126
 1542 09f9 0C       		.byte	0xc
 1543 09fa 3C01     		.2byte	0x13c
 1544 09fc 01       		.byte	0x1
 1545 09fd 01       		.byte	0x1
 1546 09fe 18       		.uleb128 0x18
 1547 09ff E0070000 		.4byte	0x7e0
 1548 0a03 18       		.uleb128 0x18
 1549 0a04 2C000000 		.4byte	0x2c
 1550 0a08 18       		.uleb128 0x18
 1551 0a09 D7090000 		.4byte	0x9d7
 1552 0a0d 00       		.byte	0
 1553 0a0e 00       		.byte	0
 1554              		.section	.debug_abbrev,"",%progbits
 1555              	.Ldebug_abbrev0:
 1556 0000 01       		.uleb128 0x1
 1557 0001 11       		.uleb128 0x11
 1558 0002 01       		.byte	0x1
 1559 0003 25       		.uleb128 0x25
 1560 0004 0E       		.uleb128 0xe
 1561 0005 13       		.uleb128 0x13
 1562 0006 0B       		.uleb128 0xb
 1563 0007 03       		.uleb128 0x3
 1564 0008 0E       		.uleb128 0xe
 1565 0009 55       		.uleb128 0x55
 1566 000a 06       		.uleb128 0x6
 1567 000b 11       		.uleb128 0x11
 1568 000c 01       		.uleb128 0x1
 1569 000d 52       		.uleb128 0x52
 1570 000e 01       		.uleb128 0x1
 1571 000f 10       		.uleb128 0x10
 1572 0010 06       		.uleb128 0x6
 1573 0011 00       		.byte	0
 1574 0012 00       		.byte	0
 1575 0013 02       		.uleb128 0x2
 1576 0014 24       		.uleb128 0x24
 1577 0015 00       		.byte	0
 1578 0016 0B       		.uleb128 0xb
 1579 0017 0B       		.uleb128 0xb
 1580 0018 3E       		.uleb128 0x3e
 1581 0019 0B       		.uleb128 0xb
 1582 001a 03       		.uleb128 0x3
 1583 001b 08       		.uleb128 0x8
 1584 001c 00       		.byte	0
 1585 001d 00       		.byte	0
 1586 001e 03       		.uleb128 0x3
 1587 001f 16       		.uleb128 0x16
 1588 0020 00       		.byte	0
 1589 0021 03       		.uleb128 0x3
 1590 0022 0E       		.uleb128 0xe
 1591 0023 3A       		.uleb128 0x3a
 1592 0024 0B       		.uleb128 0xb
 1593 0025 3B       		.uleb128 0x3b
 1594 0026 0B       		.uleb128 0xb
ARM GAS  /tmp/cc0NuQBJ.s 			page 29


 1595 0027 49       		.uleb128 0x49
 1596 0028 13       		.uleb128 0x13
 1597 0029 00       		.byte	0
 1598 002a 00       		.byte	0
 1599 002b 04       		.uleb128 0x4
 1600 002c 24       		.uleb128 0x24
 1601 002d 00       		.byte	0
 1602 002e 0B       		.uleb128 0xb
 1603 002f 0B       		.uleb128 0xb
 1604 0030 3E       		.uleb128 0x3e
 1605 0031 0B       		.uleb128 0xb
 1606 0032 03       		.uleb128 0x3
 1607 0033 0E       		.uleb128 0xe
 1608 0034 00       		.byte	0
 1609 0035 00       		.byte	0
 1610 0036 05       		.uleb128 0x5
 1611 0037 13       		.uleb128 0x13
 1612 0038 01       		.byte	0x1
 1613 0039 03       		.uleb128 0x3
 1614 003a 0E       		.uleb128 0xe
 1615 003b 0B       		.uleb128 0xb
 1616 003c 0B       		.uleb128 0xb
 1617 003d 3A       		.uleb128 0x3a
 1618 003e 0B       		.uleb128 0xb
 1619 003f 3B       		.uleb128 0x3b
 1620 0040 0B       		.uleb128 0xb
 1621 0041 01       		.uleb128 0x1
 1622 0042 13       		.uleb128 0x13
 1623 0043 00       		.byte	0
 1624 0044 00       		.byte	0
 1625 0045 06       		.uleb128 0x6
 1626 0046 0D       		.uleb128 0xd
 1627 0047 00       		.byte	0
 1628 0048 03       		.uleb128 0x3
 1629 0049 0E       		.uleb128 0xe
 1630 004a 3A       		.uleb128 0x3a
 1631 004b 0B       		.uleb128 0xb
 1632 004c 3B       		.uleb128 0x3b
 1633 004d 0B       		.uleb128 0xb
 1634 004e 49       		.uleb128 0x49
 1635 004f 13       		.uleb128 0x13
 1636 0050 38       		.uleb128 0x38
 1637 0051 0A       		.uleb128 0xa
 1638 0052 00       		.byte	0
 1639 0053 00       		.byte	0
 1640 0054 07       		.uleb128 0x7
 1641 0055 0D       		.uleb128 0xd
 1642 0056 00       		.byte	0
 1643 0057 03       		.uleb128 0x3
 1644 0058 08       		.uleb128 0x8
 1645 0059 3A       		.uleb128 0x3a
 1646 005a 0B       		.uleb128 0xb
 1647 005b 3B       		.uleb128 0x3b
 1648 005c 0B       		.uleb128 0xb
 1649 005d 49       		.uleb128 0x49
 1650 005e 13       		.uleb128 0x13
 1651 005f 38       		.uleb128 0x38
ARM GAS  /tmp/cc0NuQBJ.s 			page 30


 1652 0060 0A       		.uleb128 0xa
 1653 0061 00       		.byte	0
 1654 0062 00       		.byte	0
 1655 0063 08       		.uleb128 0x8
 1656 0064 13       		.uleb128 0x13
 1657 0065 01       		.byte	0x1
 1658 0066 0B       		.uleb128 0xb
 1659 0067 0B       		.uleb128 0xb
 1660 0068 3A       		.uleb128 0x3a
 1661 0069 0B       		.uleb128 0xb
 1662 006a 3B       		.uleb128 0x3b
 1663 006b 0B       		.uleb128 0xb
 1664 006c 01       		.uleb128 0x1
 1665 006d 13       		.uleb128 0x13
 1666 006e 00       		.byte	0
 1667 006f 00       		.byte	0
 1668 0070 09       		.uleb128 0x9
 1669 0071 0F       		.uleb128 0xf
 1670 0072 00       		.byte	0
 1671 0073 0B       		.uleb128 0xb
 1672 0074 0B       		.uleb128 0xb
 1673 0075 49       		.uleb128 0x49
 1674 0076 13       		.uleb128 0x13
 1675 0077 00       		.byte	0
 1676 0078 00       		.byte	0
 1677 0079 0A       		.uleb128 0xa
 1678 007a 0F       		.uleb128 0xf
 1679 007b 00       		.byte	0
 1680 007c 0B       		.uleb128 0xb
 1681 007d 0B       		.uleb128 0xb
 1682 007e 00       		.byte	0
 1683 007f 00       		.byte	0
 1684 0080 0B       		.uleb128 0xb
 1685 0081 13       		.uleb128 0x13
 1686 0082 01       		.byte	0x1
 1687 0083 03       		.uleb128 0x3
 1688 0084 0E       		.uleb128 0xe
 1689 0085 0B       		.uleb128 0xb
 1690 0086 0B       		.uleb128 0xb
 1691 0087 3A       		.uleb128 0x3a
 1692 0088 0B       		.uleb128 0xb
 1693 0089 3B       		.uleb128 0x3b
 1694 008a 05       		.uleb128 0x5
 1695 008b 01       		.uleb128 0x1
 1696 008c 13       		.uleb128 0x13
 1697 008d 00       		.byte	0
 1698 008e 00       		.byte	0
 1699 008f 0C       		.uleb128 0xc
 1700 0090 0D       		.uleb128 0xd
 1701 0091 00       		.byte	0
 1702 0092 03       		.uleb128 0x3
 1703 0093 08       		.uleb128 0x8
 1704 0094 3A       		.uleb128 0x3a
 1705 0095 0B       		.uleb128 0xb
 1706 0096 3B       		.uleb128 0x3b
 1707 0097 05       		.uleb128 0x5
 1708 0098 49       		.uleb128 0x49
ARM GAS  /tmp/cc0NuQBJ.s 			page 31


 1709 0099 13       		.uleb128 0x13
 1710 009a 38       		.uleb128 0x38
 1711 009b 0A       		.uleb128 0xa
 1712 009c 00       		.byte	0
 1713 009d 00       		.byte	0
 1714 009e 0D       		.uleb128 0xd
 1715 009f 35       		.uleb128 0x35
 1716 00a0 00       		.byte	0
 1717 00a1 49       		.uleb128 0x49
 1718 00a2 13       		.uleb128 0x13
 1719 00a3 00       		.byte	0
 1720 00a4 00       		.byte	0
 1721 00a5 0E       		.uleb128 0xe
 1722 00a6 17       		.uleb128 0x17
 1723 00a7 01       		.byte	0x1
 1724 00a8 0B       		.uleb128 0xb
 1725 00a9 0B       		.uleb128 0xb
 1726 00aa 3A       		.uleb128 0x3a
 1727 00ab 0B       		.uleb128 0xb
 1728 00ac 3B       		.uleb128 0x3b
 1729 00ad 0B       		.uleb128 0xb
 1730 00ae 01       		.uleb128 0x1
 1731 00af 13       		.uleb128 0x13
 1732 00b0 00       		.byte	0
 1733 00b1 00       		.byte	0
 1734 00b2 0F       		.uleb128 0xf
 1735 00b3 0D       		.uleb128 0xd
 1736 00b4 00       		.byte	0
 1737 00b5 03       		.uleb128 0x3
 1738 00b6 0E       		.uleb128 0xe
 1739 00b7 3A       		.uleb128 0x3a
 1740 00b8 0B       		.uleb128 0xb
 1741 00b9 3B       		.uleb128 0x3b
 1742 00ba 0B       		.uleb128 0xb
 1743 00bb 49       		.uleb128 0x49
 1744 00bc 13       		.uleb128 0x13
 1745 00bd 00       		.byte	0
 1746 00be 00       		.byte	0
 1747 00bf 10       		.uleb128 0x10
 1748 00c0 26       		.uleb128 0x26
 1749 00c1 00       		.byte	0
 1750 00c2 49       		.uleb128 0x49
 1751 00c3 13       		.uleb128 0x13
 1752 00c4 00       		.byte	0
 1753 00c5 00       		.byte	0
 1754 00c6 11       		.uleb128 0x11
 1755 00c7 13       		.uleb128 0x13
 1756 00c8 01       		.byte	0x1
 1757 00c9 0B       		.uleb128 0xb
 1758 00ca 0B       		.uleb128 0xb
 1759 00cb 3A       		.uleb128 0x3a
 1760 00cc 0B       		.uleb128 0xb
 1761 00cd 3B       		.uleb128 0x3b
 1762 00ce 05       		.uleb128 0x5
 1763 00cf 01       		.uleb128 0x1
 1764 00d0 13       		.uleb128 0x13
 1765 00d1 00       		.byte	0
ARM GAS  /tmp/cc0NuQBJ.s 			page 32


 1766 00d2 00       		.byte	0
 1767 00d3 12       		.uleb128 0x12
 1768 00d4 0D       		.uleb128 0xd
 1769 00d5 00       		.byte	0
 1770 00d6 03       		.uleb128 0x3
 1771 00d7 0E       		.uleb128 0xe
 1772 00d8 3A       		.uleb128 0x3a
 1773 00d9 0B       		.uleb128 0xb
 1774 00da 3B       		.uleb128 0x3b
 1775 00db 05       		.uleb128 0x5
 1776 00dc 49       		.uleb128 0x49
 1777 00dd 13       		.uleb128 0x13
 1778 00de 38       		.uleb128 0x38
 1779 00df 0A       		.uleb128 0xa
 1780 00e0 00       		.byte	0
 1781 00e1 00       		.byte	0
 1782 00e2 13       		.uleb128 0x13
 1783 00e3 16       		.uleb128 0x16
 1784 00e4 00       		.byte	0
 1785 00e5 03       		.uleb128 0x3
 1786 00e6 0E       		.uleb128 0xe
 1787 00e7 3A       		.uleb128 0x3a
 1788 00e8 0B       		.uleb128 0xb
 1789 00e9 3B       		.uleb128 0x3b
 1790 00ea 05       		.uleb128 0x5
 1791 00eb 49       		.uleb128 0x49
 1792 00ec 13       		.uleb128 0x13
 1793 00ed 00       		.byte	0
 1794 00ee 00       		.byte	0
 1795 00ef 14       		.uleb128 0x14
 1796 00f0 0D       		.uleb128 0xd
 1797 00f1 00       		.byte	0
 1798 00f2 03       		.uleb128 0x3
 1799 00f3 08       		.uleb128 0x8
 1800 00f4 3A       		.uleb128 0x3a
 1801 00f5 0B       		.uleb128 0xb
 1802 00f6 3B       		.uleb128 0x3b
 1803 00f7 0B       		.uleb128 0xb
 1804 00f8 49       		.uleb128 0x49
 1805 00f9 13       		.uleb128 0x13
 1806 00fa 00       		.byte	0
 1807 00fb 00       		.byte	0
 1808 00fc 15       		.uleb128 0x15
 1809 00fd 04       		.uleb128 0x4
 1810 00fe 01       		.byte	0x1
 1811 00ff 0B       		.uleb128 0xb
 1812 0100 0B       		.uleb128 0xb
 1813 0101 3A       		.uleb128 0x3a
 1814 0102 0B       		.uleb128 0xb
 1815 0103 3B       		.uleb128 0x3b
 1816 0104 0B       		.uleb128 0xb
 1817 0105 01       		.uleb128 0x1
 1818 0106 13       		.uleb128 0x13
 1819 0107 00       		.byte	0
 1820 0108 00       		.byte	0
 1821 0109 16       		.uleb128 0x16
 1822 010a 28       		.uleb128 0x28
ARM GAS  /tmp/cc0NuQBJ.s 			page 33


 1823 010b 00       		.byte	0
 1824 010c 03       		.uleb128 0x3
 1825 010d 0E       		.uleb128 0xe
 1826 010e 1C       		.uleb128 0x1c
 1827 010f 0D       		.uleb128 0xd
 1828 0110 00       		.byte	0
 1829 0111 00       		.byte	0
 1830 0112 17       		.uleb128 0x17
 1831 0113 15       		.uleb128 0x15
 1832 0114 01       		.byte	0x1
 1833 0115 27       		.uleb128 0x27
 1834 0116 0C       		.uleb128 0xc
 1835 0117 01       		.uleb128 0x1
 1836 0118 13       		.uleb128 0x13
 1837 0119 00       		.byte	0
 1838 011a 00       		.byte	0
 1839 011b 18       		.uleb128 0x18
 1840 011c 05       		.uleb128 0x5
 1841 011d 00       		.byte	0
 1842 011e 49       		.uleb128 0x49
 1843 011f 13       		.uleb128 0x13
 1844 0120 00       		.byte	0
 1845 0121 00       		.byte	0
 1846 0122 19       		.uleb128 0x19
 1847 0123 2E       		.uleb128 0x2e
 1848 0124 01       		.byte	0x1
 1849 0125 3F       		.uleb128 0x3f
 1850 0126 0C       		.uleb128 0xc
 1851 0127 03       		.uleb128 0x3
 1852 0128 0E       		.uleb128 0xe
 1853 0129 3A       		.uleb128 0x3a
 1854 012a 0B       		.uleb128 0xb
 1855 012b 3B       		.uleb128 0x3b
 1856 012c 0B       		.uleb128 0xb
 1857 012d 27       		.uleb128 0x27
 1858 012e 0C       		.uleb128 0xc
 1859 012f 49       		.uleb128 0x49
 1860 0130 13       		.uleb128 0x13
 1861 0131 11       		.uleb128 0x11
 1862 0132 01       		.uleb128 0x1
 1863 0133 12       		.uleb128 0x12
 1864 0134 01       		.uleb128 0x1
 1865 0135 40       		.uleb128 0x40
 1866 0136 06       		.uleb128 0x6
 1867 0137 9742     		.uleb128 0x2117
 1868 0139 0C       		.uleb128 0xc
 1869 013a 01       		.uleb128 0x1
 1870 013b 13       		.uleb128 0x13
 1871 013c 00       		.byte	0
 1872 013d 00       		.byte	0
 1873 013e 1A       		.uleb128 0x1a
 1874 013f 05       		.uleb128 0x5
 1875 0140 00       		.byte	0
 1876 0141 03       		.uleb128 0x3
 1877 0142 0E       		.uleb128 0xe
 1878 0143 3A       		.uleb128 0x3a
 1879 0144 0B       		.uleb128 0xb
ARM GAS  /tmp/cc0NuQBJ.s 			page 34


 1880 0145 3B       		.uleb128 0x3b
 1881 0146 0B       		.uleb128 0xb
 1882 0147 49       		.uleb128 0x49
 1883 0148 13       		.uleb128 0x13
 1884 0149 02       		.uleb128 0x2
 1885 014a 06       		.uleb128 0x6
 1886 014b 00       		.byte	0
 1887 014c 00       		.byte	0
 1888 014d 1B       		.uleb128 0x1b
 1889 014e 05       		.uleb128 0x5
 1890 014f 00       		.byte	0
 1891 0150 03       		.uleb128 0x3
 1892 0151 08       		.uleb128 0x8
 1893 0152 3A       		.uleb128 0x3a
 1894 0153 0B       		.uleb128 0xb
 1895 0154 3B       		.uleb128 0x3b
 1896 0155 0B       		.uleb128 0xb
 1897 0156 49       		.uleb128 0x49
 1898 0157 13       		.uleb128 0x13
 1899 0158 02       		.uleb128 0x2
 1900 0159 06       		.uleb128 0x6
 1901 015a 00       		.byte	0
 1902 015b 00       		.byte	0
 1903 015c 1C       		.uleb128 0x1c
 1904 015d 898201   		.uleb128 0x4109
 1905 0160 01       		.byte	0x1
 1906 0161 11       		.uleb128 0x11
 1907 0162 01       		.uleb128 0x1
 1908 0163 31       		.uleb128 0x31
 1909 0164 13       		.uleb128 0x13
 1910 0165 01       		.uleb128 0x1
 1911 0166 13       		.uleb128 0x13
 1912 0167 00       		.byte	0
 1913 0168 00       		.byte	0
 1914 0169 1D       		.uleb128 0x1d
 1915 016a 8A8201   		.uleb128 0x410a
 1916 016d 00       		.byte	0
 1917 016e 02       		.uleb128 0x2
 1918 016f 0A       		.uleb128 0xa
 1919 0170 9142     		.uleb128 0x2111
 1920 0172 0A       		.uleb128 0xa
 1921 0173 00       		.byte	0
 1922 0174 00       		.byte	0
 1923 0175 1E       		.uleb128 0x1e
 1924 0176 898201   		.uleb128 0x4109
 1925 0179 01       		.byte	0x1
 1926 017a 11       		.uleb128 0x11
 1927 017b 01       		.uleb128 0x1
 1928 017c 31       		.uleb128 0x31
 1929 017d 13       		.uleb128 0x13
 1930 017e 00       		.byte	0
 1931 017f 00       		.byte	0
 1932 0180 1F       		.uleb128 0x1f
 1933 0181 2E       		.uleb128 0x2e
 1934 0182 01       		.byte	0x1
 1935 0183 3F       		.uleb128 0x3f
 1936 0184 0C       		.uleb128 0xc
ARM GAS  /tmp/cc0NuQBJ.s 			page 35


 1937 0185 03       		.uleb128 0x3
 1938 0186 0E       		.uleb128 0xe
 1939 0187 3A       		.uleb128 0x3a
 1940 0188 0B       		.uleb128 0xb
 1941 0189 3B       		.uleb128 0x3b
 1942 018a 0B       		.uleb128 0xb
 1943 018b 27       		.uleb128 0x27
 1944 018c 0C       		.uleb128 0xc
 1945 018d 11       		.uleb128 0x11
 1946 018e 01       		.uleb128 0x1
 1947 018f 12       		.uleb128 0x12
 1948 0190 01       		.uleb128 0x1
 1949 0191 40       		.uleb128 0x40
 1950 0192 06       		.uleb128 0x6
 1951 0193 9742     		.uleb128 0x2117
 1952 0195 0C       		.uleb128 0xc
 1953 0196 01       		.uleb128 0x1
 1954 0197 13       		.uleb128 0x13
 1955 0198 00       		.byte	0
 1956 0199 00       		.byte	0
 1957 019a 20       		.uleb128 0x20
 1958 019b 898201   		.uleb128 0x4109
 1959 019e 01       		.byte	0x1
 1960 019f 11       		.uleb128 0x11
 1961 01a0 01       		.uleb128 0x1
 1962 01a1 9542     		.uleb128 0x2115
 1963 01a3 0C       		.uleb128 0xc
 1964 01a4 31       		.uleb128 0x31
 1965 01a5 13       		.uleb128 0x13
 1966 01a6 00       		.byte	0
 1967 01a7 00       		.byte	0
 1968 01a8 21       		.uleb128 0x21
 1969 01a9 01       		.uleb128 0x1
 1970 01aa 01       		.byte	0x1
 1971 01ab 49       		.uleb128 0x49
 1972 01ac 13       		.uleb128 0x13
 1973 01ad 01       		.uleb128 0x1
 1974 01ae 13       		.uleb128 0x13
 1975 01af 00       		.byte	0
 1976 01b0 00       		.byte	0
 1977 01b1 22       		.uleb128 0x22
 1978 01b2 21       		.uleb128 0x21
 1979 01b3 00       		.byte	0
 1980 01b4 49       		.uleb128 0x49
 1981 01b5 13       		.uleb128 0x13
 1982 01b6 2F       		.uleb128 0x2f
 1983 01b7 0B       		.uleb128 0xb
 1984 01b8 00       		.byte	0
 1985 01b9 00       		.byte	0
 1986 01ba 23       		.uleb128 0x23
 1987 01bb 34       		.uleb128 0x34
 1988 01bc 00       		.byte	0
 1989 01bd 03       		.uleb128 0x3
 1990 01be 0E       		.uleb128 0xe
 1991 01bf 3A       		.uleb128 0x3a
 1992 01c0 0B       		.uleb128 0xb
 1993 01c1 3B       		.uleb128 0x3b
ARM GAS  /tmp/cc0NuQBJ.s 			page 36


 1994 01c2 0B       		.uleb128 0xb
 1995 01c3 49       		.uleb128 0x49
 1996 01c4 13       		.uleb128 0x13
 1997 01c5 02       		.uleb128 0x2
 1998 01c6 0A       		.uleb128 0xa
 1999 01c7 00       		.byte	0
 2000 01c8 00       		.byte	0
 2001 01c9 24       		.uleb128 0x24
 2002 01ca 34       		.uleb128 0x34
 2003 01cb 00       		.byte	0
 2004 01cc 03       		.uleb128 0x3
 2005 01cd 0E       		.uleb128 0xe
 2006 01ce 3A       		.uleb128 0x3a
 2007 01cf 0B       		.uleb128 0xb
 2008 01d0 3B       		.uleb128 0x3b
 2009 01d1 05       		.uleb128 0x5
 2010 01d2 49       		.uleb128 0x49
 2011 01d3 13       		.uleb128 0x13
 2012 01d4 3F       		.uleb128 0x3f
 2013 01d5 0C       		.uleb128 0xc
 2014 01d6 3C       		.uleb128 0x3c
 2015 01d7 0C       		.uleb128 0xc
 2016 01d8 00       		.byte	0
 2017 01d9 00       		.byte	0
 2018 01da 25       		.uleb128 0x25
 2019 01db 2E       		.uleb128 0x2e
 2020 01dc 01       		.byte	0x1
 2021 01dd 3F       		.uleb128 0x3f
 2022 01de 0C       		.uleb128 0xc
 2023 01df 03       		.uleb128 0x3
 2024 01e0 0E       		.uleb128 0xe
 2025 01e1 3A       		.uleb128 0x3a
 2026 01e2 0B       		.uleb128 0xb
 2027 01e3 3B       		.uleb128 0x3b
 2028 01e4 05       		.uleb128 0x5
 2029 01e5 27       		.uleb128 0x27
 2030 01e6 0C       		.uleb128 0xc
 2031 01e7 3C       		.uleb128 0x3c
 2032 01e8 0C       		.uleb128 0xc
 2033 01e9 01       		.uleb128 0x1
 2034 01ea 13       		.uleb128 0x13
 2035 01eb 00       		.byte	0
 2036 01ec 00       		.byte	0
 2037 01ed 26       		.uleb128 0x26
 2038 01ee 26       		.uleb128 0x26
 2039 01ef 00       		.byte	0
 2040 01f0 00       		.byte	0
 2041 01f1 00       		.byte	0
 2042 01f2 27       		.uleb128 0x27
 2043 01f3 2E       		.uleb128 0x2e
 2044 01f4 01       		.byte	0x1
 2045 01f5 3F       		.uleb128 0x3f
 2046 01f6 0C       		.uleb128 0xc
 2047 01f7 03       		.uleb128 0x3
 2048 01f8 0E       		.uleb128 0xe
 2049 01f9 3A       		.uleb128 0x3a
 2050 01fa 0B       		.uleb128 0xb
ARM GAS  /tmp/cc0NuQBJ.s 			page 37


 2051 01fb 3B       		.uleb128 0x3b
 2052 01fc 05       		.uleb128 0x5
 2053 01fd 27       		.uleb128 0x27
 2054 01fe 0C       		.uleb128 0xc
 2055 01ff 3C       		.uleb128 0x3c
 2056 0200 0C       		.uleb128 0xc
 2057 0201 00       		.byte	0
 2058 0202 00       		.byte	0
 2059 0203 00       		.byte	0
 2060              		.section	.debug_loc,"",%progbits
 2061              	.Ldebug_loc0:
 2062              	.LLST0:
 2063 0000 00000000 		.4byte	.LFB118
 2064 0004 02000000 		.4byte	.LCFI0
 2065 0008 0200     		.2byte	0x2
 2066 000a 7D       		.byte	0x7d
 2067 000b 00       		.sleb128 0
 2068 000c 02000000 		.4byte	.LCFI0
 2069 0010 3A000000 		.4byte	.LFE118
 2070 0014 0200     		.2byte	0x2
 2071 0016 7D       		.byte	0x7d
 2072 0017 18       		.sleb128 24
 2073 0018 00000000 		.4byte	0
 2074 001c 00000000 		.4byte	0
 2075              	.LLST1:
 2076 0020 00000000 		.4byte	.LVL0
 2077 0024 1D000000 		.4byte	.LVL1-1
 2078 0028 0100     		.2byte	0x1
 2079 002a 50       		.byte	0x50
 2080 002b 1D000000 		.4byte	.LVL1-1
 2081 002f 3A000000 		.4byte	.LFE118
 2082 0033 0100     		.2byte	0x1
 2083 0035 56       		.byte	0x56
 2084 0036 00000000 		.4byte	0
 2085 003a 00000000 		.4byte	0
 2086              	.LLST2:
 2087 003e 00000000 		.4byte	.LVL0
 2088 0042 1D000000 		.4byte	.LVL1-1
 2089 0046 0100     		.2byte	0x1
 2090 0048 51       		.byte	0x51
 2091 0049 1D000000 		.4byte	.LVL1-1
 2092 004d 3A000000 		.4byte	.LFE118
 2093 0051 0400     		.2byte	0x4
 2094 0053 F3       		.byte	0xf3
 2095 0054 01       		.uleb128 0x1
 2096 0055 51       		.byte	0x51
 2097 0056 9F       		.byte	0x9f
 2098 0057 00000000 		.4byte	0
 2099 005b 00000000 		.4byte	0
 2100              	.LLST3:
 2101 005f 00000000 		.4byte	.LFB119
 2102 0063 02000000 		.4byte	.LCFI1
 2103 0067 0200     		.2byte	0x2
 2104 0069 7D       		.byte	0x7d
 2105 006a 00       		.sleb128 0
 2106 006b 02000000 		.4byte	.LCFI1
 2107 006f 48000000 		.4byte	.LFE119
ARM GAS  /tmp/cc0NuQBJ.s 			page 38


 2108 0073 0200     		.2byte	0x2
 2109 0075 7D       		.byte	0x7d
 2110 0076 18       		.sleb128 24
 2111 0077 00000000 		.4byte	0
 2112 007b 00000000 		.4byte	0
 2113              	.LLST4:
 2114 007f 00000000 		.4byte	.LVL4
 2115 0083 27000000 		.4byte	.LVL7-1
 2116 0087 0100     		.2byte	0x1
 2117 0089 50       		.byte	0x50
 2118 008a 27000000 		.4byte	.LVL7-1
 2119 008e 42000000 		.4byte	.LVL9
 2120 0092 0100     		.2byte	0x1
 2121 0094 56       		.byte	0x56
 2122 0095 42000000 		.4byte	.LVL9
 2123 0099 48000000 		.4byte	.LFE119
 2124 009d 0100     		.2byte	0x1
 2125 009f 50       		.byte	0x50
 2126 00a0 00000000 		.4byte	0
 2127 00a4 00000000 		.4byte	0
 2128              	.LLST5:
 2129 00a8 00000000 		.4byte	.LVL4
 2130 00ac 0A000000 		.4byte	.LVL5
 2131 00b0 0100     		.2byte	0x1
 2132 00b2 51       		.byte	0x51
 2133 00b3 0A000000 		.4byte	.LVL5
 2134 00b7 48000000 		.4byte	.LFE119
 2135 00bb 0400     		.2byte	0x4
 2136 00bd F3       		.byte	0xf3
 2137 00be 01       		.uleb128 0x1
 2138 00bf 51       		.byte	0x51
 2139 00c0 9F       		.byte	0x9f
 2140 00c1 00000000 		.4byte	0
 2141 00c5 00000000 		.4byte	0
 2142              	.LLST6:
 2143 00c9 00000000 		.4byte	.LVL4
 2144 00cd 18000000 		.4byte	.LVL6
 2145 00d1 0100     		.2byte	0x1
 2146 00d3 52       		.byte	0x52
 2147 00d4 18000000 		.4byte	.LVL6
 2148 00d8 48000000 		.4byte	.LFE119
 2149 00dc 0400     		.2byte	0x4
 2150 00de F3       		.byte	0xf3
 2151 00df 01       		.uleb128 0x1
 2152 00e0 52       		.byte	0x52
 2153 00e1 9F       		.byte	0x9f
 2154 00e2 00000000 		.4byte	0
 2155 00e6 00000000 		.4byte	0
 2156              		.section	.debug_aranges,"",%progbits
 2157 0000 24000000 		.4byte	0x24
 2158 0004 0200     		.2byte	0x2
 2159 0006 00000000 		.4byte	.Ldebug_info0
 2160 000a 04       		.byte	0x4
 2161 000b 00       		.byte	0
 2162 000c 0000     		.2byte	0
 2163 000e 0000     		.2byte	0
 2164 0010 00000000 		.4byte	.LFB118
ARM GAS  /tmp/cc0NuQBJ.s 			page 39


 2165 0014 3A000000 		.4byte	.LFE118-.LFB118
 2166 0018 00000000 		.4byte	.LFB119
 2167 001c 48000000 		.4byte	.LFE119-.LFB119
 2168 0020 00000000 		.4byte	0
 2169 0024 00000000 		.4byte	0
 2170              		.section	.debug_ranges,"",%progbits
 2171              	.Ldebug_ranges0:
 2172 0000 00000000 		.4byte	.LFB118
 2173 0004 3A000000 		.4byte	.LFE118
 2174 0008 00000000 		.4byte	.LFB119
 2175 000c 48000000 		.4byte	.LFE119
 2176 0010 00000000 		.4byte	0
 2177 0014 00000000 		.4byte	0
 2178              		.section	.debug_line,"",%progbits
 2179              	.Ldebug_line0:
 2180 0000 A7030000 		.section	.debug_str,"MS",%progbits,1
 2180      02006503 
 2180      00000201 
 2180      FB0E0D00 
 2180      01010101 
 2181              	.LASF105:
 2182 0000 646D6172 		.ascii	"dmarx\000"
 2182      7800
 2183              	.LASF59:
 2184 0006 4D304152 		.ascii	"M0AR\000"
 2184      00
 2185              	.LASF2:
 2186 000b 73697A65 		.ascii	"size_t\000"
 2186      5F7400
 2187              	.LASF53:
 2188 0012 7264796D 		.ascii	"rdymsg\000"
 2188      736700
 2189              	.LASF85:
 2190 0019 4F545950 		.ascii	"OTYPER\000"
 2190      455200
 2191              	.LASF97:
 2192 0020 5350495F 		.ascii	"SPI_ACTIVE\000"
 2192      41435449 
 2192      564500
 2193              	.LASF77:
 2194 002b 73747265 		.ascii	"stream\000"
 2194      616D00
 2195              	.LASF84:
 2196 0032 4D4F4445 		.ascii	"MODER\000"
 2196      5200
 2197              	.LASF13:
 2198 0038 6C6F6E67 		.ascii	"long long unsigned int\000"
 2198      206C6F6E 
 2198      6720756E 
 2198      7369676E 
 2198      65642069 
 2199              	.LASF96:
 2200 004f 5350495F 		.ascii	"SPI_READY\000"
 2200      52454144 
 2200      5900
 2201              	.LASF66:
 2202 0059 43524350 		.ascii	"CRCPR\000"
ARM GAS  /tmp/cc0NuQBJ.s 			page 40


 2202      5200
 2203              	.LASF87:
 2204 005f 50555044 		.ascii	"PUPDR\000"
 2204      5200
 2205              	.LASF54:
 2206 0065 65786974 		.ascii	"exitcode\000"
 2206      636F6465 
 2206      00
 2207              	.LASF81:
 2208 006e 76656374 		.ascii	"vector\000"
 2208      6F7200
 2209              	.LASF124:
 2210 0075 6C697333 		.ascii	"lis302dlWriteRegister\000"
 2210      3032646C 
 2210      57726974 
 2210      65526567 
 2210      69737465 
 2211              	.LASF100:
 2212 008b 53504944 		.ascii	"SPIDriver\000"
 2212      72697665 
 2212      7200
 2213              	.LASF111:
 2214 0095 7373706F 		.ascii	"ssport\000"
 2214      727400
 2215              	.LASF125:
 2216 009c 49544D5F 		.ascii	"ITM_RxBuffer\000"
 2216      52784275 
 2216      66666572 
 2216      00
 2217              	.LASF117:
 2218 00a9 72786275 		.ascii	"rxbuf\000"
 2218      6600
 2219              	.LASF26:
 2220 00af 705F7072 		.ascii	"p_prio\000"
 2220      696F00
 2221              	.LASF112:
 2222 00b6 73737061 		.ascii	"sspad\000"
 2222      6400
 2223              	.LASF12:
 2224 00bc 6C6F6E67 		.ascii	"long long int\000"
 2224      206C6F6E 
 2224      6720696E 
 2224      7400
 2225              	.LASF1:
 2226 00ca 7369676E 		.ascii	"signed char\000"
 2226      65642063 
 2226      68617200 
 2227              	.LASF88:
 2228 00d6 42535252 		.ascii	"BSRR\000"
 2228      00
 2229              	.LASF95:
 2230 00db 5350495F 		.ascii	"SPI_STOP\000"
 2230      53544F50 
 2230      00
 2231              	.LASF72:
 2232 00e4 49325343 		.ascii	"I2SCFGR\000"
 2232      46475200 
ARM GAS  /tmp/cc0NuQBJ.s 			page 41


 2233              	.LASF50:
 2234 00ec 6D5F7175 		.ascii	"m_queue\000"
 2234      65756500 
 2235              	.LASF18:
 2236 00f4 74736C69 		.ascii	"tslices_t\000"
 2236      6365735F 
 2236      7400
 2237              	.LASF109:
 2238 00fe 73706963 		.ascii	"spicallback_t\000"
 2238      616C6C62 
 2238      61636B5F 
 2238      7400
 2239              	.LASF101:
 2240 010c 73746174 		.ascii	"state\000"
 2240      6500
 2241              	.LASF9:
 2242 0112 6C6F6E67 		.ascii	"long int\000"
 2242      20696E74 
 2242      00
 2243              	.LASF16:
 2244 011b 74737461 		.ascii	"tstate_t\000"
 2244      74655F74 
 2244      00
 2245              	.LASF103:
 2246 0124 74687265 		.ascii	"thread\000"
 2246      616400
 2247              	.LASF6:
 2248 012b 75696E74 		.ascii	"uint16_t\000"
 2248      31365F74 
 2248      00
 2249              	.LASF35:
 2250 0134 705F7469 		.ascii	"p_time\000"
 2250      6D6500
 2251              	.LASF28:
 2252 013b 705F6E65 		.ascii	"p_newer\000"
 2252      77657200 
 2253              	.LASF110:
 2254 0143 656E645F 		.ascii	"end_cb\000"
 2254      636200
 2255              	.LASF107:
 2256 014a 7278646D 		.ascii	"rxdmamode\000"
 2256      616D6F64 
 2256      6500
 2257              	.LASF92:
 2258 0154 4750494F 		.ascii	"GPIO_TypeDef\000"
 2258      5F547970 
 2258      65446566 
 2258      00
 2259              	.LASF106:
 2260 0161 646D6174 		.ascii	"dmatx\000"
 2260      7800
 2261              	.LASF86:
 2262 0167 4F535045 		.ascii	"OSPEEDR\000"
 2262      45445200 
 2263              	.LASF126:
 2264 016f 73706953 		.ascii	"spiSend\000"
 2264      656E6400 
ARM GAS  /tmp/cc0NuQBJ.s 			page 42


 2265              	.LASF42:
 2266 0177 705F6D70 		.ascii	"p_mpool\000"
 2266      6F6F6C00 
 2267              	.LASF45:
 2268 017f 72656761 		.ascii	"regarm_t\000"
 2268      726D5F74 
 2268      00
 2269              	.LASF80:
 2270 0188 73656C66 		.ascii	"selfindex\000"
 2270      696E6465 
 2270      7800
 2271              	.LASF120:
 2272 0192 73706955 		.ascii	"spiUnselect\000"
 2272      6E73656C 
 2272      65637400 
 2273              	.LASF115:
 2274 019e 76616C75 		.ascii	"value\000"
 2274      6500
 2275              	.LASF0:
 2276 01a4 756E7369 		.ascii	"unsigned int\000"
 2276      676E6564 
 2276      20696E74 
 2276      00
 2277              	.LASF116:
 2278 01b1 74786275 		.ascii	"txbuf\000"
 2278      6600
 2279              	.LASF37:
 2280 01b7 705F6D73 		.ascii	"p_msgqueue\000"
 2280      67717565 
 2280      756500
 2281              	.LASF89:
 2282 01c2 4C434B52 		.ascii	"LCKR\000"
 2282      00
 2283              	.LASF79:
 2284 01c7 69736869 		.ascii	"ishift\000"
 2284      667400
 2285              	.LASF7:
 2286 01ce 73686F72 		.ascii	"short unsigned int\000"
 2286      7420756E 
 2286      7369676E 
 2286      65642069 
 2286      6E7400
 2287              	.LASF20:
 2288 01e1 6D73675F 		.ascii	"msg_t\000"
 2288      7400
 2289              	.LASF15:
 2290 01e7 746D6F64 		.ascii	"tmode_t\000"
 2290      655F7400 
 2291              	.LASF44:
 2292 01ef 54687265 		.ascii	"ThreadsList\000"
 2292      6164734C 
 2292      69737400 
 2293              	.LASF21:
 2294 01fb 6576656E 		.ascii	"eventmask_t\000"
 2294      746D6173 
 2294      6B5F7400 
 2295              	.LASF119:
ARM GAS  /tmp/cc0NuQBJ.s 			page 43


 2296 0207 73706945 		.ascii	"spiExchange\000"
 2296      78636861 
 2296      6E676500 
 2297              	.LASF74:
 2298 0213 49325350 		.ascii	"I2SPR\000"
 2298      5200
 2299              	.LASF48:
 2300 0219 73697A65 		.ascii	"sizetype\000"
 2300      74797065 
 2300      00
 2301              	.LASF83:
 2302 0222 636C6561 		.ascii	"clear\000"
 2302      7200
 2303              	.LASF49:
 2304 0228 4D757465 		.ascii	"Mutex\000"
 2304      7800
 2305              	.LASF29:
 2306 022e 705F6F6C 		.ascii	"p_older\000"
 2306      64657200 
 2307              	.LASF43:
 2308 0236 54687265 		.ascii	"ThreadsQueue\000"
 2308      61647351 
 2308      75657565 
 2308      00
 2309              	.LASF108:
 2310 0243 7478646D 		.ascii	"txdmamode\000"
 2310      616D6F64 
 2310      6500
 2311              	.LASF121:
 2312 024d 474E5520 		.ascii	"GNU C 4.7.2\000"
 2312      4320342E 
 2312      372E3200 
 2313              	.LASF91:
 2314 0259 41465248 		.ascii	"AFRH\000"
 2314      00
 2315              	.LASF90:
 2316 025e 4146524C 		.ascii	"AFRL\000"
 2316      00
 2317              	.LASF70:
 2318 0263 54584352 		.ascii	"TXCRCR\000"
 2318      435200
 2319              	.LASF62:
 2320 026a 52455345 		.ascii	"RESERVED0\000"
 2320      52564544 
 2320      3000
 2321              	.LASF63:
 2322 0274 52455345 		.ascii	"RESERVED1\000"
 2322      52564544 
 2322      3100
 2323              	.LASF64:
 2324 027e 52455345 		.ascii	"RESERVED2\000"
 2324      52564544 
 2324      3200
 2325              	.LASF65:
 2326 0288 52455345 		.ascii	"RESERVED3\000"
 2326      52564544 
 2326      3300
ARM GAS  /tmp/cc0NuQBJ.s 			page 44


 2327              	.LASF67:
 2328 0292 52455345 		.ascii	"RESERVED4\000"
 2328      52564544 
 2328      3400
 2329              	.LASF25:
 2330 029c 705F7072 		.ascii	"p_prev\000"
 2330      657600
 2331              	.LASF71:
 2332 02a3 52455345 		.ascii	"RESERVED6\000"
 2332      52564544 
 2332      3600
 2333              	.LASF73:
 2334 02ad 52455345 		.ascii	"RESERVED7\000"
 2334      52564544 
 2334      3700
 2335              	.LASF75:
 2336 02b7 52455345 		.ascii	"RESERVED8\000"
 2336      52564544 
 2336      3800
 2337              	.LASF19:
 2338 02c1 74707269 		.ascii	"tprio_t\000"
 2338      6F5F7400 
 2339              	.LASF104:
 2340 02c9 6D757465 		.ascii	"mutex\000"
 2340      7800
 2341              	.LASF14:
 2342 02cf 5F426F6F 		.ascii	"_Bool\000"
 2342      6C00
 2343              	.LASF8:
 2344 02d5 696E7433 		.ascii	"int32_t\000"
 2344      325F7400 
 2345              	.LASF4:
 2346 02dd 756E7369 		.ascii	"unsigned char\000"
 2346      676E6564 
 2346      20636861 
 2346      7200
 2347              	.LASF82:
 2348 02eb 73746D33 		.ascii	"stm32_dma_stream_t\000"
 2348      325F646D 
 2348      615F7374 
 2348      7265616D 
 2348      5F7400
 2349              	.LASF40:
 2350 02fe 705F6D74 		.ascii	"p_mtxlist\000"
 2350      786C6973 
 2350      7400
 2351              	.LASF5:
 2352 0308 73686F72 		.ascii	"short int\000"
 2352      7420696E 
 2352      7400
 2353              	.LASF31:
 2354 0312 705F7374 		.ascii	"p_state\000"
 2354      61746500 
 2355              	.LASF34:
 2356 031a 705F7072 		.ascii	"p_preempt\000"
 2356      65656D70 
 2356      7400
ARM GAS  /tmp/cc0NuQBJ.s 			page 45


 2357              	.LASF56:
 2358 0324 65776D61 		.ascii	"ewmask\000"
 2358      736B00
 2359              	.LASF24:
 2360 032b 705F6E65 		.ascii	"p_next\000"
 2360      787400
 2361              	.LASF32:
 2362 0332 705F666C 		.ascii	"p_flags\000"
 2362      61677300 
 2363              	.LASF23:
 2364 033a 54687265 		.ascii	"Thread\000"
 2364      616400
 2365              	.LASF39:
 2366 0341 705F6570 		.ascii	"p_epending\000"
 2366      656E6469 
 2366      6E6700
 2367              	.LASF78:
 2368 034c 69666372 		.ascii	"ifcr\000"
 2368      00
 2369              	.LASF69:
 2370 0351 52455345 		.ascii	"RESERVED5\000"
 2370      52564544 
 2370      3500
 2371              	.LASF10:
 2372 035b 75696E74 		.ascii	"uint32_t\000"
 2372      33325F74 
 2372      00
 2373              	.LASF17:
 2374 0364 74726566 		.ascii	"trefs_t\000"
 2374      735F7400 
 2375              	.LASF11:
 2376 036c 6C6F6E67 		.ascii	"long unsigned int\000"
 2376      20756E73 
 2376      69676E65 
 2376      6420696E 
 2376      7400
 2377              	.LASF76:
 2378 037e 5350495F 		.ascii	"SPI_TypeDef\000"
 2378      54797065 
 2378      44656600 
 2379              	.LASF57:
 2380 038a 63686172 		.ascii	"char\000"
 2380      00
 2381              	.LASF98:
 2382 038f 5350495F 		.ascii	"SPI_COMPLETE\000"
 2382      434F4D50 
 2382      4C455445 
 2382      00
 2383              	.LASF102:
 2384 039c 636F6E66 		.ascii	"config\000"
 2384      696700
 2385              	.LASF99:
 2386 03a3 73706973 		.ascii	"spistate_t\000"
 2386      74617465 
 2386      5F7400
 2387              	.LASF52:
 2388 03ae 6D5F6E65 		.ascii	"m_next\000"
ARM GAS  /tmp/cc0NuQBJ.s 			page 46


 2388      787400
 2389              	.LASF22:
 2390 03b5 73797374 		.ascii	"systime_t\000"
 2390      696D655F 
 2390      7400
 2391              	.LASF41:
 2392 03bf 705F7265 		.ascii	"p_realprio\000"
 2392      616C7072 
 2392      696F00
 2393              	.LASF58:
 2394 03ca 4E445452 		.ascii	"NDTR\000"
 2394      00
 2395              	.LASF61:
 2396 03cf 444D415F 		.ascii	"DMA_Stream_TypeDef\000"
 2396      53747265 
 2396      616D5F54 
 2396      79706544 
 2396      656600
 2397              	.LASF93:
 2398 03e2 696F706F 		.ascii	"ioportid_t\000"
 2398      72746964 
 2398      5F7400
 2399              	.LASF47:
 2400 03ed 636F6E74 		.ascii	"context\000"
 2400      65787400 
 2401              	.LASF118:
 2402 03f5 73706953 		.ascii	"spiSelect\000"
 2402      656C6563 
 2402      7400
 2403              	.LASF46:
 2404 03ff 696E7463 		.ascii	"intctx\000"
 2404      747800
 2405              	.LASF60:
 2406 0406 4D314152 		.ascii	"M1AR\000"
 2406      00
 2407              	.LASF94:
 2408 040b 5350495F 		.ascii	"SPI_UNINIT\000"
 2408      554E494E 
 2408      495400
 2409              	.LASF123:
 2410 0416 6C697333 		.ascii	"lis302dlReadRegister\000"
 2410      3032646C 
 2410      52656164 
 2410      52656769 
 2410      73746572 
 2411              	.LASF33:
 2412 042b 705F7265 		.ascii	"p_refs\000"
 2412      667300
 2413              	.LASF68:
 2414 0432 52584352 		.ascii	"RXCRCR\000"
 2414      435200
 2415              	.LASF3:
 2416 0439 75696E74 		.ascii	"uint8_t\000"
 2416      385F7400 
 2417              	.LASF114:
 2418 0441 73706970 		.ascii	"spip\000"
 2418      00
ARM GAS  /tmp/cc0NuQBJ.s 			page 47


 2419              	.LASF55:
 2420 0446 77746F62 		.ascii	"wtobjp\000"
 2420      6A7000
 2421              	.LASF30:
 2422 044d 705F6E61 		.ascii	"p_name\000"
 2422      6D6500
 2423              	.LASF113:
 2424 0454 53504943 		.ascii	"SPIConfig\000"
 2424      6F6E6669 
 2424      6700
 2425              	.LASF38:
 2426 045e 705F6D73 		.ascii	"p_msg\000"
 2426      6700
 2427              	.LASF51:
 2428 0464 6D5F6F77 		.ascii	"m_owner\000"
 2428      6E657200 
 2429              	.LASF122:
 2430 046c 2F686F6D 		.ascii	"/home/wicker/tools/ChibiOS_2.6.3/os/various/devices"
 2430      652F7769 
 2430      636B6572 
 2430      2F746F6F 
 2430      6C732F43 
 2431 049f 5F6C6962 		.ascii	"_lib/accel/lis302dl.c\000"
 2431      2F616363 
 2431      656C2F6C 
 2431      69733330 
 2431      32646C2E 
 2432              	.LASF27:
 2433 04b5 705F6374 		.ascii	"p_ctx\000"
 2433      7800
 2434              	.LASF36:
 2435 04bb 705F7761 		.ascii	"p_waiting\000"
 2435      6974696E 
 2435      6700
 2436              		.ident	"GCC: (crosstool-NG 1.17.0 - PSAS ST32F4 GFE) 4.7.2"
ARM GAS  /tmp/cc0NuQBJ.s 			page 48


DEFINED SYMBOLS
                            *ABS*:0000000000000000 lis302dl.c
     /tmp/cc0NuQBJ.s:21     .text.lis302dlReadRegister:0000000000000000 $t
     /tmp/cc0NuQBJ.s:27     .text.lis302dlReadRegister:0000000000000000 lis302dlReadRegister
     /tmp/cc0NuQBJ.s:168    .bss.txbuf:0000000000000000 .LANCHOR0
     /tmp/cc0NuQBJ.s:161    .bss.rxbuf:0000000000000000 .LANCHOR1
     /tmp/cc0NuQBJ.s:84     .text.lis302dlWriteRegister:0000000000000000 $t
     /tmp/cc0NuQBJ.s:90     .text.lis302dlWriteRegister:0000000000000000 lis302dlWriteRegister
     /tmp/cc0NuQBJ.s:155    .text.lis302dlWriteRegister:0000000000000044 $d
     /tmp/cc0NuQBJ.s:160    .bss.rxbuf:0000000000000000 $d
     /tmp/cc0NuQBJ.s:164    .bss.rxbuf:0000000000000000 rxbuf
     /tmp/cc0NuQBJ.s:167    .bss.txbuf:0000000000000000 $d
     /tmp/cc0NuQBJ.s:171    .bss.txbuf:0000000000000000 txbuf
                     .debug_frame:0000000000000010 $d
     /tmp/cc0NuQBJ.s:159    .text.lis302dlWriteRegister:0000000000000048 $t

UNDEFINED SYMBOLS
spiSelect
spiExchange
spiUnselect
spiSend
