ARM GAS  /tmp/cc2DS7Gt.s 			page 1


   1              		.syntax unified
   2              		.cpu cortex-m4
   3              		.eabi_attribute 27, 3
   4              		.eabi_attribute 28, 1
   5              		.fpu fpv4-sp-d16
   6              		.eabi_attribute 20, 1
   7              		.eabi_attribute 21, 1
   8              		.eabi_attribute 23, 3
   9              		.eabi_attribute 24, 1
  10              		.eabi_attribute 25, 1
  11              		.eabi_attribute 26, 1
  12              		.eabi_attribute 30, 2
  13              		.eabi_attribute 34, 1
  14              		.eabi_attribute 18, 4
  15              		.thumb
  16              		.file	"main.c"
  17              		.text
  18              	.Ltext0:
  19              		.cfi_sections	.debug_frame
  20              		.section	.text.startup.main,"ax",%progbits
  21              		.align	2
  22              		.p2align 4,,15
  23              		.global	main
  24              		.thumb
  25              		.thumb_func
  26              		.type	main, %function
  27              	main:
  28              	.LFB118:
  29              		.file 1 "main.c"
  30              		.loc 1 7 0
  31              		.cfi_startproc
  32              		@ args = 0, pretend = 0, frame = 0
  33              		@ frame_needed = 0, uses_anonymous_args = 0
  34 0000 70B5     		push	{r4, r5, r6, lr}
  35              	.LCFI0:
  36              		.cfi_def_cfa_offset 16
  37              		.cfi_offset 4, -16
  38              		.cfi_offset 5, -12
  39              		.cfi_offset 6, -8
  40              		.cfi_offset 14, -4
  41              		.loc 1 9 0
  42 0002 FFF7FEFF 		bl	halInit
  43              	.LVL0:
  44              		.loc 1 10 0
  45 0006 FFF7FEFF 		bl	chSysInit
  46              	.LVL1:
  47              		.loc 1 12 0
  48 000a 4FF44060 		mov	r0, #3072
  49 000e C4F20200 		movt	r0, 16386
  50 0012 4FF40041 		mov	r1, #32768
  51 0016 0122     		movs	r2, #1
  52 0018 FFF7FEFF 		bl	_pal_lld_setgroupmode
  53              	.LVL2:
  54              		.loc 1 15 0
  55 001c 4FF44064 		mov	r4, #3072
  56 0020 C4F20204 		movt	r4, 16386
  57 0024 4FF40046 		mov	r6, #32768
ARM GAS  /tmp/cc2DS7Gt.s 			page 2


  58 0028 48F20005 		movw	r5, 32768	@ movhi
  59              	.L2:
  60              		.loc 1 15 0 is_stmt 0 discriminator 1
  61 002c 2583     		strh	r5, [r4, #24]	@ movhi
  62              		.loc 1 16 0 is_stmt 1 discriminator 1
  63 002e 4FF4FA60 		mov	r0, #2000
  64 0032 FFF7FEFF 		bl	chThdSleep
  65              	.LVL3:
  66              		.loc 1 17 0 discriminator 1
  67 0036 6683     		strh	r6, [r4, #26]	@ movhi
  68              		.loc 1 18 0 discriminator 1
  69 0038 4FF4FA60 		mov	r0, #2000
  70 003c FFF7FEFF 		bl	chThdSleep
  71              	.LVL4:
  72 0040 F4E7     		b	.L2
  73              		.cfi_endproc
  74              	.LFE118:
  75              		.size	main, .-main
  76 0042 00BFAFF3 		.text
  76      0080AFF3 
  76      0080AFF3 
  76      0080
  77              	.Letext0:
  78              		.file 2 "/opt/psas/x-tools/stm32f407/arm-psas-eabi/bin/../lib/gcc/arm-psas-eabi/4.7.2/../../../../
  79              		.file 3 "/home/wicker/tools/ChibiOS_2.6.3/os/ports/GCC/ARMCMx/chtypes.h"
  80              		.file 4 "/home/wicker/tools/ChibiOS_2.6.3/os/hal/platforms/STM32/GPIOv2/pal_lld.h"
  81              		.file 5 "/home/wicker/tools/ChibiOS_2.6.3/os/hal/include/hal.h"
  82              		.file 6 "/home/wicker/tools/ChibiOS_2.6.3/os/kernel/include/chsys.h"
  83              		.file 7 "/home/wicker/tools/ChibiOS_2.6.3/os/ports/common/ARMCMx/CMSIS/include/core_cm4.h"
  84              		.file 8 "/home/wicker/tools/ChibiOS_2.6.3/os/kernel/include/chthreads.h"
  85              		.section	.debug_info,"",%progbits
  86              	.Ldebug_info0:
  87 0000 86020000 		.4byte	0x286
  88 0004 0200     		.2byte	0x2
  89 0006 00000000 		.4byte	.Ldebug_abbrev0
  90 000a 04       		.byte	0x4
  91 000b 01       		.uleb128 0x1
  92 000c 50010000 		.4byte	.LASF31
  93 0010 01       		.byte	0x1
  94 0011 49010000 		.4byte	.LASF32
  95 0015 A1000000 		.4byte	.LASF33
  96 0019 00000000 		.4byte	.Ldebug_ranges0+0
  97 001d 00000000 		.4byte	0
  98 0021 00000000 		.4byte	0
  99 0025 00000000 		.4byte	.Ldebug_line0
 100 0029 02       		.uleb128 0x2
 101 002a 04       		.byte	0x4
 102 002b 05       		.byte	0x5
 103 002c 696E7400 		.ascii	"int\000"
 104 0030 03       		.uleb128 0x3
 105 0031 04       		.byte	0x4
 106 0032 07       		.byte	0x7
 107 0033 F8000000 		.4byte	.LASF0
 108 0037 03       		.uleb128 0x3
 109 0038 01       		.byte	0x1
 110 0039 06       		.byte	0x6
 111 003a 82010000 		.4byte	.LASF1
ARM GAS  /tmp/cc2DS7Gt.s 			page 3


 112 003e 03       		.uleb128 0x3
 113 003f 01       		.byte	0x1
 114 0040 08       		.byte	0x8
 115 0041 4F000000 		.4byte	.LASF2
 116 0045 03       		.uleb128 0x3
 117 0046 02       		.byte	0x2
 118 0047 05       		.byte	0x5
 119 0048 28000000 		.4byte	.LASF3
 120 004c 04       		.uleb128 0x4
 121 004d 67010000 		.4byte	.LASF5
 122 0051 02       		.byte	0x2
 123 0052 36       		.byte	0x36
 124 0053 57000000 		.4byte	0x57
 125 0057 03       		.uleb128 0x3
 126 0058 02       		.byte	0x2
 127 0059 07       		.byte	0x7
 128 005a 89000000 		.4byte	.LASF4
 129 005e 04       		.uleb128 0x4
 130 005f 24010000 		.4byte	.LASF6
 131 0063 02       		.byte	0x2
 132 0064 4F       		.byte	0x4f
 133 0065 69000000 		.4byte	0x69
 134 0069 03       		.uleb128 0x3
 135 006a 04       		.byte	0x4
 136 006b 05       		.byte	0x5
 137 006c 79010000 		.4byte	.LASF7
 138 0070 04       		.uleb128 0x4
 139 0071 70010000 		.4byte	.LASF8
 140 0075 02       		.byte	0x2
 141 0076 50       		.byte	0x50
 142 0077 7B000000 		.4byte	0x7b
 143 007b 03       		.uleb128 0x3
 144 007c 04       		.byte	0x4
 145 007d 07       		.byte	0x7
 146 007e 77000000 		.4byte	.LASF9
 147 0082 03       		.uleb128 0x3
 148 0083 08       		.byte	0x8
 149 0084 05       		.byte	0x5
 150 0085 3B010000 		.4byte	.LASF10
 151 0089 03       		.uleb128 0x3
 152 008a 08       		.byte	0x8
 153 008b 07       		.byte	0x7
 154 008c 94010000 		.4byte	.LASF11
 155 0090 03       		.uleb128 0x3
 156 0091 01       		.byte	0x1
 157 0092 02       		.byte	0x2
 158 0093 8E010000 		.4byte	.LASF12
 159 0097 04       		.uleb128 0x4
 160 0098 11000000 		.4byte	.LASF13
 161 009c 03       		.byte	0x3
 162 009d 35       		.byte	0x35
 163 009e 70000000 		.4byte	0x70
 164 00a2 05       		.uleb128 0x5
 165 00a3 70000000 		.4byte	0x70
 166 00a7 03       		.uleb128 0x3
 167 00a8 04       		.byte	0x4
 168 00a9 07       		.byte	0x7
ARM GAS  /tmp/cc2DS7Gt.s 			page 4


 169 00aa 2C010000 		.4byte	.LASF14
 170 00ae 03       		.uleb128 0x3
 171 00af 01       		.byte	0x1
 172 00b0 08       		.byte	0x8
 173 00b1 12010000 		.4byte	.LASF15
 174 00b5 05       		.uleb128 0x5
 175 00b6 5E000000 		.4byte	0x5e
 176 00ba 06       		.uleb128 0x6
 177 00bb 04       		.byte	0x4
 178 00bc 04       		.byte	0x4
 179 00bd 96       		.byte	0x96
 180 00be DF000000 		.4byte	0xdf
 181 00c2 07       		.uleb128 0x7
 182 00c3 73657400 		.ascii	"set\000"
 183 00c7 04       		.byte	0x4
 184 00c8 97       		.byte	0x97
 185 00c9 4C000000 		.4byte	0x4c
 186 00cd 02       		.byte	0x2
 187 00ce 23       		.byte	0x23
 188 00cf 00       		.uleb128 0
 189 00d0 08       		.uleb128 0x8
 190 00d1 05000000 		.4byte	.LASF16
 191 00d5 04       		.byte	0x4
 192 00d6 98       		.byte	0x98
 193 00d7 4C000000 		.4byte	0x4c
 194 00db 02       		.byte	0x2
 195 00dc 23       		.byte	0x23
 196 00dd 02       		.uleb128 0x2
 197 00de 00       		.byte	0
 198 00df 09       		.uleb128 0x9
 199 00e0 04       		.byte	0x4
 200 00e1 04       		.byte	0x4
 201 00e2 94       		.byte	0x94
 202 00e3 FA000000 		.4byte	0xfa
 203 00e7 0A       		.uleb128 0xa
 204 00e8 5700     		.ascii	"W\000"
 205 00ea 04       		.byte	0x4
 206 00eb 95       		.byte	0x95
 207 00ec 70000000 		.4byte	0x70
 208 00f0 0A       		.uleb128 0xa
 209 00f1 4800     		.ascii	"H\000"
 210 00f3 04       		.byte	0x4
 211 00f4 99       		.byte	0x99
 212 00f5 BA000000 		.4byte	0xba
 213 00f9 00       		.byte	0
 214 00fa 06       		.uleb128 0x6
 215 00fb 28       		.byte	0x28
 216 00fc 04       		.byte	0x4
 217 00fd 8C       		.byte	0x8c
 218 00fe 8F010000 		.4byte	0x18f
 219 0102 08       		.uleb128 0x8
 220 0103 0B000000 		.4byte	.LASF17
 221 0107 04       		.byte	0x4
 222 0108 8E       		.byte	0x8e
 223 0109 A2000000 		.4byte	0xa2
 224 010d 02       		.byte	0x2
 225 010e 23       		.byte	0x23
ARM GAS  /tmp/cc2DS7Gt.s 			page 5


 226 010f 00       		.uleb128 0
 227 0110 08       		.uleb128 0x8
 228 0111 3F000000 		.4byte	.LASF18
 229 0115 04       		.byte	0x4
 230 0116 8F       		.byte	0x8f
 231 0117 A2000000 		.4byte	0xa2
 232 011b 02       		.byte	0x2
 233 011c 23       		.byte	0x23
 234 011d 04       		.uleb128 0x4
 235 011e 08       		.uleb128 0x8
 236 011f DA000000 		.4byte	.LASF19
 237 0123 04       		.byte	0x4
 238 0124 90       		.byte	0x90
 239 0125 A2000000 		.4byte	0xa2
 240 0129 02       		.byte	0x2
 241 012a 23       		.byte	0x23
 242 012b 08       		.uleb128 0x8
 243 012c 08       		.uleb128 0x8
 244 012d 35010000 		.4byte	.LASF20
 245 0131 04       		.byte	0x4
 246 0132 91       		.byte	0x91
 247 0133 A2000000 		.4byte	0xa2
 248 0137 02       		.byte	0x2
 249 0138 23       		.byte	0x23
 250 0139 0C       		.uleb128 0xc
 251 013a 07       		.uleb128 0x7
 252 013b 49445200 		.ascii	"IDR\000"
 253 013f 04       		.byte	0x4
 254 0140 92       		.byte	0x92
 255 0141 A2000000 		.4byte	0xa2
 256 0145 02       		.byte	0x2
 257 0146 23       		.byte	0x23
 258 0147 10       		.uleb128 0x10
 259 0148 07       		.uleb128 0x7
 260 0149 4F445200 		.ascii	"ODR\000"
 261 014d 04       		.byte	0x4
 262 014e 93       		.byte	0x93
 263 014f A2000000 		.4byte	0xa2
 264 0153 02       		.byte	0x2
 265 0154 23       		.byte	0x23
 266 0155 14       		.uleb128 0x14
 267 0156 08       		.uleb128 0x8
 268 0157 1B000000 		.4byte	.LASF21
 269 015b 04       		.byte	0x4
 270 015c 9A       		.byte	0x9a
 271 015d 8F010000 		.4byte	0x18f
 272 0161 02       		.byte	0x2
 273 0162 23       		.byte	0x23
 274 0163 18       		.uleb128 0x18
 275 0164 08       		.uleb128 0x8
 276 0165 00000000 		.4byte	.LASF22
 277 0169 04       		.byte	0x4
 278 016a 9B       		.byte	0x9b
 279 016b A2000000 		.4byte	0xa2
 280 016f 02       		.byte	0x2
 281 0170 23       		.byte	0x23
 282 0171 1C       		.uleb128 0x1c
ARM GAS  /tmp/cc2DS7Gt.s 			page 6


 283 0172 08       		.uleb128 0x8
 284 0173 9C000000 		.4byte	.LASF23
 285 0177 04       		.byte	0x4
 286 0178 9C       		.byte	0x9c
 287 0179 A2000000 		.4byte	0xa2
 288 017d 02       		.byte	0x2
 289 017e 23       		.byte	0x23
 290 017f 20       		.uleb128 0x20
 291 0180 08       		.uleb128 0x8
 292 0181 72000000 		.4byte	.LASF24
 293 0185 04       		.byte	0x4
 294 0186 9D       		.byte	0x9d
 295 0187 A2000000 		.4byte	0xa2
 296 018b 02       		.byte	0x2
 297 018c 23       		.byte	0x23
 298 018d 24       		.uleb128 0x24
 299 018e 00       		.byte	0
 300 018f 05       		.uleb128 0x5
 301 0190 DF000000 		.4byte	0xdf
 302 0194 04       		.uleb128 0x4
 303 0195 05010000 		.4byte	.LASF25
 304 0199 04       		.byte	0x4
 305 019a 9E       		.byte	0x9e
 306 019b FA000000 		.4byte	0xfa
 307 019f 04       		.uleb128 0x4
 308 01a0 32000000 		.4byte	.LASF26
 309 01a4 04       		.byte	0x4
 310 01a5 F0       		.byte	0xf0
 311 01a6 70000000 		.4byte	0x70
 312 01aa 04       		.uleb128 0x4
 313 01ab 46000000 		.4byte	.LASF27
 314 01af 04       		.byte	0x4
 315 01b0 F5       		.byte	0xf5
 316 01b1 70000000 		.4byte	0x70
 317 01b5 04       		.uleb128 0x4
 318 01b6 5C010000 		.4byte	.LASF28
 319 01ba 04       		.byte	0x4
 320 01bb FD       		.byte	0xfd
 321 01bc C0010000 		.4byte	0x1c0
 322 01c0 0B       		.uleb128 0xb
 323 01c1 04       		.byte	0x4
 324 01c2 94010000 		.4byte	0x194
 325 01c6 0C       		.uleb128 0xc
 326 01c7 01       		.byte	0x1
 327 01c8 D5000000 		.4byte	.LASF34
 328 01cc 01       		.byte	0x1
 329 01cd 07       		.byte	0x7
 330 01ce 01       		.byte	0x1
 331 01cf 29000000 		.4byte	0x29
 332 01d3 00000000 		.4byte	.LFB118
 333 01d7 42000000 		.4byte	.LFE118
 334 01db 00000000 		.4byte	.LLST0
 335 01df 01       		.byte	0x1
 336 01e0 37020000 		.4byte	0x237
 337 01e4 0D       		.uleb128 0xd
 338 01e5 06000000 		.4byte	.LVL0
 339 01e9 45020000 		.4byte	0x245
ARM GAS  /tmp/cc2DS7Gt.s 			page 7


 340 01ed 0D       		.uleb128 0xd
 341 01ee 0A000000 		.4byte	.LVL1
 342 01f2 4F020000 		.4byte	0x24f
 343 01f6 0E       		.uleb128 0xe
 344 01f7 1C000000 		.4byte	.LVL2
 345 01fb 59020000 		.4byte	0x259
 346 01ff 10020000 		.4byte	0x210
 347 0203 0F       		.uleb128 0xf
 348 0204 01       		.byte	0x1
 349 0205 52       		.byte	0x52
 350 0206 01       		.byte	0x1
 351 0207 31       		.byte	0x31
 352 0208 0F       		.uleb128 0xf
 353 0209 01       		.byte	0x1
 354 020a 51       		.byte	0x51
 355 020b 03       		.byte	0x3
 356 020c 0A       		.byte	0xa
 357 020d 0080     		.2byte	0x8000
 358 020f 00       		.byte	0
 359 0210 0E       		.uleb128 0xe
 360 0211 36000000 		.4byte	.LVL3
 361 0215 78020000 		.4byte	0x278
 362 0219 25020000 		.4byte	0x225
 363 021d 0F       		.uleb128 0xf
 364 021e 01       		.byte	0x1
 365 021f 50       		.byte	0x50
 366 0220 03       		.byte	0x3
 367 0221 0A       		.byte	0xa
 368 0222 D007     		.2byte	0x7d0
 369 0224 00       		.byte	0
 370 0225 10       		.uleb128 0x10
 371 0226 40000000 		.4byte	.LVL4
 372 022a 78020000 		.4byte	0x278
 373 022e 0F       		.uleb128 0xf
 374 022f 01       		.byte	0x1
 375 0230 50       		.byte	0x50
 376 0231 03       		.byte	0x3
 377 0232 0A       		.byte	0xa
 378 0233 D007     		.2byte	0x7d0
 379 0235 00       		.byte	0
 380 0236 00       		.byte	0
 381 0237 11       		.uleb128 0x11
 382 0238 17010000 		.4byte	.LASF35
 383 023c 07       		.byte	0x7
 384 023d 9806     		.2byte	0x698
 385 023f B5000000 		.4byte	0xb5
 386 0243 01       		.byte	0x1
 387 0244 01       		.byte	0x1
 388 0245 12       		.uleb128 0x12
 389 0246 01       		.byte	0x1
 390 0247 20000000 		.4byte	.LASF29
 391 024b 05       		.byte	0x5
 392 024c D0       		.byte	0xd0
 393 024d 01       		.byte	0x1
 394 024e 01       		.byte	0x1
 395 024f 12       		.uleb128 0x12
 396 0250 01       		.byte	0x1
ARM GAS  /tmp/cc2DS7Gt.s 			page 8


 397 0251 68000000 		.4byte	.LASF30
 398 0255 06       		.byte	0x6
 399 0256 F6       		.byte	0xf6
 400 0257 01       		.byte	0x1
 401 0258 01       		.byte	0x1
 402 0259 13       		.uleb128 0x13
 403 025a 01       		.byte	0x1
 404 025b E2000000 		.4byte	.LASF36
 405 025f 04       		.byte	0x4
 406 0260 C201     		.2byte	0x1c2
 407 0262 01       		.byte	0x1
 408 0263 01       		.byte	0x1
 409 0264 78020000 		.4byte	0x278
 410 0268 14       		.uleb128 0x14
 411 0269 B5010000 		.4byte	0x1b5
 412 026d 14       		.uleb128 0x14
 413 026e 9F010000 		.4byte	0x19f
 414 0272 14       		.uleb128 0x14
 415 0273 AA010000 		.4byte	0x1aa
 416 0277 00       		.byte	0
 417 0278 15       		.uleb128 0x15
 418 0279 01       		.byte	0x1
 419 027a 5D000000 		.4byte	.LASF37
 420 027e 08       		.byte	0x8
 421 027f 7501     		.2byte	0x175
 422 0281 01       		.byte	0x1
 423 0282 01       		.byte	0x1
 424 0283 14       		.uleb128 0x14
 425 0284 97000000 		.4byte	0x97
 426 0288 00       		.byte	0
 427 0289 00       		.byte	0
 428              		.section	.debug_abbrev,"",%progbits
 429              	.Ldebug_abbrev0:
 430 0000 01       		.uleb128 0x1
 431 0001 11       		.uleb128 0x11
 432 0002 01       		.byte	0x1
 433 0003 25       		.uleb128 0x25
 434 0004 0E       		.uleb128 0xe
 435 0005 13       		.uleb128 0x13
 436 0006 0B       		.uleb128 0xb
 437 0007 03       		.uleb128 0x3
 438 0008 0E       		.uleb128 0xe
 439 0009 1B       		.uleb128 0x1b
 440 000a 0E       		.uleb128 0xe
 441 000b 55       		.uleb128 0x55
 442 000c 06       		.uleb128 0x6
 443 000d 11       		.uleb128 0x11
 444 000e 01       		.uleb128 0x1
 445 000f 52       		.uleb128 0x52
 446 0010 01       		.uleb128 0x1
 447 0011 10       		.uleb128 0x10
 448 0012 06       		.uleb128 0x6
 449 0013 00       		.byte	0
 450 0014 00       		.byte	0
 451 0015 02       		.uleb128 0x2
 452 0016 24       		.uleb128 0x24
 453 0017 00       		.byte	0
ARM GAS  /tmp/cc2DS7Gt.s 			page 9


 454 0018 0B       		.uleb128 0xb
 455 0019 0B       		.uleb128 0xb
 456 001a 3E       		.uleb128 0x3e
 457 001b 0B       		.uleb128 0xb
 458 001c 03       		.uleb128 0x3
 459 001d 08       		.uleb128 0x8
 460 001e 00       		.byte	0
 461 001f 00       		.byte	0
 462 0020 03       		.uleb128 0x3
 463 0021 24       		.uleb128 0x24
 464 0022 00       		.byte	0
 465 0023 0B       		.uleb128 0xb
 466 0024 0B       		.uleb128 0xb
 467 0025 3E       		.uleb128 0x3e
 468 0026 0B       		.uleb128 0xb
 469 0027 03       		.uleb128 0x3
 470 0028 0E       		.uleb128 0xe
 471 0029 00       		.byte	0
 472 002a 00       		.byte	0
 473 002b 04       		.uleb128 0x4
 474 002c 16       		.uleb128 0x16
 475 002d 00       		.byte	0
 476 002e 03       		.uleb128 0x3
 477 002f 0E       		.uleb128 0xe
 478 0030 3A       		.uleb128 0x3a
 479 0031 0B       		.uleb128 0xb
 480 0032 3B       		.uleb128 0x3b
 481 0033 0B       		.uleb128 0xb
 482 0034 49       		.uleb128 0x49
 483 0035 13       		.uleb128 0x13
 484 0036 00       		.byte	0
 485 0037 00       		.byte	0
 486 0038 05       		.uleb128 0x5
 487 0039 35       		.uleb128 0x35
 488 003a 00       		.byte	0
 489 003b 49       		.uleb128 0x49
 490 003c 13       		.uleb128 0x13
 491 003d 00       		.byte	0
 492 003e 00       		.byte	0
 493 003f 06       		.uleb128 0x6
 494 0040 13       		.uleb128 0x13
 495 0041 01       		.byte	0x1
 496 0042 0B       		.uleb128 0xb
 497 0043 0B       		.uleb128 0xb
 498 0044 3A       		.uleb128 0x3a
 499 0045 0B       		.uleb128 0xb
 500 0046 3B       		.uleb128 0x3b
 501 0047 0B       		.uleb128 0xb
 502 0048 01       		.uleb128 0x1
 503 0049 13       		.uleb128 0x13
 504 004a 00       		.byte	0
 505 004b 00       		.byte	0
 506 004c 07       		.uleb128 0x7
 507 004d 0D       		.uleb128 0xd
 508 004e 00       		.byte	0
 509 004f 03       		.uleb128 0x3
 510 0050 08       		.uleb128 0x8
ARM GAS  /tmp/cc2DS7Gt.s 			page 10


 511 0051 3A       		.uleb128 0x3a
 512 0052 0B       		.uleb128 0xb
 513 0053 3B       		.uleb128 0x3b
 514 0054 0B       		.uleb128 0xb
 515 0055 49       		.uleb128 0x49
 516 0056 13       		.uleb128 0x13
 517 0057 38       		.uleb128 0x38
 518 0058 0A       		.uleb128 0xa
 519 0059 00       		.byte	0
 520 005a 00       		.byte	0
 521 005b 08       		.uleb128 0x8
 522 005c 0D       		.uleb128 0xd
 523 005d 00       		.byte	0
 524 005e 03       		.uleb128 0x3
 525 005f 0E       		.uleb128 0xe
 526 0060 3A       		.uleb128 0x3a
 527 0061 0B       		.uleb128 0xb
 528 0062 3B       		.uleb128 0x3b
 529 0063 0B       		.uleb128 0xb
 530 0064 49       		.uleb128 0x49
 531 0065 13       		.uleb128 0x13
 532 0066 38       		.uleb128 0x38
 533 0067 0A       		.uleb128 0xa
 534 0068 00       		.byte	0
 535 0069 00       		.byte	0
 536 006a 09       		.uleb128 0x9
 537 006b 17       		.uleb128 0x17
 538 006c 01       		.byte	0x1
 539 006d 0B       		.uleb128 0xb
 540 006e 0B       		.uleb128 0xb
 541 006f 3A       		.uleb128 0x3a
 542 0070 0B       		.uleb128 0xb
 543 0071 3B       		.uleb128 0x3b
 544 0072 0B       		.uleb128 0xb
 545 0073 01       		.uleb128 0x1
 546 0074 13       		.uleb128 0x13
 547 0075 00       		.byte	0
 548 0076 00       		.byte	0
 549 0077 0A       		.uleb128 0xa
 550 0078 0D       		.uleb128 0xd
 551 0079 00       		.byte	0
 552 007a 03       		.uleb128 0x3
 553 007b 08       		.uleb128 0x8
 554 007c 3A       		.uleb128 0x3a
 555 007d 0B       		.uleb128 0xb
 556 007e 3B       		.uleb128 0x3b
 557 007f 0B       		.uleb128 0xb
 558 0080 49       		.uleb128 0x49
 559 0081 13       		.uleb128 0x13
 560 0082 00       		.byte	0
 561 0083 00       		.byte	0
 562 0084 0B       		.uleb128 0xb
 563 0085 0F       		.uleb128 0xf
 564 0086 00       		.byte	0
 565 0087 0B       		.uleb128 0xb
 566 0088 0B       		.uleb128 0xb
 567 0089 49       		.uleb128 0x49
ARM GAS  /tmp/cc2DS7Gt.s 			page 11


 568 008a 13       		.uleb128 0x13
 569 008b 00       		.byte	0
 570 008c 00       		.byte	0
 571 008d 0C       		.uleb128 0xc
 572 008e 2E       		.uleb128 0x2e
 573 008f 01       		.byte	0x1
 574 0090 3F       		.uleb128 0x3f
 575 0091 0C       		.uleb128 0xc
 576 0092 03       		.uleb128 0x3
 577 0093 0E       		.uleb128 0xe
 578 0094 3A       		.uleb128 0x3a
 579 0095 0B       		.uleb128 0xb
 580 0096 3B       		.uleb128 0x3b
 581 0097 0B       		.uleb128 0xb
 582 0098 27       		.uleb128 0x27
 583 0099 0C       		.uleb128 0xc
 584 009a 49       		.uleb128 0x49
 585 009b 13       		.uleb128 0x13
 586 009c 11       		.uleb128 0x11
 587 009d 01       		.uleb128 0x1
 588 009e 12       		.uleb128 0x12
 589 009f 01       		.uleb128 0x1
 590 00a0 40       		.uleb128 0x40
 591 00a1 06       		.uleb128 0x6
 592 00a2 9742     		.uleb128 0x2117
 593 00a4 0C       		.uleb128 0xc
 594 00a5 01       		.uleb128 0x1
 595 00a6 13       		.uleb128 0x13
 596 00a7 00       		.byte	0
 597 00a8 00       		.byte	0
 598 00a9 0D       		.uleb128 0xd
 599 00aa 898201   		.uleb128 0x4109
 600 00ad 00       		.byte	0
 601 00ae 11       		.uleb128 0x11
 602 00af 01       		.uleb128 0x1
 603 00b0 31       		.uleb128 0x31
 604 00b1 13       		.uleb128 0x13
 605 00b2 00       		.byte	0
 606 00b3 00       		.byte	0
 607 00b4 0E       		.uleb128 0xe
 608 00b5 898201   		.uleb128 0x4109
 609 00b8 01       		.byte	0x1
 610 00b9 11       		.uleb128 0x11
 611 00ba 01       		.uleb128 0x1
 612 00bb 31       		.uleb128 0x31
 613 00bc 13       		.uleb128 0x13
 614 00bd 01       		.uleb128 0x1
 615 00be 13       		.uleb128 0x13
 616 00bf 00       		.byte	0
 617 00c0 00       		.byte	0
 618 00c1 0F       		.uleb128 0xf
 619 00c2 8A8201   		.uleb128 0x410a
 620 00c5 00       		.byte	0
 621 00c6 02       		.uleb128 0x2
 622 00c7 0A       		.uleb128 0xa
 623 00c8 9142     		.uleb128 0x2111
 624 00ca 0A       		.uleb128 0xa
ARM GAS  /tmp/cc2DS7Gt.s 			page 12


 625 00cb 00       		.byte	0
 626 00cc 00       		.byte	0
 627 00cd 10       		.uleb128 0x10
 628 00ce 898201   		.uleb128 0x4109
 629 00d1 01       		.byte	0x1
 630 00d2 11       		.uleb128 0x11
 631 00d3 01       		.uleb128 0x1
 632 00d4 31       		.uleb128 0x31
 633 00d5 13       		.uleb128 0x13
 634 00d6 00       		.byte	0
 635 00d7 00       		.byte	0
 636 00d8 11       		.uleb128 0x11
 637 00d9 34       		.uleb128 0x34
 638 00da 00       		.byte	0
 639 00db 03       		.uleb128 0x3
 640 00dc 0E       		.uleb128 0xe
 641 00dd 3A       		.uleb128 0x3a
 642 00de 0B       		.uleb128 0xb
 643 00df 3B       		.uleb128 0x3b
 644 00e0 05       		.uleb128 0x5
 645 00e1 49       		.uleb128 0x49
 646 00e2 13       		.uleb128 0x13
 647 00e3 3F       		.uleb128 0x3f
 648 00e4 0C       		.uleb128 0xc
 649 00e5 3C       		.uleb128 0x3c
 650 00e6 0C       		.uleb128 0xc
 651 00e7 00       		.byte	0
 652 00e8 00       		.byte	0
 653 00e9 12       		.uleb128 0x12
 654 00ea 2E       		.uleb128 0x2e
 655 00eb 00       		.byte	0
 656 00ec 3F       		.uleb128 0x3f
 657 00ed 0C       		.uleb128 0xc
 658 00ee 03       		.uleb128 0x3
 659 00ef 0E       		.uleb128 0xe
 660 00f0 3A       		.uleb128 0x3a
 661 00f1 0B       		.uleb128 0xb
 662 00f2 3B       		.uleb128 0x3b
 663 00f3 0B       		.uleb128 0xb
 664 00f4 27       		.uleb128 0x27
 665 00f5 0C       		.uleb128 0xc
 666 00f6 3C       		.uleb128 0x3c
 667 00f7 0C       		.uleb128 0xc
 668 00f8 00       		.byte	0
 669 00f9 00       		.byte	0
 670 00fa 13       		.uleb128 0x13
 671 00fb 2E       		.uleb128 0x2e
 672 00fc 01       		.byte	0x1
 673 00fd 3F       		.uleb128 0x3f
 674 00fe 0C       		.uleb128 0xc
 675 00ff 03       		.uleb128 0x3
 676 0100 0E       		.uleb128 0xe
 677 0101 3A       		.uleb128 0x3a
 678 0102 0B       		.uleb128 0xb
 679 0103 3B       		.uleb128 0x3b
 680 0104 05       		.uleb128 0x5
 681 0105 27       		.uleb128 0x27
ARM GAS  /tmp/cc2DS7Gt.s 			page 13


 682 0106 0C       		.uleb128 0xc
 683 0107 3C       		.uleb128 0x3c
 684 0108 0C       		.uleb128 0xc
 685 0109 01       		.uleb128 0x1
 686 010a 13       		.uleb128 0x13
 687 010b 00       		.byte	0
 688 010c 00       		.byte	0
 689 010d 14       		.uleb128 0x14
 690 010e 05       		.uleb128 0x5
 691 010f 00       		.byte	0
 692 0110 49       		.uleb128 0x49
 693 0111 13       		.uleb128 0x13
 694 0112 00       		.byte	0
 695 0113 00       		.byte	0
 696 0114 15       		.uleb128 0x15
 697 0115 2E       		.uleb128 0x2e
 698 0116 01       		.byte	0x1
 699 0117 3F       		.uleb128 0x3f
 700 0118 0C       		.uleb128 0xc
 701 0119 03       		.uleb128 0x3
 702 011a 0E       		.uleb128 0xe
 703 011b 3A       		.uleb128 0x3a
 704 011c 0B       		.uleb128 0xb
 705 011d 3B       		.uleb128 0x3b
 706 011e 05       		.uleb128 0x5
 707 011f 27       		.uleb128 0x27
 708 0120 0C       		.uleb128 0xc
 709 0121 3C       		.uleb128 0x3c
 710 0122 0C       		.uleb128 0xc
 711 0123 00       		.byte	0
 712 0124 00       		.byte	0
 713 0125 00       		.byte	0
 714              		.section	.debug_loc,"",%progbits
 715              	.Ldebug_loc0:
 716              	.LLST0:
 717 0000 00000000 		.4byte	.LFB118
 718 0004 02000000 		.4byte	.LCFI0
 719 0008 0200     		.2byte	0x2
 720 000a 7D       		.byte	0x7d
 721 000b 00       		.sleb128 0
 722 000c 02000000 		.4byte	.LCFI0
 723 0010 42000000 		.4byte	.LFE118
 724 0014 0200     		.2byte	0x2
 725 0016 7D       		.byte	0x7d
 726 0017 10       		.sleb128 16
 727 0018 00000000 		.4byte	0
 728 001c 00000000 		.4byte	0
 729              		.section	.debug_aranges,"",%progbits
 730 0000 1C000000 		.4byte	0x1c
 731 0004 0200     		.2byte	0x2
 732 0006 00000000 		.4byte	.Ldebug_info0
 733 000a 04       		.byte	0x4
 734 000b 00       		.byte	0
 735 000c 0000     		.2byte	0
 736 000e 0000     		.2byte	0
 737 0010 00000000 		.4byte	.LFB118
 738 0014 42000000 		.4byte	.LFE118-.LFB118
ARM GAS  /tmp/cc2DS7Gt.s 			page 14


 739 0018 00000000 		.4byte	0
 740 001c 00000000 		.4byte	0
 741              		.section	.debug_ranges,"",%progbits
 742              	.Ldebug_ranges0:
 743 0000 00000000 		.4byte	.LFB118
 744 0004 42000000 		.4byte	.LFE118
 745 0008 00000000 		.4byte	0
 746 000c 00000000 		.4byte	0
 747              		.section	.debug_line,"",%progbits
 748              	.Ldebug_line0:
 749 0000 2D020000 		.section	.debug_str,"MS",%progbits,1
 749      02000002 
 749      00000201 
 749      FB0E0D00 
 749      01010101 
 750              	.LASF22:
 751 0000 4C434B52 		.ascii	"LCKR\000"
 751      00
 752              	.LASF16:
 753 0005 636C6561 		.ascii	"clear\000"
 753      7200
 754              	.LASF17:
 755 000b 4D4F4445 		.ascii	"MODER\000"
 755      5200
 756              	.LASF13:
 757 0011 73797374 		.ascii	"systime_t\000"
 757      696D655F 
 757      7400
 758              	.LASF21:
 759 001b 42535252 		.ascii	"BSRR\000"
 759      00
 760              	.LASF29:
 761 0020 68616C49 		.ascii	"halInit\000"
 761      6E697400 
 762              	.LASF3:
 763 0028 73686F72 		.ascii	"short int\000"
 763      7420696E 
 763      7400
 764              	.LASF26:
 765 0032 696F706F 		.ascii	"ioportmask_t\000"
 765      72746D61 
 765      736B5F74 
 765      00
 766              	.LASF18:
 767 003f 4F545950 		.ascii	"OTYPER\000"
 767      455200
 768              	.LASF27:
 769 0046 696F6D6F 		.ascii	"iomode_t\000"
 769      64655F74 
 769      00
 770              	.LASF2:
 771 004f 756E7369 		.ascii	"unsigned char\000"
 771      676E6564 
 771      20636861 
 771      7200
 772              	.LASF37:
 773 005d 63685468 		.ascii	"chThdSleep\000"
ARM GAS  /tmp/cc2DS7Gt.s 			page 15


 773      64536C65 
 773      657000
 774              	.LASF30:
 775 0068 63685379 		.ascii	"chSysInit\000"
 775      73496E69 
 775      7400
 776              	.LASF24:
 777 0072 41465248 		.ascii	"AFRH\000"
 777      00
 778              	.LASF9:
 779 0077 6C6F6E67 		.ascii	"long unsigned int\000"
 779      20756E73 
 779      69676E65 
 779      6420696E 
 779      7400
 780              	.LASF4:
 781 0089 73686F72 		.ascii	"short unsigned int\000"
 781      7420756E 
 781      7369676E 
 781      65642069 
 781      6E7400
 782              	.LASF23:
 783 009c 4146524C 		.ascii	"AFRL\000"
 783      00
 784              	.LASF33:
 785 00a1 2F686F6D 		.ascii	"/home/wicker/proj/wicker/stm32f4-discovery/blinkled"
 785      652F7769 
 785      636B6572 
 785      2F70726F 
 785      6A2F7769 
 786 00d4 00       		.ascii	"\000"
 787              	.LASF34:
 788 00d5 6D61696E 		.ascii	"main\000"
 788      00
 789              	.LASF19:
 790 00da 4F535045 		.ascii	"OSPEEDR\000"
 790      45445200 
 791              	.LASF36:
 792 00e2 5F70616C 		.ascii	"_pal_lld_setgroupmode\000"
 792      5F6C6C64 
 792      5F736574 
 792      67726F75 
 792      706D6F64 
 793              	.LASF0:
 794 00f8 756E7369 		.ascii	"unsigned int\000"
 794      676E6564 
 794      20696E74 
 794      00
 795              	.LASF25:
 796 0105 4750494F 		.ascii	"GPIO_TypeDef\000"
 796      5F547970 
 796      65446566 
 796      00
 797              	.LASF15:
 798 0112 63686172 		.ascii	"char\000"
 798      00
 799              	.LASF35:
ARM GAS  /tmp/cc2DS7Gt.s 			page 16


 800 0117 49544D5F 		.ascii	"ITM_RxBuffer\000"
 800      52784275 
 800      66666572 
 800      00
 801              	.LASF6:
 802 0124 696E7433 		.ascii	"int32_t\000"
 802      325F7400 
 803              	.LASF14:
 804 012c 73697A65 		.ascii	"sizetype\000"
 804      74797065 
 804      00
 805              	.LASF20:
 806 0135 50555044 		.ascii	"PUPDR\000"
 806      5200
 807              	.LASF10:
 808 013b 6C6F6E67 		.ascii	"long long int\000"
 808      206C6F6E 
 808      6720696E 
 808      7400
 809              	.LASF32:
 810 0149 6D61696E 		.ascii	"main.c\000"
 810      2E6300
 811              	.LASF31:
 812 0150 474E5520 		.ascii	"GNU C 4.7.2\000"
 812      4320342E 
 812      372E3200 
 813              	.LASF28:
 814 015c 696F706F 		.ascii	"ioportid_t\000"
 814      72746964 
 814      5F7400
 815              	.LASF5:
 816 0167 75696E74 		.ascii	"uint16_t\000"
 816      31365F74 
 816      00
 817              	.LASF8:
 818 0170 75696E74 		.ascii	"uint32_t\000"
 818      33325F74 
 818      00
 819              	.LASF7:
 820 0179 6C6F6E67 		.ascii	"long int\000"
 820      20696E74 
 820      00
 821              	.LASF1:
 822 0182 7369676E 		.ascii	"signed char\000"
 822      65642063 
 822      68617200 
 823              	.LASF12:
 824 018e 5F426F6F 		.ascii	"_Bool\000"
 824      6C00
 825              	.LASF11:
 826 0194 6C6F6E67 		.ascii	"long long unsigned int\000"
 826      206C6F6E 
 826      6720756E 
 826      7369676E 
 826      65642069 
 827              		.ident	"GCC: (crosstool-NG 1.17.0 - PSAS ST32F4 GFE) 4.7.2"
ARM GAS  /tmp/cc2DS7Gt.s 			page 17


DEFINED SYMBOLS
                            *ABS*:0000000000000000 main.c
     /tmp/cc2DS7Gt.s:21     .text.startup.main:0000000000000000 $t
     /tmp/cc2DS7Gt.s:27     .text.startup.main:0000000000000000 main
                     .debug_frame:0000000000000010 $d

UNDEFINED SYMBOLS
halInit
chSysInit
_pal_lld_setgroupmode
chThdSleep
