ARM GAS  /tmp/ccpSuMZ3.s 			page 1


   1              		.syntax unified
   2              		.cpu cortex-m4
   3              		.eabi_attribute 27, 3
   4              		.eabi_attribute 28, 1
   5              		.fpu fpv4-sp-d16
   6              		.eabi_attribute 20, 1
   7              		.eabi_attribute 21, 1
   8              		.eabi_attribute 23, 3
   9              		.eabi_attribute 24, 1
  10              		.eabi_attribute 25, 1
  11              		.eabi_attribute 26, 1
  12              		.eabi_attribute 30, 2
  13              		.eabi_attribute 34, 1
  14              		.eabi_attribute 18, 4
  15              		.thumb
  16              		.file	"nvic.c"
  17              		.text
  18              	.Ltext0:
  19              		.cfi_sections	.debug_frame
  20              		.section	.text.nvicEnableVector,"ax",%progbits
  21              		.align	2
  22              		.p2align 4,,15
  23              		.global	nvicEnableVector
  24              		.thumb
  25              		.thumb_func
  26              		.type	nvicEnableVector, %function
  27              	nvicEnableVector:
  28              	.LFB7:
  29              		.file 1 "/home/wicker/tools/ChibiOS_2.6.3/os/ports/common/ARMCMx/nvic.c"
  30              		.loc 1 46 0
  31              		.cfi_startproc
  32              		@ args = 0, pretend = 0, frame = 0
  33              		@ frame_needed = 0, uses_anonymous_args = 0
  34              		@ link register save eliminated.
  35              	.LVL0:
  36 0000 F0B4     		push	{r4, r5, r6, r7}
  37              	.LCFI0:
  38              		.cfi_def_cfa_offset 16
  39              		.cfi_offset 4, -16
  40              		.cfi_offset 5, -12
  41              		.cfi_offset 6, -8
  42              		.cfi_offset 7, -4
  43              		.loc 1 49 0
  44 0002 4FF46143 		mov	r3, #57600
  45 0006 8408     		lsrs	r4, r0, #2
  46 0008 CEF20003 		movt	r3, 57344
  47 000c C034     		adds	r4, r4, #192
  48              		.loc 1 47 0
  49 000e 00F00305 		and	r5, r0, #3
  50              		.loc 1 49 0
  51 0012 53F82470 		ldr	r7, [r3, r4, lsl #2]
  52              		.loc 1 47 0
  53 0016 ED00     		lsls	r5, r5, #3
  54              	.LVL1:
  55              		.loc 1 49 0
  56 0018 FF26     		movs	r6, #255
  57              		.loc 1 50 0
ARM GAS  /tmp/ccpSuMZ3.s 			page 2


  58 001a 4209     		lsrs	r2, r0, #5
  59              		.loc 1 49 0
  60 001c 06FA05F6 		lsl	r6, r6, r5
  61 0020 27EA0606 		bic	r6, r7, r6
  62 0024 01FA05F5 		lsl	r5, r1, r5
  63              	.LVL2:
  64              		.loc 1 50 0
  65 0028 00F01F00 		and	r0, r0, #31
  66              	.LVL3:
  67 002c 02F16007 		add	r7, r2, #96
  68 0030 0121     		movs	r1, #1
  69              	.LVL4:
  70 0032 01FA00F0 		lsl	r0, r1, r0
  71              		.loc 1 49 0
  72 0036 2E43     		orrs	r6, r6, r5
  73 0038 43F82460 		str	r6, [r3, r4, lsl #2]
  74              		.loc 1 50 0
  75 003c 43F82700 		str	r0, [r3, r7, lsl #2]
  76              		.loc 1 51 0
  77 0040 43F82200 		str	r0, [r3, r2, lsl #2]
  78              		.loc 1 52 0
  79 0044 F0BC     		pop	{r4, r5, r6, r7}
  80 0046 7047     		bx	lr
  81              		.cfi_endproc
  82              	.LFE7:
  83              		.size	nvicEnableVector, .-nvicEnableVector
  84 0048 AFF30080 		.section	.text.nvicDisableVector,"ax",%progbits
  84      AFF30080 
  85              		.align	2
  86              		.p2align 4,,15
  87              		.global	nvicDisableVector
  88              		.thumb
  89              		.thumb_func
  90              		.type	nvicDisableVector, %function
  91              	nvicDisableVector:
  92              	.LFB8:
  93              		.loc 1 60 0
  94              		.cfi_startproc
  95              		@ args = 0, pretend = 0, frame = 0
  96              		@ frame_needed = 0, uses_anonymous_args = 0
  97              		@ link register save eliminated.
  98              	.LVL5:
  99              		.loc 1 63 0
 100 0000 4109     		lsrs	r1, r0, #5
 101 0002 4FF46143 		mov	r3, #57600
 102              		.loc 1 60 0
 103 0006 10B4     		push	{r4}
 104              	.LCFI1:
 105              		.cfi_def_cfa_offset 4
 106              		.cfi_offset 4, -4
 107              		.loc 1 63 0
 108 0008 CEF20003 		movt	r3, 57344
 109 000c 00F01F02 		and	r2, r0, #31
 110 0010 2031     		adds	r1, r1, #32
 111 0012 0124     		movs	r4, #1
 112 0014 04FA02F4 		lsl	r4, r4, r2
 113              		.loc 1 64 0
ARM GAS  /tmp/ccpSuMZ3.s 			page 3


 114 0018 8208     		lsrs	r2, r0, #2
 115              		.loc 1 63 0
 116 001a 43F82140 		str	r4, [r3, r1, lsl #2]
 117              		.loc 1 64 0
 118 001e C032     		adds	r2, r2, #192
 119              		.loc 1 61 0
 120 0020 00F00300 		and	r0, r0, #3
 121              	.LVL6:
 122              		.loc 1 64 0
 123 0024 53F82210 		ldr	r1, [r3, r2, lsl #2]
 124              		.loc 1 61 0
 125 0028 C000     		lsls	r0, r0, #3
 126              	.LVL7:
 127              		.loc 1 64 0
 128 002a FF24     		movs	r4, #255
 129 002c 04FA00F0 		lsl	r0, r4, r0
 130              	.LVL8:
 131 0030 21EA0000 		bic	r0, r1, r0
 132 0034 43F82200 		str	r0, [r3, r2, lsl #2]
 133              		.loc 1 65 0
 134 0038 10BC     		pop	{r4}
 135 003a 7047     		bx	lr
 136              		.cfi_endproc
 137              	.LFE8:
 138              		.size	nvicDisableVector, .-nvicDisableVector
 139 003c AFF30080 		.section	.text.nvicSetSystemHandlerPriority,"ax",%progbits
 140              		.align	2
 141              		.p2align 4,,15
 142              		.global	nvicSetSystemHandlerPriority
 143              		.thumb
 144              		.thumb_func
 145              		.type	nvicSetSystemHandlerPriority, %function
 146              	nvicSetSystemHandlerPriority:
 147              	.LFB9:
 148              		.loc 1 74 0
 149              		.cfi_startproc
 150              		@ args = 0, pretend = 0, frame = 0
 151              		@ frame_needed = 0, uses_anonymous_args = 0
 152              		@ link register save eliminated.
 153              	.LVL9:
 154              		.loc 1 77 0
 155 0000 8208     		lsrs	r2, r0, #2
 156 0002 4FF46D43 		mov	r3, #60672
 157 0006 CEF20003 		movt	r3, 57344
 158 000a 0632     		adds	r2, r2, #6
 159              		.loc 1 75 0
 160 000c 00F00300 		and	r0, r0, #3
 161              	.LVL10:
 162              		.loc 1 74 0
 163 0010 30B4     		push	{r4, r5}
 164              	.LCFI2:
 165              		.cfi_def_cfa_offset 8
 166              		.cfi_offset 4, -8
 167              		.cfi_offset 5, -4
 168              		.loc 1 75 0
 169 0012 C000     		lsls	r0, r0, #3
 170              	.LVL11:
ARM GAS  /tmp/ccpSuMZ3.s 			page 4


 171              		.loc 1 77 0
 172 0014 53F82250 		ldr	r5, [r3, r2, lsl #2]
 173              		.loc 1 78 0
 174 0018 FF24     		movs	r4, #255
 175 001a 04FA00F4 		lsl	r4, r4, r0
 176              		.loc 1 77 0
 177 001e 25EA0404 		bic	r4, r5, r4
 178              		.loc 1 78 0
 179 0022 01FA00F1 		lsl	r1, r1, r0
 180              	.LVL12:
 181 0026 0C43     		orrs	r4, r4, r1
 182              		.loc 1 77 0
 183 0028 43F82240 		str	r4, [r3, r2, lsl #2]
 184              		.loc 1 79 0
 185 002c 30BC     		pop	{r4, r5}
 186 002e 7047     		bx	lr
 187              		.cfi_endproc
 188              	.LFE9:
 189              		.size	nvicSetSystemHandlerPriority, .-nvicSetSystemHandlerPriority
 190              		.text
 191              	.Letext0:
 192              		.file 2 "/opt/psas/x-tools/stm32f407/arm-psas-eabi/bin/../lib/gcc/arm-psas-eabi/4.7.2/../../../../
 193              		.file 3 "/home/wicker/tools/ChibiOS_2.6.3/os/ports/common/ARMCMx/nvic.h"
 194              		.section	.debug_info,"",%progbits
 195              	.Ldebug_info0:
 196 0000 4D040000 		.4byte	0x44d
 197 0004 0200     		.2byte	0x2
 198 0006 00000000 		.4byte	.Ldebug_abbrev0
 199 000a 04       		.byte	0x4
 200 000b 01       		.uleb128 0x1
 201 000c 73010000 		.4byte	.LASF46
 202 0010 01       		.byte	0x1
 203 0011 00000000 		.4byte	.LASF47
 204 0015 00000000 		.4byte	.Ldebug_ranges0+0
 205 0019 00000000 		.4byte	0
 206 001d 00000000 		.4byte	0
 207 0021 00000000 		.4byte	.Ldebug_line0
 208 0025 02       		.uleb128 0x2
 209 0026 04       		.byte	0x4
 210 0027 05       		.byte	0x5
 211 0028 696E7400 		.ascii	"int\000"
 212 002c 03       		.uleb128 0x3
 213 002d 04       		.byte	0x4
 214 002e 07       		.byte	0x7
 215 002f 03010000 		.4byte	.LASF0
 216 0033 03       		.uleb128 0x3
 217 0034 01       		.byte	0x1
 218 0035 06       		.byte	0x6
 219 0036 AC010000 		.4byte	.LASF1
 220 003a 03       		.uleb128 0x3
 221 003b 01       		.byte	0x1
 222 003c 08       		.byte	0x8
 223 003d 81000000 		.4byte	.LASF2
 224 0041 03       		.uleb128 0x3
 225 0042 02       		.byte	0x2
 226 0043 05       		.byte	0x5
 227 0044 F9000000 		.4byte	.LASF3
ARM GAS  /tmp/ccpSuMZ3.s 			page 5


 228 0048 03       		.uleb128 0x3
 229 0049 02       		.byte	0x2
 230 004a 07       		.byte	0x7
 231 004b BF000000 		.4byte	.LASF4
 232 004f 03       		.uleb128 0x3
 233 0050 04       		.byte	0x4
 234 0051 05       		.byte	0x5
 235 0052 9E010000 		.4byte	.LASF5
 236 0056 04       		.uleb128 0x4
 237 0057 95010000 		.4byte	.LASF10
 238 005b 02       		.byte	0x2
 239 005c 50       		.byte	0x50
 240 005d 61000000 		.4byte	0x61
 241 0061 03       		.uleb128 0x3
 242 0062 04       		.byte	0x4
 243 0063 07       		.byte	0x7
 244 0064 DC000000 		.4byte	.LASF6
 245 0068 03       		.uleb128 0x3
 246 0069 08       		.byte	0x8
 247 006a 05       		.byte	0x5
 248 006b 5A010000 		.4byte	.LASF7
 249 006f 03       		.uleb128 0x3
 250 0070 08       		.byte	0x8
 251 0071 07       		.byte	0x7
 252 0072 1A010000 		.4byte	.LASF8
 253 0076 03       		.uleb128 0x3
 254 0077 01       		.byte	0x1
 255 0078 02       		.byte	0x2
 256 0079 4E000000 		.4byte	.LASF9
 257 007d 04       		.uleb128 0x4
 258 007e 79000000 		.4byte	.LASF11
 259 0082 03       		.byte	0x3
 260 0083 3A       		.byte	0x3a
 261 0084 88000000 		.4byte	0x88
 262 0088 05       		.uleb128 0x5
 263 0089 56000000 		.4byte	0x56
 264 008d 06       		.uleb128 0x6
 265 008e 040E     		.2byte	0xe04
 266 0090 03       		.byte	0x3
 267 0091 6A       		.byte	0x6a
 268 0092 58010000 		.4byte	0x158
 269 0096 07       		.uleb128 0x7
 270 0097 7F010000 		.4byte	.LASF12
 271 009b 03       		.byte	0x3
 272 009c 6B       		.byte	0x6b
 273 009d 6F010000 		.4byte	0x16f
 274 00a1 02       		.byte	0x2
 275 00a2 23       		.byte	0x23
 276 00a3 00       		.uleb128 0
 277 00a4 07       		.uleb128 0x7
 278 00a5 8F000000 		.4byte	.LASF13
 279 00a9 03       		.byte	0x3
 280 00aa 6C       		.byte	0x6c
 281 00ab 84010000 		.4byte	0x184
 282 00af 02       		.byte	0x2
 283 00b0 23       		.byte	0x23
 284 00b1 20       		.uleb128 0x20
ARM GAS  /tmp/ccpSuMZ3.s 			page 6


 285 00b2 07       		.uleb128 0x7
 286 00b3 74000000 		.4byte	.LASF14
 287 00b7 03       		.byte	0x3
 288 00b8 6D       		.byte	0x6d
 289 00b9 89010000 		.4byte	0x189
 290 00bd 03       		.byte	0x3
 291 00be 23       		.byte	0x23
 292 00bf 8001     		.uleb128 0x80
 293 00c1 07       		.uleb128 0x7
 294 00c2 97000000 		.4byte	.LASF15
 295 00c6 03       		.byte	0x3
 296 00c7 6E       		.byte	0x6e
 297 00c8 8E010000 		.4byte	0x18e
 298 00cc 03       		.byte	0x3
 299 00cd 23       		.byte	0x23
 300 00ce A001     		.uleb128 0xa0
 301 00d0 07       		.uleb128 0x7
 302 00d1 10010000 		.4byte	.LASF16
 303 00d5 03       		.byte	0x3
 304 00d6 6F       		.byte	0x6f
 305 00d7 93010000 		.4byte	0x193
 306 00db 03       		.byte	0x3
 307 00dc 23       		.byte	0x23
 308 00dd 8002     		.uleb128 0x100
 309 00df 07       		.uleb128 0x7
 310 00e0 9F000000 		.4byte	.LASF17
 311 00e4 03       		.byte	0x3
 312 00e5 70       		.byte	0x70
 313 00e6 98010000 		.4byte	0x198
 314 00ea 03       		.byte	0x3
 315 00eb 23       		.byte	0x23
 316 00ec A002     		.uleb128 0x120
 317 00ee 07       		.uleb128 0x7
 318 00ef 44000000 		.4byte	.LASF18
 319 00f3 03       		.byte	0x3
 320 00f4 71       		.byte	0x71
 321 00f5 9D010000 		.4byte	0x19d
 322 00f9 03       		.byte	0x3
 323 00fa 23       		.byte	0x23
 324 00fb 8003     		.uleb128 0x180
 325 00fd 07       		.uleb128 0x7
 326 00fe A7000000 		.4byte	.LASF19
 327 0102 03       		.byte	0x3
 328 0103 72       		.byte	0x72
 329 0104 A2010000 		.4byte	0x1a2
 330 0108 03       		.byte	0x3
 331 0109 23       		.byte	0x23
 332 010a A003     		.uleb128 0x1a0
 333 010c 07       		.uleb128 0x7
 334 010d D5010000 		.4byte	.LASF20
 335 0111 03       		.byte	0x3
 336 0112 73       		.byte	0x73
 337 0113 A7010000 		.4byte	0x1a7
 338 0117 03       		.byte	0x3
 339 0118 23       		.byte	0x23
 340 0119 8004     		.uleb128 0x200
 341 011b 07       		.uleb128 0x7
ARM GAS  /tmp/ccpSuMZ3.s 			page 7


 342 011c AF000000 		.4byte	.LASF21
 343 0120 03       		.byte	0x3
 344 0121 74       		.byte	0x74
 345 0122 BC010000 		.4byte	0x1bc
 346 0126 03       		.byte	0x3
 347 0127 23       		.byte	0x23
 348 0128 A004     		.uleb128 0x220
 349 012a 08       		.uleb128 0x8
 350 012b 49505200 		.ascii	"IPR\000"
 351 012f 03       		.byte	0x3
 352 0130 75       		.byte	0x75
 353 0131 D1010000 		.4byte	0x1d1
 354 0135 03       		.byte	0x3
 355 0136 23       		.byte	0x23
 356 0137 8006     		.uleb128 0x300
 357 0139 07       		.uleb128 0x7
 358 013a B7000000 		.4byte	.LASF22
 359 013e 03       		.byte	0x3
 360 013f 76       		.byte	0x76
 361 0140 E7010000 		.4byte	0x1e7
 362 0144 03       		.byte	0x3
 363 0145 23       		.byte	0x23
 364 0146 F007     		.uleb128 0x3f0
 365 0148 07       		.uleb128 0x7
 366 0149 F4000000 		.4byte	.LASF23
 367 014d 03       		.byte	0x3
 368 014e 77       		.byte	0x77
 369 014f 7D000000 		.4byte	0x7d
 370 0153 03       		.byte	0x3
 371 0154 23       		.byte	0x23
 372 0155 801C     		.uleb128 0xe00
 373 0157 00       		.byte	0
 374 0158 09       		.uleb128 0x9
 375 0159 7D000000 		.4byte	0x7d
 376 015d 68010000 		.4byte	0x168
 377 0161 0A       		.uleb128 0xa
 378 0162 68010000 		.4byte	0x168
 379 0166 07       		.byte	0x7
 380 0167 00       		.byte	0
 381 0168 03       		.uleb128 0x3
 382 0169 04       		.byte	0x4
 383 016a 07       		.byte	0x7
 384 016b 51010000 		.4byte	.LASF24
 385 016f 05       		.uleb128 0x5
 386 0170 58010000 		.4byte	0x158
 387 0174 09       		.uleb128 0x9
 388 0175 7D000000 		.4byte	0x7d
 389 0179 84010000 		.4byte	0x184
 390 017d 0A       		.uleb128 0xa
 391 017e 68010000 		.4byte	0x168
 392 0182 17       		.byte	0x17
 393 0183 00       		.byte	0
 394 0184 05       		.uleb128 0x5
 395 0185 74010000 		.4byte	0x174
 396 0189 05       		.uleb128 0x5
 397 018a 58010000 		.4byte	0x158
 398 018e 05       		.uleb128 0x5
ARM GAS  /tmp/ccpSuMZ3.s 			page 8


 399 018f 74010000 		.4byte	0x174
 400 0193 05       		.uleb128 0x5
 401 0194 58010000 		.4byte	0x158
 402 0198 05       		.uleb128 0x5
 403 0199 74010000 		.4byte	0x174
 404 019d 05       		.uleb128 0x5
 405 019e 58010000 		.4byte	0x158
 406 01a2 05       		.uleb128 0x5
 407 01a3 74010000 		.4byte	0x174
 408 01a7 05       		.uleb128 0x5
 409 01a8 58010000 		.4byte	0x158
 410 01ac 09       		.uleb128 0x9
 411 01ad 7D000000 		.4byte	0x7d
 412 01b1 BC010000 		.4byte	0x1bc
 413 01b5 0A       		.uleb128 0xa
 414 01b6 68010000 		.4byte	0x168
 415 01ba 37       		.byte	0x37
 416 01bb 00       		.byte	0
 417 01bc 05       		.uleb128 0x5
 418 01bd AC010000 		.4byte	0x1ac
 419 01c1 09       		.uleb128 0x9
 420 01c2 7D000000 		.4byte	0x7d
 421 01c6 D1010000 		.4byte	0x1d1
 422 01ca 0A       		.uleb128 0xa
 423 01cb 68010000 		.4byte	0x168
 424 01cf 3B       		.byte	0x3b
 425 01d0 00       		.byte	0
 426 01d1 05       		.uleb128 0x5
 427 01d2 C1010000 		.4byte	0x1c1
 428 01d6 09       		.uleb128 0x9
 429 01d7 7D000000 		.4byte	0x7d
 430 01db E7010000 		.4byte	0x1e7
 431 01df 0B       		.uleb128 0xb
 432 01e0 68010000 		.4byte	0x168
 433 01e4 8302     		.2byte	0x283
 434 01e6 00       		.byte	0
 435 01e7 05       		.uleb128 0x5
 436 01e8 D6010000 		.4byte	0x1d6
 437 01ec 04       		.uleb128 0x4
 438 01ed 66000000 		.4byte	.LASF25
 439 01f1 03       		.byte	0x3
 440 01f2 78       		.byte	0x78
 441 01f3 8D000000 		.4byte	0x8d
 442 01f7 0C       		.uleb128 0xc
 443 01f8 8C       		.byte	0x8c
 444 01f9 03       		.byte	0x3
 445 01fa 89       		.byte	0x89
 446 01fb 27030000 		.4byte	0x327
 447 01ff 07       		.uleb128 0x7
 448 0200 68010000 		.4byte	.LASF26
 449 0204 03       		.byte	0x3
 450 0205 8A       		.byte	0x8a
 451 0206 7D000000 		.4byte	0x7d
 452 020a 02       		.byte	0x2
 453 020b 23       		.byte	0x23
 454 020c 00       		.uleb128 0
 455 020d 07       		.uleb128 0x7
ARM GAS  /tmp/ccpSuMZ3.s 			page 9


 456 020e 31010000 		.4byte	.LASF27
 457 0212 03       		.byte	0x3
 458 0213 8B       		.byte	0x8b
 459 0214 7D000000 		.4byte	0x7d
 460 0218 02       		.byte	0x2
 461 0219 23       		.byte	0x23
 462 021a 04       		.uleb128 0x4
 463 021b 07       		.uleb128 0x7
 464 021c 6F000000 		.4byte	.LASF28
 465 0220 03       		.byte	0x3
 466 0221 8C       		.byte	0x8c
 467 0222 7D000000 		.4byte	0x7d
 468 0226 02       		.byte	0x2
 469 0227 23       		.byte	0x23
 470 0228 08       		.uleb128 0x8
 471 0229 07       		.uleb128 0x7
 472 022a 3E010000 		.4byte	.LASF29
 473 022e 03       		.byte	0x3
 474 022f 8D       		.byte	0x8d
 475 0230 7D000000 		.4byte	0x7d
 476 0234 02       		.byte	0x2
 477 0235 23       		.byte	0x23
 478 0236 0C       		.uleb128 0xc
 479 0237 08       		.uleb128 0x8
 480 0238 53435200 		.ascii	"SCR\000"
 481 023c 03       		.byte	0x3
 482 023d 8E       		.byte	0x8e
 483 023e 7D000000 		.4byte	0x7d
 484 0242 02       		.byte	0x2
 485 0243 23       		.byte	0x23
 486 0244 10       		.uleb128 0x10
 487 0245 08       		.uleb128 0x8
 488 0246 43435200 		.ascii	"CCR\000"
 489 024a 03       		.byte	0x3
 490 024b 8F       		.byte	0x8f
 491 024c 7D000000 		.4byte	0x7d
 492 0250 02       		.byte	0x2
 493 0251 23       		.byte	0x23
 494 0252 14       		.uleb128 0x14
 495 0253 07       		.uleb128 0x7
 496 0254 A7010000 		.4byte	.LASF30
 497 0258 03       		.byte	0x3
 498 0259 90       		.byte	0x90
 499 025a 37030000 		.4byte	0x337
 500 025e 02       		.byte	0x2
 501 025f 23       		.byte	0x23
 502 0260 18       		.uleb128 0x18
 503 0261 07       		.uleb128 0x7
 504 0262 8F010000 		.4byte	.LASF31
 505 0266 03       		.byte	0x3
 506 0267 91       		.byte	0x91
 507 0268 7D000000 		.4byte	0x7d
 508 026c 02       		.byte	0x2
 509 026d 23       		.byte	0x23
 510 026e 24       		.uleb128 0x24
 511 026f 07       		.uleb128 0x7
 512 0270 D2000000 		.4byte	.LASF32
ARM GAS  /tmp/ccpSuMZ3.s 			page 10


 513 0274 03       		.byte	0x3
 514 0275 92       		.byte	0x92
 515 0276 7D000000 		.4byte	0x7d
 516 027a 02       		.byte	0x2
 517 027b 23       		.byte	0x23
 518 027c 28       		.uleb128 0x28
 519 027d 07       		.uleb128 0x7
 520 027e D7000000 		.4byte	.LASF33
 521 0282 03       		.byte	0x3
 522 0283 93       		.byte	0x93
 523 0284 7D000000 		.4byte	0x7d
 524 0288 02       		.byte	0x2
 525 0289 23       		.byte	0x23
 526 028a 2C       		.uleb128 0x2c
 527 028b 07       		.uleb128 0x7
 528 028c 15010000 		.4byte	.LASF34
 529 0290 03       		.byte	0x3
 530 0291 94       		.byte	0x94
 531 0292 7D000000 		.4byte	0x7d
 532 0296 02       		.byte	0x2
 533 0297 23       		.byte	0x23
 534 0298 30       		.uleb128 0x30
 535 0299 07       		.uleb128 0x7
 536 029a 89010000 		.4byte	.LASF35
 537 029e 03       		.byte	0x3
 538 029f 95       		.byte	0x95
 539 02a0 7D000000 		.4byte	0x7d
 540 02a4 02       		.byte	0x2
 541 02a5 23       		.byte	0x23
 542 02a6 34       		.uleb128 0x34
 543 02a7 07       		.uleb128 0x7
 544 02a8 44010000 		.4byte	.LASF36
 545 02ac 03       		.byte	0x3
 546 02ad 96       		.byte	0x96
 547 02ae 7D000000 		.4byte	0x7d
 548 02b2 02       		.byte	0x2
 549 02b3 23       		.byte	0x23
 550 02b4 38       		.uleb128 0x38
 551 02b5 07       		.uleb128 0x7
 552 02b6 84010000 		.4byte	.LASF37
 553 02ba 03       		.byte	0x3
 554 02bb 97       		.byte	0x97
 555 02bc 7D000000 		.4byte	0x7d
 556 02c0 02       		.byte	0x2
 557 02c1 23       		.byte	0x23
 558 02c2 3C       		.uleb128 0x3c
 559 02c3 08       		.uleb128 0x8
 560 02c4 50465200 		.ascii	"PFR\000"
 561 02c8 03       		.byte	0x3
 562 02c9 98       		.byte	0x98
 563 02ca 4C030000 		.4byte	0x34c
 564 02ce 02       		.byte	0x2
 565 02cf 23       		.byte	0x23
 566 02d0 40       		.uleb128 0x40
 567 02d1 08       		.uleb128 0x8
 568 02d2 44465200 		.ascii	"DFR\000"
 569 02d6 03       		.byte	0x3
ARM GAS  /tmp/ccpSuMZ3.s 			page 11


 570 02d7 99       		.byte	0x99
 571 02d8 7D000000 		.4byte	0x7d
 572 02dc 02       		.byte	0x2
 573 02dd 23       		.byte	0x23
 574 02de 48       		.uleb128 0x48
 575 02df 08       		.uleb128 0x8
 576 02e0 41445200 		.ascii	"ADR\000"
 577 02e4 03       		.byte	0x3
 578 02e5 9A       		.byte	0x9a
 579 02e6 7D000000 		.4byte	0x7d
 580 02ea 02       		.byte	0x2
 581 02eb 23       		.byte	0x23
 582 02ec 4C       		.uleb128 0x4c
 583 02ed 07       		.uleb128 0x7
 584 02ee 49000000 		.4byte	.LASF38
 585 02f2 03       		.byte	0x3
 586 02f3 9B       		.byte	0x9b
 587 02f4 61030000 		.4byte	0x361
 588 02f8 02       		.byte	0x2
 589 02f9 23       		.byte	0x23
 590 02fa 50       		.uleb128 0x50
 591 02fb 08       		.uleb128 0x8
 592 02fc 53415200 		.ascii	"SAR\000"
 593 0300 03       		.byte	0x3
 594 0301 9C       		.byte	0x9c
 595 0302 76030000 		.4byte	0x376
 596 0306 02       		.byte	0x2
 597 0307 23       		.byte	0x23
 598 0308 60       		.uleb128 0x60
 599 0309 07       		.uleb128 0x7
 600 030a 8F000000 		.4byte	.LASF13
 601 030e 03       		.byte	0x3
 602 030f 9D       		.byte	0x9d
 603 0310 7B030000 		.4byte	0x37b
 604 0314 02       		.byte	0x2
 605 0315 23       		.byte	0x23
 606 0316 74       		.uleb128 0x74
 607 0317 07       		.uleb128 0x7
 608 0318 EE000000 		.4byte	.LASF39
 609 031c 03       		.byte	0x3
 610 031d 9E       		.byte	0x9e
 611 031e 7D000000 		.4byte	0x7d
 612 0322 03       		.byte	0x3
 613 0323 23       		.byte	0x23
 614 0324 8801     		.uleb128 0x88
 615 0326 00       		.byte	0
 616 0327 09       		.uleb128 0x9
 617 0328 7D000000 		.4byte	0x7d
 618 032c 37030000 		.4byte	0x337
 619 0330 0A       		.uleb128 0xa
 620 0331 68010000 		.4byte	0x168
 621 0335 02       		.byte	0x2
 622 0336 00       		.byte	0
 623 0337 05       		.uleb128 0x5
 624 0338 27030000 		.4byte	0x327
 625 033c 09       		.uleb128 0x9
 626 033d 7D000000 		.4byte	0x7d
ARM GAS  /tmp/ccpSuMZ3.s 			page 12


 627 0341 4C030000 		.4byte	0x34c
 628 0345 0A       		.uleb128 0xa
 629 0346 68010000 		.4byte	0x168
 630 034a 01       		.byte	0x1
 631 034b 00       		.byte	0
 632 034c 05       		.uleb128 0x5
 633 034d 3C030000 		.4byte	0x33c
 634 0351 09       		.uleb128 0x9
 635 0352 7D000000 		.4byte	0x7d
 636 0356 61030000 		.4byte	0x361
 637 035a 0A       		.uleb128 0xa
 638 035b 68010000 		.4byte	0x168
 639 035f 03       		.byte	0x3
 640 0360 00       		.byte	0
 641 0361 05       		.uleb128 0x5
 642 0362 51030000 		.4byte	0x351
 643 0366 09       		.uleb128 0x9
 644 0367 7D000000 		.4byte	0x7d
 645 036b 76030000 		.4byte	0x376
 646 036f 0A       		.uleb128 0xa
 647 0370 68010000 		.4byte	0x168
 648 0374 04       		.byte	0x4
 649 0375 00       		.byte	0
 650 0376 05       		.uleb128 0x5
 651 0377 66030000 		.4byte	0x366
 652 037b 05       		.uleb128 0x5
 653 037c 66030000 		.4byte	0x366
 654 0380 04       		.uleb128 0x4
 655 0381 36010000 		.4byte	.LASF40
 656 0385 03       		.byte	0x3
 657 0386 9F       		.byte	0x9f
 658 0387 F7010000 		.4byte	0x1f7
 659 038b 03       		.uleb128 0x3
 660 038c 01       		.byte	0x1
 661 038d 08       		.byte	0x8
 662 038e 6E010000 		.4byte	.LASF41
 663 0392 0D       		.uleb128 0xd
 664 0393 01       		.byte	0x1
 665 0394 DA010000 		.4byte	.LASF43
 666 0398 01       		.byte	0x1
 667 0399 2E       		.byte	0x2e
 668 039a 01       		.byte	0x1
 669 039b 00000000 		.4byte	.LFB7
 670 039f 48000000 		.4byte	.LFE7
 671 03a3 00000000 		.4byte	.LLST0
 672 03a7 01       		.byte	0x1
 673 03a8 D7030000 		.4byte	0x3d7
 674 03ac 0E       		.uleb128 0xe
 675 03ad 6E00     		.ascii	"n\000"
 676 03af 01       		.byte	0x1
 677 03b0 2E       		.byte	0x2e
 678 03b1 56000000 		.4byte	0x56
 679 03b5 20000000 		.4byte	.LLST1
 680 03b9 0F       		.uleb128 0xf
 681 03ba 3F000000 		.4byte	.LASF42
 682 03be 01       		.byte	0x1
 683 03bf 2E       		.byte	0x2e
ARM GAS  /tmp/ccpSuMZ3.s 			page 13


 684 03c0 56000000 		.4byte	0x56
 685 03c4 41000000 		.4byte	.LLST2
 686 03c8 10       		.uleb128 0x10
 687 03c9 736800   		.ascii	"sh\000"
 688 03cc 01       		.byte	0x1
 689 03cd 2F       		.byte	0x2f
 690 03ce 2C000000 		.4byte	0x2c
 691 03d2 62000000 		.4byte	.LLST3
 692 03d6 00       		.byte	0
 693 03d7 0D       		.uleb128 0xd
 694 03d8 01       		.byte	0x1
 695 03d9 54000000 		.4byte	.LASF44
 696 03dd 01       		.byte	0x1
 697 03de 3C       		.byte	0x3c
 698 03df 01       		.byte	0x1
 699 03e0 00000000 		.4byte	.LFB8
 700 03e4 3C000000 		.4byte	.LFE8
 701 03e8 A9000000 		.4byte	.LLST4
 702 03ec 01       		.byte	0x1
 703 03ed 0D040000 		.4byte	0x40d
 704 03f1 0E       		.uleb128 0xe
 705 03f2 6E00     		.ascii	"n\000"
 706 03f4 01       		.byte	0x1
 707 03f5 3C       		.byte	0x3c
 708 03f6 56000000 		.4byte	0x56
 709 03fa C9000000 		.4byte	.LLST5
 710 03fe 10       		.uleb128 0x10
 711 03ff 736800   		.ascii	"sh\000"
 712 0402 01       		.byte	0x1
 713 0403 3D       		.byte	0x3d
 714 0404 2C000000 		.4byte	0x2c
 715 0408 EA000000 		.4byte	.LLST6
 716 040c 00       		.byte	0
 717 040d 11       		.uleb128 0x11
 718 040e 01       		.byte	0x1
 719 040f B8010000 		.4byte	.LASF48
 720 0413 01       		.byte	0x1
 721 0414 4A       		.byte	0x4a
 722 0415 01       		.byte	0x1
 723 0416 00000000 		.4byte	.LFB9
 724 041a 30000000 		.4byte	.LFE9
 725 041e 32010000 		.4byte	.LLST7
 726 0422 01       		.byte	0x1
 727 0423 0F       		.uleb128 0xf
 728 0424 49010000 		.4byte	.LASF45
 729 0428 01       		.byte	0x1
 730 0429 4A       		.byte	0x4a
 731 042a 56000000 		.4byte	0x56
 732 042e 52010000 		.4byte	.LLST8
 733 0432 0F       		.uleb128 0xf
 734 0433 3F000000 		.4byte	.LASF42
 735 0437 01       		.byte	0x1
 736 0438 4A       		.byte	0x4a
 737 0439 56000000 		.4byte	0x56
 738 043d 73010000 		.4byte	.LLST9
 739 0441 10       		.uleb128 0x10
 740 0442 736800   		.ascii	"sh\000"
ARM GAS  /tmp/ccpSuMZ3.s 			page 14


 741 0445 01       		.byte	0x1
 742 0446 4B       		.byte	0x4b
 743 0447 2C000000 		.4byte	0x2c
 744 044b 94010000 		.4byte	.LLST10
 745 044f 00       		.byte	0
 746 0450 00       		.byte	0
 747              		.section	.debug_abbrev,"",%progbits
 748              	.Ldebug_abbrev0:
 749 0000 01       		.uleb128 0x1
 750 0001 11       		.uleb128 0x11
 751 0002 01       		.byte	0x1
 752 0003 25       		.uleb128 0x25
 753 0004 0E       		.uleb128 0xe
 754 0005 13       		.uleb128 0x13
 755 0006 0B       		.uleb128 0xb
 756 0007 03       		.uleb128 0x3
 757 0008 0E       		.uleb128 0xe
 758 0009 55       		.uleb128 0x55
 759 000a 06       		.uleb128 0x6
 760 000b 11       		.uleb128 0x11
 761 000c 01       		.uleb128 0x1
 762 000d 52       		.uleb128 0x52
 763 000e 01       		.uleb128 0x1
 764 000f 10       		.uleb128 0x10
 765 0010 06       		.uleb128 0x6
 766 0011 00       		.byte	0
 767 0012 00       		.byte	0
 768 0013 02       		.uleb128 0x2
 769 0014 24       		.uleb128 0x24
 770 0015 00       		.byte	0
 771 0016 0B       		.uleb128 0xb
 772 0017 0B       		.uleb128 0xb
 773 0018 3E       		.uleb128 0x3e
 774 0019 0B       		.uleb128 0xb
 775 001a 03       		.uleb128 0x3
 776 001b 08       		.uleb128 0x8
 777 001c 00       		.byte	0
 778 001d 00       		.byte	0
 779 001e 03       		.uleb128 0x3
 780 001f 24       		.uleb128 0x24
 781 0020 00       		.byte	0
 782 0021 0B       		.uleb128 0xb
 783 0022 0B       		.uleb128 0xb
 784 0023 3E       		.uleb128 0x3e
 785 0024 0B       		.uleb128 0xb
 786 0025 03       		.uleb128 0x3
 787 0026 0E       		.uleb128 0xe
 788 0027 00       		.byte	0
 789 0028 00       		.byte	0
 790 0029 04       		.uleb128 0x4
 791 002a 16       		.uleb128 0x16
 792 002b 00       		.byte	0
 793 002c 03       		.uleb128 0x3
 794 002d 0E       		.uleb128 0xe
 795 002e 3A       		.uleb128 0x3a
 796 002f 0B       		.uleb128 0xb
 797 0030 3B       		.uleb128 0x3b
ARM GAS  /tmp/ccpSuMZ3.s 			page 15


 798 0031 0B       		.uleb128 0xb
 799 0032 49       		.uleb128 0x49
 800 0033 13       		.uleb128 0x13
 801 0034 00       		.byte	0
 802 0035 00       		.byte	0
 803 0036 05       		.uleb128 0x5
 804 0037 35       		.uleb128 0x35
 805 0038 00       		.byte	0
 806 0039 49       		.uleb128 0x49
 807 003a 13       		.uleb128 0x13
 808 003b 00       		.byte	0
 809 003c 00       		.byte	0
 810 003d 06       		.uleb128 0x6
 811 003e 13       		.uleb128 0x13
 812 003f 01       		.byte	0x1
 813 0040 0B       		.uleb128 0xb
 814 0041 05       		.uleb128 0x5
 815 0042 3A       		.uleb128 0x3a
 816 0043 0B       		.uleb128 0xb
 817 0044 3B       		.uleb128 0x3b
 818 0045 0B       		.uleb128 0xb
 819 0046 01       		.uleb128 0x1
 820 0047 13       		.uleb128 0x13
 821 0048 00       		.byte	0
 822 0049 00       		.byte	0
 823 004a 07       		.uleb128 0x7
 824 004b 0D       		.uleb128 0xd
 825 004c 00       		.byte	0
 826 004d 03       		.uleb128 0x3
 827 004e 0E       		.uleb128 0xe
 828 004f 3A       		.uleb128 0x3a
 829 0050 0B       		.uleb128 0xb
 830 0051 3B       		.uleb128 0x3b
 831 0052 0B       		.uleb128 0xb
 832 0053 49       		.uleb128 0x49
 833 0054 13       		.uleb128 0x13
 834 0055 38       		.uleb128 0x38
 835 0056 0A       		.uleb128 0xa
 836 0057 00       		.byte	0
 837 0058 00       		.byte	0
 838 0059 08       		.uleb128 0x8
 839 005a 0D       		.uleb128 0xd
 840 005b 00       		.byte	0
 841 005c 03       		.uleb128 0x3
 842 005d 08       		.uleb128 0x8
 843 005e 3A       		.uleb128 0x3a
 844 005f 0B       		.uleb128 0xb
 845 0060 3B       		.uleb128 0x3b
 846 0061 0B       		.uleb128 0xb
 847 0062 49       		.uleb128 0x49
 848 0063 13       		.uleb128 0x13
 849 0064 38       		.uleb128 0x38
 850 0065 0A       		.uleb128 0xa
 851 0066 00       		.byte	0
 852 0067 00       		.byte	0
 853 0068 09       		.uleb128 0x9
 854 0069 01       		.uleb128 0x1
ARM GAS  /tmp/ccpSuMZ3.s 			page 16


 855 006a 01       		.byte	0x1
 856 006b 49       		.uleb128 0x49
 857 006c 13       		.uleb128 0x13
 858 006d 01       		.uleb128 0x1
 859 006e 13       		.uleb128 0x13
 860 006f 00       		.byte	0
 861 0070 00       		.byte	0
 862 0071 0A       		.uleb128 0xa
 863 0072 21       		.uleb128 0x21
 864 0073 00       		.byte	0
 865 0074 49       		.uleb128 0x49
 866 0075 13       		.uleb128 0x13
 867 0076 2F       		.uleb128 0x2f
 868 0077 0B       		.uleb128 0xb
 869 0078 00       		.byte	0
 870 0079 00       		.byte	0
 871 007a 0B       		.uleb128 0xb
 872 007b 21       		.uleb128 0x21
 873 007c 00       		.byte	0
 874 007d 49       		.uleb128 0x49
 875 007e 13       		.uleb128 0x13
 876 007f 2F       		.uleb128 0x2f
 877 0080 05       		.uleb128 0x5
 878 0081 00       		.byte	0
 879 0082 00       		.byte	0
 880 0083 0C       		.uleb128 0xc
 881 0084 13       		.uleb128 0x13
 882 0085 01       		.byte	0x1
 883 0086 0B       		.uleb128 0xb
 884 0087 0B       		.uleb128 0xb
 885 0088 3A       		.uleb128 0x3a
 886 0089 0B       		.uleb128 0xb
 887 008a 3B       		.uleb128 0x3b
 888 008b 0B       		.uleb128 0xb
 889 008c 01       		.uleb128 0x1
 890 008d 13       		.uleb128 0x13
 891 008e 00       		.byte	0
 892 008f 00       		.byte	0
 893 0090 0D       		.uleb128 0xd
 894 0091 2E       		.uleb128 0x2e
 895 0092 01       		.byte	0x1
 896 0093 3F       		.uleb128 0x3f
 897 0094 0C       		.uleb128 0xc
 898 0095 03       		.uleb128 0x3
 899 0096 0E       		.uleb128 0xe
 900 0097 3A       		.uleb128 0x3a
 901 0098 0B       		.uleb128 0xb
 902 0099 3B       		.uleb128 0x3b
 903 009a 0B       		.uleb128 0xb
 904 009b 27       		.uleb128 0x27
 905 009c 0C       		.uleb128 0xc
 906 009d 11       		.uleb128 0x11
 907 009e 01       		.uleb128 0x1
 908 009f 12       		.uleb128 0x12
 909 00a0 01       		.uleb128 0x1
 910 00a1 40       		.uleb128 0x40
 911 00a2 06       		.uleb128 0x6
ARM GAS  /tmp/ccpSuMZ3.s 			page 17


 912 00a3 9742     		.uleb128 0x2117
 913 00a5 0C       		.uleb128 0xc
 914 00a6 01       		.uleb128 0x1
 915 00a7 13       		.uleb128 0x13
 916 00a8 00       		.byte	0
 917 00a9 00       		.byte	0
 918 00aa 0E       		.uleb128 0xe
 919 00ab 05       		.uleb128 0x5
 920 00ac 00       		.byte	0
 921 00ad 03       		.uleb128 0x3
 922 00ae 08       		.uleb128 0x8
 923 00af 3A       		.uleb128 0x3a
 924 00b0 0B       		.uleb128 0xb
 925 00b1 3B       		.uleb128 0x3b
 926 00b2 0B       		.uleb128 0xb
 927 00b3 49       		.uleb128 0x49
 928 00b4 13       		.uleb128 0x13
 929 00b5 02       		.uleb128 0x2
 930 00b6 06       		.uleb128 0x6
 931 00b7 00       		.byte	0
 932 00b8 00       		.byte	0
 933 00b9 0F       		.uleb128 0xf
 934 00ba 05       		.uleb128 0x5
 935 00bb 00       		.byte	0
 936 00bc 03       		.uleb128 0x3
 937 00bd 0E       		.uleb128 0xe
 938 00be 3A       		.uleb128 0x3a
 939 00bf 0B       		.uleb128 0xb
 940 00c0 3B       		.uleb128 0x3b
 941 00c1 0B       		.uleb128 0xb
 942 00c2 49       		.uleb128 0x49
 943 00c3 13       		.uleb128 0x13
 944 00c4 02       		.uleb128 0x2
 945 00c5 06       		.uleb128 0x6
 946 00c6 00       		.byte	0
 947 00c7 00       		.byte	0
 948 00c8 10       		.uleb128 0x10
 949 00c9 34       		.uleb128 0x34
 950 00ca 00       		.byte	0
 951 00cb 03       		.uleb128 0x3
 952 00cc 08       		.uleb128 0x8
 953 00cd 3A       		.uleb128 0x3a
 954 00ce 0B       		.uleb128 0xb
 955 00cf 3B       		.uleb128 0x3b
 956 00d0 0B       		.uleb128 0xb
 957 00d1 49       		.uleb128 0x49
 958 00d2 13       		.uleb128 0x13
 959 00d3 02       		.uleb128 0x2
 960 00d4 06       		.uleb128 0x6
 961 00d5 00       		.byte	0
 962 00d6 00       		.byte	0
 963 00d7 11       		.uleb128 0x11
 964 00d8 2E       		.uleb128 0x2e
 965 00d9 01       		.byte	0x1
 966 00da 3F       		.uleb128 0x3f
 967 00db 0C       		.uleb128 0xc
 968 00dc 03       		.uleb128 0x3
ARM GAS  /tmp/ccpSuMZ3.s 			page 18


 969 00dd 0E       		.uleb128 0xe
 970 00de 3A       		.uleb128 0x3a
 971 00df 0B       		.uleb128 0xb
 972 00e0 3B       		.uleb128 0x3b
 973 00e1 0B       		.uleb128 0xb
 974 00e2 27       		.uleb128 0x27
 975 00e3 0C       		.uleb128 0xc
 976 00e4 11       		.uleb128 0x11
 977 00e5 01       		.uleb128 0x1
 978 00e6 12       		.uleb128 0x12
 979 00e7 01       		.uleb128 0x1
 980 00e8 40       		.uleb128 0x40
 981 00e9 06       		.uleb128 0x6
 982 00ea 9742     		.uleb128 0x2117
 983 00ec 0C       		.uleb128 0xc
 984 00ed 00       		.byte	0
 985 00ee 00       		.byte	0
 986 00ef 00       		.byte	0
 987              		.section	.debug_loc,"",%progbits
 988              	.Ldebug_loc0:
 989              	.LLST0:
 990 0000 00000000 		.4byte	.LFB7
 991 0004 02000000 		.4byte	.LCFI0
 992 0008 0200     		.2byte	0x2
 993 000a 7D       		.byte	0x7d
 994 000b 00       		.sleb128 0
 995 000c 02000000 		.4byte	.LCFI0
 996 0010 48000000 		.4byte	.LFE7
 997 0014 0200     		.2byte	0x2
 998 0016 7D       		.byte	0x7d
 999 0017 10       		.sleb128 16
 1000 0018 00000000 		.4byte	0
 1001 001c 00000000 		.4byte	0
 1002              	.LLST1:
 1003 0020 00000000 		.4byte	.LVL0
 1004 0024 2C000000 		.4byte	.LVL3
 1005 0028 0100     		.2byte	0x1
 1006 002a 50       		.byte	0x50
 1007 002b 2C000000 		.4byte	.LVL3
 1008 002f 48000000 		.4byte	.LFE7
 1009 0033 0400     		.2byte	0x4
 1010 0035 F3       		.byte	0xf3
 1011 0036 01       		.uleb128 0x1
 1012 0037 50       		.byte	0x50
 1013 0038 9F       		.byte	0x9f
 1014 0039 00000000 		.4byte	0
 1015 003d 00000000 		.4byte	0
 1016              	.LLST2:
 1017 0041 00000000 		.4byte	.LVL0
 1018 0045 32000000 		.4byte	.LVL4
 1019 0049 0100     		.2byte	0x1
 1020 004b 51       		.byte	0x51
 1021 004c 32000000 		.4byte	.LVL4
 1022 0050 48000000 		.4byte	.LFE7
 1023 0054 0400     		.2byte	0x4
 1024 0056 F3       		.byte	0xf3
 1025 0057 01       		.uleb128 0x1
ARM GAS  /tmp/ccpSuMZ3.s 			page 19


 1026 0058 51       		.byte	0x51
 1027 0059 9F       		.byte	0x9f
 1028 005a 00000000 		.4byte	0
 1029 005e 00000000 		.4byte	0
 1030              	.LLST3:
 1031 0062 00000000 		.4byte	.LVL0
 1032 0066 18000000 		.4byte	.LVL1
 1033 006a 0700     		.2byte	0x7
 1034 006c 70       		.byte	0x70
 1035 006d 00       		.sleb128 0
 1036 006e 33       		.byte	0x33
 1037 006f 1A       		.byte	0x1a
 1038 0070 33       		.byte	0x33
 1039 0071 24       		.byte	0x24
 1040 0072 9F       		.byte	0x9f
 1041 0073 18000000 		.4byte	.LVL1
 1042 0077 28000000 		.4byte	.LVL2
 1043 007b 0100     		.2byte	0x1
 1044 007d 55       		.byte	0x55
 1045 007e 28000000 		.4byte	.LVL2
 1046 0082 2C000000 		.4byte	.LVL3
 1047 0086 0700     		.2byte	0x7
 1048 0088 70       		.byte	0x70
 1049 0089 00       		.sleb128 0
 1050 008a 33       		.byte	0x33
 1051 008b 1A       		.byte	0x1a
 1052 008c 33       		.byte	0x33
 1053 008d 24       		.byte	0x24
 1054 008e 9F       		.byte	0x9f
 1055 008f 2C000000 		.4byte	.LVL3
 1056 0093 48000000 		.4byte	.LFE7
 1057 0097 0800     		.2byte	0x8
 1058 0099 F3       		.byte	0xf3
 1059 009a 01       		.uleb128 0x1
 1060 009b 50       		.byte	0x50
 1061 009c 33       		.byte	0x33
 1062 009d 1A       		.byte	0x1a
 1063 009e 33       		.byte	0x33
 1064 009f 24       		.byte	0x24
 1065 00a0 9F       		.byte	0x9f
 1066 00a1 00000000 		.4byte	0
 1067 00a5 00000000 		.4byte	0
 1068              	.LLST4:
 1069 00a9 00000000 		.4byte	.LFB8
 1070 00ad 08000000 		.4byte	.LCFI1
 1071 00b1 0200     		.2byte	0x2
 1072 00b3 7D       		.byte	0x7d
 1073 00b4 00       		.sleb128 0
 1074 00b5 08000000 		.4byte	.LCFI1
 1075 00b9 3C000000 		.4byte	.LFE8
 1076 00bd 0200     		.2byte	0x2
 1077 00bf 7D       		.byte	0x7d
 1078 00c0 04       		.sleb128 4
 1079 00c1 00000000 		.4byte	0
 1080 00c5 00000000 		.4byte	0
 1081              	.LLST5:
 1082 00c9 00000000 		.4byte	.LVL5
ARM GAS  /tmp/ccpSuMZ3.s 			page 20


 1083 00cd 24000000 		.4byte	.LVL6
 1084 00d1 0100     		.2byte	0x1
 1085 00d3 50       		.byte	0x50
 1086 00d4 24000000 		.4byte	.LVL6
 1087 00d8 3C000000 		.4byte	.LFE8
 1088 00dc 0400     		.2byte	0x4
 1089 00de F3       		.byte	0xf3
 1090 00df 01       		.uleb128 0x1
 1091 00e0 50       		.byte	0x50
 1092 00e1 9F       		.byte	0x9f
 1093 00e2 00000000 		.4byte	0
 1094 00e6 00000000 		.4byte	0
 1095              	.LLST6:
 1096 00ea 00000000 		.4byte	.LVL5
 1097 00ee 24000000 		.4byte	.LVL6
 1098 00f2 0700     		.2byte	0x7
 1099 00f4 70       		.byte	0x70
 1100 00f5 00       		.sleb128 0
 1101 00f6 33       		.byte	0x33
 1102 00f7 1A       		.byte	0x1a
 1103 00f8 33       		.byte	0x33
 1104 00f9 24       		.byte	0x24
 1105 00fa 9F       		.byte	0x9f
 1106 00fb 24000000 		.4byte	.LVL6
 1107 00ff 2A000000 		.4byte	.LVL7
 1108 0103 0800     		.2byte	0x8
 1109 0105 F3       		.byte	0xf3
 1110 0106 01       		.uleb128 0x1
 1111 0107 50       		.byte	0x50
 1112 0108 33       		.byte	0x33
 1113 0109 1A       		.byte	0x1a
 1114 010a 33       		.byte	0x33
 1115 010b 24       		.byte	0x24
 1116 010c 9F       		.byte	0x9f
 1117 010d 2A000000 		.4byte	.LVL7
 1118 0111 30000000 		.4byte	.LVL8
 1119 0115 0100     		.2byte	0x1
 1120 0117 50       		.byte	0x50
 1121 0118 30000000 		.4byte	.LVL8
 1122 011c 3C000000 		.4byte	.LFE8
 1123 0120 0800     		.2byte	0x8
 1124 0122 F3       		.byte	0xf3
 1125 0123 01       		.uleb128 0x1
 1126 0124 50       		.byte	0x50
 1127 0125 33       		.byte	0x33
 1128 0126 1A       		.byte	0x1a
 1129 0127 33       		.byte	0x33
 1130 0128 24       		.byte	0x24
 1131 0129 9F       		.byte	0x9f
 1132 012a 00000000 		.4byte	0
 1133 012e 00000000 		.4byte	0
 1134              	.LLST7:
 1135 0132 00000000 		.4byte	.LFB9
 1136 0136 12000000 		.4byte	.LCFI2
 1137 013a 0200     		.2byte	0x2
 1138 013c 7D       		.byte	0x7d
 1139 013d 00       		.sleb128 0
ARM GAS  /tmp/ccpSuMZ3.s 			page 21


 1140 013e 12000000 		.4byte	.LCFI2
 1141 0142 30000000 		.4byte	.LFE9
 1142 0146 0200     		.2byte	0x2
 1143 0148 7D       		.byte	0x7d
 1144 0149 08       		.sleb128 8
 1145 014a 00000000 		.4byte	0
 1146 014e 00000000 		.4byte	0
 1147              	.LLST8:
 1148 0152 00000000 		.4byte	.LVL9
 1149 0156 10000000 		.4byte	.LVL10
 1150 015a 0100     		.2byte	0x1
 1151 015c 50       		.byte	0x50
 1152 015d 10000000 		.4byte	.LVL10
 1153 0161 30000000 		.4byte	.LFE9
 1154 0165 0400     		.2byte	0x4
 1155 0167 F3       		.byte	0xf3
 1156 0168 01       		.uleb128 0x1
 1157 0169 50       		.byte	0x50
 1158 016a 9F       		.byte	0x9f
 1159 016b 00000000 		.4byte	0
 1160 016f 00000000 		.4byte	0
 1161              	.LLST9:
 1162 0173 00000000 		.4byte	.LVL9
 1163 0177 26000000 		.4byte	.LVL12
 1164 017b 0100     		.2byte	0x1
 1165 017d 51       		.byte	0x51
 1166 017e 26000000 		.4byte	.LVL12
 1167 0182 30000000 		.4byte	.LFE9
 1168 0186 0400     		.2byte	0x4
 1169 0188 F3       		.byte	0xf3
 1170 0189 01       		.uleb128 0x1
 1171 018a 51       		.byte	0x51
 1172 018b 9F       		.byte	0x9f
 1173 018c 00000000 		.4byte	0
 1174 0190 00000000 		.4byte	0
 1175              	.LLST10:
 1176 0194 00000000 		.4byte	.LVL9
 1177 0198 10000000 		.4byte	.LVL10
 1178 019c 0700     		.2byte	0x7
 1179 019e 70       		.byte	0x70
 1180 019f 00       		.sleb128 0
 1181 01a0 33       		.byte	0x33
 1182 01a1 1A       		.byte	0x1a
 1183 01a2 33       		.byte	0x33
 1184 01a3 24       		.byte	0x24
 1185 01a4 9F       		.byte	0x9f
 1186 01a5 10000000 		.4byte	.LVL10
 1187 01a9 14000000 		.4byte	.LVL11
 1188 01ad 0800     		.2byte	0x8
 1189 01af F3       		.byte	0xf3
 1190 01b0 01       		.uleb128 0x1
 1191 01b1 50       		.byte	0x50
 1192 01b2 33       		.byte	0x33
 1193 01b3 1A       		.byte	0x1a
 1194 01b4 33       		.byte	0x33
 1195 01b5 24       		.byte	0x24
 1196 01b6 9F       		.byte	0x9f
ARM GAS  /tmp/ccpSuMZ3.s 			page 22


 1197 01b7 14000000 		.4byte	.LVL11
 1198 01bb 30000000 		.4byte	.LFE9
 1199 01bf 0100     		.2byte	0x1
 1200 01c1 50       		.byte	0x50
 1201 01c2 00000000 		.4byte	0
 1202 01c6 00000000 		.4byte	0
 1203              		.section	.debug_aranges,"",%progbits
 1204 0000 2C000000 		.4byte	0x2c
 1205 0004 0200     		.2byte	0x2
 1206 0006 00000000 		.4byte	.Ldebug_info0
 1207 000a 04       		.byte	0x4
 1208 000b 00       		.byte	0
 1209 000c 0000     		.2byte	0
 1210 000e 0000     		.2byte	0
 1211 0010 00000000 		.4byte	.LFB7
 1212 0014 48000000 		.4byte	.LFE7-.LFB7
 1213 0018 00000000 		.4byte	.LFB8
 1214 001c 3C000000 		.4byte	.LFE8-.LFB8
 1215 0020 00000000 		.4byte	.LFB9
 1216 0024 30000000 		.4byte	.LFE9-.LFB9
 1217 0028 00000000 		.4byte	0
 1218 002c 00000000 		.4byte	0
 1219              		.section	.debug_ranges,"",%progbits
 1220              	.Ldebug_ranges0:
 1221 0000 00000000 		.4byte	.LFB7
 1222 0004 48000000 		.4byte	.LFE7
 1223 0008 00000000 		.4byte	.LFB8
 1224 000c 3C000000 		.4byte	.LFE8
 1225 0010 00000000 		.4byte	.LFB9
 1226 0014 30000000 		.4byte	.LFE9
 1227 0018 00000000 		.4byte	0
 1228 001c 00000000 		.4byte	0
 1229              		.section	.debug_line,"",%progbits
 1230              	.Ldebug_line0:
 1231 0000 2F010000 		.section	.debug_str,"MS",%progbits,1
 1231      0200DA00 
 1231      00000201 
 1231      FB0E0D00 
 1231      01010101 
 1232              	.LASF47:
 1233 0000 2F686F6D 		.ascii	"/home/wicker/tools/ChibiOS_2.6.3/os/ports/common/AR"
 1233      652F7769 
 1233      636B6572 
 1233      2F746F6F 
 1233      6C732F43 
 1234 0033 4D434D78 		.ascii	"MCMx/nvic.c\000"
 1234      2F6E7669 
 1234      632E6300 
 1235              	.LASF42:
 1236 003f 7072696F 		.ascii	"prio\000"
 1236      00
 1237              	.LASF18:
 1238 0044 49435052 		.ascii	"ICPR\000"
 1238      00
 1239              	.LASF38:
 1240 0049 4D4D4652 		.ascii	"MMFR\000"
 1240      00
ARM GAS  /tmp/ccpSuMZ3.s 			page 23


 1241              	.LASF9:
 1242 004e 5F426F6F 		.ascii	"_Bool\000"
 1242      6C00
 1243              	.LASF44:
 1244 0054 6E766963 		.ascii	"nvicDisableVector\000"
 1244      44697361 
 1244      626C6556 
 1244      6563746F 
 1244      7200
 1245              	.LASF25:
 1246 0066 434D785F 		.ascii	"CMx_NVIC\000"
 1246      4E564943 
 1246      00
 1247              	.LASF28:
 1248 006f 56544F52 		.ascii	"VTOR\000"
 1248      00
 1249              	.LASF14:
 1250 0074 49434552 		.ascii	"ICER\000"
 1250      00
 1251              	.LASF11:
 1252 0079 494F5245 		.ascii	"IOREG32\000"
 1252      47333200 
 1253              	.LASF2:
 1254 0081 756E7369 		.ascii	"unsigned char\000"
 1254      676E6564 
 1254      20636861 
 1254      7200
 1255              	.LASF13:
 1256 008f 756E7573 		.ascii	"unused1\000"
 1256      65643100 
 1257              	.LASF15:
 1258 0097 756E7573 		.ascii	"unused2\000"
 1258      65643200 
 1259              	.LASF17:
 1260 009f 756E7573 		.ascii	"unused3\000"
 1260      65643300 
 1261              	.LASF19:
 1262 00a7 756E7573 		.ascii	"unused4\000"
 1262      65643400 
 1263              	.LASF21:
 1264 00af 756E7573 		.ascii	"unused5\000"
 1264      65643500 
 1265              	.LASF22:
 1266 00b7 756E7573 		.ascii	"unused6\000"
 1266      65643600 
 1267              	.LASF4:
 1268 00bf 73686F72 		.ascii	"short unsigned int\000"
 1268      7420756E 
 1268      7369676E 
 1268      65642069 
 1268      6E7400
 1269              	.LASF32:
 1270 00d2 43465352 		.ascii	"CFSR\000"
 1270      00
 1271              	.LASF33:
 1272 00d7 48465352 		.ascii	"HFSR\000"
 1272      00
ARM GAS  /tmp/ccpSuMZ3.s 			page 24


 1273              	.LASF6:
 1274 00dc 6C6F6E67 		.ascii	"long unsigned int\000"
 1274      20756E73 
 1274      69676E65 
 1274      6420696E 
 1274      7400
 1275              	.LASF39:
 1276 00ee 43504143 		.ascii	"CPACR\000"
 1276      5200
 1277              	.LASF23:
 1278 00f4 53544952 		.ascii	"STIR\000"
 1278      00
 1279              	.LASF3:
 1280 00f9 73686F72 		.ascii	"short int\000"
 1280      7420696E 
 1280      7400
 1281              	.LASF0:
 1282 0103 756E7369 		.ascii	"unsigned int\000"
 1282      676E6564 
 1282      20696E74 
 1282      00
 1283              	.LASF16:
 1284 0110 49535052 		.ascii	"ISPR\000"
 1284      00
 1285              	.LASF34:
 1286 0115 44465352 		.ascii	"DFSR\000"
 1286      00
 1287              	.LASF8:
 1288 011a 6C6F6E67 		.ascii	"long long unsigned int\000"
 1288      206C6F6E 
 1288      6720756E 
 1288      7369676E 
 1288      65642069 
 1289              	.LASF27:
 1290 0131 49435352 		.ascii	"ICSR\000"
 1290      00
 1291              	.LASF40:
 1292 0136 434D785F 		.ascii	"CMx_SCB\000"
 1292      53434200 
 1293              	.LASF29:
 1294 013e 41495243 		.ascii	"AIRCR\000"
 1294      5200
 1295              	.LASF36:
 1296 0144 42464152 		.ascii	"BFAR\000"
 1296      00
 1297              	.LASF45:
 1298 0149 68616E64 		.ascii	"handler\000"
 1298      6C657200 
 1299              	.LASF24:
 1300 0151 73697A65 		.ascii	"sizetype\000"
 1300      74797065 
 1300      00
 1301              	.LASF7:
 1302 015a 6C6F6E67 		.ascii	"long long int\000"
 1302      206C6F6E 
 1302      6720696E 
 1302      7400
ARM GAS  /tmp/ccpSuMZ3.s 			page 25


 1303              	.LASF26:
 1304 0168 43505549 		.ascii	"CPUID\000"
 1304      4400
 1305              	.LASF41:
 1306 016e 63686172 		.ascii	"char\000"
 1306      00
 1307              	.LASF46:
 1308 0173 474E5520 		.ascii	"GNU C 4.7.2\000"
 1308      4320342E 
 1308      372E3200 
 1309              	.LASF12:
 1310 017f 49534552 		.ascii	"ISER\000"
 1310      00
 1311              	.LASF37:
 1312 0184 41465352 		.ascii	"AFSR\000"
 1312      00
 1313              	.LASF35:
 1314 0189 4D4D4641 		.ascii	"MMFAR\000"
 1314      5200
 1315              	.LASF31:
 1316 018f 53484353 		.ascii	"SHCSR\000"
 1316      5200
 1317              	.LASF10:
 1318 0195 75696E74 		.ascii	"uint32_t\000"
 1318      33325F74 
 1318      00
 1319              	.LASF5:
 1320 019e 6C6F6E67 		.ascii	"long int\000"
 1320      20696E74 
 1320      00
 1321              	.LASF30:
 1322 01a7 53485052 		.ascii	"SHPR\000"
 1322      00
 1323              	.LASF1:
 1324 01ac 7369676E 		.ascii	"signed char\000"
 1324      65642063 
 1324      68617200 
 1325              	.LASF48:
 1326 01b8 6E766963 		.ascii	"nvicSetSystemHandlerPriority\000"
 1326      53657453 
 1326      79737465 
 1326      6D48616E 
 1326      646C6572 
 1327              	.LASF20:
 1328 01d5 49414252 		.ascii	"IABR\000"
 1328      00
 1329              	.LASF43:
 1330 01da 6E766963 		.ascii	"nvicEnableVector\000"
 1330      456E6162 
 1330      6C655665 
 1330      63746F72 
 1330      00
 1331              		.ident	"GCC: (crosstool-NG 1.17.0 - PSAS ST32F4 GFE) 4.7.2"
ARM GAS  /tmp/ccpSuMZ3.s 			page 26


DEFINED SYMBOLS
                            *ABS*:0000000000000000 nvic.c
     /tmp/ccpSuMZ3.s:21     .text.nvicEnableVector:0000000000000000 $t
     /tmp/ccpSuMZ3.s:27     .text.nvicEnableVector:0000000000000000 nvicEnableVector
     /tmp/ccpSuMZ3.s:85     .text.nvicDisableVector:0000000000000000 $t
     /tmp/ccpSuMZ3.s:91     .text.nvicDisableVector:0000000000000000 nvicDisableVector
     /tmp/ccpSuMZ3.s:140    .text.nvicSetSystemHandlerPriority:0000000000000000 $t
     /tmp/ccpSuMZ3.s:146    .text.nvicSetSystemHandlerPriority:0000000000000000 nvicSetSystemHandlerPriority
                     .debug_frame:0000000000000010 $d

NO UNDEFINED SYMBOLS
