ARM GAS  /tmp/cc0sqe46.s 			page 1


   1              		.syntax unified
   2              		.cpu cortex-m4
   3              		.eabi_attribute 27, 3
   4              		.eabi_attribute 28, 1
   5              		.fpu fpv4-sp-d16
   6              		.eabi_attribute 20, 1
   7              		.eabi_attribute 21, 1
   8              		.eabi_attribute 23, 3
   9              		.eabi_attribute 24, 1
  10              		.eabi_attribute 25, 1
  11              		.eabi_attribute 26, 1
  12              		.eabi_attribute 30, 2
  13              		.eabi_attribute 34, 1
  14              		.eabi_attribute 18, 4
  15              		.thumb
  16              		.file	"pal.c"
  17              		.text
  18              	.Ltext0:
  19              		.cfi_sections	.debug_frame
  20              		.section	.text.palReadBus,"ax",%progbits
  21              		.align	2
  22              		.p2align 4,,15
  23              		.global	palReadBus
  24              		.thumb
  25              		.thumb_func
  26              		.type	palReadBus, %function
  27              	palReadBus:
  28              	.LFB118:
  29              		.file 1 "/home/wicker/tools/ChibiOS_2.6.3/os/hal/src/pal.c"
  30              		.loc 1 77 0
  31              		.cfi_startproc
  32              		@ args = 0, pretend = 0, frame = 0
  33              		@ frame_needed = 0, uses_anonymous_args = 0
  34              		@ link register save eliminated.
  35              	.LVL0:
  36              		.loc 1 82 0
  37 0000 0368     		ldr	r3, [r0, #0]
  38 0002 8268     		ldr	r2, [r0, #8]
  39 0004 1969     		ldr	r1, [r3, #16]
  40 0006 4368     		ldr	r3, [r0, #4]
  41 0008 21FA02F0 		lsr	r0, r1, r2
  42              	.LVL1:
  43              		.loc 1 83 0
  44 000c 1840     		ands	r0, r0, r3
  45 000e 7047     		bx	lr
  46              		.cfi_endproc
  47              	.LFE118:
  48              		.size	palReadBus, .-palReadBus
  49              		.section	.text.palWriteBus,"ax",%progbits
  50              		.align	2
  51              		.p2align 4,,15
  52              		.global	palWriteBus
  53              		.thumb
  54              		.thumb_func
  55              		.type	palWriteBus, %function
  56              	palWriteBus:
  57              	.LFB119:
ARM GAS  /tmp/cc0sqe46.s 			page 2


  58              		.loc 1 103 0
  59              		.cfi_startproc
  60              		@ args = 0, pretend = 0, frame = 0
  61              		@ frame_needed = 0, uses_anonymous_args = 0
  62              		@ link register save eliminated.
  63              	.LVL2:
  64              		.loc 1 108 0
  65 0000 0DC8     		ldmia	r0, {r0, r2, r3}
  66              	.LVL3:
  67              		.loc 1 103 0
  68 0002 30B4     		push	{r4, r5}
  69              	.LCFI0:
  70              		.cfi_def_cfa_offset 8
  71              		.cfi_offset 4, -8
  72              		.cfi_offset 5, -4
  73              		.loc 1 108 0
  74 0004 22EA0105 		bic	r5, r2, r1
  75 0008 03F11004 		add	r4, r3, #16
  76 000c 0A40     		ands	r2, r2, r1
  77 000e 05FA04F4 		lsl	r4, r5, r4
  78 0012 02FA03F3 		lsl	r3, r2, r3
  79 0016 2343     		orrs	r3, r3, r4
  80 0018 8361     		str	r3, [r0, #24]
  81              		.loc 1 109 0
  82 001a 30BC     		pop	{r4, r5}
  83 001c 7047     		bx	lr
  84              		.cfi_endproc
  85              	.LFE119:
  86              		.size	palWriteBus, .-palWriteBus
  87 001e 00BF     		.section	.text.palSetBusMode,"ax",%progbits
  88              		.align	2
  89              		.p2align 4,,15
  90              		.global	palSetBusMode
  91              		.thumb
  92              		.thumb_func
  93              		.type	palSetBusMode, %function
  94              	palSetBusMode:
  95              	.LFB120:
  96              		.loc 1 127 0
  97              		.cfi_startproc
  98              		@ args = 0, pretend = 0, frame = 0
  99              		@ frame_needed = 0, uses_anonymous_args = 0
 100              		@ link register save eliminated.
 101              	.LVL4:
 102              		.loc 1 127 0
 103 0000 0A46     		mov	r2, r1
 104              		.loc 1 132 0
 105 0002 0BC8     		ldmia	r0, {r0, r1, r3}
 106              	.LVL5:
 107 0004 01FA03F1 		lsl	r1, r1, r3
 108              		.loc 1 133 0
 109              		.loc 1 132 0
 110 0008 FFF7FEBF 		b	_pal_lld_setgroupmode
 111              	.LVL6:
 112              		.cfi_endproc
 113              	.LFE120:
 114              		.size	palSetBusMode, .-palSetBusMode
ARM GAS  /tmp/cc0sqe46.s 			page 3


 115 000c AFF30080 		.text
 116              	.Letext0:
 117              		.file 2 "/opt/psas/x-tools/stm32f407/arm-psas-eabi/bin/../lib/gcc/arm-psas-eabi/4.7.2/../../../../
 118              		.file 3 "/home/wicker/tools/ChibiOS_2.6.3/os/hal/platforms/STM32/GPIOv2/pal_lld.h"
 119              		.file 4 "/home/wicker/tools/ChibiOS_2.6.3/os/hal/include/pal.h"
 120              		.file 5 "/home/wicker/tools/ChibiOS_2.6.3/os/ports/common/ARMCMx/CMSIS/include/core_cm4.h"
 121              		.section	.debug_info,"",%progbits
 122              	.Ldebug_info0:
 123 0000 DA020000 		.4byte	0x2da
 124 0004 0200     		.2byte	0x2
 125 0006 00000000 		.4byte	.Ldebug_abbrev0
 126 000a 04       		.byte	0x4
 127 000b 01       		.uleb128 0x1
 128 000c 5E010000 		.4byte	.LASF37
 129 0010 01       		.byte	0x1
 130 0011 4F000000 		.4byte	.LASF38
 131 0015 00000000 		.4byte	.Ldebug_ranges0+0
 132 0019 00000000 		.4byte	0
 133 001d 00000000 		.4byte	0
 134 0021 00000000 		.4byte	.Ldebug_line0
 135 0025 02       		.uleb128 0x2
 136 0026 04       		.byte	0x4
 137 0027 05       		.byte	0x5
 138 0028 696E7400 		.ascii	"int\000"
 139 002c 03       		.uleb128 0x3
 140 002d 04       		.byte	0x4
 141 002e 07       		.byte	0x7
 142 002f 10010000 		.4byte	.LASF0
 143 0033 03       		.uleb128 0x3
 144 0034 01       		.byte	0x1
 145 0035 06       		.byte	0x6
 146 0036 9C010000 		.4byte	.LASF1
 147 003a 03       		.uleb128 0x3
 148 003b 01       		.byte	0x1
 149 003c 08       		.byte	0x8
 150 003d 9E000000 		.4byte	.LASF2
 151 0041 03       		.uleb128 0x3
 152 0042 02       		.byte	0x2
 153 0043 05       		.byte	0x5
 154 0044 E8000000 		.4byte	.LASF3
 155 0048 04       		.uleb128 0x4
 156 0049 7C010000 		.4byte	.LASF5
 157 004d 02       		.byte	0x2
 158 004e 36       		.byte	0x36
 159 004f 53000000 		.4byte	0x53
 160 0053 03       		.uleb128 0x3
 161 0054 02       		.byte	0x2
 162 0055 07       		.byte	0x7
 163 0056 C3000000 		.4byte	.LASF4
 164 005a 04       		.uleb128 0x4
 165 005b 34010000 		.4byte	.LASF6
 166 005f 02       		.byte	0x2
 167 0060 4F       		.byte	0x4f
 168 0061 65000000 		.4byte	0x65
 169 0065 03       		.uleb128 0x3
 170 0066 04       		.byte	0x4
 171 0067 05       		.byte	0x5
ARM GAS  /tmp/cc0sqe46.s 			page 4


 172 0068 8E010000 		.4byte	.LASF7
 173 006c 04       		.uleb128 0x4
 174 006d 85010000 		.4byte	.LASF8
 175 0071 02       		.byte	0x2
 176 0072 50       		.byte	0x50
 177 0073 77000000 		.4byte	0x77
 178 0077 03       		.uleb128 0x3
 179 0078 04       		.byte	0x4
 180 0079 07       		.byte	0x7
 181 007a B1000000 		.4byte	.LASF9
 182 007e 03       		.uleb128 0x3
 183 007f 08       		.byte	0x8
 184 0080 05       		.byte	0x5
 185 0081 4B010000 		.4byte	.LASF10
 186 0085 03       		.uleb128 0x3
 187 0086 08       		.byte	0x8
 188 0087 07       		.byte	0x7
 189 0088 AE010000 		.4byte	.LASF11
 190 008c 04       		.uleb128 0x4
 191 008d 1C000000 		.4byte	.LASF12
 192 0091 02       		.byte	0x2
 193 0092 A0       		.byte	0xa0
 194 0093 2C000000 		.4byte	0x2c
 195 0097 03       		.uleb128 0x3
 196 0098 01       		.byte	0x1
 197 0099 02       		.byte	0x2
 198 009a A8010000 		.4byte	.LASF13
 199 009e 05       		.uleb128 0x5
 200 009f 6C000000 		.4byte	0x6c
 201 00a3 03       		.uleb128 0x3
 202 00a4 04       		.byte	0x4
 203 00a5 07       		.byte	0x7
 204 00a6 3C010000 		.4byte	.LASF14
 205 00aa 03       		.uleb128 0x3
 206 00ab 01       		.byte	0x1
 207 00ac 08       		.byte	0x8
 208 00ad 2A010000 		.4byte	.LASF15
 209 00b1 05       		.uleb128 0x5
 210 00b2 5A000000 		.4byte	0x5a
 211 00b6 06       		.uleb128 0x6
 212 00b7 04       		.byte	0x4
 213 00b8 03       		.byte	0x3
 214 00b9 96       		.byte	0x96
 215 00ba DB000000 		.4byte	0xdb
 216 00be 07       		.uleb128 0x7
 217 00bf 73657400 		.ascii	"set\000"
 218 00c3 03       		.byte	0x3
 219 00c4 97       		.byte	0x97
 220 00c5 48000000 		.4byte	0x48
 221 00c9 02       		.byte	0x2
 222 00ca 23       		.byte	0x23
 223 00cb 00       		.uleb128 0
 224 00cc 08       		.uleb128 0x8
 225 00cd 05000000 		.4byte	.LASF16
 226 00d1 03       		.byte	0x3
 227 00d2 98       		.byte	0x98
 228 00d3 48000000 		.4byte	0x48
ARM GAS  /tmp/cc0sqe46.s 			page 5


 229 00d7 02       		.byte	0x2
 230 00d8 23       		.byte	0x23
 231 00d9 02       		.uleb128 0x2
 232 00da 00       		.byte	0
 233 00db 09       		.uleb128 0x9
 234 00dc 04       		.byte	0x4
 235 00dd 03       		.byte	0x3
 236 00de 94       		.byte	0x94
 237 00df F6000000 		.4byte	0xf6
 238 00e3 0A       		.uleb128 0xa
 239 00e4 5700     		.ascii	"W\000"
 240 00e6 03       		.byte	0x3
 241 00e7 95       		.byte	0x95
 242 00e8 6C000000 		.4byte	0x6c
 243 00ec 0A       		.uleb128 0xa
 244 00ed 4800     		.ascii	"H\000"
 245 00ef 03       		.byte	0x3
 246 00f0 99       		.byte	0x99
 247 00f1 B6000000 		.4byte	0xb6
 248 00f5 00       		.byte	0
 249 00f6 06       		.uleb128 0x6
 250 00f7 28       		.byte	0x28
 251 00f8 03       		.byte	0x3
 252 00f9 8C       		.byte	0x8c
 253 00fa 8B010000 		.4byte	0x18b
 254 00fe 08       		.uleb128 0x8
 255 00ff 0B000000 		.4byte	.LASF17
 256 0103 03       		.byte	0x3
 257 0104 8E       		.byte	0x8e
 258 0105 9E000000 		.4byte	0x9e
 259 0109 02       		.byte	0x2
 260 010a 23       		.byte	0x23
 261 010b 00       		.uleb128 0
 262 010c 08       		.uleb128 0x8
 263 010d 8E000000 		.4byte	.LASF18
 264 0111 03       		.byte	0x3
 265 0112 8F       		.byte	0x8f
 266 0113 9E000000 		.4byte	0x9e
 267 0117 02       		.byte	0x2
 268 0118 23       		.byte	0x23
 269 0119 04       		.uleb128 0x4
 270 011a 08       		.uleb128 0x8
 271 011b F2000000 		.4byte	.LASF19
 272 011f 03       		.byte	0x3
 273 0120 90       		.byte	0x90
 274 0121 9E000000 		.4byte	0x9e
 275 0125 02       		.byte	0x2
 276 0126 23       		.byte	0x23
 277 0127 08       		.uleb128 0x8
 278 0128 08       		.uleb128 0x8
 279 0129 45010000 		.4byte	.LASF20
 280 012d 03       		.byte	0x3
 281 012e 91       		.byte	0x91
 282 012f 9E000000 		.4byte	0x9e
 283 0133 02       		.byte	0x2
 284 0134 23       		.byte	0x23
 285 0135 0C       		.uleb128 0xc
ARM GAS  /tmp/cc0sqe46.s 			page 6


 286 0136 07       		.uleb128 0x7
 287 0137 49445200 		.ascii	"IDR\000"
 288 013b 03       		.byte	0x3
 289 013c 92       		.byte	0x92
 290 013d 9E000000 		.4byte	0x9e
 291 0141 02       		.byte	0x2
 292 0142 23       		.byte	0x23
 293 0143 10       		.uleb128 0x10
 294 0144 07       		.uleb128 0x7
 295 0145 4F445200 		.ascii	"ODR\000"
 296 0149 03       		.byte	0x3
 297 014a 93       		.byte	0x93
 298 014b 9E000000 		.4byte	0x9e
 299 014f 02       		.byte	0x2
 300 0150 23       		.byte	0x23
 301 0151 14       		.uleb128 0x14
 302 0152 08       		.uleb128 0x8
 303 0153 29000000 		.4byte	.LASF21
 304 0157 03       		.byte	0x3
 305 0158 9A       		.byte	0x9a
 306 0159 8B010000 		.4byte	0x18b
 307 015d 02       		.byte	0x2
 308 015e 23       		.byte	0x23
 309 015f 18       		.uleb128 0x18
 310 0160 08       		.uleb128 0x8
 311 0161 00000000 		.4byte	.LASF22
 312 0165 03       		.byte	0x3
 313 0166 9B       		.byte	0x9b
 314 0167 9E000000 		.4byte	0x9e
 315 016b 02       		.byte	0x2
 316 016c 23       		.byte	0x23
 317 016d 1C       		.uleb128 0x1c
 318 016e 08       		.uleb128 0x8
 319 016f D6000000 		.4byte	.LASF23
 320 0173 03       		.byte	0x3
 321 0174 9C       		.byte	0x9c
 322 0175 9E000000 		.4byte	0x9e
 323 0179 02       		.byte	0x2
 324 017a 23       		.byte	0x23
 325 017b 20       		.uleb128 0x20
 326 017c 08       		.uleb128 0x8
 327 017d AC000000 		.4byte	.LASF24
 328 0181 03       		.byte	0x3
 329 0182 9D       		.byte	0x9d
 330 0183 9E000000 		.4byte	0x9e
 331 0187 02       		.byte	0x2
 332 0188 23       		.byte	0x23
 333 0189 24       		.uleb128 0x24
 334 018a 00       		.byte	0
 335 018b 05       		.uleb128 0x5
 336 018c DB000000 		.4byte	0xdb
 337 0190 04       		.uleb128 0x4
 338 0191 1D010000 		.4byte	.LASF25
 339 0195 03       		.byte	0x3
 340 0196 9E       		.byte	0x9e
 341 0197 F6000000 		.4byte	0xf6
 342 019b 04       		.uleb128 0x4
ARM GAS  /tmp/cc0sqe46.s 			page 7


 343 019c 81000000 		.4byte	.LASF26
 344 01a0 03       		.byte	0x3
 345 01a1 F0       		.byte	0xf0
 346 01a2 6C000000 		.4byte	0x6c
 347 01a6 04       		.uleb128 0x4
 348 01a7 95000000 		.4byte	.LASF27
 349 01ab 03       		.byte	0x3
 350 01ac F5       		.byte	0xf5
 351 01ad 6C000000 		.4byte	0x6c
 352 01b1 04       		.uleb128 0x4
 353 01b2 71010000 		.4byte	.LASF28
 354 01b6 03       		.byte	0x3
 355 01b7 FD       		.byte	0xfd
 356 01b8 BC010000 		.4byte	0x1bc
 357 01bc 0B       		.uleb128 0xb
 358 01bd 04       		.byte	0x4
 359 01be 90010000 		.4byte	0x190
 360 01c2 06       		.uleb128 0x6
 361 01c3 0C       		.byte	0xc
 362 01c4 04       		.byte	0x4
 363 01c5 85       		.byte	0x85
 364 01c6 F5010000 		.4byte	0x1f5
 365 01ca 08       		.uleb128 0x8
 366 01cb 48000000 		.4byte	.LASF29
 367 01cf 04       		.byte	0x4
 368 01d0 89       		.byte	0x89
 369 01d1 B1010000 		.4byte	0x1b1
 370 01d5 02       		.byte	0x2
 371 01d6 23       		.byte	0x23
 372 01d7 00       		.uleb128 0
 373 01d8 08       		.uleb128 0x8
 374 01d9 59010000 		.4byte	.LASF30
 375 01dd 04       		.byte	0x4
 376 01de 8F       		.byte	0x8f
 377 01df 9B010000 		.4byte	0x19b
 378 01e3 02       		.byte	0x2
 379 01e4 23       		.byte	0x23
 380 01e5 04       		.uleb128 0x4
 381 01e6 08       		.uleb128 0x8
 382 01e7 6A010000 		.4byte	.LASF31
 383 01eb 04       		.byte	0x4
 384 01ec 93       		.byte	0x93
 385 01ed 8C000000 		.4byte	0x8c
 386 01f1 02       		.byte	0x2
 387 01f2 23       		.byte	0x23
 388 01f3 08       		.uleb128 0x8
 389 01f4 00       		.byte	0
 390 01f5 04       		.uleb128 0x4
 391 01f6 C5010000 		.4byte	.LASF32
 392 01fa 04       		.byte	0x4
 393 01fb 94       		.byte	0x94
 394 01fc C2010000 		.4byte	0x1c2
 395 0200 0C       		.uleb128 0xc
 396 0201 01       		.byte	0x1
 397 0202 11000000 		.4byte	.LASF39
 398 0206 01       		.byte	0x1
 399 0207 4D       		.byte	0x4d
ARM GAS  /tmp/cc0sqe46.s 			page 8


 400 0208 01       		.byte	0x1
 401 0209 9B010000 		.4byte	0x19b
 402 020d 00000000 		.4byte	.LFB118
 403 0211 10000000 		.4byte	.LFE118
 404 0215 02       		.byte	0x2
 405 0216 7D       		.byte	0x7d
 406 0217 00       		.sleb128 0
 407 0218 01       		.byte	0x1
 408 0219 2D020000 		.4byte	0x22d
 409 021d 0D       		.uleb128 0xd
 410 021e 62757300 		.ascii	"bus\000"
 411 0222 01       		.byte	0x1
 412 0223 4D       		.byte	0x4d
 413 0224 2D020000 		.4byte	0x22d
 414 0228 00000000 		.4byte	.LLST0
 415 022c 00       		.byte	0
 416 022d 0B       		.uleb128 0xb
 417 022e 04       		.byte	0x4
 418 022f F5010000 		.4byte	0x1f5
 419 0233 0E       		.uleb128 0xe
 420 0234 01       		.byte	0x1
 421 0235 2E000000 		.4byte	.LASF34
 422 0239 01       		.byte	0x1
 423 023a 67       		.byte	0x67
 424 023b 01       		.byte	0x1
 425 023c 00000000 		.4byte	.LFB119
 426 0240 1E000000 		.4byte	.LFE119
 427 0244 21000000 		.4byte	.LLST1
 428 0248 01       		.byte	0x1
 429 0249 6A020000 		.4byte	0x26a
 430 024d 0D       		.uleb128 0xd
 431 024e 62757300 		.ascii	"bus\000"
 432 0252 01       		.byte	0x1
 433 0253 67       		.byte	0x67
 434 0254 2D020000 		.4byte	0x22d
 435 0258 41000000 		.4byte	.LLST2
 436 025c 0F       		.uleb128 0xf
 437 025d 97010000 		.4byte	.LASF33
 438 0261 01       		.byte	0x1
 439 0262 67       		.byte	0x67
 440 0263 9B010000 		.4byte	0x19b
 441 0267 01       		.byte	0x1
 442 0268 51       		.byte	0x51
 443 0269 00       		.byte	0
 444 026a 10       		.uleb128 0x10
 445 026b 01       		.byte	0x1
 446 026c 3A000000 		.4byte	.LASF35
 447 0270 01       		.byte	0x1
 448 0271 7F       		.byte	0x7f
 449 0272 01       		.byte	0x1
 450 0273 00000000 		.4byte	.LFB120
 451 0277 0C000000 		.4byte	.LFE120
 452 027b 02       		.byte	0x2
 453 027c 7D       		.byte	0x7d
 454 027d 00       		.sleb128 0
 455 027e 01       		.byte	0x1
 456 027f B4020000 		.4byte	0x2b4
ARM GAS  /tmp/cc0sqe46.s 			page 9


 457 0283 0D       		.uleb128 0xd
 458 0284 62757300 		.ascii	"bus\000"
 459 0288 01       		.byte	0x1
 460 0289 7F       		.byte	0x7f
 461 028a 2D020000 		.4byte	0x22d
 462 028e 62000000 		.4byte	.LLST3
 463 0292 11       		.uleb128 0x11
 464 0293 2F010000 		.4byte	.LASF36
 465 0297 01       		.byte	0x1
 466 0298 7F       		.byte	0x7f
 467 0299 A6010000 		.4byte	0x1a6
 468 029d 83000000 		.4byte	.LLST4
 469 02a1 12       		.uleb128 0x12
 470 02a2 0C000000 		.4byte	.LVL6
 471 02a6 01       		.byte	0x1
 472 02a7 C2020000 		.4byte	0x2c2
 473 02ab 13       		.uleb128 0x13
 474 02ac 01       		.byte	0x1
 475 02ad 52       		.byte	0x52
 476 02ae 03       		.byte	0x3
 477 02af F3       		.byte	0xf3
 478 02b0 01       		.uleb128 0x1
 479 02b1 51       		.byte	0x51
 480 02b2 00       		.byte	0
 481 02b3 00       		.byte	0
 482 02b4 14       		.uleb128 0x14
 483 02b5 DB000000 		.4byte	.LASF40
 484 02b9 05       		.byte	0x5
 485 02ba 9806     		.2byte	0x698
 486 02bc B1000000 		.4byte	0xb1
 487 02c0 01       		.byte	0x1
 488 02c1 01       		.byte	0x1
 489 02c2 15       		.uleb128 0x15
 490 02c3 01       		.byte	0x1
 491 02c4 FA000000 		.4byte	.LASF41
 492 02c8 03       		.byte	0x3
 493 02c9 C201     		.2byte	0x1c2
 494 02cb 01       		.byte	0x1
 495 02cc 01       		.byte	0x1
 496 02cd 16       		.uleb128 0x16
 497 02ce B1010000 		.4byte	0x1b1
 498 02d2 16       		.uleb128 0x16
 499 02d3 9B010000 		.4byte	0x19b
 500 02d7 16       		.uleb128 0x16
 501 02d8 A6010000 		.4byte	0x1a6
 502 02dc 00       		.byte	0
 503 02dd 00       		.byte	0
 504              		.section	.debug_abbrev,"",%progbits
 505              	.Ldebug_abbrev0:
 506 0000 01       		.uleb128 0x1
 507 0001 11       		.uleb128 0x11
 508 0002 01       		.byte	0x1
 509 0003 25       		.uleb128 0x25
 510 0004 0E       		.uleb128 0xe
 511 0005 13       		.uleb128 0x13
 512 0006 0B       		.uleb128 0xb
 513 0007 03       		.uleb128 0x3
ARM GAS  /tmp/cc0sqe46.s 			page 10


 514 0008 0E       		.uleb128 0xe
 515 0009 55       		.uleb128 0x55
 516 000a 06       		.uleb128 0x6
 517 000b 11       		.uleb128 0x11
 518 000c 01       		.uleb128 0x1
 519 000d 52       		.uleb128 0x52
 520 000e 01       		.uleb128 0x1
 521 000f 10       		.uleb128 0x10
 522 0010 06       		.uleb128 0x6
 523 0011 00       		.byte	0
 524 0012 00       		.byte	0
 525 0013 02       		.uleb128 0x2
 526 0014 24       		.uleb128 0x24
 527 0015 00       		.byte	0
 528 0016 0B       		.uleb128 0xb
 529 0017 0B       		.uleb128 0xb
 530 0018 3E       		.uleb128 0x3e
 531 0019 0B       		.uleb128 0xb
 532 001a 03       		.uleb128 0x3
 533 001b 08       		.uleb128 0x8
 534 001c 00       		.byte	0
 535 001d 00       		.byte	0
 536 001e 03       		.uleb128 0x3
 537 001f 24       		.uleb128 0x24
 538 0020 00       		.byte	0
 539 0021 0B       		.uleb128 0xb
 540 0022 0B       		.uleb128 0xb
 541 0023 3E       		.uleb128 0x3e
 542 0024 0B       		.uleb128 0xb
 543 0025 03       		.uleb128 0x3
 544 0026 0E       		.uleb128 0xe
 545 0027 00       		.byte	0
 546 0028 00       		.byte	0
 547 0029 04       		.uleb128 0x4
 548 002a 16       		.uleb128 0x16
 549 002b 00       		.byte	0
 550 002c 03       		.uleb128 0x3
 551 002d 0E       		.uleb128 0xe
 552 002e 3A       		.uleb128 0x3a
 553 002f 0B       		.uleb128 0xb
 554 0030 3B       		.uleb128 0x3b
 555 0031 0B       		.uleb128 0xb
 556 0032 49       		.uleb128 0x49
 557 0033 13       		.uleb128 0x13
 558 0034 00       		.byte	0
 559 0035 00       		.byte	0
 560 0036 05       		.uleb128 0x5
 561 0037 35       		.uleb128 0x35
 562 0038 00       		.byte	0
 563 0039 49       		.uleb128 0x49
 564 003a 13       		.uleb128 0x13
 565 003b 00       		.byte	0
 566 003c 00       		.byte	0
 567 003d 06       		.uleb128 0x6
 568 003e 13       		.uleb128 0x13
 569 003f 01       		.byte	0x1
 570 0040 0B       		.uleb128 0xb
ARM GAS  /tmp/cc0sqe46.s 			page 11


 571 0041 0B       		.uleb128 0xb
 572 0042 3A       		.uleb128 0x3a
 573 0043 0B       		.uleb128 0xb
 574 0044 3B       		.uleb128 0x3b
 575 0045 0B       		.uleb128 0xb
 576 0046 01       		.uleb128 0x1
 577 0047 13       		.uleb128 0x13
 578 0048 00       		.byte	0
 579 0049 00       		.byte	0
 580 004a 07       		.uleb128 0x7
 581 004b 0D       		.uleb128 0xd
 582 004c 00       		.byte	0
 583 004d 03       		.uleb128 0x3
 584 004e 08       		.uleb128 0x8
 585 004f 3A       		.uleb128 0x3a
 586 0050 0B       		.uleb128 0xb
 587 0051 3B       		.uleb128 0x3b
 588 0052 0B       		.uleb128 0xb
 589 0053 49       		.uleb128 0x49
 590 0054 13       		.uleb128 0x13
 591 0055 38       		.uleb128 0x38
 592 0056 0A       		.uleb128 0xa
 593 0057 00       		.byte	0
 594 0058 00       		.byte	0
 595 0059 08       		.uleb128 0x8
 596 005a 0D       		.uleb128 0xd
 597 005b 00       		.byte	0
 598 005c 03       		.uleb128 0x3
 599 005d 0E       		.uleb128 0xe
 600 005e 3A       		.uleb128 0x3a
 601 005f 0B       		.uleb128 0xb
 602 0060 3B       		.uleb128 0x3b
 603 0061 0B       		.uleb128 0xb
 604 0062 49       		.uleb128 0x49
 605 0063 13       		.uleb128 0x13
 606 0064 38       		.uleb128 0x38
 607 0065 0A       		.uleb128 0xa
 608 0066 00       		.byte	0
 609 0067 00       		.byte	0
 610 0068 09       		.uleb128 0x9
 611 0069 17       		.uleb128 0x17
 612 006a 01       		.byte	0x1
 613 006b 0B       		.uleb128 0xb
 614 006c 0B       		.uleb128 0xb
 615 006d 3A       		.uleb128 0x3a
 616 006e 0B       		.uleb128 0xb
 617 006f 3B       		.uleb128 0x3b
 618 0070 0B       		.uleb128 0xb
 619 0071 01       		.uleb128 0x1
 620 0072 13       		.uleb128 0x13
 621 0073 00       		.byte	0
 622 0074 00       		.byte	0
 623 0075 0A       		.uleb128 0xa
 624 0076 0D       		.uleb128 0xd
 625 0077 00       		.byte	0
 626 0078 03       		.uleb128 0x3
 627 0079 08       		.uleb128 0x8
ARM GAS  /tmp/cc0sqe46.s 			page 12


 628 007a 3A       		.uleb128 0x3a
 629 007b 0B       		.uleb128 0xb
 630 007c 3B       		.uleb128 0x3b
 631 007d 0B       		.uleb128 0xb
 632 007e 49       		.uleb128 0x49
 633 007f 13       		.uleb128 0x13
 634 0080 00       		.byte	0
 635 0081 00       		.byte	0
 636 0082 0B       		.uleb128 0xb
 637 0083 0F       		.uleb128 0xf
 638 0084 00       		.byte	0
 639 0085 0B       		.uleb128 0xb
 640 0086 0B       		.uleb128 0xb
 641 0087 49       		.uleb128 0x49
 642 0088 13       		.uleb128 0x13
 643 0089 00       		.byte	0
 644 008a 00       		.byte	0
 645 008b 0C       		.uleb128 0xc
 646 008c 2E       		.uleb128 0x2e
 647 008d 01       		.byte	0x1
 648 008e 3F       		.uleb128 0x3f
 649 008f 0C       		.uleb128 0xc
 650 0090 03       		.uleb128 0x3
 651 0091 0E       		.uleb128 0xe
 652 0092 3A       		.uleb128 0x3a
 653 0093 0B       		.uleb128 0xb
 654 0094 3B       		.uleb128 0x3b
 655 0095 0B       		.uleb128 0xb
 656 0096 27       		.uleb128 0x27
 657 0097 0C       		.uleb128 0xc
 658 0098 49       		.uleb128 0x49
 659 0099 13       		.uleb128 0x13
 660 009a 11       		.uleb128 0x11
 661 009b 01       		.uleb128 0x1
 662 009c 12       		.uleb128 0x12
 663 009d 01       		.uleb128 0x1
 664 009e 40       		.uleb128 0x40
 665 009f 0A       		.uleb128 0xa
 666 00a0 9742     		.uleb128 0x2117
 667 00a2 0C       		.uleb128 0xc
 668 00a3 01       		.uleb128 0x1
 669 00a4 13       		.uleb128 0x13
 670 00a5 00       		.byte	0
 671 00a6 00       		.byte	0
 672 00a7 0D       		.uleb128 0xd
 673 00a8 05       		.uleb128 0x5
 674 00a9 00       		.byte	0
 675 00aa 03       		.uleb128 0x3
 676 00ab 08       		.uleb128 0x8
 677 00ac 3A       		.uleb128 0x3a
 678 00ad 0B       		.uleb128 0xb
 679 00ae 3B       		.uleb128 0x3b
 680 00af 0B       		.uleb128 0xb
 681 00b0 49       		.uleb128 0x49
 682 00b1 13       		.uleb128 0x13
 683 00b2 02       		.uleb128 0x2
 684 00b3 06       		.uleb128 0x6
ARM GAS  /tmp/cc0sqe46.s 			page 13


 685 00b4 00       		.byte	0
 686 00b5 00       		.byte	0
 687 00b6 0E       		.uleb128 0xe
 688 00b7 2E       		.uleb128 0x2e
 689 00b8 01       		.byte	0x1
 690 00b9 3F       		.uleb128 0x3f
 691 00ba 0C       		.uleb128 0xc
 692 00bb 03       		.uleb128 0x3
 693 00bc 0E       		.uleb128 0xe
 694 00bd 3A       		.uleb128 0x3a
 695 00be 0B       		.uleb128 0xb
 696 00bf 3B       		.uleb128 0x3b
 697 00c0 0B       		.uleb128 0xb
 698 00c1 27       		.uleb128 0x27
 699 00c2 0C       		.uleb128 0xc
 700 00c3 11       		.uleb128 0x11
 701 00c4 01       		.uleb128 0x1
 702 00c5 12       		.uleb128 0x12
 703 00c6 01       		.uleb128 0x1
 704 00c7 40       		.uleb128 0x40
 705 00c8 06       		.uleb128 0x6
 706 00c9 9742     		.uleb128 0x2117
 707 00cb 0C       		.uleb128 0xc
 708 00cc 01       		.uleb128 0x1
 709 00cd 13       		.uleb128 0x13
 710 00ce 00       		.byte	0
 711 00cf 00       		.byte	0
 712 00d0 0F       		.uleb128 0xf
 713 00d1 05       		.uleb128 0x5
 714 00d2 00       		.byte	0
 715 00d3 03       		.uleb128 0x3
 716 00d4 0E       		.uleb128 0xe
 717 00d5 3A       		.uleb128 0x3a
 718 00d6 0B       		.uleb128 0xb
 719 00d7 3B       		.uleb128 0x3b
 720 00d8 0B       		.uleb128 0xb
 721 00d9 49       		.uleb128 0x49
 722 00da 13       		.uleb128 0x13
 723 00db 02       		.uleb128 0x2
 724 00dc 0A       		.uleb128 0xa
 725 00dd 00       		.byte	0
 726 00de 00       		.byte	0
 727 00df 10       		.uleb128 0x10
 728 00e0 2E       		.uleb128 0x2e
 729 00e1 01       		.byte	0x1
 730 00e2 3F       		.uleb128 0x3f
 731 00e3 0C       		.uleb128 0xc
 732 00e4 03       		.uleb128 0x3
 733 00e5 0E       		.uleb128 0xe
 734 00e6 3A       		.uleb128 0x3a
 735 00e7 0B       		.uleb128 0xb
 736 00e8 3B       		.uleb128 0x3b
 737 00e9 0B       		.uleb128 0xb
 738 00ea 27       		.uleb128 0x27
 739 00eb 0C       		.uleb128 0xc
 740 00ec 11       		.uleb128 0x11
 741 00ed 01       		.uleb128 0x1
ARM GAS  /tmp/cc0sqe46.s 			page 14


 742 00ee 12       		.uleb128 0x12
 743 00ef 01       		.uleb128 0x1
 744 00f0 40       		.uleb128 0x40
 745 00f1 0A       		.uleb128 0xa
 746 00f2 9742     		.uleb128 0x2117
 747 00f4 0C       		.uleb128 0xc
 748 00f5 01       		.uleb128 0x1
 749 00f6 13       		.uleb128 0x13
 750 00f7 00       		.byte	0
 751 00f8 00       		.byte	0
 752 00f9 11       		.uleb128 0x11
 753 00fa 05       		.uleb128 0x5
 754 00fb 00       		.byte	0
 755 00fc 03       		.uleb128 0x3
 756 00fd 0E       		.uleb128 0xe
 757 00fe 3A       		.uleb128 0x3a
 758 00ff 0B       		.uleb128 0xb
 759 0100 3B       		.uleb128 0x3b
 760 0101 0B       		.uleb128 0xb
 761 0102 49       		.uleb128 0x49
 762 0103 13       		.uleb128 0x13
 763 0104 02       		.uleb128 0x2
 764 0105 06       		.uleb128 0x6
 765 0106 00       		.byte	0
 766 0107 00       		.byte	0
 767 0108 12       		.uleb128 0x12
 768 0109 898201   		.uleb128 0x4109
 769 010c 01       		.byte	0x1
 770 010d 11       		.uleb128 0x11
 771 010e 01       		.uleb128 0x1
 772 010f 9542     		.uleb128 0x2115
 773 0111 0C       		.uleb128 0xc
 774 0112 31       		.uleb128 0x31
 775 0113 13       		.uleb128 0x13
 776 0114 00       		.byte	0
 777 0115 00       		.byte	0
 778 0116 13       		.uleb128 0x13
 779 0117 8A8201   		.uleb128 0x410a
 780 011a 00       		.byte	0
 781 011b 02       		.uleb128 0x2
 782 011c 0A       		.uleb128 0xa
 783 011d 9142     		.uleb128 0x2111
 784 011f 0A       		.uleb128 0xa
 785 0120 00       		.byte	0
 786 0121 00       		.byte	0
 787 0122 14       		.uleb128 0x14
 788 0123 34       		.uleb128 0x34
 789 0124 00       		.byte	0
 790 0125 03       		.uleb128 0x3
 791 0126 0E       		.uleb128 0xe
 792 0127 3A       		.uleb128 0x3a
 793 0128 0B       		.uleb128 0xb
 794 0129 3B       		.uleb128 0x3b
 795 012a 05       		.uleb128 0x5
 796 012b 49       		.uleb128 0x49
 797 012c 13       		.uleb128 0x13
 798 012d 3F       		.uleb128 0x3f
ARM GAS  /tmp/cc0sqe46.s 			page 15


 799 012e 0C       		.uleb128 0xc
 800 012f 3C       		.uleb128 0x3c
 801 0130 0C       		.uleb128 0xc
 802 0131 00       		.byte	0
 803 0132 00       		.byte	0
 804 0133 15       		.uleb128 0x15
 805 0134 2E       		.uleb128 0x2e
 806 0135 01       		.byte	0x1
 807 0136 3F       		.uleb128 0x3f
 808 0137 0C       		.uleb128 0xc
 809 0138 03       		.uleb128 0x3
 810 0139 0E       		.uleb128 0xe
 811 013a 3A       		.uleb128 0x3a
 812 013b 0B       		.uleb128 0xb
 813 013c 3B       		.uleb128 0x3b
 814 013d 05       		.uleb128 0x5
 815 013e 27       		.uleb128 0x27
 816 013f 0C       		.uleb128 0xc
 817 0140 3C       		.uleb128 0x3c
 818 0141 0C       		.uleb128 0xc
 819 0142 00       		.byte	0
 820 0143 00       		.byte	0
 821 0144 16       		.uleb128 0x16
 822 0145 05       		.uleb128 0x5
 823 0146 00       		.byte	0
 824 0147 49       		.uleb128 0x49
 825 0148 13       		.uleb128 0x13
 826 0149 00       		.byte	0
 827 014a 00       		.byte	0
 828 014b 00       		.byte	0
 829              		.section	.debug_loc,"",%progbits
 830              	.Ldebug_loc0:
 831              	.LLST0:
 832 0000 00000000 		.4byte	.LVL0
 833 0004 0C000000 		.4byte	.LVL1
 834 0008 0100     		.2byte	0x1
 835 000a 50       		.byte	0x50
 836 000b 0C000000 		.4byte	.LVL1
 837 000f 10000000 		.4byte	.LFE118
 838 0013 0400     		.2byte	0x4
 839 0015 F3       		.byte	0xf3
 840 0016 01       		.uleb128 0x1
 841 0017 50       		.byte	0x50
 842 0018 9F       		.byte	0x9f
 843 0019 00000000 		.4byte	0
 844 001d 00000000 		.4byte	0
 845              	.LLST1:
 846 0021 00000000 		.4byte	.LFB119
 847 0025 04000000 		.4byte	.LCFI0
 848 0029 0200     		.2byte	0x2
 849 002b 7D       		.byte	0x7d
 850 002c 00       		.sleb128 0
 851 002d 04000000 		.4byte	.LCFI0
 852 0031 1E000000 		.4byte	.LFE119
 853 0035 0200     		.2byte	0x2
 854 0037 7D       		.byte	0x7d
 855 0038 08       		.sleb128 8
ARM GAS  /tmp/cc0sqe46.s 			page 16


 856 0039 00000000 		.4byte	0
 857 003d 00000000 		.4byte	0
 858              	.LLST2:
 859 0041 00000000 		.4byte	.LVL2
 860 0045 02000000 		.4byte	.LVL3
 861 0049 0100     		.2byte	0x1
 862 004b 50       		.byte	0x50
 863 004c 02000000 		.4byte	.LVL3
 864 0050 1E000000 		.4byte	.LFE119
 865 0054 0400     		.2byte	0x4
 866 0056 F3       		.byte	0xf3
 867 0057 01       		.uleb128 0x1
 868 0058 50       		.byte	0x50
 869 0059 9F       		.byte	0x9f
 870 005a 00000000 		.4byte	0
 871 005e 00000000 		.4byte	0
 872              	.LLST3:
 873 0062 00000000 		.4byte	.LVL4
 874 0066 04000000 		.4byte	.LVL5
 875 006a 0100     		.2byte	0x1
 876 006c 50       		.byte	0x50
 877 006d 04000000 		.4byte	.LVL5
 878 0071 0C000000 		.4byte	.LFE120
 879 0075 0400     		.2byte	0x4
 880 0077 F3       		.byte	0xf3
 881 0078 01       		.uleb128 0x1
 882 0079 50       		.byte	0x50
 883 007a 9F       		.byte	0x9f
 884 007b 00000000 		.4byte	0
 885 007f 00000000 		.4byte	0
 886              	.LLST4:
 887 0083 00000000 		.4byte	.LVL4
 888 0087 04000000 		.4byte	.LVL5
 889 008b 0100     		.2byte	0x1
 890 008d 51       		.byte	0x51
 891 008e 04000000 		.4byte	.LVL5
 892 0092 0B000000 		.4byte	.LVL6-1
 893 0096 0100     		.2byte	0x1
 894 0098 52       		.byte	0x52
 895 0099 0B000000 		.4byte	.LVL6-1
 896 009d 0C000000 		.4byte	.LFE120
 897 00a1 0400     		.2byte	0x4
 898 00a3 F3       		.byte	0xf3
 899 00a4 01       		.uleb128 0x1
 900 00a5 51       		.byte	0x51
 901 00a6 9F       		.byte	0x9f
 902 00a7 00000000 		.4byte	0
 903 00ab 00000000 		.4byte	0
 904              		.section	.debug_aranges,"",%progbits
 905 0000 2C000000 		.4byte	0x2c
 906 0004 0200     		.2byte	0x2
 907 0006 00000000 		.4byte	.Ldebug_info0
 908 000a 04       		.byte	0x4
 909 000b 00       		.byte	0
 910 000c 0000     		.2byte	0
 911 000e 0000     		.2byte	0
 912 0010 00000000 		.4byte	.LFB118
ARM GAS  /tmp/cc0sqe46.s 			page 17


 913 0014 10000000 		.4byte	.LFE118-.LFB118
 914 0018 00000000 		.4byte	.LFB119
 915 001c 1E000000 		.4byte	.LFE119-.LFB119
 916 0020 00000000 		.4byte	.LFB120
 917 0024 0C000000 		.4byte	.LFE120-.LFB120
 918 0028 00000000 		.4byte	0
 919 002c 00000000 		.4byte	0
 920              		.section	.debug_ranges,"",%progbits
 921              	.Ldebug_ranges0:
 922 0000 00000000 		.4byte	.LFB118
 923 0004 10000000 		.4byte	.LFE118
 924 0008 00000000 		.4byte	.LFB119
 925 000c 1E000000 		.4byte	.LFE119
 926 0010 00000000 		.4byte	.LFB120
 927 0014 0C000000 		.4byte	.LFE120
 928 0018 00000000 		.4byte	0
 929 001c 00000000 		.4byte	0
 930              		.section	.debug_line,"",%progbits
 931              	.Ldebug_line0:
 932 0000 DC010000 		.section	.debug_str,"MS",%progbits,1
 932      02009C01 
 932      00000201 
 932      FB0E0D00 
 932      01010101 
 933              	.LASF22:
 934 0000 4C434B52 		.ascii	"LCKR\000"
 934      00
 935              	.LASF16:
 936 0005 636C6561 		.ascii	"clear\000"
 936      7200
 937              	.LASF17:
 938 000b 4D4F4445 		.ascii	"MODER\000"
 938      5200
 939              	.LASF39:
 940 0011 70616C52 		.ascii	"palReadBus\000"
 940      65616442 
 940      757300
 941              	.LASF12:
 942 001c 75696E74 		.ascii	"uint_fast8_t\000"
 942      5F666173 
 942      74385F74 
 942      00
 943              	.LASF21:
 944 0029 42535252 		.ascii	"BSRR\000"
 944      00
 945              	.LASF34:
 946 002e 70616C57 		.ascii	"palWriteBus\000"
 946      72697465 
 946      42757300 
 947              	.LASF35:
 948 003a 70616C53 		.ascii	"palSetBusMode\000"
 948      65744275 
 948      734D6F64 
 948      6500
 949              	.LASF29:
 950 0048 706F7274 		.ascii	"portid\000"
 950      696400
ARM GAS  /tmp/cc0sqe46.s 			page 18


 951              	.LASF38:
 952 004f 2F686F6D 		.ascii	"/home/wicker/tools/ChibiOS_2.6.3/os/hal/src/pal.c\000"
 952      652F7769 
 952      636B6572 
 952      2F746F6F 
 952      6C732F43 
 953              	.LASF26:
 954 0081 696F706F 		.ascii	"ioportmask_t\000"
 954      72746D61 
 954      736B5F74 
 954      00
 955              	.LASF18:
 956 008e 4F545950 		.ascii	"OTYPER\000"
 956      455200
 957              	.LASF27:
 958 0095 696F6D6F 		.ascii	"iomode_t\000"
 958      64655F74 
 958      00
 959              	.LASF2:
 960 009e 756E7369 		.ascii	"unsigned char\000"
 960      676E6564 
 960      20636861 
 960      7200
 961              	.LASF24:
 962 00ac 41465248 		.ascii	"AFRH\000"
 962      00
 963              	.LASF9:
 964 00b1 6C6F6E67 		.ascii	"long unsigned int\000"
 964      20756E73 
 964      69676E65 
 964      6420696E 
 964      7400
 965              	.LASF4:
 966 00c3 73686F72 		.ascii	"short unsigned int\000"
 966      7420756E 
 966      7369676E 
 966      65642069 
 966      6E7400
 967              	.LASF23:
 968 00d6 4146524C 		.ascii	"AFRL\000"
 968      00
 969              	.LASF40:
 970 00db 49544D5F 		.ascii	"ITM_RxBuffer\000"
 970      52784275 
 970      66666572 
 970      00
 971              	.LASF3:
 972 00e8 73686F72 		.ascii	"short int\000"
 972      7420696E 
 972      7400
 973              	.LASF19:
 974 00f2 4F535045 		.ascii	"OSPEEDR\000"
 974      45445200 
 975              	.LASF41:
 976 00fa 5F70616C 		.ascii	"_pal_lld_setgroupmode\000"
 976      5F6C6C64 
 976      5F736574 
ARM GAS  /tmp/cc0sqe46.s 			page 19


 976      67726F75 
 976      706D6F64 
 977              	.LASF0:
 978 0110 756E7369 		.ascii	"unsigned int\000"
 978      676E6564 
 978      20696E74 
 978      00
 979              	.LASF25:
 980 011d 4750494F 		.ascii	"GPIO_TypeDef\000"
 980      5F547970 
 980      65446566 
 980      00
 981              	.LASF15:
 982 012a 63686172 		.ascii	"char\000"
 982      00
 983              	.LASF36:
 984 012f 6D6F6465 		.ascii	"mode\000"
 984      00
 985              	.LASF6:
 986 0134 696E7433 		.ascii	"int32_t\000"
 986      325F7400 
 987              	.LASF14:
 988 013c 73697A65 		.ascii	"sizetype\000"
 988      74797065 
 988      00
 989              	.LASF20:
 990 0145 50555044 		.ascii	"PUPDR\000"
 990      5200
 991              	.LASF10:
 992 014b 6C6F6E67 		.ascii	"long long int\000"
 992      206C6F6E 
 992      6720696E 
 992      7400
 993              	.LASF30:
 994 0159 6D61736B 		.ascii	"mask\000"
 994      00
 995              	.LASF37:
 996 015e 474E5520 		.ascii	"GNU C 4.7.2\000"
 996      4320342E 
 996      372E3200 
 997              	.LASF31:
 998 016a 6F666673 		.ascii	"offset\000"
 998      657400
 999              	.LASF28:
 1000 0171 696F706F 		.ascii	"ioportid_t\000"
 1000      72746964 
 1000      5F7400
 1001              	.LASF5:
 1002 017c 75696E74 		.ascii	"uint16_t\000"
 1002      31365F74 
 1002      00
 1003              	.LASF8:
 1004 0185 75696E74 		.ascii	"uint32_t\000"
 1004      33325F74 
 1004      00
 1005              	.LASF7:
 1006 018e 6C6F6E67 		.ascii	"long int\000"
ARM GAS  /tmp/cc0sqe46.s 			page 20


 1006      20696E74 
 1006      00
 1007              	.LASF33:
 1008 0197 62697473 		.ascii	"bits\000"
 1008      00
 1009              	.LASF1:
 1010 019c 7369676E 		.ascii	"signed char\000"
 1010      65642063 
 1010      68617200 
 1011              	.LASF13:
 1012 01a8 5F426F6F 		.ascii	"_Bool\000"
 1012      6C00
 1013              	.LASF11:
 1014 01ae 6C6F6E67 		.ascii	"long long unsigned int\000"
 1014      206C6F6E 
 1014      6720756E 
 1014      7369676E 
 1014      65642069 
 1015              	.LASF32:
 1016 01c5 494F4275 		.ascii	"IOBus\000"
 1016      7300
 1017              		.ident	"GCC: (crosstool-NG 1.17.0 - PSAS ST32F4 GFE) 4.7.2"
ARM GAS  /tmp/cc0sqe46.s 			page 21


DEFINED SYMBOLS
                            *ABS*:0000000000000000 pal.c
     /tmp/cc0sqe46.s:21     .text.palReadBus:0000000000000000 $t
     /tmp/cc0sqe46.s:27     .text.palReadBus:0000000000000000 palReadBus
     /tmp/cc0sqe46.s:50     .text.palWriteBus:0000000000000000 $t
     /tmp/cc0sqe46.s:56     .text.palWriteBus:0000000000000000 palWriteBus
     /tmp/cc0sqe46.s:88     .text.palSetBusMode:0000000000000000 $t
     /tmp/cc0sqe46.s:94     .text.palSetBusMode:0000000000000000 palSetBusMode
                     .debug_frame:0000000000000010 $d

UNDEFINED SYMBOLS
_pal_lld_setgroupmode
