ARM GAS  /tmp/ccsxOn3g.s 			page 1


   1              		.syntax unified
   2              		.cpu cortex-m4
   3              		.eabi_attribute 27, 3
   4              		.eabi_attribute 28, 1
   5              		.fpu fpv4-sp-d16
   6              		.eabi_attribute 20, 1
   7              		.eabi_attribute 21, 1
   8              		.eabi_attribute 23, 3
   9              		.eabi_attribute 24, 1
  10              		.eabi_attribute 25, 1
  11              		.eabi_attribute 26, 1
  12              		.eabi_attribute 30, 2
  13              		.eabi_attribute 34, 1
  14              		.eabi_attribute 18, 4
  15              		.thumb
  16              		.file	"pwm.c"
  17              		.text
  18              	.Ltext0:
  19              		.cfi_sections	.debug_frame
  20              		.section	.text.pwmInit,"ax",%progbits
  21              		.align	2
  22              		.p2align 4,,15
  23              		.global	pwmInit
  24              		.thumb
  25              		.thumb_func
  26              		.type	pwmInit, %function
  27              	pwmInit:
  28              	.LFB118:
  29              		.file 1 "/home/wicker/tools/ChibiOS_2.6.3/os/hal/src/pwm.c"
  30              		.loc 1 68 0
  31              		.cfi_startproc
  32              		@ args = 0, pretend = 0, frame = 0
  33              		@ frame_needed = 0, uses_anonymous_args = 0
  34              		@ link register save eliminated.
  35              		.loc 1 71 0
  36              		.loc 1 70 0
  37 0000 FFF7FEBF 		b	pwm_lld_init
  38              	.LVL0:
  39              		.cfi_endproc
  40              	.LFE118:
  41              		.size	pwmInit, .-pwmInit
  42 0004 AFF30080 		.section	.text.pwmObjectInit,"ax",%progbits
  42      AFF30080 
  42      AFF30080 
  43              		.align	2
  44              		.p2align 4,,15
  45              		.global	pwmObjectInit
  46              		.thumb
  47              		.thumb_func
  48              		.type	pwmObjectInit, %function
  49              	pwmObjectInit:
  50              	.LFB119:
  51              		.loc 1 80 0
  52              		.cfi_startproc
  53              		@ args = 0, pretend = 0, frame = 0
  54              		@ frame_needed = 0, uses_anonymous_args = 0
  55              		@ link register save eliminated.
ARM GAS  /tmp/ccsxOn3g.s 			page 2


  56              	.LVL1:
  57              		.loc 1 82 0
  58 0000 0123     		movs	r3, #1
  59 0002 0370     		strb	r3, [r0, #0]
  60              		.loc 1 83 0
  61 0004 0023     		movs	r3, #0
  62 0006 4360     		str	r3, [r0, #4]
  63 0008 7047     		bx	lr
  64              		.cfi_endproc
  65              	.LFE119:
  66              		.size	pwmObjectInit, .-pwmObjectInit
  67 000a 00BFAFF3 		.section	.text.pwmStart,"ax",%progbits
  67      0080
  68              		.align	2
  69              		.p2align 4,,15
  70              		.global	pwmStart
  71              		.thumb
  72              		.thumb_func
  73              		.type	pwmStart, %function
  74              	pwmStart:
  75              	.LFB120:
  76              		.loc 1 99 0
  77              		.cfi_startproc
  78              		@ args = 0, pretend = 0, frame = 0
  79              		@ frame_needed = 0, uses_anonymous_args = 0
  80              	.LVL2:
  81 0000 10B5     		push	{r4, lr}
  82              	.LCFI0:
  83              		.cfi_def_cfa_offset 8
  84              		.cfi_offset 4, -8
  85              		.cfi_offset 14, -4
  86              	.LBB2:
  87              		.loc 1 103 0
  88 0002 2023     		movs	r3, #32
  89              	.LVL3:
  90              	.LBE2:
  91              		.loc 1 99 0
  92 0004 0446     		mov	r4, r0
  93              	.LBB3:
  94              		.loc 1 103 0
  95              	@ 103 "/home/wicker/tools/ChibiOS_2.6.3/os/hal/src/pwm.c" 1
  96 0006 83F31188 		msr     BASEPRI, r3
  97              	@ 0 "" 2
  98              	.LVL4:
  99              		.thumb
 100              	.LBE3:
 101              		.loc 1 107 0
 102 000a 8B88     		ldrh	r3, [r1, #4]
 103              	.LVL5:
 104              		.loc 1 106 0
 105 000c 4160     		str	r1, [r0, #4]
 106              		.loc 1 107 0
 107 000e 0381     		strh	r3, [r0, #8]	@ movhi
 108              		.loc 1 108 0
 109 0010 FFF7FEFF 		bl	pwm_lld_start
 110              	.LVL6:
 111              		.loc 1 109 0
ARM GAS  /tmp/ccsxOn3g.s 			page 3


 112 0014 0223     		movs	r3, #2
 113 0016 2370     		strb	r3, [r4, #0]
 114              	.LBB4:
 115              		.loc 1 110 0
 116 0018 0023     		movs	r3, #0
 117              	.LVL7:
 118              	@ 110 "/home/wicker/tools/ChibiOS_2.6.3/os/hal/src/pwm.c" 1
 119 001a 83F31188 		msr     BASEPRI, r3
 120              	@ 0 "" 2
 121              	.LVL8:
 122              		.thumb
 123 001e 10BD     		pop	{r4, pc}
 124              	.LBE4:
 125              		.cfi_endproc
 126              	.LFE120:
 127              		.size	pwmStart, .-pwmStart
 128              		.section	.text.pwmStop,"ax",%progbits
 129              		.align	2
 130              		.p2align 4,,15
 131              		.global	pwmStop
 132              		.thumb
 133              		.thumb_func
 134              		.type	pwmStop, %function
 135              	pwmStop:
 136              	.LFB121:
 137              		.loc 1 120 0
 138              		.cfi_startproc
 139              		@ args = 0, pretend = 0, frame = 0
 140              		@ frame_needed = 0, uses_anonymous_args = 0
 141              	.LVL9:
 142 0000 10B5     		push	{r4, lr}
 143              	.LCFI1:
 144              		.cfi_def_cfa_offset 8
 145              		.cfi_offset 4, -8
 146              		.cfi_offset 14, -4
 147              	.LBB5:
 148              		.loc 1 124 0
 149 0002 2023     		movs	r3, #32
 150              	.LVL10:
 151              	.LBE5:
 152              		.loc 1 120 0
 153 0004 0446     		mov	r4, r0
 154              	.LBB6:
 155              		.loc 1 124 0
 156              	@ 124 "/home/wicker/tools/ChibiOS_2.6.3/os/hal/src/pwm.c" 1
 157 0006 83F31188 		msr     BASEPRI, r3
 158              	@ 0 "" 2
 159              	.LVL11:
 160              		.thumb
 161              	.LBE6:
 162              		.loc 1 127 0
 163 000a FFF7FEFF 		bl	pwm_lld_stop
 164              	.LVL12:
 165              		.loc 1 128 0
 166 000e 0123     		movs	r3, #1
 167 0010 2370     		strb	r3, [r4, #0]
 168              	.LBB7:
ARM GAS  /tmp/ccsxOn3g.s 			page 4


 169              		.loc 1 129 0
 170 0012 0023     		movs	r3, #0
 171              	.LVL13:
 172              	@ 129 "/home/wicker/tools/ChibiOS_2.6.3/os/hal/src/pwm.c" 1
 173 0014 83F31188 		msr     BASEPRI, r3
 174              	@ 0 "" 2
 175              	.LVL14:
 176              		.thumb
 177 0018 10BD     		pop	{r4, pc}
 178              	.LBE7:
 179              		.cfi_endproc
 180              	.LFE121:
 181              		.size	pwmStop, .-pwmStop
 182 001a 00BFAFF3 		.section	.text.pwmChangePeriod,"ax",%progbits
 182      0080
 183              		.align	2
 184              		.p2align 4,,15
 185              		.global	pwmChangePeriod
 186              		.thumb
 187              		.thumb_func
 188              		.type	pwmChangePeriod, %function
 189              	pwmChangePeriod:
 190              	.LFB122:
 191              		.loc 1 147 0
 192              		.cfi_startproc
 193              		@ args = 0, pretend = 0, frame = 0
 194              		@ frame_needed = 0, uses_anonymous_args = 0
 195              		@ link register save eliminated.
 196              	.LVL15:
 197              	.LBB8:
 198              		.loc 1 151 0
 199 0000 2023     		movs	r3, #32
 200              	.LVL16:
 201              	@ 151 "/home/wicker/tools/ChibiOS_2.6.3/os/hal/src/pwm.c" 1
 202 0002 83F31188 		msr     BASEPRI, r3
 203              	@ 0 "" 2
 204              	.LVL17:
 205              		.thumb
 206              	.LBE8:
 207              		.loc 1 154 0
 208 0006 0369     		ldr	r3, [r0, #16]
 209              	.LVL18:
 210 0008 0181     		strh	r1, [r0, #8]	@ movhi
 211 000a 0139     		subs	r1, r1, #1
 212              	.LVL19:
 213 000c 89B2     		uxth	r1, r1
 214 000e D962     		str	r1, [r3, #44]
 215              	.LBB9:
 216              		.loc 1 155 0
 217 0010 0023     		movs	r3, #0
 218              	.LVL20:
 219              	@ 155 "/home/wicker/tools/ChibiOS_2.6.3/os/hal/src/pwm.c" 1
 220 0012 83F31188 		msr     BASEPRI, r3
 221              	@ 0 "" 2
 222              	.LVL21:
 223              		.thumb
 224 0016 7047     		bx	lr
ARM GAS  /tmp/ccsxOn3g.s 			page 5


 225              	.LBE9:
 226              		.cfi_endproc
 227              	.LFE122:
 228              		.size	pwmChangePeriod, .-pwmChangePeriod
 229 0018 AFF30080 		.section	.text.pwmEnableChannel,"ax",%progbits
 229      AFF30080 
 230              		.align	2
 231              		.p2align 4,,15
 232              		.global	pwmEnableChannel
 233              		.thumb
 234              		.thumb_func
 235              		.type	pwmEnableChannel, %function
 236              	pwmEnableChannel:
 237              	.LFB123:
 238              		.loc 1 174 0
 239              		.cfi_startproc
 240              		@ args = 0, pretend = 0, frame = 0
 241              		@ frame_needed = 0, uses_anonymous_args = 0
 242              	.LVL22:
 243 0000 08B5     		push	{r3, lr}
 244              	.LCFI2:
 245              		.cfi_def_cfa_offset 8
 246              		.cfi_offset 3, -8
 247              		.cfi_offset 14, -4
 248              	.LBB10:
 249              		.loc 1 179 0
 250 0002 2023     		movs	r3, #32
 251              	.LVL23:
 252              	@ 179 "/home/wicker/tools/ChibiOS_2.6.3/os/hal/src/pwm.c" 1
 253 0004 83F31188 		msr     BASEPRI, r3
 254              	@ 0 "" 2
 255              	.LVL24:
 256              		.thumb
 257              	.LBE10:
 258              		.loc 1 182 0
 259 0008 FFF7FEFF 		bl	pwm_lld_enable_channel
 260              	.LVL25:
 261              	.LBB11:
 262              		.loc 1 183 0
 263 000c 0023     		movs	r3, #0
 264              	.LVL26:
 265              	@ 183 "/home/wicker/tools/ChibiOS_2.6.3/os/hal/src/pwm.c" 1
 266 000e 83F31188 		msr     BASEPRI, r3
 267              	@ 0 "" 2
 268              	.LVL27:
 269              		.thumb
 270 0012 08BD     		pop	{r3, pc}
 271              	.LBE11:
 272              		.cfi_endproc
 273              	.LFE123:
 274              		.size	pwmEnableChannel, .-pwmEnableChannel
 275 0014 AFF30080 		.section	.text.pwmDisableChannel,"ax",%progbits
 275      AFF30080 
 275      AFF30080 
 276              		.align	2
 277              		.p2align 4,,15
 278              		.global	pwmDisableChannel
ARM GAS  /tmp/ccsxOn3g.s 			page 6


 279              		.thumb
 280              		.thumb_func
 281              		.type	pwmDisableChannel, %function
 282              	pwmDisableChannel:
 283              	.LFB124:
 284              		.loc 1 200 0
 285              		.cfi_startproc
 286              		@ args = 0, pretend = 0, frame = 0
 287              		@ frame_needed = 0, uses_anonymous_args = 0
 288              	.LVL28:
 289 0000 08B5     		push	{r3, lr}
 290              	.LCFI3:
 291              		.cfi_def_cfa_offset 8
 292              		.cfi_offset 3, -8
 293              		.cfi_offset 14, -4
 294              	.LBB12:
 295              		.loc 1 205 0
 296 0002 2023     		movs	r3, #32
 297              	.LVL29:
 298              	@ 205 "/home/wicker/tools/ChibiOS_2.6.3/os/hal/src/pwm.c" 1
 299 0004 83F31188 		msr     BASEPRI, r3
 300              	@ 0 "" 2
 301              	.LVL30:
 302              		.thumb
 303              	.LBE12:
 304              		.loc 1 208 0
 305 0008 FFF7FEFF 		bl	pwm_lld_disable_channel
 306              	.LVL31:
 307              	.LBB13:
 308              		.loc 1 209 0
 309 000c 0023     		movs	r3, #0
 310              	.LVL32:
 311              	@ 209 "/home/wicker/tools/ChibiOS_2.6.3/os/hal/src/pwm.c" 1
 312 000e 83F31188 		msr     BASEPRI, r3
 313              	@ 0 "" 2
 314              	.LVL33:
 315              		.thumb
 316 0012 08BD     		pop	{r3, pc}
 317              	.LBE13:
 318              		.cfi_endproc
 319              	.LFE124:
 320              		.size	pwmDisableChannel, .-pwmDisableChannel
 321 0014 AFF30080 		.text
 321      AFF30080 
 321      AFF30080 
 322              	.Letext0:
 323              		.file 2 "/opt/psas/x-tools/stm32f407/arm-psas-eabi/bin/../lib/gcc/arm-psas-eabi/4.7.2/../../../../
 324              		.file 3 "/home/wicker/tools/ChibiOS_2.6.3/os/hal/include/pwm.h"
 325              		.file 4 "/home/wicker/tools/ChibiOS_2.6.3/os/hal/platforms/STM32/TIMv1/pwm_lld.h"
 326              		.file 5 "/home/wicker/tools/ChibiOS_2.6.3/os/hal/platforms/STM32/TIMv1/stm32_tim.h"
 327              		.file 6 "/home/wicker/tools/ChibiOS_2.6.3/os/ports/common/ARMCMx/CMSIS/include/core_cm4.h"
 328              		.section	.debug_info,"",%progbits
 329              	.Ldebug_info0:
 330 0000 E2060000 		.4byte	0x6e2
 331 0004 0200     		.2byte	0x2
 332 0006 00000000 		.4byte	.Ldebug_abbrev0
 333 000a 04       		.byte	0x4
ARM GAS  /tmp/ccsxOn3g.s 			page 7


 334 000b 01       		.uleb128 0x1
 335 000c 91010000 		.4byte	.LASF60
 336 0010 01       		.byte	0x1
 337 0011 C7010000 		.4byte	.LASF61
 338 0015 30000000 		.4byte	.Ldebug_ranges0+0x30
 339 0019 00000000 		.4byte	0
 340 001d 00000000 		.4byte	0
 341 0021 00000000 		.4byte	.Ldebug_line0
 342 0025 02       		.uleb128 0x2
 343 0026 04       		.byte	0x4
 344 0027 05       		.byte	0x5
 345 0028 696E7400 		.ascii	"int\000"
 346 002c 03       		.uleb128 0x3
 347 002d 04       		.byte	0x4
 348 002e 07       		.byte	0x7
 349 002f 7B010000 		.4byte	.LASF0
 350 0033 03       		.uleb128 0x3
 351 0034 01       		.byte	0x1
 352 0035 06       		.byte	0x6
 353 0036 4F010000 		.4byte	.LASF1
 354 003a 04       		.uleb128 0x4
 355 003b 8D000000 		.4byte	.LASF4
 356 003f 02       		.byte	0x2
 357 0040 2A       		.byte	0x2a
 358 0041 45000000 		.4byte	0x45
 359 0045 03       		.uleb128 0x3
 360 0046 01       		.byte	0x1
 361 0047 08       		.byte	0x8
 362 0048 18010000 		.4byte	.LASF2
 363 004c 03       		.uleb128 0x3
 364 004d 02       		.byte	0x2
 365 004e 05       		.byte	0x5
 366 004f 29000000 		.4byte	.LASF3
 367 0053 04       		.uleb128 0x4
 368 0054 88010000 		.4byte	.LASF5
 369 0058 02       		.byte	0x2
 370 0059 36       		.byte	0x36
 371 005a 5E000000 		.4byte	0x5e
 372 005e 03       		.uleb128 0x3
 373 005f 02       		.byte	0x2
 374 0060 07       		.byte	0x7
 375 0061 A7010000 		.4byte	.LASF6
 376 0065 04       		.uleb128 0x4
 377 0066 14020000 		.4byte	.LASF7
 378 006a 02       		.byte	0x2
 379 006b 4F       		.byte	0x4f
 380 006c 70000000 		.4byte	0x70
 381 0070 03       		.uleb128 0x3
 382 0071 04       		.byte	0x4
 383 0072 05       		.byte	0x5
 384 0073 C3000000 		.4byte	.LASF8
 385 0077 04       		.uleb128 0x4
 386 0078 72010000 		.4byte	.LASF9
 387 007c 02       		.byte	0x2
 388 007d 50       		.byte	0x50
 389 007e 82000000 		.4byte	0x82
 390 0082 03       		.uleb128 0x3
ARM GAS  /tmp/ccsxOn3g.s 			page 8


 391 0083 04       		.byte	0x4
 392 0084 07       		.byte	0x7
 393 0085 3A020000 		.4byte	.LASF10
 394 0089 03       		.uleb128 0x3
 395 008a 08       		.byte	0x8
 396 008b 05       		.byte	0x5
 397 008c B5000000 		.4byte	.LASF11
 398 0090 03       		.uleb128 0x3
 399 0091 08       		.byte	0x8
 400 0092 07       		.byte	0x7
 401 0093 5B010000 		.4byte	.LASF12
 402 0097 03       		.uleb128 0x3
 403 0098 01       		.byte	0x1
 404 0099 02       		.byte	0x2
 405 009a 1C020000 		.4byte	.LASF13
 406 009e 05       		.uleb128 0x5
 407 009f 77000000 		.4byte	0x77
 408 00a3 03       		.uleb128 0x3
 409 00a4 04       		.byte	0x4
 410 00a5 07       		.byte	0x7
 411 00a6 3C000000 		.4byte	.LASF14
 412 00aa 03       		.uleb128 0x3
 413 00ab 01       		.byte	0x1
 414 00ac 08       		.byte	0x8
 415 00ad F9010000 		.4byte	.LASF15
 416 00b1 06       		.uleb128 0x6
 417 00b2 77000000 		.4byte	0x77
 418 00b6 C1000000 		.4byte	0xc1
 419 00ba 07       		.uleb128 0x7
 420 00bb A3000000 		.4byte	0xa3
 421 00bf 03       		.byte	0x3
 422 00c0 00       		.byte	0
 423 00c1 05       		.uleb128 0x5
 424 00c2 65000000 		.4byte	0x65
 425 00c6 08       		.uleb128 0x8
 426 00c7 01       		.byte	0x1
 427 00c8 03       		.byte	0x3
 428 00c9 55       		.byte	0x55
 429 00ca E1000000 		.4byte	0xe1
 430 00ce 09       		.uleb128 0x9
 431 00cf 0D010000 		.4byte	.LASF16
 432 00d3 00       		.sleb128 0
 433 00d4 09       		.uleb128 0x9
 434 00d5 5C020000 		.4byte	.LASF17
 435 00d9 01       		.sleb128 1
 436 00da 09       		.uleb128 0x9
 437 00db 52020000 		.4byte	.LASF18
 438 00df 02       		.sleb128 2
 439 00e0 00       		.byte	0
 440 00e1 04       		.uleb128 0x4
 441 00e2 A4020000 		.4byte	.LASF19
 442 00e6 03       		.byte	0x3
 443 00e7 59       		.byte	0x59
 444 00e8 C6000000 		.4byte	0xc6
 445 00ec 04       		.uleb128 0x4
 446 00ed 0A020000 		.4byte	.LASF20
 447 00f1 03       		.byte	0x3
ARM GAS  /tmp/ccsxOn3g.s 			page 9


 448 00f2 5E       		.byte	0x5e
 449 00f3 F7000000 		.4byte	0xf7
 450 00f7 0A       		.uleb128 0xa
 451 00f8 0A020000 		.4byte	.LASF20
 452 00fc 14       		.byte	0x14
 453 00fd 04       		.byte	0x4
 454 00fe 6F01     		.2byte	0x16f
 455 0100 50010000 		.4byte	0x150
 456 0104 0B       		.uleb128 0xb
 457 0105 17000000 		.4byte	.LASF21
 458 0109 04       		.byte	0x4
 459 010a 7301     		.2byte	0x173
 460 010c E1000000 		.4byte	0xe1
 461 0110 02       		.byte	0x2
 462 0111 23       		.byte	0x23
 463 0112 00       		.uleb128 0
 464 0113 0B       		.uleb128 0xb
 465 0114 78000000 		.4byte	.LASF22
 466 0118 04       		.byte	0x4
 467 0119 7701     		.2byte	0x177
 468 011b 9F030000 		.4byte	0x39f
 469 011f 02       		.byte	0x2
 470 0120 23       		.byte	0x23
 471 0121 04       		.uleb128 0x4
 472 0122 0B       		.uleb128 0xb
 473 0123 DE000000 		.4byte	.LASF23
 474 0127 04       		.byte	0x4
 475 0128 7B01     		.2byte	0x17b
 476 012a DF020000 		.4byte	0x2df
 477 012e 02       		.byte	0x2
 478 012f 23       		.byte	0x23
 479 0130 08       		.uleb128 0x8
 480 0131 0B       		.uleb128 0xb
 481 0132 4C020000 		.4byte	.LASF24
 482 0136 04       		.byte	0x4
 483 0137 8301     		.2byte	0x183
 484 0139 77000000 		.4byte	0x77
 485 013d 02       		.byte	0x2
 486 013e 23       		.byte	0x23
 487 013f 0C       		.uleb128 0xc
 488 0140 0C       		.uleb128 0xc
 489 0141 74696D00 		.ascii	"tim\000"
 490 0145 04       		.byte	0x4
 491 0146 8701     		.2byte	0x187
 492 0148 AA030000 		.4byte	0x3aa
 493 014c 02       		.byte	0x2
 494 014d 23       		.byte	0x23
 495 014e 10       		.uleb128 0x10
 496 014f 00       		.byte	0
 497 0150 04       		.uleb128 0x4
 498 0151 AF020000 		.4byte	.LASF25
 499 0155 03       		.byte	0x3
 500 0156 65       		.byte	0x65
 501 0157 5B010000 		.4byte	0x15b
 502 015b 0D       		.uleb128 0xd
 503 015c 04       		.byte	0x4
 504 015d 61010000 		.4byte	0x161
ARM GAS  /tmp/ccsxOn3g.s 			page 10


 505 0161 0E       		.uleb128 0xe
 506 0162 01       		.byte	0x1
 507 0163 6D010000 		.4byte	0x16d
 508 0167 0F       		.uleb128 0xf
 509 0168 6D010000 		.4byte	0x16d
 510 016c 00       		.byte	0
 511 016d 0D       		.uleb128 0xd
 512 016e 04       		.byte	0x4
 513 016f EC000000 		.4byte	0xec
 514 0173 10       		.uleb128 0x10
 515 0174 60       		.byte	0x60
 516 0175 05       		.byte	0x5
 517 0176 9E01     		.2byte	0x19e
 518 0178 B6020000 		.4byte	0x2b6
 519 017c 0C       		.uleb128 0xc
 520 017d 43523100 		.ascii	"CR1\000"
 521 0181 05       		.byte	0x5
 522 0182 9F01     		.2byte	0x19f
 523 0184 9E000000 		.4byte	0x9e
 524 0188 02       		.byte	0x2
 525 0189 23       		.byte	0x23
 526 018a 00       		.uleb128 0
 527 018b 0C       		.uleb128 0xc
 528 018c 43523200 		.ascii	"CR2\000"
 529 0190 05       		.byte	0x5
 530 0191 A001     		.2byte	0x1a0
 531 0193 9E000000 		.4byte	0x9e
 532 0197 02       		.byte	0x2
 533 0198 23       		.byte	0x23
 534 0199 04       		.uleb128 0x4
 535 019a 0B       		.uleb128 0xb
 536 019b 08010000 		.4byte	.LASF26
 537 019f 05       		.byte	0x5
 538 01a0 A101     		.2byte	0x1a1
 539 01a2 9E000000 		.4byte	0x9e
 540 01a6 02       		.byte	0x2
 541 01a7 23       		.byte	0x23
 542 01a8 08       		.uleb128 0x8
 543 01a9 0B       		.uleb128 0xb
 544 01aa A2010000 		.4byte	.LASF27
 545 01ae 05       		.byte	0x5
 546 01af A201     		.2byte	0x1a2
 547 01b1 9E000000 		.4byte	0x9e
 548 01b5 02       		.byte	0x2
 549 01b6 23       		.byte	0x23
 550 01b7 0C       		.uleb128 0xc
 551 01b8 0C       		.uleb128 0xc
 552 01b9 535200   		.ascii	"SR\000"
 553 01bc 05       		.byte	0x5
 554 01bd A301     		.2byte	0x1a3
 555 01bf 9E000000 		.4byte	0x9e
 556 01c3 02       		.byte	0x2
 557 01c4 23       		.byte	0x23
 558 01c5 10       		.uleb128 0x10
 559 01c6 0C       		.uleb128 0xc
 560 01c7 45475200 		.ascii	"EGR\000"
 561 01cb 05       		.byte	0x5
ARM GAS  /tmp/ccsxOn3g.s 			page 11


 562 01cc A401     		.2byte	0x1a4
 563 01ce 9E000000 		.4byte	0x9e
 564 01d2 02       		.byte	0x2
 565 01d3 23       		.byte	0x23
 566 01d4 14       		.uleb128 0x14
 567 01d5 0B       		.uleb128 0xb
 568 01d6 E5000000 		.4byte	.LASF28
 569 01da 05       		.byte	0x5
 570 01db A501     		.2byte	0x1a5
 571 01dd 9E000000 		.4byte	0x9e
 572 01e1 02       		.byte	0x2
 573 01e2 23       		.byte	0x23
 574 01e3 18       		.uleb128 0x18
 575 01e4 0B       		.uleb128 0xb
 576 01e5 1D000000 		.4byte	.LASF29
 577 01e9 05       		.byte	0x5
 578 01ea A601     		.2byte	0x1a6
 579 01ec 9E000000 		.4byte	0x9e
 580 01f0 02       		.byte	0x2
 581 01f1 23       		.byte	0x23
 582 01f2 1C       		.uleb128 0x1c
 583 01f3 0B       		.uleb128 0xb
 584 01f4 00000000 		.4byte	.LASF30
 585 01f8 05       		.byte	0x5
 586 01f9 A701     		.2byte	0x1a7
 587 01fb 9E000000 		.4byte	0x9e
 588 01ff 02       		.byte	0x2
 589 0200 23       		.byte	0x23
 590 0201 20       		.uleb128 0x20
 591 0202 0C       		.uleb128 0xc
 592 0203 434E5400 		.ascii	"CNT\000"
 593 0207 05       		.byte	0x5
 594 0208 A801     		.2byte	0x1a8
 595 020a 9E000000 		.4byte	0x9e
 596 020e 02       		.byte	0x2
 597 020f 23       		.byte	0x23
 598 0210 24       		.uleb128 0x24
 599 0211 0C       		.uleb128 0xc
 600 0212 50534300 		.ascii	"PSC\000"
 601 0216 05       		.byte	0x5
 602 0217 A901     		.2byte	0x1a9
 603 0219 9E000000 		.4byte	0x9e
 604 021d 02       		.byte	0x2
 605 021e 23       		.byte	0x23
 606 021f 28       		.uleb128 0x28
 607 0220 0C       		.uleb128 0xc
 608 0221 41525200 		.ascii	"ARR\000"
 609 0225 05       		.byte	0x5
 610 0226 AA01     		.2byte	0x1aa
 611 0228 9E000000 		.4byte	0x9e
 612 022c 02       		.byte	0x2
 613 022d 23       		.byte	0x23
 614 022e 2C       		.uleb128 0x2c
 615 022f 0C       		.uleb128 0xc
 616 0230 52435200 		.ascii	"RCR\000"
 617 0234 05       		.byte	0x5
 618 0235 AB01     		.2byte	0x1ab
ARM GAS  /tmp/ccsxOn3g.s 			page 12


 619 0237 9E000000 		.4byte	0x9e
 620 023b 02       		.byte	0x2
 621 023c 23       		.byte	0x23
 622 023d 30       		.uleb128 0x30
 623 023e 0C       		.uleb128 0xc
 624 023f 43435200 		.ascii	"CCR\000"
 625 0243 05       		.byte	0x5
 626 0244 AC01     		.2byte	0x1ac
 627 0246 B6020000 		.4byte	0x2b6
 628 024a 02       		.byte	0x2
 629 024b 23       		.byte	0x23
 630 024c 34       		.uleb128 0x34
 631 024d 0B       		.uleb128 0xb
 632 024e 9D010000 		.4byte	.LASF31
 633 0252 05       		.byte	0x5
 634 0253 AD01     		.2byte	0x1ad
 635 0255 9E000000 		.4byte	0x9e
 636 0259 02       		.byte	0x2
 637 025a 23       		.byte	0x23
 638 025b 44       		.uleb128 0x44
 639 025c 0C       		.uleb128 0xc
 640 025d 44435200 		.ascii	"DCR\000"
 641 0261 05       		.byte	0x5
 642 0262 AE01     		.2byte	0x1ae
 643 0264 9E000000 		.4byte	0x9e
 644 0268 02       		.byte	0x2
 645 0269 23       		.byte	0x23
 646 026a 48       		.uleb128 0x48
 647 026b 0B       		.uleb128 0xb
 648 026c 12000000 		.4byte	.LASF32
 649 0270 05       		.byte	0x5
 650 0271 AF01     		.2byte	0x1af
 651 0273 9E000000 		.4byte	0x9e
 652 0277 02       		.byte	0x2
 653 0278 23       		.byte	0x23
 654 0279 4C       		.uleb128 0x4c
 655 027a 0C       		.uleb128 0xc
 656 027b 4F5200   		.ascii	"OR\000"
 657 027e 05       		.byte	0x5
 658 027f B001     		.2byte	0x1b0
 659 0281 9E000000 		.4byte	0x9e
 660 0285 02       		.byte	0x2
 661 0286 23       		.byte	0x23
 662 0287 50       		.uleb128 0x50
 663 0288 0B       		.uleb128 0xb
 664 0289 23000000 		.4byte	.LASF33
 665 028d 05       		.byte	0x5
 666 028e B101     		.2byte	0x1b1
 667 0290 9E000000 		.4byte	0x9e
 668 0294 02       		.byte	0x2
 669 0295 23       		.byte	0x23
 670 0296 54       		.uleb128 0x54
 671 0297 0B       		.uleb128 0xb
 672 0298 D4000000 		.4byte	.LASF34
 673 029c 05       		.byte	0x5
 674 029d B201     		.2byte	0x1b2
 675 029f 9E000000 		.4byte	0x9e
ARM GAS  /tmp/ccsxOn3g.s 			page 13


 676 02a3 02       		.byte	0x2
 677 02a4 23       		.byte	0x23
 678 02a5 58       		.uleb128 0x58
 679 02a6 0B       		.uleb128 0xb
 680 02a7 D9000000 		.4byte	.LASF35
 681 02ab 05       		.byte	0x5
 682 02ac B301     		.2byte	0x1b3
 683 02ae 9E000000 		.4byte	0x9e
 684 02b2 02       		.byte	0x2
 685 02b3 23       		.byte	0x23
 686 02b4 5C       		.uleb128 0x5c
 687 02b5 00       		.byte	0
 688 02b6 05       		.uleb128 0x5
 689 02b7 B1000000 		.4byte	0xb1
 690 02bb 11       		.uleb128 0x11
 691 02bc FE010000 		.4byte	.LASF36
 692 02c0 05       		.byte	0x5
 693 02c1 B401     		.2byte	0x1b4
 694 02c3 73010000 		.4byte	0x173
 695 02c7 11       		.uleb128 0x11
 696 02c8 8D020000 		.4byte	.LASF37
 697 02cc 04       		.byte	0x4
 698 02cd 2001     		.2byte	0x120
 699 02cf 77000000 		.4byte	0x77
 700 02d3 11       		.uleb128 0x11
 701 02d4 5D000000 		.4byte	.LASF38
 702 02d8 04       		.byte	0x4
 703 02d9 2501     		.2byte	0x125
 704 02db 3A000000 		.4byte	0x3a
 705 02df 11       		.uleb128 0x11
 706 02e0 33000000 		.4byte	.LASF39
 707 02e4 04       		.byte	0x4
 708 02e5 2A01     		.2byte	0x12a
 709 02e7 53000000 		.4byte	0x53
 710 02eb 10       		.uleb128 0x10
 711 02ec 08       		.byte	0x8
 712 02ed 04       		.byte	0x4
 713 02ee 2F01     		.2byte	0x12f
 714 02f0 13030000 		.4byte	0x313
 715 02f4 0B       		.uleb128 0xb
 716 02f5 6A000000 		.4byte	.LASF40
 717 02f9 04       		.byte	0x4
 718 02fa 3301     		.2byte	0x133
 719 02fc C7020000 		.4byte	0x2c7
 720 0300 02       		.byte	0x2
 721 0301 23       		.byte	0x23
 722 0302 00       		.uleb128 0
 723 0303 0B       		.uleb128 0xb
 724 0304 BD020000 		.4byte	.LASF41
 725 0308 04       		.byte	0x4
 726 0309 3901     		.2byte	0x139
 727 030b 50010000 		.4byte	0x150
 728 030f 02       		.byte	0x2
 729 0310 23       		.byte	0x23
 730 0311 04       		.uleb128 0x4
 731 0312 00       		.byte	0
 732 0313 11       		.uleb128 0x11
ARM GAS  /tmp/ccsxOn3g.s 			page 14


 733 0314 7C020000 		.4byte	.LASF42
 734 0318 04       		.byte	0x4
 735 0319 3B01     		.2byte	0x13b
 736 031b EB020000 		.4byte	0x2eb
 737 031f 10       		.uleb128 0x10
 738 0320 34       		.byte	0x34
 739 0321 04       		.byte	0x4
 740 0322 4001     		.2byte	0x140
 741 0324 83030000 		.4byte	0x383
 742 0328 0B       		.uleb128 0xb
 743 0329 72020000 		.4byte	.LASF43
 744 032d 04       		.byte	0x4
 745 032e 4601     		.2byte	0x146
 746 0330 77000000 		.4byte	0x77
 747 0334 02       		.byte	0x2
 748 0335 23       		.byte	0x23
 749 0336 00       		.uleb128 0
 750 0337 0B       		.uleb128 0xb
 751 0338 DE000000 		.4byte	.LASF23
 752 033c 04       		.byte	0x4
 753 033d 4C01     		.2byte	0x14c
 754 033f DF020000 		.4byte	0x2df
 755 0343 02       		.byte	0x2
 756 0344 23       		.byte	0x23
 757 0345 04       		.uleb128 0x4
 758 0346 0B       		.uleb128 0xb
 759 0347 BD020000 		.4byte	.LASF41
 760 034b 04       		.byte	0x4
 761 034c 5201     		.2byte	0x152
 762 034e 50010000 		.4byte	0x150
 763 0352 02       		.byte	0x2
 764 0353 23       		.byte	0x23
 765 0354 08       		.uleb128 0x8
 766 0355 0B       		.uleb128 0xb
 767 0356 6F000000 		.4byte	.LASF44
 768 035a 04       		.byte	0x4
 769 035b 5601     		.2byte	0x156
 770 035d 83030000 		.4byte	0x383
 771 0361 02       		.byte	0x2
 772 0362 23       		.byte	0x23
 773 0363 0C       		.uleb128 0xc
 774 0364 0C       		.uleb128 0xc
 775 0365 63723200 		.ascii	"cr2\000"
 776 0369 04       		.byte	0x4
 777 036a 5C01     		.2byte	0x15c
 778 036c 77000000 		.4byte	0x77
 779 0370 02       		.byte	0x2
 780 0371 23       		.byte	0x23
 781 0372 2C       		.uleb128 0x2c
 782 0373 0B       		.uleb128 0xb
 783 0374 65020000 		.4byte	.LASF45
 784 0378 04       		.byte	0x4
 785 0379 6901     		.2byte	0x169
 786 037b 77000000 		.4byte	0x77
 787 037f 02       		.byte	0x2
 788 0380 23       		.byte	0x23
 789 0381 30       		.uleb128 0x30
ARM GAS  /tmp/ccsxOn3g.s 			page 15


 790 0382 00       		.byte	0
 791 0383 06       		.uleb128 0x6
 792 0384 13030000 		.4byte	0x313
 793 0388 93030000 		.4byte	0x393
 794 038c 07       		.uleb128 0x7
 795 038d A3000000 		.4byte	0xa3
 796 0391 03       		.byte	0x3
 797 0392 00       		.byte	0
 798 0393 11       		.uleb128 0x11
 799 0394 F9000000 		.4byte	.LASF46
 800 0398 04       		.byte	0x4
 801 0399 6A01     		.2byte	0x16a
 802 039b 1F030000 		.4byte	0x31f
 803 039f 0D       		.uleb128 0xd
 804 03a0 04       		.byte	0x4
 805 03a1 A5030000 		.4byte	0x3a5
 806 03a5 12       		.uleb128 0x12
 807 03a6 93030000 		.4byte	0x393
 808 03aa 0D       		.uleb128 0xd
 809 03ab 04       		.byte	0x4
 810 03ac BB020000 		.4byte	0x2bb
 811 03b0 13       		.uleb128 0x13
 812 03b1 01       		.byte	0x1
 813 03b2 CC000000 		.4byte	.LASF47
 814 03b6 01       		.byte	0x1
 815 03b7 44       		.byte	0x44
 816 03b8 01       		.byte	0x1
 817 03b9 00000000 		.4byte	.LFB118
 818 03bd 04000000 		.4byte	.LFE118
 819 03c1 02       		.byte	0x2
 820 03c2 7D       		.byte	0x7d
 821 03c3 00       		.sleb128 0
 822 03c4 01       		.byte	0x1
 823 03c5 D4030000 		.4byte	0x3d4
 824 03c9 14       		.uleb128 0x14
 825 03ca 04000000 		.4byte	.LVL0
 826 03ce 01       		.byte	0x1
 827 03cf 7B060000 		.4byte	0x67b
 828 03d3 00       		.byte	0
 829 03d4 13       		.uleb128 0x13
 830 03d5 01       		.byte	0x1
 831 03d6 7F000000 		.4byte	.LASF48
 832 03da 01       		.byte	0x1
 833 03db 50       		.byte	0x50
 834 03dc 01       		.byte	0x1
 835 03dd 00000000 		.4byte	.LFB119
 836 03e1 0A000000 		.4byte	.LFE119
 837 03e5 02       		.byte	0x2
 838 03e6 7D       		.byte	0x7d
 839 03e7 00       		.sleb128 0
 840 03e8 01       		.byte	0x1
 841 03e9 FB030000 		.4byte	0x3fb
 842 03ed 15       		.uleb128 0x15
 843 03ee 03010000 		.4byte	.LASF50
 844 03f2 01       		.byte	0x1
 845 03f3 50       		.byte	0x50
 846 03f4 6D010000 		.4byte	0x16d
ARM GAS  /tmp/ccsxOn3g.s 			page 16


 847 03f8 01       		.byte	0x1
 848 03f9 50       		.byte	0x50
 849 03fa 00       		.byte	0
 850 03fb 16       		.uleb128 0x16
 851 03fc 01       		.byte	0x1
 852 03fd AC000000 		.4byte	.LASF49
 853 0401 01       		.byte	0x1
 854 0402 63       		.byte	0x63
 855 0403 01       		.byte	0x1
 856 0404 00000000 		.4byte	.LFB120
 857 0408 20000000 		.4byte	.LFE120
 858 040c 00000000 		.4byte	.LLST0
 859 0410 01       		.byte	0x1
 860 0411 7A040000 		.4byte	0x47a
 861 0415 17       		.uleb128 0x17
 862 0416 03010000 		.4byte	.LASF50
 863 041a 01       		.byte	0x1
 864 041b 63       		.byte	0x63
 865 041c 6D010000 		.4byte	0x16d
 866 0420 20000000 		.4byte	.LLST1
 867 0424 17       		.uleb128 0x17
 868 0425 78000000 		.4byte	.LASF22
 869 0429 01       		.byte	0x1
 870 042a 63       		.byte	0x63
 871 042b 9F030000 		.4byte	0x39f
 872 042f 3E000000 		.4byte	.LLST2
 873 0433 18       		.uleb128 0x18
 874 0434 00000000 		.4byte	.Ldebug_ranges0+0
 875 0438 4C040000 		.4byte	0x44c
 876 043c 19       		.uleb128 0x19
 877 043d 746D7000 		.ascii	"tmp\000"
 878 0441 01       		.byte	0x1
 879 0442 67       		.byte	0x67
 880 0443 77000000 		.4byte	0x77
 881 0447 5F000000 		.4byte	.LLST3
 882 044b 00       		.byte	0
 883 044c 1A       		.uleb128 0x1a
 884 044d 18000000 		.4byte	.LBB4
 885 0451 20000000 		.4byte	.LBE4
 886 0455 69040000 		.4byte	0x469
 887 0459 19       		.uleb128 0x19
 888 045a 746D7000 		.ascii	"tmp\000"
 889 045e 01       		.byte	0x1
 890 045f 6E       		.byte	0x6e
 891 0460 77000000 		.4byte	0x77
 892 0464 72000000 		.4byte	.LLST4
 893 0468 00       		.byte	0
 894 0469 1B       		.uleb128 0x1b
 895 046a 14000000 		.4byte	.LVL6
 896 046e 86060000 		.4byte	0x686
 897 0472 1C       		.uleb128 0x1c
 898 0473 01       		.byte	0x1
 899 0474 50       		.byte	0x50
 900 0475 02       		.byte	0x2
 901 0476 74       		.byte	0x74
 902 0477 00       		.sleb128 0
 903 0478 00       		.byte	0
ARM GAS  /tmp/ccsxOn3g.s 			page 17


 904 0479 00       		.byte	0
 905 047a 16       		.uleb128 0x16
 906 047b 01       		.byte	0x1
 907 047c 6A020000 		.4byte	.LASF51
 908 0480 01       		.byte	0x1
 909 0481 78       		.byte	0x78
 910 0482 01       		.byte	0x1
 911 0483 00000000 		.4byte	.LFB121
 912 0487 1A000000 		.4byte	.LFE121
 913 048b 85000000 		.4byte	.LLST5
 914 048f 01       		.byte	0x1
 915 0490 EA040000 		.4byte	0x4ea
 916 0494 17       		.uleb128 0x17
 917 0495 03010000 		.4byte	.LASF50
 918 0499 01       		.byte	0x1
 919 049a 78       		.byte	0x78
 920 049b 6D010000 		.4byte	0x16d
 921 049f A5000000 		.4byte	.LLST6
 922 04a3 18       		.uleb128 0x18
 923 04a4 18000000 		.4byte	.Ldebug_ranges0+0x18
 924 04a8 BC040000 		.4byte	0x4bc
 925 04ac 19       		.uleb128 0x19
 926 04ad 746D7000 		.ascii	"tmp\000"
 927 04b1 01       		.byte	0x1
 928 04b2 7C       		.byte	0x7c
 929 04b3 77000000 		.4byte	0x77
 930 04b7 C3000000 		.4byte	.LLST7
 931 04bb 00       		.byte	0
 932 04bc 1A       		.uleb128 0x1a
 933 04bd 12000000 		.4byte	.LBB7
 934 04c1 1A000000 		.4byte	.LBE7
 935 04c5 D9040000 		.4byte	0x4d9
 936 04c9 19       		.uleb128 0x19
 937 04ca 746D7000 		.ascii	"tmp\000"
 938 04ce 01       		.byte	0x1
 939 04cf 81       		.byte	0x81
 940 04d0 77000000 		.4byte	0x77
 941 04d4 D6000000 		.4byte	.LLST8
 942 04d8 00       		.byte	0
 943 04d9 1B       		.uleb128 0x1b
 944 04da 0E000000 		.4byte	.LVL12
 945 04de 9B060000 		.4byte	0x69b
 946 04e2 1C       		.uleb128 0x1c
 947 04e3 01       		.byte	0x1
 948 04e4 50       		.byte	0x50
 949 04e5 02       		.byte	0x2
 950 04e6 74       		.byte	0x74
 951 04e7 00       		.sleb128 0
 952 04e8 00       		.byte	0
 953 04e9 00       		.byte	0
 954 04ea 13       		.uleb128 0x13
 955 04eb 01       		.byte	0x1
 956 04ec 2A020000 		.4byte	.LASF52
 957 04f0 01       		.byte	0x1
 958 04f1 93       		.byte	0x93
 959 04f2 01       		.byte	0x1
 960 04f3 00000000 		.4byte	.LFB122
ARM GAS  /tmp/ccsxOn3g.s 			page 18


 961 04f7 18000000 		.4byte	.LFE122
 962 04fb 02       		.byte	0x2
 963 04fc 7D       		.byte	0x7d
 964 04fd 00       		.sleb128 0
 965 04fe 01       		.byte	0x1
 966 04ff 56050000 		.4byte	0x556
 967 0503 15       		.uleb128 0x15
 968 0504 03010000 		.4byte	.LASF50
 969 0508 01       		.byte	0x1
 970 0509 93       		.byte	0x93
 971 050a 6D010000 		.4byte	0x16d
 972 050e 01       		.byte	0x1
 973 050f 50       		.byte	0x50
 974 0510 17       		.uleb128 0x17
 975 0511 DE000000 		.4byte	.LASF23
 976 0515 01       		.byte	0x1
 977 0516 93       		.byte	0x93
 978 0517 DF020000 		.4byte	0x2df
 979 051b E9000000 		.4byte	.LLST9
 980 051f 1A       		.uleb128 0x1a
 981 0520 00000000 		.4byte	.LBB8
 982 0524 06000000 		.4byte	.LBE8
 983 0528 3C050000 		.4byte	0x53c
 984 052c 19       		.uleb128 0x19
 985 052d 746D7000 		.ascii	"tmp\000"
 986 0531 01       		.byte	0x1
 987 0532 97       		.byte	0x97
 988 0533 77000000 		.4byte	0x77
 989 0537 08010000 		.4byte	.LLST10
 990 053b 00       		.byte	0
 991 053c 1D       		.uleb128 0x1d
 992 053d 10000000 		.4byte	.LBB9
 993 0541 18000000 		.4byte	.LBE9
 994 0545 19       		.uleb128 0x19
 995 0546 746D7000 		.ascii	"tmp\000"
 996 054a 01       		.byte	0x1
 997 054b 9B       		.byte	0x9b
 998 054c 77000000 		.4byte	0x77
 999 0550 1B010000 		.4byte	.LLST11
 1000 0554 00       		.byte	0
 1001 0555 00       		.byte	0
 1002 0556 16       		.uleb128 0x16
 1003 0557 01       		.byte	0x1
 1004 0558 95000000 		.4byte	.LASF53
 1005 055c 01       		.byte	0x1
 1006 055d AC       		.byte	0xac
 1007 055e 01       		.byte	0x1
 1008 055f 00000000 		.4byte	.LFB123
 1009 0563 14000000 		.4byte	.LFE123
 1010 0567 2E010000 		.4byte	.LLST12
 1011 056b 01       		.byte	0x1
 1012 056c E9050000 		.4byte	0x5e9
 1013 0570 17       		.uleb128 0x17
 1014 0571 03010000 		.4byte	.LASF50
 1015 0575 01       		.byte	0x1
 1016 0576 AC       		.byte	0xac
 1017 0577 6D010000 		.4byte	0x16d
ARM GAS  /tmp/ccsxOn3g.s 			page 19


 1018 057b 4E010000 		.4byte	.LLST13
 1019 057f 17       		.uleb128 0x17
 1020 0580 22020000 		.4byte	.LASF54
 1021 0584 01       		.byte	0x1
 1022 0585 AD       		.byte	0xad
 1023 0586 D3020000 		.4byte	0x2d3
 1024 058a 6F010000 		.4byte	.LLST14
 1025 058e 17       		.uleb128 0x17
 1026 058f A6000000 		.4byte	.LASF55
 1027 0593 01       		.byte	0x1
 1028 0594 AE       		.byte	0xae
 1029 0595 DF020000 		.4byte	0x2df
 1030 0599 90010000 		.4byte	.LLST15
 1031 059d 1A       		.uleb128 0x1a
 1032 059e 02000000 		.4byte	.LBB10
 1033 05a2 08000000 		.4byte	.LBE10
 1034 05a6 BA050000 		.4byte	0x5ba
 1035 05aa 19       		.uleb128 0x19
 1036 05ab 746D7000 		.ascii	"tmp\000"
 1037 05af 01       		.byte	0x1
 1038 05b0 B3       		.byte	0xb3
 1039 05b1 77000000 		.4byte	0x77
 1040 05b5 B1010000 		.4byte	.LLST16
 1041 05b9 00       		.byte	0
 1042 05ba 1A       		.uleb128 0x1a
 1043 05bb 0C000000 		.4byte	.LBB11
 1044 05bf 14000000 		.4byte	.LBE11
 1045 05c3 D7050000 		.4byte	0x5d7
 1046 05c7 19       		.uleb128 0x19
 1047 05c8 746D7000 		.ascii	"tmp\000"
 1048 05cc 01       		.byte	0x1
 1049 05cd B7       		.byte	0xb7
 1050 05ce 77000000 		.4byte	0x77
 1051 05d2 C4010000 		.4byte	.LLST17
 1052 05d6 00       		.byte	0
 1053 05d7 1B       		.uleb128 0x1b
 1054 05d8 0C000000 		.4byte	.LVL25
 1055 05dc B0060000 		.4byte	0x6b0
 1056 05e0 1C       		.uleb128 0x1c
 1057 05e1 01       		.byte	0x1
 1058 05e2 50       		.byte	0x50
 1059 05e3 03       		.byte	0x3
 1060 05e4 F3       		.byte	0xf3
 1061 05e5 01       		.uleb128 0x1
 1062 05e6 50       		.byte	0x50
 1063 05e7 00       		.byte	0
 1064 05e8 00       		.byte	0
 1065 05e9 16       		.uleb128 0x16
 1066 05ea 01       		.byte	0x1
 1067 05eb 3D010000 		.4byte	.LASF56
 1068 05ef 01       		.byte	0x1
 1069 05f0 C8       		.byte	0xc8
 1070 05f1 01       		.byte	0x1
 1071 05f2 00000000 		.4byte	.LFB124
 1072 05f6 14000000 		.4byte	.LFE124
 1073 05fa D7010000 		.4byte	.LLST18
 1074 05fe 01       		.byte	0x1
ARM GAS  /tmp/ccsxOn3g.s 			page 20


 1075 05ff 6D060000 		.4byte	0x66d
 1076 0603 17       		.uleb128 0x17
 1077 0604 03010000 		.4byte	.LASF50
 1078 0608 01       		.byte	0x1
 1079 0609 C8       		.byte	0xc8
 1080 060a 6D010000 		.4byte	0x16d
 1081 060e F7010000 		.4byte	.LLST19
 1082 0612 17       		.uleb128 0x17
 1083 0613 22020000 		.4byte	.LASF54
 1084 0617 01       		.byte	0x1
 1085 0618 C8       		.byte	0xc8
 1086 0619 D3020000 		.4byte	0x2d3
 1087 061d 18020000 		.4byte	.LLST20
 1088 0621 1A       		.uleb128 0x1a
 1089 0622 02000000 		.4byte	.LBB12
 1090 0626 08000000 		.4byte	.LBE12
 1091 062a 3E060000 		.4byte	0x63e
 1092 062e 19       		.uleb128 0x19
 1093 062f 746D7000 		.ascii	"tmp\000"
 1094 0633 01       		.byte	0x1
 1095 0634 CD       		.byte	0xcd
 1096 0635 77000000 		.4byte	0x77
 1097 0639 39020000 		.4byte	.LLST21
 1098 063d 00       		.byte	0
 1099 063e 1A       		.uleb128 0x1a
 1100 063f 0C000000 		.4byte	.LBB13
 1101 0643 14000000 		.4byte	.LBE13
 1102 0647 5B060000 		.4byte	0x65b
 1103 064b 19       		.uleb128 0x19
 1104 064c 746D7000 		.ascii	"tmp\000"
 1105 0650 01       		.byte	0x1
 1106 0651 D1       		.byte	0xd1
 1107 0652 77000000 		.4byte	0x77
 1108 0656 4C020000 		.4byte	.LLST22
 1109 065a 00       		.byte	0
 1110 065b 1B       		.uleb128 0x1b
 1111 065c 0C000000 		.4byte	.LVL31
 1112 0660 CF060000 		.4byte	0x6cf
 1113 0664 1C       		.uleb128 0x1c
 1114 0665 01       		.byte	0x1
 1115 0666 50       		.byte	0x50
 1116 0667 03       		.byte	0x3
 1117 0668 F3       		.byte	0xf3
 1118 0669 01       		.uleb128 0x1
 1119 066a 50       		.byte	0x50
 1120 066b 00       		.byte	0
 1121 066c 00       		.byte	0
 1122 066d 1E       		.uleb128 0x1e
 1123 066e 97020000 		.4byte	.LASF62
 1124 0672 06       		.byte	0x6
 1125 0673 9806     		.2byte	0x698
 1126 0675 C1000000 		.4byte	0xc1
 1127 0679 01       		.byte	0x1
 1128 067a 01       		.byte	0x1
 1129 067b 1F       		.uleb128 0x1f
 1130 067c 01       		.byte	0x1
 1131 067d BA010000 		.4byte	.LASF63
ARM GAS  /tmp/ccsxOn3g.s 			page 21


 1132 0681 04       		.byte	0x4
 1133 0682 D101     		.2byte	0x1d1
 1134 0684 01       		.byte	0x1
 1135 0685 01       		.byte	0x1
 1136 0686 20       		.uleb128 0x20
 1137 0687 01       		.byte	0x1
 1138 0688 EB000000 		.4byte	.LASF57
 1139 068c 04       		.byte	0x4
 1140 068d D201     		.2byte	0x1d2
 1141 068f 01       		.byte	0x1
 1142 0690 01       		.byte	0x1
 1143 0691 9B060000 		.4byte	0x69b
 1144 0695 0F       		.uleb128 0xf
 1145 0696 6D010000 		.4byte	0x16d
 1146 069a 00       		.byte	0
 1147 069b 20       		.uleb128 0x20
 1148 069c 01       		.byte	0x1
 1149 069d 05000000 		.4byte	.LASF58
 1150 06a1 04       		.byte	0x4
 1151 06a2 D301     		.2byte	0x1d3
 1152 06a4 01       		.byte	0x1
 1153 06a5 01       		.byte	0x1
 1154 06a6 B0060000 		.4byte	0x6b0
 1155 06aa 0F       		.uleb128 0xf
 1156 06ab 6D010000 		.4byte	0x16d
 1157 06af 00       		.byte	0
 1158 06b0 20       		.uleb128 0x20
 1159 06b1 01       		.byte	0x1
 1160 06b2 26010000 		.4byte	.LASF59
 1161 06b6 04       		.byte	0x4
 1162 06b7 D401     		.2byte	0x1d4
 1163 06b9 01       		.byte	0x1
 1164 06ba 01       		.byte	0x1
 1165 06bb CF060000 		.4byte	0x6cf
 1166 06bf 0F       		.uleb128 0xf
 1167 06c0 6D010000 		.4byte	0x16d
 1168 06c4 0F       		.uleb128 0xf
 1169 06c5 D3020000 		.4byte	0x2d3
 1170 06c9 0F       		.uleb128 0xf
 1171 06ca DF020000 		.4byte	0x2df
 1172 06ce 00       		.byte	0
 1173 06cf 21       		.uleb128 0x21
 1174 06d0 01       		.byte	0x1
 1175 06d1 45000000 		.4byte	.LASF64
 1176 06d5 04       		.byte	0x4
 1177 06d6 D701     		.2byte	0x1d7
 1178 06d8 01       		.byte	0x1
 1179 06d9 01       		.byte	0x1
 1180 06da 0F       		.uleb128 0xf
 1181 06db 6D010000 		.4byte	0x16d
 1182 06df 0F       		.uleb128 0xf
 1183 06e0 D3020000 		.4byte	0x2d3
 1184 06e4 00       		.byte	0
 1185 06e5 00       		.byte	0
 1186              		.section	.debug_abbrev,"",%progbits
 1187              	.Ldebug_abbrev0:
 1188 0000 01       		.uleb128 0x1
ARM GAS  /tmp/ccsxOn3g.s 			page 22


 1189 0001 11       		.uleb128 0x11
 1190 0002 01       		.byte	0x1
 1191 0003 25       		.uleb128 0x25
 1192 0004 0E       		.uleb128 0xe
 1193 0005 13       		.uleb128 0x13
 1194 0006 0B       		.uleb128 0xb
 1195 0007 03       		.uleb128 0x3
 1196 0008 0E       		.uleb128 0xe
 1197 0009 55       		.uleb128 0x55
 1198 000a 06       		.uleb128 0x6
 1199 000b 11       		.uleb128 0x11
 1200 000c 01       		.uleb128 0x1
 1201 000d 52       		.uleb128 0x52
 1202 000e 01       		.uleb128 0x1
 1203 000f 10       		.uleb128 0x10
 1204 0010 06       		.uleb128 0x6
 1205 0011 00       		.byte	0
 1206 0012 00       		.byte	0
 1207 0013 02       		.uleb128 0x2
 1208 0014 24       		.uleb128 0x24
 1209 0015 00       		.byte	0
 1210 0016 0B       		.uleb128 0xb
 1211 0017 0B       		.uleb128 0xb
 1212 0018 3E       		.uleb128 0x3e
 1213 0019 0B       		.uleb128 0xb
 1214 001a 03       		.uleb128 0x3
 1215 001b 08       		.uleb128 0x8
 1216 001c 00       		.byte	0
 1217 001d 00       		.byte	0
 1218 001e 03       		.uleb128 0x3
 1219 001f 24       		.uleb128 0x24
 1220 0020 00       		.byte	0
 1221 0021 0B       		.uleb128 0xb
 1222 0022 0B       		.uleb128 0xb
 1223 0023 3E       		.uleb128 0x3e
 1224 0024 0B       		.uleb128 0xb
 1225 0025 03       		.uleb128 0x3
 1226 0026 0E       		.uleb128 0xe
 1227 0027 00       		.byte	0
 1228 0028 00       		.byte	0
 1229 0029 04       		.uleb128 0x4
 1230 002a 16       		.uleb128 0x16
 1231 002b 00       		.byte	0
 1232 002c 03       		.uleb128 0x3
 1233 002d 0E       		.uleb128 0xe
 1234 002e 3A       		.uleb128 0x3a
 1235 002f 0B       		.uleb128 0xb
 1236 0030 3B       		.uleb128 0x3b
 1237 0031 0B       		.uleb128 0xb
 1238 0032 49       		.uleb128 0x49
 1239 0033 13       		.uleb128 0x13
 1240 0034 00       		.byte	0
 1241 0035 00       		.byte	0
 1242 0036 05       		.uleb128 0x5
 1243 0037 35       		.uleb128 0x35
 1244 0038 00       		.byte	0
 1245 0039 49       		.uleb128 0x49
ARM GAS  /tmp/ccsxOn3g.s 			page 23


 1246 003a 13       		.uleb128 0x13
 1247 003b 00       		.byte	0
 1248 003c 00       		.byte	0
 1249 003d 06       		.uleb128 0x6
 1250 003e 01       		.uleb128 0x1
 1251 003f 01       		.byte	0x1
 1252 0040 49       		.uleb128 0x49
 1253 0041 13       		.uleb128 0x13
 1254 0042 01       		.uleb128 0x1
 1255 0043 13       		.uleb128 0x13
 1256 0044 00       		.byte	0
 1257 0045 00       		.byte	0
 1258 0046 07       		.uleb128 0x7
 1259 0047 21       		.uleb128 0x21
 1260 0048 00       		.byte	0
 1261 0049 49       		.uleb128 0x49
 1262 004a 13       		.uleb128 0x13
 1263 004b 2F       		.uleb128 0x2f
 1264 004c 0B       		.uleb128 0xb
 1265 004d 00       		.byte	0
 1266 004e 00       		.byte	0
 1267 004f 08       		.uleb128 0x8
 1268 0050 04       		.uleb128 0x4
 1269 0051 01       		.byte	0x1
 1270 0052 0B       		.uleb128 0xb
 1271 0053 0B       		.uleb128 0xb
 1272 0054 3A       		.uleb128 0x3a
 1273 0055 0B       		.uleb128 0xb
 1274 0056 3B       		.uleb128 0x3b
 1275 0057 0B       		.uleb128 0xb
 1276 0058 01       		.uleb128 0x1
 1277 0059 13       		.uleb128 0x13
 1278 005a 00       		.byte	0
 1279 005b 00       		.byte	0
 1280 005c 09       		.uleb128 0x9
 1281 005d 28       		.uleb128 0x28
 1282 005e 00       		.byte	0
 1283 005f 03       		.uleb128 0x3
 1284 0060 0E       		.uleb128 0xe
 1285 0061 1C       		.uleb128 0x1c
 1286 0062 0D       		.uleb128 0xd
 1287 0063 00       		.byte	0
 1288 0064 00       		.byte	0
 1289 0065 0A       		.uleb128 0xa
 1290 0066 13       		.uleb128 0x13
 1291 0067 01       		.byte	0x1
 1292 0068 03       		.uleb128 0x3
 1293 0069 0E       		.uleb128 0xe
 1294 006a 0B       		.uleb128 0xb
 1295 006b 0B       		.uleb128 0xb
 1296 006c 3A       		.uleb128 0x3a
 1297 006d 0B       		.uleb128 0xb
 1298 006e 3B       		.uleb128 0x3b
 1299 006f 05       		.uleb128 0x5
 1300 0070 01       		.uleb128 0x1
 1301 0071 13       		.uleb128 0x13
 1302 0072 00       		.byte	0
ARM GAS  /tmp/ccsxOn3g.s 			page 24


 1303 0073 00       		.byte	0
 1304 0074 0B       		.uleb128 0xb
 1305 0075 0D       		.uleb128 0xd
 1306 0076 00       		.byte	0
 1307 0077 03       		.uleb128 0x3
 1308 0078 0E       		.uleb128 0xe
 1309 0079 3A       		.uleb128 0x3a
 1310 007a 0B       		.uleb128 0xb
 1311 007b 3B       		.uleb128 0x3b
 1312 007c 05       		.uleb128 0x5
 1313 007d 49       		.uleb128 0x49
 1314 007e 13       		.uleb128 0x13
 1315 007f 38       		.uleb128 0x38
 1316 0080 0A       		.uleb128 0xa
 1317 0081 00       		.byte	0
 1318 0082 00       		.byte	0
 1319 0083 0C       		.uleb128 0xc
 1320 0084 0D       		.uleb128 0xd
 1321 0085 00       		.byte	0
 1322 0086 03       		.uleb128 0x3
 1323 0087 08       		.uleb128 0x8
 1324 0088 3A       		.uleb128 0x3a
 1325 0089 0B       		.uleb128 0xb
 1326 008a 3B       		.uleb128 0x3b
 1327 008b 05       		.uleb128 0x5
 1328 008c 49       		.uleb128 0x49
 1329 008d 13       		.uleb128 0x13
 1330 008e 38       		.uleb128 0x38
 1331 008f 0A       		.uleb128 0xa
 1332 0090 00       		.byte	0
 1333 0091 00       		.byte	0
 1334 0092 0D       		.uleb128 0xd
 1335 0093 0F       		.uleb128 0xf
 1336 0094 00       		.byte	0
 1337 0095 0B       		.uleb128 0xb
 1338 0096 0B       		.uleb128 0xb
 1339 0097 49       		.uleb128 0x49
 1340 0098 13       		.uleb128 0x13
 1341 0099 00       		.byte	0
 1342 009a 00       		.byte	0
 1343 009b 0E       		.uleb128 0xe
 1344 009c 15       		.uleb128 0x15
 1345 009d 01       		.byte	0x1
 1346 009e 27       		.uleb128 0x27
 1347 009f 0C       		.uleb128 0xc
 1348 00a0 01       		.uleb128 0x1
 1349 00a1 13       		.uleb128 0x13
 1350 00a2 00       		.byte	0
 1351 00a3 00       		.byte	0
 1352 00a4 0F       		.uleb128 0xf
 1353 00a5 05       		.uleb128 0x5
 1354 00a6 00       		.byte	0
 1355 00a7 49       		.uleb128 0x49
 1356 00a8 13       		.uleb128 0x13
 1357 00a9 00       		.byte	0
 1358 00aa 00       		.byte	0
 1359 00ab 10       		.uleb128 0x10
ARM GAS  /tmp/ccsxOn3g.s 			page 25


 1360 00ac 13       		.uleb128 0x13
 1361 00ad 01       		.byte	0x1
 1362 00ae 0B       		.uleb128 0xb
 1363 00af 0B       		.uleb128 0xb
 1364 00b0 3A       		.uleb128 0x3a
 1365 00b1 0B       		.uleb128 0xb
 1366 00b2 3B       		.uleb128 0x3b
 1367 00b3 05       		.uleb128 0x5
 1368 00b4 01       		.uleb128 0x1
 1369 00b5 13       		.uleb128 0x13
 1370 00b6 00       		.byte	0
 1371 00b7 00       		.byte	0
 1372 00b8 11       		.uleb128 0x11
 1373 00b9 16       		.uleb128 0x16
 1374 00ba 00       		.byte	0
 1375 00bb 03       		.uleb128 0x3
 1376 00bc 0E       		.uleb128 0xe
 1377 00bd 3A       		.uleb128 0x3a
 1378 00be 0B       		.uleb128 0xb
 1379 00bf 3B       		.uleb128 0x3b
 1380 00c0 05       		.uleb128 0x5
 1381 00c1 49       		.uleb128 0x49
 1382 00c2 13       		.uleb128 0x13
 1383 00c3 00       		.byte	0
 1384 00c4 00       		.byte	0
 1385 00c5 12       		.uleb128 0x12
 1386 00c6 26       		.uleb128 0x26
 1387 00c7 00       		.byte	0
 1388 00c8 49       		.uleb128 0x49
 1389 00c9 13       		.uleb128 0x13
 1390 00ca 00       		.byte	0
 1391 00cb 00       		.byte	0
 1392 00cc 13       		.uleb128 0x13
 1393 00cd 2E       		.uleb128 0x2e
 1394 00ce 01       		.byte	0x1
 1395 00cf 3F       		.uleb128 0x3f
 1396 00d0 0C       		.uleb128 0xc
 1397 00d1 03       		.uleb128 0x3
 1398 00d2 0E       		.uleb128 0xe
 1399 00d3 3A       		.uleb128 0x3a
 1400 00d4 0B       		.uleb128 0xb
 1401 00d5 3B       		.uleb128 0x3b
 1402 00d6 0B       		.uleb128 0xb
 1403 00d7 27       		.uleb128 0x27
 1404 00d8 0C       		.uleb128 0xc
 1405 00d9 11       		.uleb128 0x11
 1406 00da 01       		.uleb128 0x1
 1407 00db 12       		.uleb128 0x12
 1408 00dc 01       		.uleb128 0x1
 1409 00dd 40       		.uleb128 0x40
 1410 00de 0A       		.uleb128 0xa
 1411 00df 9742     		.uleb128 0x2117
 1412 00e1 0C       		.uleb128 0xc
 1413 00e2 01       		.uleb128 0x1
 1414 00e3 13       		.uleb128 0x13
 1415 00e4 00       		.byte	0
 1416 00e5 00       		.byte	0
ARM GAS  /tmp/ccsxOn3g.s 			page 26


 1417 00e6 14       		.uleb128 0x14
 1418 00e7 898201   		.uleb128 0x4109
 1419 00ea 00       		.byte	0
 1420 00eb 11       		.uleb128 0x11
 1421 00ec 01       		.uleb128 0x1
 1422 00ed 9542     		.uleb128 0x2115
 1423 00ef 0C       		.uleb128 0xc
 1424 00f0 31       		.uleb128 0x31
 1425 00f1 13       		.uleb128 0x13
 1426 00f2 00       		.byte	0
 1427 00f3 00       		.byte	0
 1428 00f4 15       		.uleb128 0x15
 1429 00f5 05       		.uleb128 0x5
 1430 00f6 00       		.byte	0
 1431 00f7 03       		.uleb128 0x3
 1432 00f8 0E       		.uleb128 0xe
 1433 00f9 3A       		.uleb128 0x3a
 1434 00fa 0B       		.uleb128 0xb
 1435 00fb 3B       		.uleb128 0x3b
 1436 00fc 0B       		.uleb128 0xb
 1437 00fd 49       		.uleb128 0x49
 1438 00fe 13       		.uleb128 0x13
 1439 00ff 02       		.uleb128 0x2
 1440 0100 0A       		.uleb128 0xa
 1441 0101 00       		.byte	0
 1442 0102 00       		.byte	0
 1443 0103 16       		.uleb128 0x16
 1444 0104 2E       		.uleb128 0x2e
 1445 0105 01       		.byte	0x1
 1446 0106 3F       		.uleb128 0x3f
 1447 0107 0C       		.uleb128 0xc
 1448 0108 03       		.uleb128 0x3
 1449 0109 0E       		.uleb128 0xe
 1450 010a 3A       		.uleb128 0x3a
 1451 010b 0B       		.uleb128 0xb
 1452 010c 3B       		.uleb128 0x3b
 1453 010d 0B       		.uleb128 0xb
 1454 010e 27       		.uleb128 0x27
 1455 010f 0C       		.uleb128 0xc
 1456 0110 11       		.uleb128 0x11
 1457 0111 01       		.uleb128 0x1
 1458 0112 12       		.uleb128 0x12
 1459 0113 01       		.uleb128 0x1
 1460 0114 40       		.uleb128 0x40
 1461 0115 06       		.uleb128 0x6
 1462 0116 9742     		.uleb128 0x2117
 1463 0118 0C       		.uleb128 0xc
 1464 0119 01       		.uleb128 0x1
 1465 011a 13       		.uleb128 0x13
 1466 011b 00       		.byte	0
 1467 011c 00       		.byte	0
 1468 011d 17       		.uleb128 0x17
 1469 011e 05       		.uleb128 0x5
 1470 011f 00       		.byte	0
 1471 0120 03       		.uleb128 0x3
 1472 0121 0E       		.uleb128 0xe
 1473 0122 3A       		.uleb128 0x3a
ARM GAS  /tmp/ccsxOn3g.s 			page 27


 1474 0123 0B       		.uleb128 0xb
 1475 0124 3B       		.uleb128 0x3b
 1476 0125 0B       		.uleb128 0xb
 1477 0126 49       		.uleb128 0x49
 1478 0127 13       		.uleb128 0x13
 1479 0128 02       		.uleb128 0x2
 1480 0129 06       		.uleb128 0x6
 1481 012a 00       		.byte	0
 1482 012b 00       		.byte	0
 1483 012c 18       		.uleb128 0x18
 1484 012d 0B       		.uleb128 0xb
 1485 012e 01       		.byte	0x1
 1486 012f 55       		.uleb128 0x55
 1487 0130 06       		.uleb128 0x6
 1488 0131 01       		.uleb128 0x1
 1489 0132 13       		.uleb128 0x13
 1490 0133 00       		.byte	0
 1491 0134 00       		.byte	0
 1492 0135 19       		.uleb128 0x19
 1493 0136 34       		.uleb128 0x34
 1494 0137 00       		.byte	0
 1495 0138 03       		.uleb128 0x3
 1496 0139 08       		.uleb128 0x8
 1497 013a 3A       		.uleb128 0x3a
 1498 013b 0B       		.uleb128 0xb
 1499 013c 3B       		.uleb128 0x3b
 1500 013d 0B       		.uleb128 0xb
 1501 013e 49       		.uleb128 0x49
 1502 013f 13       		.uleb128 0x13
 1503 0140 02       		.uleb128 0x2
 1504 0141 06       		.uleb128 0x6
 1505 0142 00       		.byte	0
 1506 0143 00       		.byte	0
 1507 0144 1A       		.uleb128 0x1a
 1508 0145 0B       		.uleb128 0xb
 1509 0146 01       		.byte	0x1
 1510 0147 11       		.uleb128 0x11
 1511 0148 01       		.uleb128 0x1
 1512 0149 12       		.uleb128 0x12
 1513 014a 01       		.uleb128 0x1
 1514 014b 01       		.uleb128 0x1
 1515 014c 13       		.uleb128 0x13
 1516 014d 00       		.byte	0
 1517 014e 00       		.byte	0
 1518 014f 1B       		.uleb128 0x1b
 1519 0150 898201   		.uleb128 0x4109
 1520 0153 01       		.byte	0x1
 1521 0154 11       		.uleb128 0x11
 1522 0155 01       		.uleb128 0x1
 1523 0156 31       		.uleb128 0x31
 1524 0157 13       		.uleb128 0x13
 1525 0158 00       		.byte	0
 1526 0159 00       		.byte	0
 1527 015a 1C       		.uleb128 0x1c
 1528 015b 8A8201   		.uleb128 0x410a
 1529 015e 00       		.byte	0
 1530 015f 02       		.uleb128 0x2
ARM GAS  /tmp/ccsxOn3g.s 			page 28


 1531 0160 0A       		.uleb128 0xa
 1532 0161 9142     		.uleb128 0x2111
 1533 0163 0A       		.uleb128 0xa
 1534 0164 00       		.byte	0
 1535 0165 00       		.byte	0
 1536 0166 1D       		.uleb128 0x1d
 1537 0167 0B       		.uleb128 0xb
 1538 0168 01       		.byte	0x1
 1539 0169 11       		.uleb128 0x11
 1540 016a 01       		.uleb128 0x1
 1541 016b 12       		.uleb128 0x12
 1542 016c 01       		.uleb128 0x1
 1543 016d 00       		.byte	0
 1544 016e 00       		.byte	0
 1545 016f 1E       		.uleb128 0x1e
 1546 0170 34       		.uleb128 0x34
 1547 0171 00       		.byte	0
 1548 0172 03       		.uleb128 0x3
 1549 0173 0E       		.uleb128 0xe
 1550 0174 3A       		.uleb128 0x3a
 1551 0175 0B       		.uleb128 0xb
 1552 0176 3B       		.uleb128 0x3b
 1553 0177 05       		.uleb128 0x5
 1554 0178 49       		.uleb128 0x49
 1555 0179 13       		.uleb128 0x13
 1556 017a 3F       		.uleb128 0x3f
 1557 017b 0C       		.uleb128 0xc
 1558 017c 3C       		.uleb128 0x3c
 1559 017d 0C       		.uleb128 0xc
 1560 017e 00       		.byte	0
 1561 017f 00       		.byte	0
 1562 0180 1F       		.uleb128 0x1f
 1563 0181 2E       		.uleb128 0x2e
 1564 0182 00       		.byte	0
 1565 0183 3F       		.uleb128 0x3f
 1566 0184 0C       		.uleb128 0xc
 1567 0185 03       		.uleb128 0x3
 1568 0186 0E       		.uleb128 0xe
 1569 0187 3A       		.uleb128 0x3a
 1570 0188 0B       		.uleb128 0xb
 1571 0189 3B       		.uleb128 0x3b
 1572 018a 05       		.uleb128 0x5
 1573 018b 27       		.uleb128 0x27
 1574 018c 0C       		.uleb128 0xc
 1575 018d 3C       		.uleb128 0x3c
 1576 018e 0C       		.uleb128 0xc
 1577 018f 00       		.byte	0
 1578 0190 00       		.byte	0
 1579 0191 20       		.uleb128 0x20
 1580 0192 2E       		.uleb128 0x2e
 1581 0193 01       		.byte	0x1
 1582 0194 3F       		.uleb128 0x3f
 1583 0195 0C       		.uleb128 0xc
 1584 0196 03       		.uleb128 0x3
 1585 0197 0E       		.uleb128 0xe
 1586 0198 3A       		.uleb128 0x3a
 1587 0199 0B       		.uleb128 0xb
ARM GAS  /tmp/ccsxOn3g.s 			page 29


 1588 019a 3B       		.uleb128 0x3b
 1589 019b 05       		.uleb128 0x5
 1590 019c 27       		.uleb128 0x27
 1591 019d 0C       		.uleb128 0xc
 1592 019e 3C       		.uleb128 0x3c
 1593 019f 0C       		.uleb128 0xc
 1594 01a0 01       		.uleb128 0x1
 1595 01a1 13       		.uleb128 0x13
 1596 01a2 00       		.byte	0
 1597 01a3 00       		.byte	0
 1598 01a4 21       		.uleb128 0x21
 1599 01a5 2E       		.uleb128 0x2e
 1600 01a6 01       		.byte	0x1
 1601 01a7 3F       		.uleb128 0x3f
 1602 01a8 0C       		.uleb128 0xc
 1603 01a9 03       		.uleb128 0x3
 1604 01aa 0E       		.uleb128 0xe
 1605 01ab 3A       		.uleb128 0x3a
 1606 01ac 0B       		.uleb128 0xb
 1607 01ad 3B       		.uleb128 0x3b
 1608 01ae 05       		.uleb128 0x5
 1609 01af 27       		.uleb128 0x27
 1610 01b0 0C       		.uleb128 0xc
 1611 01b1 3C       		.uleb128 0x3c
 1612 01b2 0C       		.uleb128 0xc
 1613 01b3 00       		.byte	0
 1614 01b4 00       		.byte	0
 1615 01b5 00       		.byte	0
 1616              		.section	.debug_loc,"",%progbits
 1617              	.Ldebug_loc0:
 1618              	.LLST0:
 1619 0000 00000000 		.4byte	.LFB120
 1620 0004 02000000 		.4byte	.LCFI0
 1621 0008 0200     		.2byte	0x2
 1622 000a 7D       		.byte	0x7d
 1623 000b 00       		.sleb128 0
 1624 000c 02000000 		.4byte	.LCFI0
 1625 0010 20000000 		.4byte	.LFE120
 1626 0014 0200     		.2byte	0x2
 1627 0016 7D       		.byte	0x7d
 1628 0017 08       		.sleb128 8
 1629 0018 00000000 		.4byte	0
 1630 001c 00000000 		.4byte	0
 1631              	.LLST1:
 1632 0020 00000000 		.4byte	.LVL2
 1633 0024 13000000 		.4byte	.LVL6-1
 1634 0028 0100     		.2byte	0x1
 1635 002a 50       		.byte	0x50
 1636 002b 13000000 		.4byte	.LVL6-1
 1637 002f 20000000 		.4byte	.LFE120
 1638 0033 0100     		.2byte	0x1
 1639 0035 54       		.byte	0x54
 1640 0036 00000000 		.4byte	0
 1641 003a 00000000 		.4byte	0
 1642              	.LLST2:
 1643 003e 00000000 		.4byte	.LVL2
 1644 0042 13000000 		.4byte	.LVL6-1
ARM GAS  /tmp/ccsxOn3g.s 			page 30


 1645 0046 0100     		.2byte	0x1
 1646 0048 51       		.byte	0x51
 1647 0049 13000000 		.4byte	.LVL6-1
 1648 004d 20000000 		.4byte	.LFE120
 1649 0051 0400     		.2byte	0x4
 1650 0053 F3       		.byte	0xf3
 1651 0054 01       		.uleb128 0x1
 1652 0055 51       		.byte	0x51
 1653 0056 9F       		.byte	0x9f
 1654 0057 00000000 		.4byte	0
 1655 005b 00000000 		.4byte	0
 1656              	.LLST3:
 1657 005f 0A000000 		.4byte	.LVL4
 1658 0063 0C000000 		.4byte	.LVL5
 1659 0067 0100     		.2byte	0x1
 1660 0069 53       		.byte	0x53
 1661 006a 00000000 		.4byte	0
 1662 006e 00000000 		.4byte	0
 1663              	.LLST4:
 1664 0072 1E000000 		.4byte	.LVL8
 1665 0076 20000000 		.4byte	.LFE120
 1666 007a 0100     		.2byte	0x1
 1667 007c 53       		.byte	0x53
 1668 007d 00000000 		.4byte	0
 1669 0081 00000000 		.4byte	0
 1670              	.LLST5:
 1671 0085 00000000 		.4byte	.LFB121
 1672 0089 02000000 		.4byte	.LCFI1
 1673 008d 0200     		.2byte	0x2
 1674 008f 7D       		.byte	0x7d
 1675 0090 00       		.sleb128 0
 1676 0091 02000000 		.4byte	.LCFI1
 1677 0095 1A000000 		.4byte	.LFE121
 1678 0099 0200     		.2byte	0x2
 1679 009b 7D       		.byte	0x7d
 1680 009c 08       		.sleb128 8
 1681 009d 00000000 		.4byte	0
 1682 00a1 00000000 		.4byte	0
 1683              	.LLST6:
 1684 00a5 00000000 		.4byte	.LVL9
 1685 00a9 0D000000 		.4byte	.LVL12-1
 1686 00ad 0100     		.2byte	0x1
 1687 00af 50       		.byte	0x50
 1688 00b0 0D000000 		.4byte	.LVL12-1
 1689 00b4 1A000000 		.4byte	.LFE121
 1690 00b8 0100     		.2byte	0x1
 1691 00ba 54       		.byte	0x54
 1692 00bb 00000000 		.4byte	0
 1693 00bf 00000000 		.4byte	0
 1694              	.LLST7:
 1695 00c3 0A000000 		.4byte	.LVL11
 1696 00c7 0D000000 		.4byte	.LVL12-1
 1697 00cb 0100     		.2byte	0x1
 1698 00cd 53       		.byte	0x53
 1699 00ce 00000000 		.4byte	0
 1700 00d2 00000000 		.4byte	0
 1701              	.LLST8:
ARM GAS  /tmp/ccsxOn3g.s 			page 31


 1702 00d6 18000000 		.4byte	.LVL14
 1703 00da 1A000000 		.4byte	.LFE121
 1704 00de 0100     		.2byte	0x1
 1705 00e0 53       		.byte	0x53
 1706 00e1 00000000 		.4byte	0
 1707 00e5 00000000 		.4byte	0
 1708              	.LLST9:
 1709 00e9 00000000 		.4byte	.LVL15
 1710 00ed 0C000000 		.4byte	.LVL19
 1711 00f1 0100     		.2byte	0x1
 1712 00f3 51       		.byte	0x51
 1713 00f4 0C000000 		.4byte	.LVL19
 1714 00f8 18000000 		.4byte	.LFE122
 1715 00fc 0200     		.2byte	0x2
 1716 00fe 70       		.byte	0x70
 1717 00ff 08       		.sleb128 8
 1718 0100 00000000 		.4byte	0
 1719 0104 00000000 		.4byte	0
 1720              	.LLST10:
 1721 0108 06000000 		.4byte	.LVL17
 1722 010c 08000000 		.4byte	.LVL18
 1723 0110 0100     		.2byte	0x1
 1724 0112 53       		.byte	0x53
 1725 0113 00000000 		.4byte	0
 1726 0117 00000000 		.4byte	0
 1727              	.LLST11:
 1728 011b 16000000 		.4byte	.LVL21
 1729 011f 18000000 		.4byte	.LFE122
 1730 0123 0100     		.2byte	0x1
 1731 0125 53       		.byte	0x53
 1732 0126 00000000 		.4byte	0
 1733 012a 00000000 		.4byte	0
 1734              	.LLST12:
 1735 012e 00000000 		.4byte	.LFB123
 1736 0132 02000000 		.4byte	.LCFI2
 1737 0136 0200     		.2byte	0x2
 1738 0138 7D       		.byte	0x7d
 1739 0139 00       		.sleb128 0
 1740 013a 02000000 		.4byte	.LCFI2
 1741 013e 14000000 		.4byte	.LFE123
 1742 0142 0200     		.2byte	0x2
 1743 0144 7D       		.byte	0x7d
 1744 0145 08       		.sleb128 8
 1745 0146 00000000 		.4byte	0
 1746 014a 00000000 		.4byte	0
 1747              	.LLST13:
 1748 014e 00000000 		.4byte	.LVL22
 1749 0152 0B000000 		.4byte	.LVL25-1
 1750 0156 0100     		.2byte	0x1
 1751 0158 50       		.byte	0x50
 1752 0159 0B000000 		.4byte	.LVL25-1
 1753 015d 14000000 		.4byte	.LFE123
 1754 0161 0400     		.2byte	0x4
 1755 0163 F3       		.byte	0xf3
 1756 0164 01       		.uleb128 0x1
 1757 0165 50       		.byte	0x50
 1758 0166 9F       		.byte	0x9f
ARM GAS  /tmp/ccsxOn3g.s 			page 32


 1759 0167 00000000 		.4byte	0
 1760 016b 00000000 		.4byte	0
 1761              	.LLST14:
 1762 016f 00000000 		.4byte	.LVL22
 1763 0173 0B000000 		.4byte	.LVL25-1
 1764 0177 0100     		.2byte	0x1
 1765 0179 51       		.byte	0x51
 1766 017a 0B000000 		.4byte	.LVL25-1
 1767 017e 14000000 		.4byte	.LFE123
 1768 0182 0400     		.2byte	0x4
 1769 0184 F3       		.byte	0xf3
 1770 0185 01       		.uleb128 0x1
 1771 0186 51       		.byte	0x51
 1772 0187 9F       		.byte	0x9f
 1773 0188 00000000 		.4byte	0
 1774 018c 00000000 		.4byte	0
 1775              	.LLST15:
 1776 0190 00000000 		.4byte	.LVL22
 1777 0194 0B000000 		.4byte	.LVL25-1
 1778 0198 0100     		.2byte	0x1
 1779 019a 52       		.byte	0x52
 1780 019b 0B000000 		.4byte	.LVL25-1
 1781 019f 14000000 		.4byte	.LFE123
 1782 01a3 0400     		.2byte	0x4
 1783 01a5 F3       		.byte	0xf3
 1784 01a6 01       		.uleb128 0x1
 1785 01a7 52       		.byte	0x52
 1786 01a8 9F       		.byte	0x9f
 1787 01a9 00000000 		.4byte	0
 1788 01ad 00000000 		.4byte	0
 1789              	.LLST16:
 1790 01b1 08000000 		.4byte	.LVL24
 1791 01b5 0B000000 		.4byte	.LVL25-1
 1792 01b9 0100     		.2byte	0x1
 1793 01bb 53       		.byte	0x53
 1794 01bc 00000000 		.4byte	0
 1795 01c0 00000000 		.4byte	0
 1796              	.LLST17:
 1797 01c4 12000000 		.4byte	.LVL27
 1798 01c8 14000000 		.4byte	.LFE123
 1799 01cc 0100     		.2byte	0x1
 1800 01ce 53       		.byte	0x53
 1801 01cf 00000000 		.4byte	0
 1802 01d3 00000000 		.4byte	0
 1803              	.LLST18:
 1804 01d7 00000000 		.4byte	.LFB124
 1805 01db 02000000 		.4byte	.LCFI3
 1806 01df 0200     		.2byte	0x2
 1807 01e1 7D       		.byte	0x7d
 1808 01e2 00       		.sleb128 0
 1809 01e3 02000000 		.4byte	.LCFI3
 1810 01e7 14000000 		.4byte	.LFE124
 1811 01eb 0200     		.2byte	0x2
 1812 01ed 7D       		.byte	0x7d
 1813 01ee 08       		.sleb128 8
 1814 01ef 00000000 		.4byte	0
 1815 01f3 00000000 		.4byte	0
ARM GAS  /tmp/ccsxOn3g.s 			page 33


 1816              	.LLST19:
 1817 01f7 00000000 		.4byte	.LVL28
 1818 01fb 0B000000 		.4byte	.LVL31-1
 1819 01ff 0100     		.2byte	0x1
 1820 0201 50       		.byte	0x50
 1821 0202 0B000000 		.4byte	.LVL31-1
 1822 0206 14000000 		.4byte	.LFE124
 1823 020a 0400     		.2byte	0x4
 1824 020c F3       		.byte	0xf3
 1825 020d 01       		.uleb128 0x1
 1826 020e 50       		.byte	0x50
 1827 020f 9F       		.byte	0x9f
 1828 0210 00000000 		.4byte	0
 1829 0214 00000000 		.4byte	0
 1830              	.LLST20:
 1831 0218 00000000 		.4byte	.LVL28
 1832 021c 0B000000 		.4byte	.LVL31-1
 1833 0220 0100     		.2byte	0x1
 1834 0222 51       		.byte	0x51
 1835 0223 0B000000 		.4byte	.LVL31-1
 1836 0227 14000000 		.4byte	.LFE124
 1837 022b 0400     		.2byte	0x4
 1838 022d F3       		.byte	0xf3
 1839 022e 01       		.uleb128 0x1
 1840 022f 51       		.byte	0x51
 1841 0230 9F       		.byte	0x9f
 1842 0231 00000000 		.4byte	0
 1843 0235 00000000 		.4byte	0
 1844              	.LLST21:
 1845 0239 08000000 		.4byte	.LVL30
 1846 023d 0B000000 		.4byte	.LVL31-1
 1847 0241 0100     		.2byte	0x1
 1848 0243 53       		.byte	0x53
 1849 0244 00000000 		.4byte	0
 1850 0248 00000000 		.4byte	0
 1851              	.LLST22:
 1852 024c 12000000 		.4byte	.LVL33
 1853 0250 14000000 		.4byte	.LFE124
 1854 0254 0100     		.2byte	0x1
 1855 0256 53       		.byte	0x53
 1856 0257 00000000 		.4byte	0
 1857 025b 00000000 		.4byte	0
 1858              		.section	.debug_aranges,"",%progbits
 1859 0000 4C000000 		.4byte	0x4c
 1860 0004 0200     		.2byte	0x2
 1861 0006 00000000 		.4byte	.Ldebug_info0
 1862 000a 04       		.byte	0x4
 1863 000b 00       		.byte	0
 1864 000c 0000     		.2byte	0
 1865 000e 0000     		.2byte	0
 1866 0010 00000000 		.4byte	.LFB118
 1867 0014 04000000 		.4byte	.LFE118-.LFB118
 1868 0018 00000000 		.4byte	.LFB119
 1869 001c 0A000000 		.4byte	.LFE119-.LFB119
 1870 0020 00000000 		.4byte	.LFB120
 1871 0024 20000000 		.4byte	.LFE120-.LFB120
 1872 0028 00000000 		.4byte	.LFB121
ARM GAS  /tmp/ccsxOn3g.s 			page 34


 1873 002c 1A000000 		.4byte	.LFE121-.LFB121
 1874 0030 00000000 		.4byte	.LFB122
 1875 0034 18000000 		.4byte	.LFE122-.LFB122
 1876 0038 00000000 		.4byte	.LFB123
 1877 003c 14000000 		.4byte	.LFE123-.LFB123
 1878 0040 00000000 		.4byte	.LFB124
 1879 0044 14000000 		.4byte	.LFE124-.LFB124
 1880 0048 00000000 		.4byte	0
 1881 004c 00000000 		.4byte	0
 1882              		.section	.debug_ranges,"",%progbits
 1883              	.Ldebug_ranges0:
 1884 0000 02000000 		.4byte	.LBB2
 1885 0004 04000000 		.4byte	.LBE2
 1886 0008 06000000 		.4byte	.LBB3
 1887 000c 0A000000 		.4byte	.LBE3
 1888 0010 00000000 		.4byte	0
 1889 0014 00000000 		.4byte	0
 1890 0018 02000000 		.4byte	.LBB5
 1891 001c 04000000 		.4byte	.LBE5
 1892 0020 06000000 		.4byte	.LBB6
 1893 0024 0A000000 		.4byte	.LBE6
 1894 0028 00000000 		.4byte	0
 1895 002c 00000000 		.4byte	0
 1896 0030 00000000 		.4byte	.LFB118
 1897 0034 04000000 		.4byte	.LFE118
 1898 0038 00000000 		.4byte	.LFB119
 1899 003c 0A000000 		.4byte	.LFE119
 1900 0040 00000000 		.4byte	.LFB120
 1901 0044 20000000 		.4byte	.LFE120
 1902 0048 00000000 		.4byte	.LFB121
 1903 004c 1A000000 		.4byte	.LFE121
 1904 0050 00000000 		.4byte	.LFB122
 1905 0054 18000000 		.4byte	.LFE122
 1906 0058 00000000 		.4byte	.LFB123
 1907 005c 14000000 		.4byte	.LFE123
 1908 0060 00000000 		.4byte	.LFB124
 1909 0064 14000000 		.4byte	.LFE124
 1910 0068 00000000 		.4byte	0
 1911 006c 00000000 		.4byte	0
 1912              		.section	.debug_line,"",%progbits
 1913              	.Ldebug_line0:
 1914 0000 3C020000 		.section	.debug_str,"MS",%progbits,1
 1914      0200AA01 
 1914      00000201 
 1914      FB0E0D00 
 1914      01010101 
 1915              	.LASF30:
 1916 0000 43434552 		.ascii	"CCER\000"
 1916      00
 1917              	.LASF58:
 1918 0005 70776D5F 		.ascii	"pwm_lld_stop\000"
 1918      6C6C645F 
 1918      73746F70 
 1918      00
 1919              	.LASF32:
 1920 0012 444D4152 		.ascii	"DMAR\000"
 1920      00
ARM GAS  /tmp/ccsxOn3g.s 			page 35


 1921              	.LASF21:
 1922 0017 73746174 		.ascii	"state\000"
 1922      6500
 1923              	.LASF29:
 1924 001d 43434D52 		.ascii	"CCMR2\000"
 1924      3200
 1925              	.LASF33:
 1926 0023 43434D52 		.ascii	"CCMR3\000"
 1926      3300
 1927              	.LASF3:
 1928 0029 73686F72 		.ascii	"short int\000"
 1928      7420696E 
 1928      7400
 1929              	.LASF39:
 1930 0033 70776D63 		.ascii	"pwmcnt_t\000"
 1930      6E745F74 
 1930      00
 1931              	.LASF14:
 1932 003c 73697A65 		.ascii	"sizetype\000"
 1932      74797065 
 1932      00
 1933              	.LASF64:
 1934 0045 70776D5F 		.ascii	"pwm_lld_disable_channel\000"
 1934      6C6C645F 
 1934      64697361 
 1934      626C655F 
 1934      6368616E 
 1935              	.LASF38:
 1936 005d 70776D63 		.ascii	"pwmchannel_t\000"
 1936      68616E6E 
 1936      656C5F74 
 1936      00
 1937              	.LASF40:
 1938 006a 6D6F6465 		.ascii	"mode\000"
 1938      00
 1939              	.LASF44:
 1940 006f 6368616E 		.ascii	"channels\000"
 1940      6E656C73 
 1940      00
 1941              	.LASF22:
 1942 0078 636F6E66 		.ascii	"config\000"
 1942      696700
 1943              	.LASF48:
 1944 007f 70776D4F 		.ascii	"pwmObjectInit\000"
 1944      626A6563 
 1944      74496E69 
 1944      7400
 1945              	.LASF4:
 1946 008d 75696E74 		.ascii	"uint8_t\000"
 1946      385F7400 
 1947              	.LASF53:
 1948 0095 70776D45 		.ascii	"pwmEnableChannel\000"
 1948      6E61626C 
 1948      65436861 
 1948      6E6E656C 
 1948      00
 1949              	.LASF55:
ARM GAS  /tmp/ccsxOn3g.s 			page 36


 1950 00a6 77696474 		.ascii	"width\000"
 1950      6800
 1951              	.LASF49:
 1952 00ac 70776D53 		.ascii	"pwmStart\000"
 1952      74617274 
 1952      00
 1953              	.LASF11:
 1954 00b5 6C6F6E67 		.ascii	"long long int\000"
 1954      206C6F6E 
 1954      6720696E 
 1954      7400
 1955              	.LASF8:
 1956 00c3 6C6F6E67 		.ascii	"long int\000"
 1956      20696E74 
 1956      00
 1957              	.LASF47:
 1958 00cc 70776D49 		.ascii	"pwmInit\000"
 1958      6E697400 
 1959              	.LASF34:
 1960 00d4 43435235 		.ascii	"CCR5\000"
 1960      00
 1961              	.LASF35:
 1962 00d9 43435236 		.ascii	"CCR6\000"
 1962      00
 1963              	.LASF23:
 1964 00de 70657269 		.ascii	"period\000"
 1964      6F6400
 1965              	.LASF28:
 1966 00e5 43434D52 		.ascii	"CCMR1\000"
 1966      3100
 1967              	.LASF57:
 1968 00eb 70776D5F 		.ascii	"pwm_lld_start\000"
 1968      6C6C645F 
 1968      73746172 
 1968      7400
 1969              	.LASF46:
 1970 00f9 50574D43 		.ascii	"PWMConfig\000"
 1970      6F6E6669 
 1970      6700
 1971              	.LASF50:
 1972 0103 70776D70 		.ascii	"pwmp\000"
 1972      00
 1973              	.LASF26:
 1974 0108 534D4352 		.ascii	"SMCR\000"
 1974      00
 1975              	.LASF16:
 1976 010d 50574D5F 		.ascii	"PWM_UNINIT\000"
 1976      554E494E 
 1976      495400
 1977              	.LASF2:
 1978 0118 756E7369 		.ascii	"unsigned char\000"
 1978      676E6564 
 1978      20636861 
 1978      7200
 1979              	.LASF59:
 1980 0126 70776D5F 		.ascii	"pwm_lld_enable_channel\000"
 1980      6C6C645F 
ARM GAS  /tmp/ccsxOn3g.s 			page 37


 1980      656E6162 
 1980      6C655F63 
 1980      68616E6E 
 1981              	.LASF56:
 1982 013d 70776D44 		.ascii	"pwmDisableChannel\000"
 1982      69736162 
 1982      6C654368 
 1982      616E6E65 
 1982      6C00
 1983              	.LASF1:
 1984 014f 7369676E 		.ascii	"signed char\000"
 1984      65642063 
 1984      68617200 
 1985              	.LASF12:
 1986 015b 6C6F6E67 		.ascii	"long long unsigned int\000"
 1986      206C6F6E 
 1986      6720756E 
 1986      7369676E 
 1986      65642069 
 1987              	.LASF9:
 1988 0172 75696E74 		.ascii	"uint32_t\000"
 1988      33325F74 
 1988      00
 1989              	.LASF0:
 1990 017b 756E7369 		.ascii	"unsigned int\000"
 1990      676E6564 
 1990      20696E74 
 1990      00
 1991              	.LASF5:
 1992 0188 75696E74 		.ascii	"uint16_t\000"
 1992      31365F74 
 1992      00
 1993              	.LASF60:
 1994 0191 474E5520 		.ascii	"GNU C 4.7.2\000"
 1994      4320342E 
 1994      372E3200 
 1995              	.LASF31:
 1996 019d 42445452 		.ascii	"BDTR\000"
 1996      00
 1997              	.LASF27:
 1998 01a2 44494552 		.ascii	"DIER\000"
 1998      00
 1999              	.LASF6:
 2000 01a7 73686F72 		.ascii	"short unsigned int\000"
 2000      7420756E 
 2000      7369676E 
 2000      65642069 
 2000      6E7400
 2001              	.LASF63:
 2002 01ba 70776D5F 		.ascii	"pwm_lld_init\000"
 2002      6C6C645F 
 2002      696E6974 
 2002      00
 2003              	.LASF61:
 2004 01c7 2F686F6D 		.ascii	"/home/wicker/tools/ChibiOS_2.6.3/os/hal/src/pwm.c\000"
 2004      652F7769 
 2004      636B6572 
ARM GAS  /tmp/ccsxOn3g.s 			page 38


 2004      2F746F6F 
 2004      6C732F43 
 2005              	.LASF15:
 2006 01f9 63686172 		.ascii	"char\000"
 2006      00
 2007              	.LASF36:
 2008 01fe 73746D33 		.ascii	"stm32_tim_t\000"
 2008      325F7469 
 2008      6D5F7400 
 2009              	.LASF20:
 2010 020a 50574D44 		.ascii	"PWMDriver\000"
 2010      72697665 
 2010      7200
 2011              	.LASF7:
 2012 0214 696E7433 		.ascii	"int32_t\000"
 2012      325F7400 
 2013              	.LASF13:
 2014 021c 5F426F6F 		.ascii	"_Bool\000"
 2014      6C00
 2015              	.LASF54:
 2016 0222 6368616E 		.ascii	"channel\000"
 2016      6E656C00 
 2017              	.LASF52:
 2018 022a 70776D43 		.ascii	"pwmChangePeriod\000"
 2018      68616E67 
 2018      65506572 
 2018      696F6400 
 2019              	.LASF10:
 2020 023a 6C6F6E67 		.ascii	"long unsigned int\000"
 2020      20756E73 
 2020      69676E65 
 2020      6420696E 
 2020      7400
 2021              	.LASF24:
 2022 024c 636C6F63 		.ascii	"clock\000"
 2022      6B00
 2023              	.LASF18:
 2024 0252 50574D5F 		.ascii	"PWM_READY\000"
 2024      52454144 
 2024      5900
 2025              	.LASF17:
 2026 025c 50574D5F 		.ascii	"PWM_STOP\000"
 2026      53544F50 
 2026      00
 2027              	.LASF45:
 2028 0265 64696572 		.ascii	"dier\000"
 2028      00
 2029              	.LASF51:
 2030 026a 70776D53 		.ascii	"pwmStop\000"
 2030      746F7000 
 2031              	.LASF43:
 2032 0272 66726571 		.ascii	"frequency\000"
 2032      75656E63 
 2032      7900
 2033              	.LASF42:
 2034 027c 50574D43 		.ascii	"PWMChannelConfig\000"
 2034      68616E6E 
ARM GAS  /tmp/ccsxOn3g.s 			page 39


 2034      656C436F 
 2034      6E666967 
 2034      00
 2035              	.LASF37:
 2036 028d 70776D6D 		.ascii	"pwmmode_t\000"
 2036      6F64655F 
 2036      7400
 2037              	.LASF62:
 2038 0297 49544D5F 		.ascii	"ITM_RxBuffer\000"
 2038      52784275 
 2038      66666572 
 2038      00
 2039              	.LASF19:
 2040 02a4 70776D73 		.ascii	"pwmstate_t\000"
 2040      74617465 
 2040      5F7400
 2041              	.LASF25:
 2042 02af 70776D63 		.ascii	"pwmcallback_t\000"
 2042      616C6C62 
 2042      61636B5F 
 2042      7400
 2043              	.LASF41:
 2044 02bd 63616C6C 		.ascii	"callback\000"
 2044      6261636B 
 2044      00
 2045              		.ident	"GCC: (crosstool-NG 1.17.0 - PSAS ST32F4 GFE) 4.7.2"
ARM GAS  /tmp/ccsxOn3g.s 			page 40


DEFINED SYMBOLS
                            *ABS*:0000000000000000 pwm.c
     /tmp/ccsxOn3g.s:21     .text.pwmInit:0000000000000000 $t
     /tmp/ccsxOn3g.s:27     .text.pwmInit:0000000000000000 pwmInit
     /tmp/ccsxOn3g.s:43     .text.pwmObjectInit:0000000000000000 $t
     /tmp/ccsxOn3g.s:49     .text.pwmObjectInit:0000000000000000 pwmObjectInit
     /tmp/ccsxOn3g.s:68     .text.pwmStart:0000000000000000 $t
     /tmp/ccsxOn3g.s:74     .text.pwmStart:0000000000000000 pwmStart
     /tmp/ccsxOn3g.s:129    .text.pwmStop:0000000000000000 $t
     /tmp/ccsxOn3g.s:135    .text.pwmStop:0000000000000000 pwmStop
     /tmp/ccsxOn3g.s:183    .text.pwmChangePeriod:0000000000000000 $t
     /tmp/ccsxOn3g.s:189    .text.pwmChangePeriod:0000000000000000 pwmChangePeriod
     /tmp/ccsxOn3g.s:230    .text.pwmEnableChannel:0000000000000000 $t
     /tmp/ccsxOn3g.s:236    .text.pwmEnableChannel:0000000000000000 pwmEnableChannel
     /tmp/ccsxOn3g.s:276    .text.pwmDisableChannel:0000000000000000 $t
     /tmp/ccsxOn3g.s:282    .text.pwmDisableChannel:0000000000000000 pwmDisableChannel
                     .debug_frame:0000000000000010 $d

UNDEFINED SYMBOLS
pwm_lld_init
pwm_lld_start
pwm_lld_stop
pwm_lld_enable_channel
pwm_lld_disable_channel
