ARM GAS  /tmp/ccdqp4AI.s 			page 1


   1              		.syntax unified
   2              		.cpu cortex-m4
   3              		.eabi_attribute 27, 3
   4              		.eabi_attribute 28, 1
   5              		.fpu fpv4-sp-d16
   6              		.eabi_attribute 20, 1
   7              		.eabi_attribute 21, 1
   8              		.eabi_attribute 23, 3
   9              		.eabi_attribute 24, 1
  10              		.eabi_attribute 25, 1
  11              		.eabi_attribute 26, 1
  12              		.eabi_attribute 30, 2
  13              		.eabi_attribute 34, 1
  14              		.eabi_attribute 18, 4
  15              		.thumb
  16              		.file	"vectors.c"
  17              		.text
  18              	.Ltext0:
  19              		.cfi_sections	.debug_frame
  20              		.section	.text._unhandled_exception,"ax",%progbits
  21              		.align	2
  22              		.p2align 4,,15
  23              		.global	_unhandled_exception
  24              		.thumb
  25              		.thumb_func
  26              		.type	_unhandled_exception, %function
  27              	_unhandled_exception:
  28              	.LFB7:
  29              		.file 1 "/home/wicker/tools/ChibiOS_2.6.3/os/ports/GCC/ARMCMx/STM32F4xx/vectors.c"
  30              		.loc 1 215 0
  31              		.cfi_startproc
  32              		@ Naked Function: prologue and epilogue provided by programmer.
  33              		@ Volatile: function does not return.
  34              		@ args = 0, pretend = 0, frame = 0
  35              		@ frame_needed = 0, uses_anonymous_args = 0
  36              	.L2:
  37 0000 FEE7     		b	.L2
  38              		.cfi_endproc
  39              	.LFE7:
  40              		.size	_unhandled_exception, .-_unhandled_exception
  41              		.weak	HardFaultVector
  42              		.thumb_set HardFaultVector,_unhandled_exception
  43              		.weak	MemManageVector
  44              		.thumb_set MemManageVector,_unhandled_exception
  45              		.weak	BusFaultVector
  46              		.thumb_set BusFaultVector,_unhandled_exception
  47              		.weak	UsageFaultVector
  48              		.thumb_set UsageFaultVector,_unhandled_exception
  49              		.weak	Vector1C
  50              		.thumb_set Vector1C,_unhandled_exception
  51              		.weak	Vector20
  52              		.thumb_set Vector20,_unhandled_exception
  53              		.weak	Vector24
  54              		.thumb_set Vector24,_unhandled_exception
  55              		.weak	Vector28
  56              		.thumb_set Vector28,_unhandled_exception
  57              		.weak	SVCallVector
ARM GAS  /tmp/ccdqp4AI.s 			page 2


  58              		.thumb_set SVCallVector,_unhandled_exception
  59              		.weak	DebugMonitorVector
  60              		.thumb_set DebugMonitorVector,_unhandled_exception
  61              		.weak	Vector34
  62              		.thumb_set Vector34,_unhandled_exception
  63              		.weak	PendSVVector
  64              		.thumb_set PendSVVector,_unhandled_exception
  65              		.weak	SysTickVector
  66              		.thumb_set SysTickVector,_unhandled_exception
  67              		.weak	Vector40
  68              		.thumb_set Vector40,_unhandled_exception
  69              		.weak	Vector44
  70              		.thumb_set Vector44,_unhandled_exception
  71              		.weak	Vector48
  72              		.thumb_set Vector48,_unhandled_exception
  73              		.weak	Vector4C
  74              		.thumb_set Vector4C,_unhandled_exception
  75              		.weak	Vector50
  76              		.thumb_set Vector50,_unhandled_exception
  77              		.weak	Vector54
  78              		.thumb_set Vector54,_unhandled_exception
  79              		.weak	Vector58
  80              		.thumb_set Vector58,_unhandled_exception
  81              		.weak	Vector5C
  82              		.thumb_set Vector5C,_unhandled_exception
  83              		.weak	Vector60
  84              		.thumb_set Vector60,_unhandled_exception
  85              		.weak	Vector64
  86              		.thumb_set Vector64,_unhandled_exception
  87              		.weak	Vector68
  88              		.thumb_set Vector68,_unhandled_exception
  89              		.weak	Vector6C
  90              		.thumb_set Vector6C,_unhandled_exception
  91              		.weak	Vector70
  92              		.thumb_set Vector70,_unhandled_exception
  93              		.weak	Vector74
  94              		.thumb_set Vector74,_unhandled_exception
  95              		.weak	Vector78
  96              		.thumb_set Vector78,_unhandled_exception
  97              		.weak	Vector7C
  98              		.thumb_set Vector7C,_unhandled_exception
  99              		.weak	Vector80
 100              		.thumb_set Vector80,_unhandled_exception
 101              		.weak	Vector84
 102              		.thumb_set Vector84,_unhandled_exception
 103              		.weak	Vector88
 104              		.thumb_set Vector88,_unhandled_exception
 105              		.weak	Vector8C
 106              		.thumb_set Vector8C,_unhandled_exception
 107              		.weak	Vector90
 108              		.thumb_set Vector90,_unhandled_exception
 109              		.weak	Vector94
 110              		.thumb_set Vector94,_unhandled_exception
 111              		.weak	Vector98
 112              		.thumb_set Vector98,_unhandled_exception
 113              		.weak	Vector9C
 114              		.thumb_set Vector9C,_unhandled_exception
ARM GAS  /tmp/ccdqp4AI.s 			page 3


 115              		.weak	VectorA0
 116              		.thumb_set VectorA0,_unhandled_exception
 117              		.weak	VectorA4
 118              		.thumb_set VectorA4,_unhandled_exception
 119              		.weak	VectorA8
 120              		.thumb_set VectorA8,_unhandled_exception
 121              		.weak	VectorAC
 122              		.thumb_set VectorAC,_unhandled_exception
 123              		.weak	VectorB0
 124              		.thumb_set VectorB0,_unhandled_exception
 125              		.weak	VectorB4
 126              		.thumb_set VectorB4,_unhandled_exception
 127              		.weak	VectorB8
 128              		.thumb_set VectorB8,_unhandled_exception
 129              		.weak	VectorBC
 130              		.thumb_set VectorBC,_unhandled_exception
 131              		.weak	VectorC0
 132              		.thumb_set VectorC0,_unhandled_exception
 133              		.weak	VectorC4
 134              		.thumb_set VectorC4,_unhandled_exception
 135              		.weak	VectorC8
 136              		.thumb_set VectorC8,_unhandled_exception
 137              		.weak	VectorCC
 138              		.thumb_set VectorCC,_unhandled_exception
 139              		.weak	VectorD0
 140              		.thumb_set VectorD0,_unhandled_exception
 141              		.weak	VectorD4
 142              		.thumb_set VectorD4,_unhandled_exception
 143              		.weak	VectorD8
 144              		.thumb_set VectorD8,_unhandled_exception
 145              		.weak	VectorDC
 146              		.thumb_set VectorDC,_unhandled_exception
 147              		.weak	VectorE0
 148              		.thumb_set VectorE0,_unhandled_exception
 149              		.weak	VectorE4
 150              		.thumb_set VectorE4,_unhandled_exception
 151              		.weak	VectorE8
 152              		.thumb_set VectorE8,_unhandled_exception
 153              		.weak	VectorEC
 154              		.thumb_set VectorEC,_unhandled_exception
 155              		.weak	VectorF0
 156              		.thumb_set VectorF0,_unhandled_exception
 157              		.weak	VectorF4
 158              		.thumb_set VectorF4,_unhandled_exception
 159              		.weak	VectorF8
 160              		.thumb_set VectorF8,_unhandled_exception
 161              		.weak	VectorFC
 162              		.thumb_set VectorFC,_unhandled_exception
 163              		.weak	Vector100
 164              		.thumb_set Vector100,_unhandled_exception
 165              		.weak	Vector104
 166              		.thumb_set Vector104,_unhandled_exception
 167              		.weak	Vector108
 168              		.thumb_set Vector108,_unhandled_exception
 169              		.weak	Vector10C
 170              		.thumb_set Vector10C,_unhandled_exception
 171              		.weak	Vector110
ARM GAS  /tmp/ccdqp4AI.s 			page 4


 172              		.thumb_set Vector110,_unhandled_exception
 173              		.weak	Vector114
 174              		.thumb_set Vector114,_unhandled_exception
 175              		.weak	Vector118
 176              		.thumb_set Vector118,_unhandled_exception
 177              		.weak	Vector11C
 178              		.thumb_set Vector11C,_unhandled_exception
 179              		.weak	Vector120
 180              		.thumb_set Vector120,_unhandled_exception
 181              		.weak	Vector124
 182              		.thumb_set Vector124,_unhandled_exception
 183              		.weak	Vector128
 184              		.thumb_set Vector128,_unhandled_exception
 185              		.weak	Vector12C
 186              		.thumb_set Vector12C,_unhandled_exception
 187              		.weak	Vector130
 188              		.thumb_set Vector130,_unhandled_exception
 189              		.weak	Vector134
 190              		.thumb_set Vector134,_unhandled_exception
 191              		.weak	Vector138
 192              		.thumb_set Vector138,_unhandled_exception
 193              		.weak	Vector13C
 194              		.thumb_set Vector13C,_unhandled_exception
 195              		.weak	Vector140
 196              		.thumb_set Vector140,_unhandled_exception
 197              		.weak	Vector144
 198              		.thumb_set Vector144,_unhandled_exception
 199              		.weak	Vector148
 200              		.thumb_set Vector148,_unhandled_exception
 201              		.weak	Vector14C
 202              		.thumb_set Vector14C,_unhandled_exception
 203              		.weak	Vector150
 204              		.thumb_set Vector150,_unhandled_exception
 205              		.weak	Vector154
 206              		.thumb_set Vector154,_unhandled_exception
 207              		.weak	Vector158
 208              		.thumb_set Vector158,_unhandled_exception
 209              		.weak	Vector15C
 210              		.thumb_set Vector15C,_unhandled_exception
 211              		.weak	Vector160
 212              		.thumb_set Vector160,_unhandled_exception
 213              		.weak	Vector164
 214              		.thumb_set Vector164,_unhandled_exception
 215              		.weak	Vector168
 216              		.thumb_set Vector168,_unhandled_exception
 217              		.weak	Vector16C
 218              		.thumb_set Vector16C,_unhandled_exception
 219              		.weak	Vector170
 220              		.thumb_set Vector170,_unhandled_exception
 221              		.weak	Vector174
 222              		.thumb_set Vector174,_unhandled_exception
 223              		.weak	Vector178
 224              		.thumb_set Vector178,_unhandled_exception
 225              		.weak	Vector17C
 226              		.thumb_set Vector17C,_unhandled_exception
 227              		.weak	Vector180
 228              		.thumb_set Vector180,_unhandled_exception
ARM GAS  /tmp/ccdqp4AI.s 			page 5


 229              		.weak	Vector184
 230              		.thumb_set Vector184,_unhandled_exception
 231              		.weak	NMIVector
 232              		.thumb_set NMIVector,_unhandled_exception
 233              		.global	_vectors
 234 0002 00BFAFF3 		.section	vectors,"aw",%progbits
 234      0080AFF3 
 234      0080AFF3 
 234      0080
 235              		.align	2
 236              		.type	_vectors, %object
 237              		.size	_vectors, 392
 238              	_vectors:
 239 0000 00000000 		.word	__main_stack_end__
 240 0004 00000000 		.word	ResetHandler
 241 0008 00000000 		.word	NMIVector
 242 000c 00000000 		.word	HardFaultVector
 243 0010 00000000 		.word	MemManageVector
 244 0014 00000000 		.word	BusFaultVector
 245 0018 00000000 		.word	UsageFaultVector
 246 001c 00000000 		.word	Vector1C
 247 0020 00000000 		.word	Vector20
 248 0024 00000000 		.word	Vector24
 249 0028 00000000 		.word	Vector28
 250 002c 00000000 		.word	SVCallVector
 251 0030 00000000 		.word	DebugMonitorVector
 252 0034 00000000 		.word	Vector34
 253 0038 00000000 		.word	PendSVVector
 254 003c 00000000 		.word	SysTickVector
 255 0040 00000000 		.word	Vector40
 256 0044 00000000 		.word	Vector44
 257 0048 00000000 		.word	Vector48
 258 004c 00000000 		.word	Vector4C
 259 0050 00000000 		.word	Vector50
 260 0054 00000000 		.word	Vector54
 261 0058 00000000 		.word	Vector58
 262 005c 00000000 		.word	Vector5C
 263 0060 00000000 		.word	Vector60
 264 0064 00000000 		.word	Vector64
 265 0068 00000000 		.word	Vector68
 266 006c 00000000 		.word	Vector6C
 267 0070 00000000 		.word	Vector70
 268 0074 00000000 		.word	Vector74
 269 0078 00000000 		.word	Vector78
 270 007c 00000000 		.word	Vector7C
 271 0080 00000000 		.word	Vector80
 272 0084 00000000 		.word	Vector84
 273 0088 00000000 		.word	Vector88
 274 008c 00000000 		.word	Vector8C
 275 0090 00000000 		.word	Vector90
 276 0094 00000000 		.word	Vector94
 277 0098 00000000 		.word	Vector98
 278 009c 00000000 		.word	Vector9C
 279 00a0 00000000 		.word	VectorA0
 280 00a4 00000000 		.word	VectorA4
 281 00a8 00000000 		.word	VectorA8
 282 00ac 00000000 		.word	VectorAC
ARM GAS  /tmp/ccdqp4AI.s 			page 6


 283 00b0 00000000 		.word	VectorB0
 284 00b4 00000000 		.word	VectorB4
 285 00b8 00000000 		.word	VectorB8
 286 00bc 00000000 		.word	VectorBC
 287 00c0 00000000 		.word	VectorC0
 288 00c4 00000000 		.word	VectorC4
 289 00c8 00000000 		.word	VectorC8
 290 00cc 00000000 		.word	VectorCC
 291 00d0 00000000 		.word	VectorD0
 292 00d4 00000000 		.word	VectorD4
 293 00d8 00000000 		.word	VectorD8
 294 00dc 00000000 		.word	VectorDC
 295 00e0 00000000 		.word	VectorE0
 296 00e4 00000000 		.word	VectorE4
 297 00e8 00000000 		.word	VectorE8
 298 00ec 00000000 		.word	VectorEC
 299 00f0 00000000 		.word	VectorF0
 300 00f4 00000000 		.word	VectorF4
 301 00f8 00000000 		.word	VectorF8
 302 00fc 00000000 		.word	VectorFC
 303 0100 00000000 		.word	Vector100
 304 0104 00000000 		.word	Vector104
 305 0108 00000000 		.word	Vector108
 306 010c 00000000 		.word	Vector10C
 307 0110 00000000 		.word	Vector110
 308 0114 00000000 		.word	Vector114
 309 0118 00000000 		.word	Vector118
 310 011c 00000000 		.word	Vector11C
 311 0120 00000000 		.word	Vector120
 312 0124 00000000 		.word	Vector124
 313 0128 00000000 		.word	Vector128
 314 012c 00000000 		.word	Vector12C
 315 0130 00000000 		.word	Vector130
 316 0134 00000000 		.word	Vector134
 317 0138 00000000 		.word	Vector138
 318 013c 00000000 		.word	Vector13C
 319 0140 00000000 		.word	Vector140
 320 0144 00000000 		.word	Vector144
 321 0148 00000000 		.word	Vector148
 322 014c 00000000 		.word	Vector14C
 323 0150 00000000 		.word	Vector150
 324 0154 00000000 		.word	Vector154
 325 0158 00000000 		.word	Vector158
 326 015c 00000000 		.word	Vector15C
 327 0160 00000000 		.word	Vector160
 328 0164 00000000 		.word	Vector164
 329 0168 00000000 		.word	Vector168
 330 016c 00000000 		.word	Vector16C
 331 0170 00000000 		.word	Vector170
 332 0174 00000000 		.word	Vector174
 333 0178 00000000 		.word	Vector178
 334 017c 00000000 		.word	Vector17C
 335 0180 00000000 		.word	Vector180
 336 0184 00000000 		.word	Vector184
 337              		.text
 338              	.Letext0:
 339              		.file 2 "/opt/psas/x-tools/stm32f407/arm-psas-eabi/bin/../lib/gcc/arm-psas-eabi/4.7.2/../../../../
ARM GAS  /tmp/ccdqp4AI.s 			page 7


 340              		.section	.debug_info,"",%progbits
 341              	.Ldebug_info0:
 342 0000 E8010000 		.4byte	0x1e8
 343 0004 0200     		.2byte	0x2
 344 0006 00000000 		.4byte	.Ldebug_abbrev0
 345 000a 04       		.byte	0x4
 346 000b 01       		.uleb128 0x1
 347 000c 85010000 		.4byte	.LASF34
 348 0010 01       		.byte	0x1
 349 0011 A4000000 		.4byte	.LASF35
 350 0015 00000000 		.4byte	.Ldebug_ranges0+0
 351 0019 00000000 		.4byte	0
 352 001d 00000000 		.4byte	0
 353 0021 00000000 		.4byte	.Ldebug_line0
 354 0025 02       		.uleb128 0x2
 355 0026 04       		.byte	0x4
 356 0027 05       		.byte	0x5
 357 0028 696E7400 		.ascii	"int\000"
 358 002c 03       		.uleb128 0x3
 359 002d 04       		.byte	0x4
 360 002e 07       		.byte	0x7
 361 002f 8C000000 		.4byte	.LASF0
 362 0033 03       		.uleb128 0x3
 363 0034 01       		.byte	0x1
 364 0035 06       		.byte	0x6
 365 0036 D7010000 		.4byte	.LASF1
 366 003a 03       		.uleb128 0x3
 367 003b 01       		.byte	0x1
 368 003c 08       		.byte	0x8
 369 003d 41000000 		.4byte	.LASF2
 370 0041 03       		.uleb128 0x3
 371 0042 02       		.byte	0x2
 372 0043 05       		.byte	0x5
 373 0044 AE010000 		.4byte	.LASF3
 374 0048 03       		.uleb128 0x3
 375 0049 02       		.byte	0x2
 376 004a 07       		.byte	0x7
 377 004b 61000000 		.4byte	.LASF4
 378 004f 03       		.uleb128 0x3
 379 0050 04       		.byte	0x4
 380 0051 05       		.byte	0x5
 381 0052 CE010000 		.4byte	.LASF5
 382 0056 04       		.uleb128 0x4
 383 0057 C5010000 		.4byte	.LASF12
 384 005b 02       		.byte	0x2
 385 005c 50       		.byte	0x50
 386 005d 61000000 		.4byte	0x61
 387 0061 03       		.uleb128 0x3
 388 0062 04       		.byte	0x4
 389 0063 07       		.byte	0x7
 390 0064 4F000000 		.4byte	.LASF6
 391 0068 03       		.uleb128 0x3
 392 0069 08       		.byte	0x8
 393 006a 05       		.byte	0x5
 394 006b 61010000 		.4byte	.LASF7
 395 006f 03       		.uleb128 0x3
 396 0070 08       		.byte	0x8
ARM GAS  /tmp/ccdqp4AI.s 			page 8


 397 0071 07       		.byte	0x7
 398 0072 ED000000 		.4byte	.LASF8
 399 0076 03       		.uleb128 0x3
 400 0077 01       		.byte	0x1
 401 0078 02       		.byte	0x2
 402 0079 00020000 		.4byte	.LASF9
 403 007d 03       		.uleb128 0x3
 404 007e 04       		.byte	0x4
 405 007f 07       		.byte	0x7
 406 0080 39010000 		.4byte	.LASF10
 407 0084 03       		.uleb128 0x3
 408 0085 01       		.byte	0x1
 409 0086 08       		.byte	0x8
 410 0087 6F010000 		.4byte	.LASF11
 411 008b 04       		.uleb128 0x4
 412 008c 09000000 		.4byte	.LASF13
 413 0090 01       		.byte	0x1
 414 0091 2B       		.byte	0x2b
 415 0092 96000000 		.4byte	0x96
 416 0096 05       		.uleb128 0x5
 417 0097 04       		.byte	0x4
 418 0098 9C000000 		.4byte	0x9c
 419 009c 06       		.uleb128 0x6
 420 009d 01       		.byte	0x1
 421 009e 07       		.uleb128 0x7
 422 009f 8801     		.2byte	0x188
 423 00a1 01       		.byte	0x1
 424 00a2 30       		.byte	0x30
 425 00a3 96010000 		.4byte	0x196
 426 00a7 08       		.uleb128 0x8
 427 00a8 28000000 		.4byte	.LASF14
 428 00ac 01       		.byte	0x1
 429 00ad 31       		.byte	0x31
 430 00ae 96010000 		.4byte	0x196
 431 00b2 02       		.byte	0x2
 432 00b3 23       		.byte	0x23
 433 00b4 00       		.uleb128 0
 434 00b5 08       		.uleb128 0x8
 435 00b6 B8010000 		.4byte	.LASF15
 436 00ba 01       		.byte	0x1
 437 00bb 32       		.byte	0x32
 438 00bc 8B000000 		.4byte	0x8b
 439 00c0 02       		.byte	0x2
 440 00c1 23       		.byte	0x23
 441 00c2 04       		.uleb128 0x4
 442 00c3 08       		.uleb128 0x8
 443 00c4 99000000 		.4byte	.LASF16
 444 00c8 01       		.byte	0x1
 445 00c9 33       		.byte	0x33
 446 00ca 8B000000 		.4byte	0x8b
 447 00ce 02       		.byte	0x2
 448 00cf 23       		.byte	0x23
 449 00d0 08       		.uleb128 0x8
 450 00d1 08       		.uleb128 0x8
 451 00d2 50010000 		.4byte	.LASF17
 452 00d6 01       		.byte	0x1
 453 00d7 34       		.byte	0x34
ARM GAS  /tmp/ccdqp4AI.s 			page 9


 454 00d8 8B000000 		.4byte	0x8b
 455 00dc 02       		.byte	0x2
 456 00dd 23       		.byte	0x23
 457 00de 0C       		.uleb128 0xc
 458 00df 08       		.uleb128 0x8
 459 00e0 74010000 		.4byte	.LASF18
 460 00e4 01       		.byte	0x1
 461 00e5 35       		.byte	0x35
 462 00e6 8B000000 		.4byte	0x8b
 463 00ea 02       		.byte	0x2
 464 00eb 23       		.byte	0x23
 465 00ec 10       		.uleb128 0x10
 466 00ed 08       		.uleb128 0x8
 467 00ee 04010000 		.4byte	.LASF19
 468 00f2 01       		.byte	0x1
 469 00f3 36       		.byte	0x36
 470 00f4 8B000000 		.4byte	0x8b
 471 00f8 02       		.byte	0x2
 472 00f9 23       		.byte	0x23
 473 00fa 14       		.uleb128 0x14
 474 00fb 08       		.uleb128 0x8
 475 00fc 1D010000 		.4byte	.LASF20
 476 0100 01       		.byte	0x1
 477 0101 37       		.byte	0x37
 478 0102 8B000000 		.4byte	0x8b
 479 0106 02       		.byte	0x2
 480 0107 23       		.byte	0x23
 481 0108 18       		.uleb128 0x18
 482 0109 08       		.uleb128 0x8
 483 010a 74000000 		.4byte	.LASF21
 484 010e 01       		.byte	0x1
 485 010f 38       		.byte	0x38
 486 0110 8B000000 		.4byte	0x8b
 487 0114 02       		.byte	0x2
 488 0115 23       		.byte	0x23
 489 0116 1C       		.uleb128 0x1c
 490 0117 08       		.uleb128 0x8
 491 0118 F7010000 		.4byte	.LASF22
 492 011c 01       		.byte	0x1
 493 011d 39       		.byte	0x39
 494 011e 8B000000 		.4byte	0x8b
 495 0122 02       		.byte	0x2
 496 0123 23       		.byte	0x23
 497 0124 20       		.uleb128 0x20
 498 0125 08       		.uleb128 0x8
 499 0126 00000000 		.4byte	.LASF23
 500 012a 01       		.byte	0x1
 501 012b 3A       		.byte	0x3a
 502 012c 8B000000 		.4byte	0x8b
 503 0130 02       		.byte	0x2
 504 0131 23       		.byte	0x23
 505 0132 24       		.uleb128 0x24
 506 0133 08       		.uleb128 0x8
 507 0134 14010000 		.4byte	.LASF24
 508 0138 01       		.byte	0x1
 509 0139 3B       		.byte	0x3b
 510 013a 8B000000 		.4byte	0x8b
ARM GAS  /tmp/ccdqp4AI.s 			page 10


 511 013e 02       		.byte	0x2
 512 013f 23       		.byte	0x23
 513 0140 28       		.uleb128 0x28
 514 0141 08       		.uleb128 0x8
 515 0142 33000000 		.4byte	.LASF25
 516 0146 01       		.byte	0x1
 517 0147 3C       		.byte	0x3c
 518 0148 8B000000 		.4byte	0x8b
 519 014c 02       		.byte	0x2
 520 014d 23       		.byte	0x23
 521 014e 2C       		.uleb128 0x2c
 522 014f 08       		.uleb128 0x8
 523 0150 E3010000 		.4byte	.LASF26
 524 0154 01       		.byte	0x1
 525 0155 3D       		.byte	0x3d
 526 0156 8B000000 		.4byte	0x8b
 527 015a 02       		.byte	0x2
 528 015b 23       		.byte	0x23
 529 015c 30       		.uleb128 0x30
 530 015d 08       		.uleb128 0x8
 531 015e 16000000 		.4byte	.LASF27
 532 0162 01       		.byte	0x1
 533 0163 3E       		.byte	0x3e
 534 0164 8B000000 		.4byte	0x8b
 535 0168 02       		.byte	0x2
 536 0169 23       		.byte	0x23
 537 016a 34       		.uleb128 0x34
 538 016b 08       		.uleb128 0x8
 539 016c 42010000 		.4byte	.LASF28
 540 0170 01       		.byte	0x1
 541 0171 3F       		.byte	0x3f
 542 0172 8B000000 		.4byte	0x8b
 543 0176 02       		.byte	0x2
 544 0177 23       		.byte	0x23
 545 0178 38       		.uleb128 0x38
 546 0179 08       		.uleb128 0x8
 547 017a 7D000000 		.4byte	.LASF29
 548 017e 01       		.byte	0x1
 549 017f 40       		.byte	0x40
 550 0180 8B000000 		.4byte	0x8b
 551 0184 02       		.byte	0x2
 552 0185 23       		.byte	0x23
 553 0186 3C       		.uleb128 0x3c
 554 0187 08       		.uleb128 0x8
 555 0188 A6010000 		.4byte	.LASF30
 556 018c 01       		.byte	0x1
 557 018d 41       		.byte	0x41
 558 018e 9C010000 		.4byte	0x19c
 559 0192 02       		.byte	0x2
 560 0193 23       		.byte	0x23
 561 0194 40       		.uleb128 0x40
 562 0195 00       		.byte	0
 563 0196 05       		.uleb128 0x5
 564 0197 04       		.byte	0x4
 565 0198 56000000 		.4byte	0x56
 566 019c 09       		.uleb128 0x9
 567 019d 8B000000 		.4byte	0x8b
ARM GAS  /tmp/ccdqp4AI.s 			page 11


 568 01a1 AC010000 		.4byte	0x1ac
 569 01a5 0A       		.uleb128 0xa
 570 01a6 7D000000 		.4byte	0x7d
 571 01aa 51       		.byte	0x51
 572 01ab 00       		.byte	0
 573 01ac 04       		.uleb128 0x4
 574 01ad 2F010000 		.4byte	.LASF31
 575 01b1 01       		.byte	0x1
 576 01b2 42       		.byte	0x42
 577 01b3 9E000000 		.4byte	0x9e
 578 01b7 0B       		.uleb128 0xb
 579 01b8 01       		.byte	0x1
 580 01b9 91010000 		.4byte	.LASF36
 581 01bd 01       		.byte	0x1
 582 01be D7       		.byte	0xd7
 583 01bf 01       		.byte	0x1
 584 01c0 00000000 		.4byte	.LFB7
 585 01c4 02000000 		.4byte	.LFE7
 586 01c8 02       		.byte	0x2
 587 01c9 7D       		.byte	0x7d
 588 01ca 00       		.sleb128 0
 589 01cb 01       		.byte	0x1
 590 01cc 0C       		.uleb128 0xc
 591 01cd 06020000 		.4byte	.LASF32
 592 01d1 01       		.byte	0x1
 593 01d2 45       		.byte	0x45
 594 01d3 56000000 		.4byte	0x56
 595 01d7 01       		.byte	0x1
 596 01d8 01       		.byte	0x1
 597 01d9 0D       		.uleb128 0xd
 598 01da 1F000000 		.4byte	.LASF33
 599 01de 01       		.byte	0x1
 600 01df AF       		.byte	0xaf
 601 01e0 AC010000 		.4byte	0x1ac
 602 01e4 01       		.byte	0x1
 603 01e5 05       		.byte	0x5
 604 01e6 03       		.byte	0x3
 605 01e7 00000000 		.4byte	_vectors
 606 01eb 00       		.byte	0
 607              		.section	.debug_abbrev,"",%progbits
 608              	.Ldebug_abbrev0:
 609 0000 01       		.uleb128 0x1
 610 0001 11       		.uleb128 0x11
 611 0002 01       		.byte	0x1
 612 0003 25       		.uleb128 0x25
 613 0004 0E       		.uleb128 0xe
 614 0005 13       		.uleb128 0x13
 615 0006 0B       		.uleb128 0xb
 616 0007 03       		.uleb128 0x3
 617 0008 0E       		.uleb128 0xe
 618 0009 55       		.uleb128 0x55
 619 000a 06       		.uleb128 0x6
 620 000b 11       		.uleb128 0x11
 621 000c 01       		.uleb128 0x1
 622 000d 52       		.uleb128 0x52
 623 000e 01       		.uleb128 0x1
 624 000f 10       		.uleb128 0x10
ARM GAS  /tmp/ccdqp4AI.s 			page 12


 625 0010 06       		.uleb128 0x6
 626 0011 00       		.byte	0
 627 0012 00       		.byte	0
 628 0013 02       		.uleb128 0x2
 629 0014 24       		.uleb128 0x24
 630 0015 00       		.byte	0
 631 0016 0B       		.uleb128 0xb
 632 0017 0B       		.uleb128 0xb
 633 0018 3E       		.uleb128 0x3e
 634 0019 0B       		.uleb128 0xb
 635 001a 03       		.uleb128 0x3
 636 001b 08       		.uleb128 0x8
 637 001c 00       		.byte	0
 638 001d 00       		.byte	0
 639 001e 03       		.uleb128 0x3
 640 001f 24       		.uleb128 0x24
 641 0020 00       		.byte	0
 642 0021 0B       		.uleb128 0xb
 643 0022 0B       		.uleb128 0xb
 644 0023 3E       		.uleb128 0x3e
 645 0024 0B       		.uleb128 0xb
 646 0025 03       		.uleb128 0x3
 647 0026 0E       		.uleb128 0xe
 648 0027 00       		.byte	0
 649 0028 00       		.byte	0
 650 0029 04       		.uleb128 0x4
 651 002a 16       		.uleb128 0x16
 652 002b 00       		.byte	0
 653 002c 03       		.uleb128 0x3
 654 002d 0E       		.uleb128 0xe
 655 002e 3A       		.uleb128 0x3a
 656 002f 0B       		.uleb128 0xb
 657 0030 3B       		.uleb128 0x3b
 658 0031 0B       		.uleb128 0xb
 659 0032 49       		.uleb128 0x49
 660 0033 13       		.uleb128 0x13
 661 0034 00       		.byte	0
 662 0035 00       		.byte	0
 663 0036 05       		.uleb128 0x5
 664 0037 0F       		.uleb128 0xf
 665 0038 00       		.byte	0
 666 0039 0B       		.uleb128 0xb
 667 003a 0B       		.uleb128 0xb
 668 003b 49       		.uleb128 0x49
 669 003c 13       		.uleb128 0x13
 670 003d 00       		.byte	0
 671 003e 00       		.byte	0
 672 003f 06       		.uleb128 0x6
 673 0040 15       		.uleb128 0x15
 674 0041 00       		.byte	0
 675 0042 27       		.uleb128 0x27
 676 0043 0C       		.uleb128 0xc
 677 0044 00       		.byte	0
 678 0045 00       		.byte	0
 679 0046 07       		.uleb128 0x7
 680 0047 13       		.uleb128 0x13
 681 0048 01       		.byte	0x1
ARM GAS  /tmp/ccdqp4AI.s 			page 13


 682 0049 0B       		.uleb128 0xb
 683 004a 05       		.uleb128 0x5
 684 004b 3A       		.uleb128 0x3a
 685 004c 0B       		.uleb128 0xb
 686 004d 3B       		.uleb128 0x3b
 687 004e 0B       		.uleb128 0xb
 688 004f 01       		.uleb128 0x1
 689 0050 13       		.uleb128 0x13
 690 0051 00       		.byte	0
 691 0052 00       		.byte	0
 692 0053 08       		.uleb128 0x8
 693 0054 0D       		.uleb128 0xd
 694 0055 00       		.byte	0
 695 0056 03       		.uleb128 0x3
 696 0057 0E       		.uleb128 0xe
 697 0058 3A       		.uleb128 0x3a
 698 0059 0B       		.uleb128 0xb
 699 005a 3B       		.uleb128 0x3b
 700 005b 0B       		.uleb128 0xb
 701 005c 49       		.uleb128 0x49
 702 005d 13       		.uleb128 0x13
 703 005e 38       		.uleb128 0x38
 704 005f 0A       		.uleb128 0xa
 705 0060 00       		.byte	0
 706 0061 00       		.byte	0
 707 0062 09       		.uleb128 0x9
 708 0063 01       		.uleb128 0x1
 709 0064 01       		.byte	0x1
 710 0065 49       		.uleb128 0x49
 711 0066 13       		.uleb128 0x13
 712 0067 01       		.uleb128 0x1
 713 0068 13       		.uleb128 0x13
 714 0069 00       		.byte	0
 715 006a 00       		.byte	0
 716 006b 0A       		.uleb128 0xa
 717 006c 21       		.uleb128 0x21
 718 006d 00       		.byte	0
 719 006e 49       		.uleb128 0x49
 720 006f 13       		.uleb128 0x13
 721 0070 2F       		.uleb128 0x2f
 722 0071 0B       		.uleb128 0xb
 723 0072 00       		.byte	0
 724 0073 00       		.byte	0
 725 0074 0B       		.uleb128 0xb
 726 0075 2E       		.uleb128 0x2e
 727 0076 00       		.byte	0
 728 0077 3F       		.uleb128 0x3f
 729 0078 0C       		.uleb128 0xc
 730 0079 03       		.uleb128 0x3
 731 007a 0E       		.uleb128 0xe
 732 007b 3A       		.uleb128 0x3a
 733 007c 0B       		.uleb128 0xb
 734 007d 3B       		.uleb128 0x3b
 735 007e 0B       		.uleb128 0xb
 736 007f 27       		.uleb128 0x27
 737 0080 0C       		.uleb128 0xc
 738 0081 11       		.uleb128 0x11
ARM GAS  /tmp/ccdqp4AI.s 			page 14


 739 0082 01       		.uleb128 0x1
 740 0083 12       		.uleb128 0x12
 741 0084 01       		.uleb128 0x1
 742 0085 40       		.uleb128 0x40
 743 0086 0A       		.uleb128 0xa
 744 0087 9742     		.uleb128 0x2117
 745 0089 0C       		.uleb128 0xc
 746 008a 00       		.byte	0
 747 008b 00       		.byte	0
 748 008c 0C       		.uleb128 0xc
 749 008d 34       		.uleb128 0x34
 750 008e 00       		.byte	0
 751 008f 03       		.uleb128 0x3
 752 0090 0E       		.uleb128 0xe
 753 0091 3A       		.uleb128 0x3a
 754 0092 0B       		.uleb128 0xb
 755 0093 3B       		.uleb128 0x3b
 756 0094 0B       		.uleb128 0xb
 757 0095 49       		.uleb128 0x49
 758 0096 13       		.uleb128 0x13
 759 0097 3F       		.uleb128 0x3f
 760 0098 0C       		.uleb128 0xc
 761 0099 3C       		.uleb128 0x3c
 762 009a 0C       		.uleb128 0xc
 763 009b 00       		.byte	0
 764 009c 00       		.byte	0
 765 009d 0D       		.uleb128 0xd
 766 009e 34       		.uleb128 0x34
 767 009f 00       		.byte	0
 768 00a0 03       		.uleb128 0x3
 769 00a1 0E       		.uleb128 0xe
 770 00a2 3A       		.uleb128 0x3a
 771 00a3 0B       		.uleb128 0xb
 772 00a4 3B       		.uleb128 0x3b
 773 00a5 0B       		.uleb128 0xb
 774 00a6 49       		.uleb128 0x49
 775 00a7 13       		.uleb128 0x13
 776 00a8 3F       		.uleb128 0x3f
 777 00a9 0C       		.uleb128 0xc
 778 00aa 02       		.uleb128 0x2
 779 00ab 0A       		.uleb128 0xa
 780 00ac 00       		.byte	0
 781 00ad 00       		.byte	0
 782 00ae 00       		.byte	0
 783              		.section	.debug_aranges,"",%progbits
 784 0000 1C000000 		.4byte	0x1c
 785 0004 0200     		.2byte	0x2
 786 0006 00000000 		.4byte	.Ldebug_info0
 787 000a 04       		.byte	0x4
 788 000b 00       		.byte	0
 789 000c 0000     		.2byte	0
 790 000e 0000     		.2byte	0
 791 0010 00000000 		.4byte	.LFB7
 792 0014 02000000 		.4byte	.LFE7-.LFB7
 793 0018 00000000 		.4byte	0
 794 001c 00000000 		.4byte	0
 795              		.section	.debug_ranges,"",%progbits
ARM GAS  /tmp/ccdqp4AI.s 			page 15


 796              	.Ldebug_ranges0:
 797 0000 00000000 		.4byte	.LFB7
 798 0004 02000000 		.4byte	.LFE7
 799 0008 00000000 		.4byte	0
 800 000c 00000000 		.4byte	0
 801              		.section	.debug_line,"",%progbits
 802              	.Ldebug_line0:
 803 0000 F0000000 		.section	.debug_str,"MS",%progbits,1
 803      0200DA00 
 803      00000201 
 803      FB0E0D00 
 803      01010101 
 804              	.LASF23:
 805 0000 76656374 		.ascii	"vector24\000"
 805      6F723234 
 805      00
 806              	.LASF13:
 807 0009 6972715F 		.ascii	"irq_vector_t\000"
 807      76656374 
 807      6F725F74 
 807      00
 808              	.LASF27:
 809 0016 76656374 		.ascii	"vector34\000"
 809      6F723334 
 809      00
 810              	.LASF33:
 811 001f 5F766563 		.ascii	"_vectors\000"
 811      746F7273 
 811      00
 812              	.LASF14:
 813 0028 696E6974 		.ascii	"init_stack\000"
 813      5F737461 
 813      636B00
 814              	.LASF25:
 815 0033 73766361 		.ascii	"svcall_vector\000"
 815      6C6C5F76 
 815      6563746F 
 815      7200
 816              	.LASF2:
 817 0041 756E7369 		.ascii	"unsigned char\000"
 817      676E6564 
 817      20636861 
 817      7200
 818              	.LASF6:
 819 004f 6C6F6E67 		.ascii	"long unsigned int\000"
 819      20756E73 
 819      69676E65 
 819      6420696E 
 819      7400
 820              	.LASF4:
 821 0061 73686F72 		.ascii	"short unsigned int\000"
 821      7420756E 
 821      7369676E 
 821      65642069 
 821      6E7400
 822              	.LASF21:
 823 0074 76656374 		.ascii	"vector1c\000"
ARM GAS  /tmp/ccdqp4AI.s 			page 16


 823      6F723163 
 823      00
 824              	.LASF29:
 825 007d 73797374 		.ascii	"systick_vector\000"
 825      69636B5F 
 825      76656374 
 825      6F7200
 826              	.LASF0:
 827 008c 756E7369 		.ascii	"unsigned int\000"
 827      676E6564 
 827      20696E74 
 827      00
 828              	.LASF16:
 829 0099 6E6D695F 		.ascii	"nmi_vector\000"
 829      76656374 
 829      6F7200
 830              	.LASF35:
 831 00a4 2F686F6D 		.ascii	"/home/wicker/tools/ChibiOS_2.6.3/os/ports/GCC/ARMCM"
 831      652F7769 
 831      636B6572 
 831      2F746F6F 
 831      6C732F43 
 832 00d7 782F5354 		.ascii	"x/STM32F4xx/vectors.c\000"
 832      4D333246 
 832      3478782F 
 832      76656374 
 832      6F72732E 
 833              	.LASF8:
 834 00ed 6C6F6E67 		.ascii	"long long unsigned int\000"
 834      206C6F6E 
 834      6720756E 
 834      7369676E 
 834      65642069 
 835              	.LASF19:
 836 0104 62757366 		.ascii	"busfault_vector\000"
 836      61756C74 
 836      5F766563 
 836      746F7200 
 837              	.LASF24:
 838 0114 76656374 		.ascii	"vector28\000"
 838      6F723238 
 838      00
 839              	.LASF20:
 840 011d 75736167 		.ascii	"usagefault_vector\000"
 840      65666175 
 840      6C745F76 
 840      6563746F 
 840      7200
 841              	.LASF31:
 842 012f 76656374 		.ascii	"vectors_t\000"
 842      6F72735F 
 842      7400
 843              	.LASF10:
 844 0139 73697A65 		.ascii	"sizetype\000"
 844      74797065 
 844      00
 845              	.LASF28:
ARM GAS  /tmp/ccdqp4AI.s 			page 17


 846 0142 70656E64 		.ascii	"pendsv_vector\000"
 846      73765F76 
 846      6563746F 
 846      7200
 847              	.LASF17:
 848 0150 68617264 		.ascii	"hardfault_vector\000"
 848      6661756C 
 848      745F7665 
 848      63746F72 
 848      00
 849              	.LASF7:
 850 0161 6C6F6E67 		.ascii	"long long int\000"
 850      206C6F6E 
 850      6720696E 
 850      7400
 851              	.LASF11:
 852 016f 63686172 		.ascii	"char\000"
 852      00
 853              	.LASF18:
 854 0174 6D656D6D 		.ascii	"memmanage_vector\000"
 854      616E6167 
 854      655F7665 
 854      63746F72 
 854      00
 855              	.LASF34:
 856 0185 474E5520 		.ascii	"GNU C 4.7.2\000"
 856      4320342E 
 856      372E3200 
 857              	.LASF36:
 858 0191 5F756E68 		.ascii	"_unhandled_exception\000"
 858      616E646C 
 858      65645F65 
 858      78636570 
 858      74696F6E 
 859              	.LASF30:
 860 01a6 76656374 		.ascii	"vectors\000"
 860      6F727300 
 861              	.LASF3:
 862 01ae 73686F72 		.ascii	"short int\000"
 862      7420696E 
 862      7400
 863              	.LASF15:
 864 01b8 72657365 		.ascii	"reset_vector\000"
 864      745F7665 
 864      63746F72 
 864      00
 865              	.LASF12:
 866 01c5 75696E74 		.ascii	"uint32_t\000"
 866      33325F74 
 866      00
 867              	.LASF5:
 868 01ce 6C6F6E67 		.ascii	"long int\000"
 868      20696E74 
 868      00
 869              	.LASF1:
 870 01d7 7369676E 		.ascii	"signed char\000"
 870      65642063 
ARM GAS  /tmp/ccdqp4AI.s 			page 18


 870      68617200 
 871              	.LASF26:
 872 01e3 64656275 		.ascii	"debugmonitor_vector\000"
 872      676D6F6E 
 872      69746F72 
 872      5F766563 
 872      746F7200 
 873              	.LASF22:
 874 01f7 76656374 		.ascii	"vector20\000"
 874      6F723230 
 874      00
 875              	.LASF9:
 876 0200 5F426F6F 		.ascii	"_Bool\000"
 876      6C00
 877              	.LASF32:
 878 0206 5F5F6D61 		.ascii	"__main_stack_end__\000"
 878      696E5F73 
 878      7461636B 
 878      5F656E64 
 878      5F5F00
 879              		.ident	"GCC: (crosstool-NG 1.17.0 - PSAS ST32F4 GFE) 4.7.2"
ARM GAS  /tmp/ccdqp4AI.s 			page 19


DEFINED SYMBOLS
                            *ABS*:0000000000000000 vectors.c
     /tmp/ccdqp4AI.s:21     .text._unhandled_exception:0000000000000000 $t
     /tmp/ccdqp4AI.s:27     .text._unhandled_exception:0000000000000000 _unhandled_exception
     /tmp/ccdqp4AI.s:27     .text._unhandled_exception:0000000000000000 HardFaultVector
     /tmp/ccdqp4AI.s:27     .text._unhandled_exception:0000000000000000 MemManageVector
     /tmp/ccdqp4AI.s:27     .text._unhandled_exception:0000000000000000 BusFaultVector
     /tmp/ccdqp4AI.s:27     .text._unhandled_exception:0000000000000000 UsageFaultVector
     /tmp/ccdqp4AI.s:27     .text._unhandled_exception:0000000000000000 Vector1C
     /tmp/ccdqp4AI.s:27     .text._unhandled_exception:0000000000000000 Vector20
     /tmp/ccdqp4AI.s:27     .text._unhandled_exception:0000000000000000 Vector24
     /tmp/ccdqp4AI.s:27     .text._unhandled_exception:0000000000000000 Vector28
     /tmp/ccdqp4AI.s:27     .text._unhandled_exception:0000000000000000 SVCallVector
     /tmp/ccdqp4AI.s:27     .text._unhandled_exception:0000000000000000 DebugMonitorVector
     /tmp/ccdqp4AI.s:27     .text._unhandled_exception:0000000000000000 Vector34
     /tmp/ccdqp4AI.s:27     .text._unhandled_exception:0000000000000000 PendSVVector
     /tmp/ccdqp4AI.s:27     .text._unhandled_exception:0000000000000000 SysTickVector
     /tmp/ccdqp4AI.s:27     .text._unhandled_exception:0000000000000000 Vector40
     /tmp/ccdqp4AI.s:27     .text._unhandled_exception:0000000000000000 Vector44
     /tmp/ccdqp4AI.s:27     .text._unhandled_exception:0000000000000000 Vector48
     /tmp/ccdqp4AI.s:27     .text._unhandled_exception:0000000000000000 Vector4C
     /tmp/ccdqp4AI.s:27     .text._unhandled_exception:0000000000000000 Vector50
     /tmp/ccdqp4AI.s:27     .text._unhandled_exception:0000000000000000 Vector54
     /tmp/ccdqp4AI.s:27     .text._unhandled_exception:0000000000000000 Vector58
     /tmp/ccdqp4AI.s:27     .text._unhandled_exception:0000000000000000 Vector5C
     /tmp/ccdqp4AI.s:27     .text._unhandled_exception:0000000000000000 Vector60
     /tmp/ccdqp4AI.s:27     .text._unhandled_exception:0000000000000000 Vector64
     /tmp/ccdqp4AI.s:27     .text._unhandled_exception:0000000000000000 Vector68
     /tmp/ccdqp4AI.s:27     .text._unhandled_exception:0000000000000000 Vector6C
     /tmp/ccdqp4AI.s:27     .text._unhandled_exception:0000000000000000 Vector70
     /tmp/ccdqp4AI.s:27     .text._unhandled_exception:0000000000000000 Vector74
     /tmp/ccdqp4AI.s:27     .text._unhandled_exception:0000000000000000 Vector78
     /tmp/ccdqp4AI.s:27     .text._unhandled_exception:0000000000000000 Vector7C
     /tmp/ccdqp4AI.s:27     .text._unhandled_exception:0000000000000000 Vector80
     /tmp/ccdqp4AI.s:27     .text._unhandled_exception:0000000000000000 Vector84
     /tmp/ccdqp4AI.s:27     .text._unhandled_exception:0000000000000000 Vector88
     /tmp/ccdqp4AI.s:27     .text._unhandled_exception:0000000000000000 Vector8C
     /tmp/ccdqp4AI.s:27     .text._unhandled_exception:0000000000000000 Vector90
     /tmp/ccdqp4AI.s:27     .text._unhandled_exception:0000000000000000 Vector94
     /tmp/ccdqp4AI.s:27     .text._unhandled_exception:0000000000000000 Vector98
     /tmp/ccdqp4AI.s:27     .text._unhandled_exception:0000000000000000 Vector9C
     /tmp/ccdqp4AI.s:27     .text._unhandled_exception:0000000000000000 VectorA0
     /tmp/ccdqp4AI.s:27     .text._unhandled_exception:0000000000000000 VectorA4
     /tmp/ccdqp4AI.s:27     .text._unhandled_exception:0000000000000000 VectorA8
     /tmp/ccdqp4AI.s:27     .text._unhandled_exception:0000000000000000 VectorAC
     /tmp/ccdqp4AI.s:27     .text._unhandled_exception:0000000000000000 VectorB0
     /tmp/ccdqp4AI.s:27     .text._unhandled_exception:0000000000000000 VectorB4
     /tmp/ccdqp4AI.s:27     .text._unhandled_exception:0000000000000000 VectorB8
     /tmp/ccdqp4AI.s:27     .text._unhandled_exception:0000000000000000 VectorBC
     /tmp/ccdqp4AI.s:27     .text._unhandled_exception:0000000000000000 VectorC0
     /tmp/ccdqp4AI.s:27     .text._unhandled_exception:0000000000000000 VectorC4
     /tmp/ccdqp4AI.s:27     .text._unhandled_exception:0000000000000000 VectorC8
     /tmp/ccdqp4AI.s:27     .text._unhandled_exception:0000000000000000 VectorCC
     /tmp/ccdqp4AI.s:27     .text._unhandled_exception:0000000000000000 VectorD0
     /tmp/ccdqp4AI.s:27     .text._unhandled_exception:0000000000000000 VectorD4
     /tmp/ccdqp4AI.s:27     .text._unhandled_exception:0000000000000000 VectorD8
     /tmp/ccdqp4AI.s:27     .text._unhandled_exception:0000000000000000 VectorDC
ARM GAS  /tmp/ccdqp4AI.s 			page 20


     /tmp/ccdqp4AI.s:27     .text._unhandled_exception:0000000000000000 VectorE0
     /tmp/ccdqp4AI.s:27     .text._unhandled_exception:0000000000000000 VectorE4
     /tmp/ccdqp4AI.s:27     .text._unhandled_exception:0000000000000000 VectorE8
     /tmp/ccdqp4AI.s:27     .text._unhandled_exception:0000000000000000 VectorEC
     /tmp/ccdqp4AI.s:27     .text._unhandled_exception:0000000000000000 VectorF0
     /tmp/ccdqp4AI.s:27     .text._unhandled_exception:0000000000000000 VectorF4
     /tmp/ccdqp4AI.s:27     .text._unhandled_exception:0000000000000000 VectorF8
     /tmp/ccdqp4AI.s:27     .text._unhandled_exception:0000000000000000 VectorFC
     /tmp/ccdqp4AI.s:27     .text._unhandled_exception:0000000000000000 Vector100
     /tmp/ccdqp4AI.s:27     .text._unhandled_exception:0000000000000000 Vector104
     /tmp/ccdqp4AI.s:27     .text._unhandled_exception:0000000000000000 Vector108
     /tmp/ccdqp4AI.s:27     .text._unhandled_exception:0000000000000000 Vector10C
     /tmp/ccdqp4AI.s:27     .text._unhandled_exception:0000000000000000 Vector110
     /tmp/ccdqp4AI.s:27     .text._unhandled_exception:0000000000000000 Vector114
     /tmp/ccdqp4AI.s:27     .text._unhandled_exception:0000000000000000 Vector118
     /tmp/ccdqp4AI.s:27     .text._unhandled_exception:0000000000000000 Vector11C
     /tmp/ccdqp4AI.s:27     .text._unhandled_exception:0000000000000000 Vector120
     /tmp/ccdqp4AI.s:27     .text._unhandled_exception:0000000000000000 Vector124
     /tmp/ccdqp4AI.s:27     .text._unhandled_exception:0000000000000000 Vector128
     /tmp/ccdqp4AI.s:27     .text._unhandled_exception:0000000000000000 Vector12C
     /tmp/ccdqp4AI.s:27     .text._unhandled_exception:0000000000000000 Vector130
     /tmp/ccdqp4AI.s:27     .text._unhandled_exception:0000000000000000 Vector134
     /tmp/ccdqp4AI.s:27     .text._unhandled_exception:0000000000000000 Vector138
     /tmp/ccdqp4AI.s:27     .text._unhandled_exception:0000000000000000 Vector13C
     /tmp/ccdqp4AI.s:27     .text._unhandled_exception:0000000000000000 Vector140
     /tmp/ccdqp4AI.s:27     .text._unhandled_exception:0000000000000000 Vector144
     /tmp/ccdqp4AI.s:27     .text._unhandled_exception:0000000000000000 Vector148
     /tmp/ccdqp4AI.s:27     .text._unhandled_exception:0000000000000000 Vector14C
     /tmp/ccdqp4AI.s:27     .text._unhandled_exception:0000000000000000 Vector150
     /tmp/ccdqp4AI.s:27     .text._unhandled_exception:0000000000000000 Vector154
     /tmp/ccdqp4AI.s:27     .text._unhandled_exception:0000000000000000 Vector158
     /tmp/ccdqp4AI.s:27     .text._unhandled_exception:0000000000000000 Vector15C
     /tmp/ccdqp4AI.s:27     .text._unhandled_exception:0000000000000000 Vector160
     /tmp/ccdqp4AI.s:27     .text._unhandled_exception:0000000000000000 Vector164
     /tmp/ccdqp4AI.s:27     .text._unhandled_exception:0000000000000000 Vector168
     /tmp/ccdqp4AI.s:27     .text._unhandled_exception:0000000000000000 Vector16C
     /tmp/ccdqp4AI.s:27     .text._unhandled_exception:0000000000000000 Vector170
     /tmp/ccdqp4AI.s:27     .text._unhandled_exception:0000000000000000 Vector174
     /tmp/ccdqp4AI.s:27     .text._unhandled_exception:0000000000000000 Vector178
     /tmp/ccdqp4AI.s:27     .text._unhandled_exception:0000000000000000 Vector17C
     /tmp/ccdqp4AI.s:27     .text._unhandled_exception:0000000000000000 Vector180
     /tmp/ccdqp4AI.s:27     .text._unhandled_exception:0000000000000000 Vector184
     /tmp/ccdqp4AI.s:27     .text._unhandled_exception:0000000000000000 NMIVector
     /tmp/ccdqp4AI.s:238    vectors:0000000000000000 _vectors
     /tmp/ccdqp4AI.s:235    vectors:0000000000000000 $d
                     .debug_frame:0000000000000010 $d

UNDEFINED SYMBOLS
__main_stack_end__
ResetHandler
